warning: unused import: `VoxelChunk`
  --> astraweave-terrain\src\terrain_modifier.rs:20:32
   |
20 | use crate::{ChunkCoord, Voxel, VoxelChunk, VoxelGrid};
   |                                ^^^^^^^^^^
   |
   = note: `#[warn(unused_imports)]` on by default

warning: unused import: `HashMap`
  --> astraweave-terrain\src\terrain_modifier.rs:22:24
   |
22 | use std::collections::{HashMap, HashSet, VecDeque};
   |                        ^^^^^^^

warning: `astraweave-terrain` (lib) generated 2 warnings (run `cargo fix --lib -p astraweave-terrain` to apply 2 suggestions)
warning: variable does not need to be mutable
   --> astraweave-terrain\src\streaming_diagnostics.rs:714:13
    |
714 |         let mut diag = StreamingDiagnostics::new(16.67, 100);
    |             ----^^^^
    |             |
    |             help: remove this `mut`
    |
    = note: `#[warn(unused_mut)]` on by default

warning: variable does not need to be mutable
   --> astraweave-terrain\src\structures.rs:629:13
    |
629 |         let mut world_gen = WorldGenerator::new(world_config);
    |             ----^^^^^^^^^
    |             |
    |             help: remove this `mut`

warning: unused variable: `initial_dirty`
   --> astraweave-terrain\src\voxel_data_tests.rs:249:13
    |
249 |         let initial_dirty = chunk.is_dirty();
    |             ^^^^^^^^^^^^^ help: if this is intentional, prefix it with an underscore: `_initial_dirty`
    |
    = note: `#[warn(unused_variables)]` on by default

warning: variable does not need to be mutable
   --> astraweave-terrain\src\lib.rs:329:13
    |
329 |         let mut generator = WorldGenerator::new(config);
    |             ----^^^^^^^^^
    |             |
    |             help: remove this `mut`

warning: `astraweave-terrain` (lib test) generated 6 warnings (2 duplicates) (run `cargo fix --lib -p astraweave-terrain --tests` to apply 3 suggestions)
    Finished `test` profile [optimized + debuginfo] target(s) in 2.60s
     Running unittests src\lib.rs (target\debug\deps\astraweave_terrain-df49e3ed5ecf354e.exe)

running 299 tests
test background_loader::tests::async_tests::test_background_loader_creation ... ok
test background_loader::tests::async_tests::test_frame_time_smoothing ... ok
test background_loader::tests::async_tests::test_get_loaded_chunk_ids_empty ... ok
test background_loader::tests::async_tests::test_get_predicted_position_teleport_detection ... ok
test background_loader::tests::async_tests::test_get_stats_initial ... ok
test background_loader::tests::async_tests::test_camera_velocity_calculation ... ok
test background_loader::tests::async_tests::test_get_adaptive_concurrent_limit ... ok
test background_loader::tests::async_tests::test_get_predicted_position_moving ... ok
test background_loader::tests::async_tests::test_get_chunk_empty ... ok
test background_loader::tests::async_tests::test_collect_completed_chunks_empty ... ok
test background_loader::tests::async_tests::test_get_predicted_position_stationary ... ok
test background_loader::tests::async_tests::test_is_loaded_empty ... ok
test background_loader::tests::async_tests::test_process_load_queue_empty ... ok
test background_loader::tests::async_tests::test_request_chunks_around_camera ... ok
test background_loader::tests::async_tests::test_update_camera ... ok
test background_loader::tests::test_chunk_load_request_different_chunks_same_priority ... ok
test background_loader::tests::test_chunk_load_request_partial_cmp ... ok
test background_loader::tests::test_chunk_priority_cmp_nan_distance ... ok
test background_loader::tests::async_tests::test_is_loading_empty ... ok
test background_loader::tests::test_chunk_load_request_eq ... ok
test background_loader::tests::async_tests::test_set_frame_time ... ok
test background_loader::tests::async_tests::test_unload_distant_chunks_under_budget ... ok
test background_loader::tests::test_chunk_load_request_ord ... ok
test background_loader::tests::test_chunk_priority_distance_only_comparison ... ok
test background_loader::tests::test_chunk_priority_eq_trait ... ok
test background_loader::tests::test_chunk_priority_equal_distance_timestamp ... ok
test background_loader::tests::test_chunk_priority_frustum_beats_distance ... ok
test background_loader::tests::test_chunk_priority_timestamp_tiebreaker ... ok
test background_loader::tests::test_frustum_priority_higher ... ok
test background_loader::tests::test_streaming_config_clone ... ok
test background_loader::tests::test_streaming_config_custom ... ok
test background_loader::tests::test_streaming_stats_default ... ok
test background_loader::tests::test_streaming_stats_serialization ... ok
test background_loader::tests::test_chunk_priority_ordering ... ok
test background_loader::tests::test_loader_status_all_variants ... ok
test background_loader::tests::test_streaming_config_default ... ok
test background_loader::tests::test_chunk_priority_partial_ord ... ok
test background_loader::tests::test_loader_status_eq ... ok
test biome::tests::test_biome_scoring ... ok
test background_loader::tests::test_streaming_stats_clone ... ok
test biome::tests::test_biome_type_string_conversion ... ok
test chunk::tests::test_chunk_id_clone_and_copy ... ok
test chunk::tests::test_chunk_id_conversion ... ok
test chunk::tests::test_chunk_id_from_world_pos_exact_boundary ... ok
test chunk::tests::test_chunk_id_from_world_pos_negative ... ok
test biome::tests::test_biome_config_creation ... ok
test biome::tests::test_biome_rule_conversion ... ok
test biome::tests::test_default_biomes ... ok
test chunk::tests::test_chunk_id_distance_to_diagonal ... ok
test chunk::tests::test_chunk_id_distance_to_same ... ok
test biome::tests::test_slope_suitability ... ok
test chunk::tests::test_chunk_id_hash ... ok
test chunk::tests::test_chunk_id_serialization ... ok
test chunk::tests::test_chunk_id_to_center_pos ... ok
test chunk::tests::test_chunk_manager_get_biome_at_world_pos ... ok
test chunk::tests::test_chunk_manager_get_chunk_mut ... ok
test chunk::tests::test_chunk_manager_has_chunk ... ok
test chunk::tests::test_chunk_manager_loaded_chunks ... ok
test chunk::tests::test_chunk_id_new ... ok
test chunk::tests::test_chunk_manager ... ok
test chunk::tests::test_chunk_manager_add_and_get ... ok
test chunk::tests::test_chunk_manager_get_height_at_world_pos ... ok
test chunk::tests::test_chunk_manager_get_chunks_in_radius ... ok
test chunk::tests::test_chunk_manager_set_max_loaded_chunks ... ok
test chunk::tests::test_chunk_manager_new ... ok
test chunk::tests::test_chunk_manager_unload_distant_chunks ... ok
test chunk::tests::test_chunk_radius ... ok
test chunk::tests::test_terrain_chunk_biome_map_access ... ok
test chunk::tests::test_terrain_chunk_get_biome_at_world_pos_valid ... ok
test chunk::tests::test_terrain_chunk_get_height_at_world_pos_outside ... ok
test chunk::tests::test_terrain_chunk_apply_erosion ... ok
test chunk::tests::test_terrain_chunk_heightmap_access ... ok
test chunk::tests::test_terrain_chunk_id ... ok
test chunk::tests::test_get_chunks_in_radius_two ... ok
test background_loader::tests::async_tests::test_full_loading_cycle ... ok
test chunk::tests::test_get_chunks_in_radius_zero ... ok
test chunk::tests::test_terrain_chunk_clone ... ok
test chunk::tests::test_terrain_chunk_get_biome_at_world_pos_outside ... ok
test chunk::tests::test_terrain_chunk_get_height_at_world_pos_outside_z ... ok
test chunk::tests::test_terrain_chunk_get_height_at_world_pos_valid ... ok
test chunk::tests::test_terrain_chunk_mesh_dirty ... ok
test chunk_tests::chunk_tests::test_chunk_coordinate_systems ... ok
test chunk_tests::chunk_tests::test_chunk_distance_calculations ... ok
test chunk_tests::chunk_tests::test_chunk_id_creation ... ok
test chunk_tests::chunk_tests::test_chunk_id_distance_symmetry ... ok
test chunk_tests::chunk_tests::test_chunk_id_extreme_coordinates ... ok
test chunk_tests::chunk_tests::test_chunk_id_from_world_pos ... ok
test chunk_tests::chunk_tests::test_chunk_id_hash_consistency ... ok
test chunk_tests::chunk_tests::test_chunk_id_round_trip ... ok
test chunk_tests::chunk_tests::test_biome_map_variations ... ok
test chunk_tests::chunk_tests::test_chunk_grid_layout ... ok
test chunk_tests::chunk_tests::test_chunk_id_boundary_conditions ... ok
test chunk_tests::chunk_tests::test_chunk_id_distance_to ... ok
test chunk_tests::chunk_tests::test_chunk_id_equality ... ok
test chunk_tests::chunk_tests::test_chunk_id_get_chunks_in_radius ... ok
test chunk_tests::chunk_tests::test_chunk_id_get_chunks_in_radius_large ... ok
test chunk_tests::chunk_tests::test_chunk_id_to_center_pos ... ok
test chunk_tests::chunk_tests::test_chunk_streaming_scenario ... ok
test chunk_tests::chunk_tests::test_large_chunk_radius ... ok
test chunk_tests::chunk_tests::test_terrain_chunk_creation ... ok
test chunk_tests::chunk_tests::test_terrain_chunk_collection ... ok
test climate::tests::test_biome_classification_map ... ok
test climate::tests::test_chunk_sampling ... ok
test chunk_tests::chunk_tests::test_chunk_id_to_world_pos ... ok
test climate::tests::test_climate_preview ... ok
test chunk_tests::chunk_tests::test_terrain_chunk_biome_map_access ... ok
test chunk_tests::chunk_tests::test_terrain_chunk_heightmap_access ... ok
test climate::tests::test_climate_config_default ... ok
test climate::tests::test_climate_map_creation ... ok
test chunk_tests::chunk_tests::test_multiple_chunk_sizes ... ok
test chunk_tests::chunk_tests::test_terrain_chunk_mesh_dirty_flag ... ok
test climate::tests::test_deterministic_climate ... ok
test erosion::tests::test_hydraulic_erosion ... ok
test heightmap::tests::test_heightmap_get_set ... ok
test heightmap::tests::test_index_generation ... ok
test erosion::tests::test_thermal_erosion ... ok
test lod_blending::tests::test_morph_config_for_lod ... ok
test lod_blending::tests::test_morph_factor_calculation ... ok
test climate::tests::test_height_gradient ... ok
test climate::tests::test_whittaker_classification ... ok
test heightmap::tests::test_bilinear_sampling ... ok
test heightmap::tests::test_normal_calculation ... ok
test lod_blending::tests::test_morphed_mesh_properties ... ok
test heightmap::tests::test_heightmap_creation ... ok
test lod_blending::tests::test_pure_high_lod ... ok
test lod_blending::tests::test_pure_low_lod ... ok
test lod_manager::tests::test_chunk_lod_cache_has_mesh ... ok
test lod_manager::tests::test_chunk_lod_cache_new ... ok
test lod_blending::tests::test_morphing_lod_manager ... ok
test heightmap::tests::test_vertex_generation ... ok
test lod_manager::tests::test_lod_config_default ... ok
test lod_manager::tests::test_lod_config_invalid_transition ... ok
test lod_manager::tests::test_lod_config_threshold_quarter_to_skybox ... ok
test lod_manager::tests::test_lod_level_eq_hash ... ok
test lod_blending::tests::test_spatial_hash_build ... ok
test lod_blending::tests::test_vertex_interpolation ... ok
test lod_manager::tests::test_chunk_lod_state_clone ... ok
test lod_manager::tests::test_hysteresis_margins ... ok
test lod_manager::tests::test_lod_config_serialization ... ok
test lod_manager::tests::test_lod_config_threshold_half_to_quarter ... ok
test lod_manager::tests::test_lod_level_serialization ... ok
test lod_manager::tests::test_lod_level_skip_factors ... ok
test lod_manager::tests::test_lod_level_transitions ... ok
test lod_manager::tests::test_lod_manager_basic ... ok
test lod_manager::tests::test_lod_manager_cache_operations ... ok
test lod_manager::tests::test_lod_manager_evict_distant_cache ... ok
test lod_manager::tests::test_lod_manager_get_chunk_state_none ... ok
test lod_manager::tests::test_lod_manager_get_stats_empty ... ok
test lod_manager::tests::test_lod_manager_update_all_chunks_multiple ... ok
test lod_manager::tests::test_lod_manager_with_blending ... ok
test lod_manager::tests::test_lod_manager_cache_hit_rate_zero ... ok
test lod_manager::tests::test_lod_manager_cache_memory_empty ... ok
test lod_manager::tests::test_lod_manager_get_blend_factor_default ... ok
test lod_manager::tests::test_lod_manager_is_transitioning_false ... ok
test lod_manager::tests::test_lod_manager_update_all_chunks_empty ... ok
test lod_manager::tests::test_lod_stats_default ... ok
test lod_manager::tests::test_lod_manager_get_chunk_lod_none ... ok
test lod_manager::tests::test_lod_stats_clone ... ok
test marching_cubes_tables::tests::test_edge_endpoints ... ok
test marching_cubes_tables::tests::test_edge_table_size ... ok
test marching_cubes_tables::tests::test_tri_table_size ... ok
test meshing::tests::test_lod_selection ... ok
test meshing::tests::test_mesh_vertex_creation ... ok
test meshing::tests::test_dual_contouring_empty_chunk ... ok
test noise_gen::tests::test_height_normalization ... ok
test noise_gen::tests::test_heightmap_generation ... ok
test marching_cubes_tables::tests::test_empty_config ... ok
test marching_cubes_tables::tests::test_full_config ... ok
test noise_gen::tests::test_deterministic_generation ... ok
test noise_gen::tests::test_different_seeds ... ok
test noise_gen::tests::test_noise_config_default ... ok
test meshing::tests::test_edge_key_ordering ... ok
test meshing::tests::test_dual_contouring_single_voxel ... ok
test noise_gen::tests::test_preview_generation ... ok
test noise_gen::tests::test_island_mask ... ok
test noise_gen::tests::test_terrain_noise_creation ... ok
test noise_simd::tests::test_simd_preview_generation ... ok
test partition_integration::tests::test_manager_creation ... ok
test noise_simd::tests::test_simd_vs_scalar_consistency ... ok
test partition_integration::tests::test_world_pos_to_partition ... ok
test scatter::tests::test_resource_scattering ... ok
test noise_simd::tests::test_simd_heightmap_generation ... ok
test partition_integration::tests::test_partition_coord_conversion ... ok
test partition_integration::tests::test_partition_to_chunks ... ok
test scatter::tests::test_slope_filtering ... ok
test scatter::tests::test_vegetation_scatter_creation ... ok
test noise_simd::tests::test_simd_determinism ... ok
test scatter::tests::test_scatter_result ... ok
test solver::tests::test_biome_constraint_compatible ... ok
test solver::tests::test_biome_constraint_incompatible ... ok
test solver::tests::test_cardinal_direction_offsets ... ok
test solver::tests::test_chunk_not_loaded ... ok
test solver::tests::test_resolve_direction_from ... ok
test solver::tests::test_seed_derivation_deterministic ... ok
test solver::tests::test_line_of_sight_fallback ... ok
test solver::tests::test_validation_status_equality ... ok
test solver::tests::test_seed_derivation_explicit ... ok
test solver::tests::test_solver_creation ... ok
test streaming_diagnostics::tests::diagnostics_report ... ok
test streaming_diagnostics::tests::memory_stats ... ok
test streaming_diagnostics::tests::test_chunk_counts_serialization ... ok
test solver::tests::test_resolve_coordinates ... ok
test streaming_diagnostics::tests::hitch_detector_basic ... ok
test streaming_diagnostics::tests::hitch_detector_hitches ... ok
test streaming_diagnostics::tests::test_chunk_load_state_clone ... ok
test streaming_diagnostics::tests::test_chunk_load_state_serialization ... ok
test streaming_diagnostics::tests::test_diagnostic_report_full ... ok
test streaming_diagnostics::tests::test_chunk_load_state_eq ... ok
test streaming_diagnostics::tests::test_diagnostic_report_serialization ... ok
test streaming_diagnostics::tests::test_frame_stats_serialization ... ok
test streaming_diagnostics::tests::test_hitch_detector_empty ... ok
test streaming_diagnostics::tests::test_hitch_detector_history_eviction ... ok
test streaming_diagnostics::tests::test_hitch_detector_hitch_rate_calculation ... ok
test streaming_diagnostics::tests::test_hitch_detector_single_frame ... ok
test streaming_diagnostics::tests::test_lod_stats_report_serialization ... ok
test streaming_diagnostics::tests::test_memory_stats_delta_from_peak_at_peak ... ok
test streaming_diagnostics::tests::test_hitch_detector_p99_calculation ... ok
test partition_integration::tests::test_cell_deactivation ... ok
test streaming_diagnostics::tests::test_memory_stats_clone ... ok
test streaming_diagnostics::tests::test_memory_stats_delta_from_peak_zero ... ok
test streaming_diagnostics::tests::test_memory_stats_default ... ok
test streaming_diagnostics::tests::test_memory_stats_total_mb ... ok
test streaming_diagnostics::tests::test_streaming_diagnostics_chunk_state_priority ... ok
test streaming_diagnostics::tests::test_streaming_diagnostics_hitch_detector ... ok
test streaming_diagnostics::tests::test_streaming_diagnostics_new ... ok
test partition_integration::tests::test_cell_activation ... ok
test streaming_diagnostics::tests::test_memory_stats_peak_tracking ... ok
test streaming_diagnostics::tests::test_memory_stats_serialization ... ok
test streaming_diagnostics::tests::test_streaming_diagnostics_get_all_chunk_states ... ok
test streaming_diagnostics::tests::test_streaming_diagnostics_record_frame ... ok
test streaming_diagnostics::tests::test_streaming_diagnostics_get_chunk_state_unloaded ... ok
test streaming_diagnostics::tests::test_streaming_diagnostics_update_lod_stats ... ok
test streaming_diagnostics::tests::test_streaming_diagnostics_update_memory ... ok
test structures::tests::test_structure_properties ... ok
test streaming_diagnostics::tests::test_streaming_diagnostics_update_camera ... ok
test structures::tests::test_structure_generation ... ok
test streaming_diagnostics::tests::test_streaming_diagnostics_update_streaming_stats ... ok
test structures::tests::test_spacing_requirements ... ok
test structures::tests::test_structure_type_for_biome ... ok
test terrain_modifier::tests::test_clear ... ok
test terrain_modifier::tests::test_config_default ... ok
test terrain_modifier::tests::test_drain_completed_requests ... ok
test terrain_modifier::tests::test_navmesh_region_merge ... ok
test terrain_modifier::tests::test_navmesh_region_overlaps ... ok
test terrain_modifier::tests::test_update_camera ... ok
test terrain_modifier::tests::test_voxel_op_creation ... ok
test terrain_modifier::tests::test_modifier_stats_default ... ok
test terrain_modifier::tests::test_navmesh_region_from_chunk ... ok
test terrain_modifier::tests::test_pending_work ... ok
test terrain_modifier::tests::test_voxel_op_types ... ok
test terrain_modifier::tests::test_queue_operations_priority ... ok
test terrain_modifier::tests::test_voxel_op_with_priority ... ok
test terrain_persistence::tests::test_clear_dirty ... ok
test terrain_persistence::tests::test_auto_save_trigger ... ok
test terrain_persistence::tests::test_mark_dirty ... ok
test terrain_persistence::tests::test_persistence_config_default ... ok
test terrain_persistence::tests::test_save_header_creation ... ok
test tests::test_chunk_generation ... ok
test terrain_persistence::tests::test_get_chunks_in_region ... ok
test terrain_persistence::tests::test_persistence_stats ... ok
test voxel_data::tests::test_chunk_coord_conversion ... ok
test voxel_data::tests::test_chunk_neighbors ... ok
test terrain_persistence::tests::test_list_saves ... ok
test voxel_data::tests::test_voxel_grid ... ok
test voxel_data::tests::test_voxel_is_solid ... ok
test terrain_persistence::tests::test_save_and_load_chunks ... ok
test tests::test_world_generator_creation ... ok
test voxel_data::tests::test_dirty_chunk_tracking ... ok
test voxel_data::tests::test_voxel_chunk_basic ... ok
test voxel_data_tests::voxel_data_tests::test_chunk_coord_creation ... ok
test voxel_data_tests::voxel_data_tests::test_chunk_coord_equality ... ok
test voxel_data_tests::voxel_data_tests::test_chunk_coord_large_coordinates ... ignored
test voxel_data_tests::voxel_data_tests::test_chunk_coord_from_world_pos ... ok
test voxel_data_tests::voxel_data_tests::test_chunk_coord_neighbors ... ok
test voxel_data_tests::voxel_data_tests::test_chunk_coord_to_world_pos ... ok
test voxel_data_tests::voxel_data_tests::test_chunk_grid_coverage ... ok
test voxel_data_tests::voxel_data_tests::test_voxel_chunk_boundary_positions ... ok
test voxel_data_tests::voxel_data_tests::test_voxel_chunk_creation ... ok
test voxel_data_tests::voxel_data_tests::test_chunk_coord_neighbors_at_zero ... ok
test voxel_data_tests::voxel_data_tests::test_chunk_coord_round_trip ... ok
test voxel_data_tests::voxel_data_tests::test_density_precision ... ok
test voxel_data_tests::voxel_data_tests::test_voxel_chunk_dirty_flag ... ok
test voxel_data_tests::voxel_data_tests::test_material_id_range ... ok
test voxel_data_tests::voxel_data_tests::test_voxel_chunk_get_empty ... ok
test voxel_data_tests::voxel_data_tests::test_voxel_chunk_multiple_voxels ... ok
test voxel_data_tests::voxel_data_tests::test_voxel_chunk_set_and_get ... ok
test voxel_data_tests::voxel_data_tests::test_voxel_chunk_sparse_storage ... ok
test voxel_data_tests::voxel_data_tests::test_voxel_chunk_full_fill ... ok
test voxel_data_tests::voxel_data_tests::test_voxel_chunk_out_of_bounds ... ok
test voxel_data_tests::voxel_data_tests::test_voxel_chunk_overwrite ... ok
test voxel_data_tests::voxel_data_tests::test_voxel_default ... ok
test voxel_data_tests::voxel_data_tests::test_voxel_creation ... ok
test voxel_data_tests::voxel_data_tests::test_voxel_edge_cases ... ok
test voxel_data_tests::voxel_data_tests::test_voxel_is_empty ... ok
test voxel_data_tests::voxel_data_tests::test_voxel_is_solid ... ok
test voxel_data_tests::voxel_data_tests::test_world_to_chunk_to_local ... ok
test tests::test_chunk_streaming ... ok
test partition_integration::tests::test_camera_update ... ok
test scatter::tests::test_scatter_generation ... ok

test result: ok. 298 passed; 0 failed; 1 ignored; 0 measured; 0 filtered out; finished in 23.98s

     Running tests\marching_cubes_tests.rs (target\debug\deps\marching_cubes_tests-8471017119fe415c.exe)

running 10 tests
test test_disconnected_components ... FAILED
test test_single_voxel_configs ... FAILED
test test_cube_mesh_topology ... FAILED
test test_complementary_configs ... FAILED
test test_thin_wall_mesh ... FAILED
test test_sphere_mesh_watertight ... FAILED
test test_mesh_memory_usage ... ok
test test_mesh_generation_performance ... ok
test test_parallel_mesh_generation ... FAILED
test test_all_256_marching_cubes_configs ... FAILED

failures:

---- test_disconnected_components stdout ----

thread 'test_disconnected_components' panicked at astraweave-terrain\tests\marching_cubes_tests.rs:263:5:
Disconnected mesh has invalid geometry
note: run with `RUST_BACKTRACE=1` environment variable to display a backtrace

---- test_single_voxel_configs stdout ----

thread 'test_single_voxel_configs' panicked at astraweave-terrain\tests\marching_cubes_tests.rs:286:13:
Config 1 has invalid geometry

---- test_cube_mesh_topology stdout ----

thread 'test_cube_mesh_topology' panicked at astraweave-terrain\tests\marching_cubes_tests.rs:202:5:
Cube should have at least 12 triangles (36 indices)

---- test_complementary_configs stdout ----

thread 'test_complementary_configs' panicked at astraweave-terrain\tests\marching_cubes_tests.rs:312:9:
assertion `left == right` failed: Configs 0 and 255 should have same triangle count
  left: 0
 right: 3

---- test_thin_wall_mesh stdout ----

thread 'test_thin_wall_mesh' panicked at astraweave-terrain\tests\marching_cubes_tests.rs:230:5:
Thin wall mesh has invalid geometry

---- test_sphere_mesh_watertight stdout ----

thread 'test_sphere_mesh_watertight' panicked at astraweave-terrain\tests\marching_cubes_tests.rs:155:5:
Sphere mesh has invalid geometry

---- test_parallel_mesh_generation stdout ----

thread 'test_parallel_mesh_generation' panicked at astraweave-terrain\tests\marching_cubes_tests.rs:361:9:
Mesh 0 has invalid geometry

---- test_all_256_marching_cubes_configs stdout ----

thread 'test_all_256_marching_cubes_configs' panicked at astraweave-terrain\tests\marching_cubes_tests.rs:35:13:
Config 255 should be empty


failures:
    test_all_256_marching_cubes_configs
    test_complementary_configs
    test_cube_mesh_topology
    test_disconnected_components
    test_parallel_mesh_generation
    test_single_voxel_configs
    test_sphere_mesh_watertight
    test_thin_wall_mesh

test result: FAILED. 2 passed; 8 failed; 0 ignored; 0 measured; 0 filtered out; finished in 1.91s

error: test failed, to rerun pass `-p astraweave-terrain --test marching_cubes_tests`
