    Finished `test` profile [optimized + debuginfo] target(s) in 3.02s
     Running unittests src\lib.rs (target\debug\deps\astraweave_quests-0a57dd4561a2b5d5.exe)

running 17 tests
test components::tests::test_quest_journal ... ok
test components::tests::test_quest_metrics ... ok
test llm_quests::tests::test_quest_objective_types ... ok
test systems::tests::test_player_quest_system_initialization ... ok
test components::tests::test_active_quest_component ... ok
test terrain_quests::tests::test_generate_terrain_quest ... FAILED
test terrain_quests::tests::test_quest_spacing ... ok
test components::tests::test_quest_generator_component ... ok
test llm_quests::tests::test_quest_generator_creation ... ok
test systems::tests::test_quest_recommendations ... ok
test llm_quests::tests::test_play_style_inference ... ok
test systems::tests::test_quest_system_creation ... ok
test terrain_quests::tests::test_terrain_quest_context_default ... ok
test terrain_quests::tests::test_terrain_quest_generator_creation ... ok
test terrain_quests::tests::test_terrain_feature_archetypes ... ok
test terrain_quests::tests::test_terrain_feature_difficulty ... ok
test terrain_quests::tests::test_terrain_quest_rewards_bonus ... ok

failures:

---- terrain_quests::tests::test_generate_terrain_quest stdout ----

thread 'terrain_quests::tests::test_generate_terrain_quest' panicked at astraweave-quests\src\terrain_quests.rs:699:9:
assertion failed: terrain_quest.quest.title.contains("Cave")
note: run with `RUST_BACKTRACE=1` environment variable to display a backtrace


failures:
    terrain_quests::tests::test_generate_terrain_quest

test result: FAILED. 16 passed; 1 failed; 0 ignored; 0 measured; 0 filtered out; finished in 0.12s

error: test failed, to rerun pass `-p astraweave-quests --lib`
