    Checking astraweave-render v0.1.0 (C:\Users\pv2br\Documents\GitHub\AstraWeave-AI-Native-Gaming-Engine\astraweave-render)
error: couldn't read `astraweave-render\src\../shaders/debug_shader.wgsl`: The system cannot find the file specified. (os error 2)
  --> astraweave-render\src\renderer.rs:28:30
   |
28 | const DEBUG_QUAD_SRC: &str = include_str!("../shaders/debug_shader.wgsl");
   |                              ^^^^^^^^^^^^^^^^^^^^^^^^^^^^^^^^^^^^^^^^^^^^
   |
help: there is a file with the same name in a different directory
   |
28 - const DEBUG_QUAD_SRC: &str = include_str!("../shaders/debug_shader.wgsl");
28 + const DEBUG_QUAD_SRC: &str = include_str!("shaders/debug_shader.wgsl");
   |

error[E0412]: cannot find type `MaterialPackage` in this scope
   --> astraweave-render\src\renderer.rs:235:54
    |
235 |     pub fn shader_from_material_package(&self, pkg: &MaterialPackage) -> wgpu::ShaderModule {
    |                                                      ^^^^^^^^^^^^^^^ not found in this scope
    |
help: consider importing this struct
    |
1   + use astraweave_materials::MaterialPackage;
    |

error[E0425]: cannot find value `POST_SHADER_FX` in this scope
   --> astraweave-render\src\renderer.rs:802:60
    |
30  | const POST_SHADER: &str = include_str!("../shaders/post_basic.wgsl");
    | --------------------------------------------------------------------- similarly named constant `POST_SHADER` defined here
...
802 |             source: wgpu::ShaderSource::Wgsl(Cow::Borrowed(POST_SHADER_FX)),
    |                                                            ^^^^^^^^^^^^^^ help: a constant with a similar name exists: `POST_SHADER`

error[E0412]: cannot find type `MaterialPackage` in this scope
    --> astraweave-render\src\renderer.rs:4265:51
     |
4265 |     pub fn bgl_from_material_package(&self, pkg: &MaterialPackage) -> wgpu::BindGroupLayout {
     |                                                   ^^^^^^^^^^^^^^^ not found in this scope
     |
help: consider importing this struct
     |
1    + use astraweave_materials::MaterialPackage;
     |

error[E0412]: cannot find type `MaterialPackage` in this scope
    --> astraweave-render\src\renderer.rs:4298:15
     |
4298 |         pkg: &MaterialPackage,
     |               ^^^^^^^^^^^^^^^ not found in this scope
     |
help: consider importing this struct
     |
1    + use astraweave_materials::MaterialPackage;
     |

warning: use of deprecated type alias `wgpu::ImageCopyTexture`: This has been renamed to `TexelCopyTextureInfo`, and will be removed in 25.0.0.
    --> astraweave-render\src\renderer.rs:2595:19
     |
2595 |             wgpu::ImageCopyTexture {
     |                   ^^^^^^^^^^^^^^^^
     |
     = note: `#[warn(deprecated)]` on by default

warning: use of deprecated type alias `wgpu::ImageDataLayout`: This has been renamed to `TexelCopyBufferLayout`, and will be removed in 25.0.0.
    --> astraweave-render\src\renderer.rs:2602:19
     |
2602 |             wgpu::ImageDataLayout {
     |                   ^^^^^^^^^^^^^^^

error[E0308]: mismatched types
    --> astraweave-render\src\renderer.rs:1965:30
     |
1965 |                 entry_point: "vs_main",
     |                              ^^^^^^^^^ expected `Option<&str>`, found `&str`
     |
     = note:   expected enum `std::option::Option<&str>`
             found reference `&'static str`
help: try wrapping the expression in `Some`
     |
1965 |                 entry_point: Some("vs_main"),
     |                              +++++         +

error[E0599]: no function or associated item named `desc` found for struct `DebugQuadVertex` in the current scope
    --> astraweave-render\src\renderer.rs:1966:64
     |
1966 |                 buffers: &[crate::debug_quad::DebugQuadVertex::desc()],
     |                                                                ^^^^ function or associated item not found in `DebugQuadVertex`
     |
    ::: astraweave-render\src\debug_quad.rs:5:1
     |
5    | pub struct DebugQuadVertex {
     | -------------------------- function or associated item `desc` not found for this struct

error[E0308]: mismatched types
    --> astraweave-render\src\renderer.rs:1971:30
     |
1971 |                 entry_point: "fs_main",
     |                              ^^^^^^^^^ expected `Option<&str>`, found `&str`
     |
     = note:   expected enum `std::option::Option<&str>`
             found reference `&'static str`
help: try wrapping the expression in `Some`
     |
1971 |                 entry_point: Some("fs_main"),
     |                              +++++         +

error[E0308]: mismatched types
    --> astraweave-render\src\renderer.rs:2454:30
     |
2454 |                 entry_point: "vs_main",
     |                              ^^^^^^^^^ expected `Option<&str>`, found `&str`
     |
     = note:   expected enum `std::option::Option<&str>`
             found reference `&'static str`
help: try wrapping the expression in `Some`
     |
2454 |                 entry_point: Some("vs_main"),
     |                              +++++         +

error[E0599]: no function or associated item named `desc` found for struct `DebugQuadVertex` in the current scope
    --> astraweave-render\src\renderer.rs:2455:64
     |
2455 |                 buffers: &[crate::debug_quad::DebugQuadVertex::desc()],
     |                                                                ^^^^ function or associated item not found in `DebugQuadVertex`
     |
    ::: astraweave-render\src\debug_quad.rs:5:1
     |
5    | pub struct DebugQuadVertex {
     | -------------------------- function or associated item `desc` not found for this struct

error[E0308]: mismatched types
    --> astraweave-render\src\renderer.rs:2460:30
     |
2460 |                 entry_point: "fs_main",
     |                              ^^^^^^^^^ expected `Option<&str>`, found `&str`
     |
     = note:   expected enum `std::option::Option<&str>`
             found reference `&'static str`
help: try wrapping the expression in `Some`
     |
2460 |                 entry_point: Some("fs_main"),
     |                              +++++         +

error[E0061]: this function takes 0 arguments but 1 argument was supplied
    --> astraweave-render\src\renderer.rs:3728:30
     |
3728 |             let vertex_buf = crate::debug_quad::create_screen_quad(&self.device);
     |                              ^^^^^^^^^^^^^^^^^^^^^^^^^^^^^^^^^^^^^ ------------ unexpected argument of type `&Arc<wgpu::Device>`
     |
note: function defined here
    --> astraweave-render\src\debug_quad.rs:10:8
     |
10   | pub fn create_screen_quad() -> Vec<DebugQuadVertex> {
     |        ^^^^^^^^^^^^^^^^^^
help: remove the extra argument
     |
3728 -             let vertex_buf = crate::debug_quad::create_screen_quad(&self.device);
3728 +             let vertex_buf = crate::debug_quad::create_screen_quad();
     |

error[E0599]: no method named `slice` found for struct `Vec<DebugQuadVertex>` in the current scope
    --> astraweave-render\src\renderer.rs:3747:56
     |
3747 |             debug_pass.set_vertex_buffer(0, vertex_buf.slice(..));
     |                                                        ^^^^^
     |
help: there is a method `splice` with a similar name, but with different arguments
    --> C:\Users\pv2br\.rustup\toolchains\1.89.0-x86_64-pc-windows-msvc\lib/rustlib/src/rust\library\alloc\src\vec\mod.rs:3675:5
     |
3675 | /     pub fn splice<R, I>(&mut self, range: R, replace_with: I) -> Splice<'_, I::IntoIter, A>
3676 | |     where
3677 | |         R: RangeBounds<usize>,
3678 | |         I: IntoIterator<Item = T>,
     | |__________________________________^

error[E0277]: `texture::Texture` doesn't implement `std::fmt::Debug`
  --> astraweave-render\src\texture_streaming.rs:20:5
   |
17 | #[derive(Debug, Clone)]
   |          ----- in this derive macro expansion
...
20 |     pub texture: Arc<Texture>,
   |     ^^^^^^^^^^^^^^^^^^^^^^^^^ the trait `std::fmt::Debug` is not implemented for `texture::Texture`
   |
   = note: add `#[derive(Debug)]` to `texture::Texture` or manually `impl std::fmt::Debug for texture::Texture`
   = help: the trait `std::fmt::Debug` is implemented for `Arc<T, A>`
help: consider annotating `texture::Texture` with `#[derive(Debug)]`
  --> astraweave-render\src\texture.rs:52:1
   |
52 + #[derive(Debug)]
53 | pub struct Texture {
   |

error[E0599]: no function or associated item named `load_texture_async` found for struct `texture::Texture` in the current scope
   --> astraweave-render\src\texture_streaming.rs:222:39
    |
222 |                 let result = Texture::load_texture_async(&device, &queue, &path, TextureUsage::Albedo).await;
    |                                       ^^^^^^^^^^^^^^^^^^ function or associated item not found in `texture::Texture`
    |
   ::: astraweave-render\src\texture.rs:52:1
    |
52  | pub struct Texture {
    | ------------------ function or associated item `load_texture_async` not found for this struct
    |
note: if you're trying to build a new `texture::Texture` consider using one of the following associated functions:
      texture::Texture::create_default_white
      texture::Texture::create_default_normal
   --> astraweave-render\src\texture.rs:60:5
    |
60  | /     pub fn create_default_white(
61  | |         device: &wgpu::Device,
62  | |         queue: &wgpu::Queue,
63  | |         label: &str,
64  | |     ) -> Result<Self> {
    | |_____________________^
...
111 | /     pub fn create_default_normal(
112 | |         device: &wgpu::Device,
113 | |         queue: &wgpu::Queue,
114 | |         label: &str,
115 | |     ) -> Result<Self> {
    | |_____________________^

error[E0502]: cannot borrow `*self` as mutable because it is also borrowed as immutable
   --> astraweave-render\src\texture_streaming.rs:138:21
    |
134 |         if let Some(state) = self.assets.get(&id) {
    |                              ----------- immutable borrow occurs here
...
138 |                     self.touch_texture(&id);
    |                     ^^^^^^^^^^^^^^^^^^^^^^^ mutable borrow occurs here
139 |                     return Some(handle.clone());
    |                                 ------ immutable borrow later used here

Some errors have detailed explanations: E0061, E0277, E0308, E0412, E0425, E0502, E0599.
For more information about an error, try `rustc --explain E0061`.
warning: `astraweave-render` (lib) generated 2 warnings
error: could not compile `astraweave-render` (lib) due to 16 previous errors; 2 warnings emitted
