[1m[36m    Blocking[0m waiting for file lock on package cache
[1m[36m    Blocking[0m waiting for file lock on package cache
[0m[1m[38;5;11mwarning[0m[0m[1m[38;5;15m: unused import: `std::pin::Pin`[0m
[0m  [0m[0m[1m[38;5;14m--> [0m[0mastraweave-llm\src\hermes2pro_ollama.rs:42:5[0m
[0m   [0m[0m[1m[38;5;14m|[0m
[0m[1m[38;5;14m42[0m[0m [0m[0m[1m[38;5;14m|[0m[0m [0m[0muse std::pin::Pin;[0m
[0m   [0m[0m[1m[38;5;14m|[0m[0m     [0m[0m[1m[38;5;11m^^^^^^^^^^^^^[0m
[0m   [0m[0m[1m[38;5;14m|[0m
[0m   [0m[0m[1m[38;5;14m= [0m[0m[1m[38;5;15mnote[0m[0m: `#[warn(unused_imports)]` on by default[0m

[0m[1m[38;5;11mwarning[0m[0m[1m[38;5;15m: unused import: `futures_util::StreamExt`[0m
[0m  [0m[0m[1m[38;5;14m--> [0m[0mastraweave-llm\src\hermes2pro_ollama.rs:39:5[0m
[0m   [0m[0m[1m[38;5;14m|[0m
[0m[1m[38;5;14m39[0m[0m [0m[0m[1m[38;5;14m|[0m[0m [0m[0muse futures_util::StreamExt;[0m
[0m   [0m[0m[1m[38;5;14m|[0m[0m     [0m[0m[1m[38;5;11m^^^^^^^^^^^^^^^^^^^^^^^[0m

[1m[33mwarning[0m[1m:[0m `astraweave-llm` (lib) generated 2 warnings (run `cargo fix --lib -p astraweave-llm` to apply 1 suggestion)
[0m[1m[38;5;11mwarning[0m[0m[1m[38;5;15m: variable does not need to be mutable[0m
[0m   [0m[0m[1m[38;5;14m--> [0m[0mastraweave-persona\src\llm_persona.rs:895:13[0m
[0m    [0m[0m[1m[38;5;14m|[0m
[0m[1m[38;5;14m895[0m[0m [0m[0m[1m[38;5;14m|[0m[0m [0m[0m        let mut rag = self.rag_pipeline.write().await;[0m
[0m    [0m[0m[1m[38;5;14m|[0m[0m             [0m[0m[1m[38;5;14m----[0m[0m[1m[38;5;11m^^^[0m
[0m    [0m[0m[1m[38;5;14m|[0m[0m             [0m[0m[1m[38;5;14m|[0m
[0m    [0m[0m[1m[38;5;14m|[0m[0m             [0m[0m[1m[38;5;14mhelp: remove this `mut`[0m
[0m    [0m[0m[1m[38;5;14m|[0m
[0m    [0m[0m[1m[38;5;14m= [0m[0m[1m[38;5;15mnote[0m[0m: `#[warn(unused_mut)]` on by default[0m

[1m[33mwarning[0m[1m:[0m `astraweave-persona` (lib) generated 1 warning (run `cargo fix --lib -p astraweave-persona` to apply 1 suggestion)
[0m[1m[38;5;11mwarning[0m[0m[1m[38;5;15m: fields `head_pointers` and `next_pointers` are never read[0m
[0m  [0m[0m[1m[38;5;14m--> [0m[0mastraweave-fluids\src\lib.rs:41:5[0m
[0m   [0m[0m[1m[38;5;14m|[0m
[0m[1m[38;5;14m33[0m[0m [0m[0m[1m[38;5;14m|[0m[0m [0m[0mpub struct FluidSystem {[0m
[0m   [0m[0m[1m[38;5;14m|[0m[0m            [0m[0m[1m[38;5;14m-----------[0m[0m [0m[0m[1m[38;5;14mfields in this struct[0m
[0m[1m[38;5;14m...[0m
[0m[1m[38;5;14m41[0m[0m [0m[0m[1m[38;5;14m|[0m[0m [0m[0m    head_pointers: wgpu::Buffer,[0m
[0m   [0m[0m[1m[38;5;14m|[0m[0m     [0m[0m[1m[38;5;11m^^^^^^^^^^^^^[0m
[0m[1m[38;5;14m42[0m[0m [0m[0m[1m[38;5;14m|[0m[0m [0m[0m    next_pointers: wgpu::Buffer,[0m
[0m   [0m[0m[1m[38;5;14m|[0m[0m     [0m[0m[1m[38;5;11m^^^^^^^^^^^^^[0m
[0m   [0m[0m[1m[38;5;14m|[0m
[0m   [0m[0m[1m[38;5;14m= [0m[0m[1m[38;5;15mnote[0m[0m: `#[warn(dead_code)]` on by default[0m

[1m[33mwarning[0m[1m:[0m `astraweave-fluids` (lib) generated 1 warning
[1m[32m    Checking[0m fluids_demo v0.1.0 (C:\Users\pv2br\AstraWeave-AI-Native-Gaming-Engine\examples\fluids_demo)
[0m[1m[38;5;11mwarning[0m[0m[1m[38;5;15m: function `compress_bc7_simple` is never used[0m
[0m   [0m[0m[1m[38;5;14m--> [0m[0mastraweave-asset-pipeline\src\texture.rs:139:4[0m
[0m    [0m[0m[1m[38;5;14m|[0m
[0m[1m[38;5;14m139[0m[0m [0m[0m[1m[38;5;14m|[0m[0m [0m[0mfn compress_bc7_simple(rgba: &RgbaImage) -> Result<Vec<u8>> {[0m
[0m    [0m[0m[1m[38;5;14m|[0m[0m    [0m[0m[1m[38;5;11m^^^^^^^^^^^^^^^^^^^[0m
[0m    [0m[0m[1m[38;5;14m|[0m
[0m    [0m[0m[1m[38;5;14m= [0m[0m[1m[38;5;15mnote[0m[0m: `#[warn(dead_code)]` on by default[0m

[0m[1m[38;5;11mwarning[0m[0m[1m[38;5;15m: function `encode_bc7_block` is never used[0m
[0m   [0m[0m[1m[38;5;14m--> [0m[0mastraweave-asset-pipeline\src\texture.rs:181:4[0m
[0m    [0m[0m[1m[38;5;14m|[0m
[0m[1m[38;5;14m181[0m[0m [0m[0m[1m[38;5;14m|[0m[0m [0m[0mfn encode_bc7_block(pixels: &[[u8; 4]; 16], output: &mut [u8]) {[0m
[0m    [0m[0m[1m[38;5;14m|[0m[0m    [0m[0m[1m[38;5;11m^^^^^^^^^^^^^^^^[0m

[1m[33mwarning[0m[1m:[0m `astraweave-asset-pipeline` (lib test) generated 2 warnings
[1m[33mwarning[0m[1m:[0m `astraweave-asset-pipeline` (lib) generated 2 warnings (2 duplicates)
[1m[32m    Checking[0m astraweave-scripting v0.4.0 (C:\Users\pv2br\AstraWeave-AI-Native-Gaming-Engine\astraweave-scripting)
[1m[32m    Checking[0m astraweave-net v0.1.0 (C:\Users\pv2br\AstraWeave-AI-Native-Gaming-Engine\astraweave-net)
[1m[32m    Checking[0m astraweave-math v0.1.0 (C:\Users\pv2br\AstraWeave-AI-Native-Gaming-Engine\astraweave-math)
[1m[32m    Checking[0m unified_showcase v0.1.0 (C:\Users\pv2br\AstraWeave-AI-Native-Gaming-Engine\examples\unified_showcase)
[0m[1m[38;5;11mwarning[0m[0m[1m[38;5;15m: method `create_plane_mesh` is never used[0m
[0m    [0m[0m[1m[38;5;14m--> [0m[0mexamples\unified_showcase\src\main.rs:1584:8[0m
[0m     [0m[0m[1m[38;5;14m|[0m
[0m[1m[38;5;14m177[0m[0m  [0m[0m[1m[38;5;14m|[0m[0m [0m[0mimpl ShowcaseApp {[0m
[0m     [0m[0m[1m[38;5;14m|[0m[0m [0m[0m[1m[38;5;14m----------------[0m[0m [0m[0m[1m[38;5;14mmethod in this implementation[0m
[0m[1m[38;5;14m...[0m
[0m[1m[38;5;14m1584[0m[0m [0m[0m[1m[38;5;14m|[0m[0m [0m[0m    fn create_plane_mesh(&mut self, size: f32, mat_idx: usize) -> usize {[0m
[0m     [0m[0m[1m[38;5;14m|[0m[0m        [0m[0m[1m[38;5;11m^^^^^^^^^^^^^^^^^[0m
[0m     [0m[0m[1m[38;5;14m|[0m
[0m     [0m[0m[1m[38;5;14m= [0m[0m[1m[38;5;15mnote[0m[0m: `#[warn(dead_code)]` on by default[0m

[1m[33mwarning[0m[1m:[0m `unified_showcase` (bin "unified_showcase") generated 1 warning
[1m[33mwarning[0m[1m:[0m `unified_showcase` (bin "unified_showcase" test) generated 1 warning (1 duplicate)
[0m[1m[38;5;11mwarning[0m[0m[1m[38;5;15m: unused variable: `temp_dir`[0m
[0m  [0m[0m[1m[38;5;14m--> [0m[0mastraweave-persistence-ecs\tests\corruption_recovery_tests.rs:64:9[0m
[0m   [0m[0m[1m[38;5;14m|[0m
[0m[1m[38;5;14m64[0m[0m [0m[0m[1m[38;5;14m|[0m[0m [0m[0m    let temp_dir = tempdir().expect("create temp dir");[0m
[0m   [0m[0m[1m[38;5;14m|[0m[0m         [0m[0m[1m[38;5;11m^^^^^^^^[0m[0m [0m[0m[1m[38;5;11mhelp: if this is intentional, prefix it with an underscore: `_temp_dir`[0m
[0m   [0m[0m[1m[38;5;14m|[0m
[0m   [0m[0m[1m[38;5;14m= [0m[0m[1m[38;5;15mnote[0m[0m: `#[warn(unused_variables)]` on by default[0m

[1m[33mwarning[0m[1m:[0m `astraweave-persistence-ecs` (test "corruption_recovery_tests") generated 1 warning
[0m[1m[38;5;11mwarning[0m[0m[1m[38;5;15m: unused import: `Entity`[0m
[0m [0m[0m[1m[38;5;14m--> [0m[0mastraweave-persistence-ecs\benches\persistence_ecs_benchmarks.rs:1:22[0m
[0m  [0m[0m[1m[38;5;14m|[0m
[0m[1m[38;5;14m1[0m[0m [0m[0m[1m[38;5;14m|[0m[0m [0m[0muse astraweave_ecs::{Entity, World};[0m
[0m  [0m[0m[1m[38;5;14m|[0m[0m                      [0m[0m[1m[38;5;11m^^^^^^[0m
[0m  [0m[0m[1m[38;5;14m|[0m
[0m  [0m[0m[1m[38;5;14m= [0m[0m[1m[38;5;15mnote[0m[0m: `#[warn(unused_imports)]` on by default[0m

[0m[1m[38;5;11mwarning[0m[0m[1m[38;5;15m: unused imports: `SaveMetadata`, `calculate_world_hash`, `deserialize_ecs_world`, and `serialize_ecs_world`[0m
[0m [0m[0m[1m[38;5;14m--> [0m[0mastraweave-persistence-ecs\benches\persistence_ecs_benchmarks.rs:3:5[0m
[0m  [0m[0m[1m[38;5;14m|[0m
[0m[1m[38;5;14m3[0m[0m [0m[0m[1m[38;5;14m|[0m[0m [0m[0m    calculate_world_hash, deserialize_ecs_world, serialize_ecs_world, CPersistenceManager,[0m
[0m  [0m[0m[1m[38;5;14m|[0m[0m     [0m[0m[1m[38;5;11m^^^^^^^^^^^^^^^^^^^^[0m[0m  [0m[0m[1m[38;5;11m^^^^^^^^^^^^^^^^^^^^^[0m[0m  [0m[0m[1m[38;5;11m^^^^^^^^^^^^^^^^^^^[0m
[0m[1m[38;5;14m4[0m[0m [0m[0m[1m[38;5;14m|[0m[0m [0m[0m    CReplayState, SaveMetadata,[0m
[0m  [0m[0m[1m[38;5;14m|[0m[0m                   [0m[0m[1m[38;5;11m^^^^^^^^^^^^[0m

[1m[33mwarning[0m[1m:[0m `astraweave-persistence-ecs` (bench "persistence_ecs_benchmarks") generated 2 warnings (run `cargo fix --bench "persistence_ecs_benchmarks"` to apply 2 suggestions)
[0m[1m[38;5;11mwarning[0m[0m[1m[38;5;15m: variable does not need to be mutable[0m
[0m  [0m[0m[1m[38;5;14m--> [0m[0mtools\aw_editor\tests\play_mode.rs:60:9[0m
[0m   [0m[0m[1m[38;5;14m|[0m
[0m[1m[38;5;14m60[0m[0m [0m[0m[1m[38;5;14m|[0m[0m [0m[0m    let mut world = sample_world();[0m
[0m   [0m[0m[1m[38;5;14m|[0m[0m         [0m[0m[1m[38;5;14m----[0m[0m[1m[38;5;11m^^^^^[0m
[0m   [0m[0m[1m[38;5;14m|[0m[0m         [0m[0m[1m[38;5;14m|[0m
[0m   [0m[0m[1m[38;5;14m|[0m[0m         [0m[0m[1m[38;5;14mhelp: remove this `mut`[0m
[0m   [0m[0m[1m[38;5;14m|[0m
[0m   [0m[0m[1m[38;5;14m= [0m[0m[1m[38;5;15mnote[0m[0m: `#[warn(unused_mut)]` on by default[0m

[0m[1m[38;5;9merror[E0583][0m[0m[1m[38;5;15m: file not found for module `common`[0m
[0m  [0m[0m[1m[38;5;14m--> [0m[0mastraweave-net\tests\integration\packet_loss_tests.rs:13:1[0m
[0m   [0m[0m[1m[38;5;14m|[0m
[0m[1m[38;5;14m13[0m[0m [0m[0m[1m[38;5;14m|[0m[0m [0m[0mmod common;[0m
[0m   [0m[0m[1m[38;5;14m|[0m[0m [0m[0m[1m[38;5;9m^^^^^^^^^^^[0m
[0m   [0m[0m[1m[38;5;14m|[0m
[0m   [0m[0m[1m[38;5;14m= [0m[0m[1m[38;5;15mhelp[0m[0m: to create the module `common`, create file "astraweave-net\tests\integration\common.rs" or "astraweave-net\tests\integration\common\mod.rs"[0m
[0m   [0m[0m[1m[38;5;14m= [0m[0m[1m[38;5;15mnote[0m[0m: if there is a `mod common` elsewhere in the crate already, import it with `use crate::...` instead[0m

[1m[33mwarning[0m[1m:[0m `aw_editor` (test "play_mode") generated 1 warning (run `cargo fix --test "play_mode"` to apply 1 suggestion)
[1m[32m    Checking[0m aw_editor v0.1.0 (C:\Users\pv2br\AstraWeave-AI-Native-Gaming-Engine\tools\aw_editor)
[0m[1m[38;5;11mwarning[0m[0m[1m[38;5;15m: unused import: `super::*`[0m
[0m   [0m[0m[1m[38;5;14m--> [0m[0mtools\aw_editor\src\viewport\renderer.rs:342:9[0m
[0m    [0m[0m[1m[38;5;14m|[0m
[0m[1m[38;5;14m342[0m[0m [0m[0m[1m[38;5;14m|[0m[0m [0m[0m    use super::*;[0m
[0m    [0m[0m[1m[38;5;14m|[0m[0m         [0m[0m[1m[38;5;11m^^^^^^^^[0m
[0m    [0m[0m[1m[38;5;14m|[0m
[0m    [0m[0m[1m[38;5;14m= [0m[0m[1m[38;5;15mnote[0m[0m: `#[warn(unused_imports)]` on by default[0m

[1m[33mwarning[0m[1m:[0m `aw_editor` (bin "aw_editor" test) generated 1 warning (run `cargo fix --bin "aw_editor" --tests` to apply 1 suggestion)
[0m[1m[38;5;11mwarning[0m[0m[1m[38;5;15m: variable does not need to be mutable[0m
[0m   [0m[0m[1m[38;5;14m--> [0m[0mtools\aw_editor\tests\integration_tests.rs:301:9[0m
[0m    [0m[0m[1m[38;5;14m|[0m
[0m[1m[38;5;14m301[0m[0m [0m[0m[1m[38;5;14m|[0m[0m [0m[0m    let mut world = create_test_world();[0m
[0m    [0m[0m[1m[38;5;14m|[0m[0m         [0m[0m[1m[38;5;14m----[0m[0m[1m[38;5;11m^^^^^[0m
[0m    [0m[0m[1m[38;5;14m|[0m[0m         [0m[0m[1m[38;5;14m|[0m
[0m    [0m[0m[1m[38;5;14m|[0m[0m         [0m[0m[1m[38;5;14mhelp: remove this `mut`[0m
[0m    [0m[0m[1m[38;5;14m|[0m
[0m    [0m[0m[1m[38;5;14m= [0m[0m[1m[38;5;15mnote[0m[0m: `#[warn(unused_mut)]` on by default[0m

[1m[33mwarning[0m[1m:[0m `aw_editor` (test "integration_tests") generated 1 warning (run `cargo fix --test "integration_tests"` to apply 1 suggestion)
[0m[1m[38;5;11mwarning[0m[0m[1m[38;5;15m: unused variable: `original_hash`[0m
[0m   [0m[0m[1m[38;5;14m--> [0m[0mastraweave-persistence-ecs\tests\large_world_tests.rs:311:9[0m
[0m    [0m[0m[1m[38;5;14m|[0m
[0m[1m[38;5;14m311[0m[0m [0m[0m[1m[38;5;14m|[0m[0m [0m[0m    let original_hash = calculate_world_hash(&world);[0m
[0m    [0m[0m[1m[38;5;14m|[0m[0m         [0m[0m[1m[38;5;11m^^^^^^^^^^^^^[0m[0m [0m[0m[1m[38;5;11mhelp: if this is intentional, prefix it with an underscore: `_original_hash`[0m
[0m    [0m[0m[1m[38;5;14m|[0m
[0m    [0m[0m[1m[38;5;14m= [0m[0m[1m[38;5;15mnote[0m[0m: `#[warn(unused_variables)]` on by default[0m

[1m[33mwarning[0m[1m:[0m `astraweave-persistence-ecs` (test "large_world_tests") generated 1 warning
[0m[1m[38;5;11mwarning[0m[0m[1m[38;5;15m: unused import: `aw_editor_lib::gizmo::snapping::SnappingConfig`[0m
[0m [0m[0m[1m[38;5;14m--> [0m[0mtools\aw_editor\tests\grid_render.rs:2:5[0m
[0m  [0m[0m[1m[38;5;14m|[0m
[0m[1m[38;5;14m2[0m[0m [0m[0m[1m[38;5;14m|[0m[0m [0m[0muse aw_editor_lib::gizmo::snapping::SnappingConfig;[0m
[0m  [0m[0m[1m[38;5;14m|[0m[0m     [0m[0m[1m[38;5;11m^^^^^^^^^^^^^^^^^^^^^^^^^^^^^^^^^^^^^^^^^^^^^^[0m
[0m  [0m[0m[1m[38;5;14m|[0m
[0m  [0m[0m[1m[38;5;14m= [0m[0m[1m[38;5;15mnote[0m[0m: `#[warn(unused_imports)]` on by default[0m

[1m[33mwarning[0m[1m:[0m `aw_editor` (test "grid_render") generated 1 warning (run `cargo fix --test "grid_render"` to apply 1 suggestion)
[0m[1m[38;5;9merror[E0425][0m[0m[1m[38;5;15m: cannot find function `spawn_test_server_with_packet_loss` in this scope[0m
[0m  [0m[0m[1m[38;5;14m--> [0m[0mastraweave-net\tests\integration\packet_loss_tests.rs:22:18[0m
[0m   [0m[0m[1m[38;5;14m|[0m
[0m[1m[38;5;14m22[0m[0m [0m[0m[1m[38;5;14m|[0m[0m [0m[0m    let server = spawn_test_server_with_packet_loss(0.0).await.unwrap();[0m
[0m   [0m[0m[1m[38;5;14m|[0m[0m                  [0m[0m[1m[38;5;9m^^^^^^^^^^^^^^^^^^^^^^^^^^^^^^^^^^[0m[0m [0m[0m[1m[38;5;9mnot found in this scope[0m
[0m   [0m[0m[1m[38;5;14m|[0m
[0m[1m[38;5;14mhelp[0m[0m: consider importing this function[0m
[0m   [0m[0m[1m[38;5;14m|[0m
[0m[1m[38;5;14m8[0m[0m  [0m[0m[38;5;10m+ use crate::common::spawn_test_server_with_packet_loss;[0m
[0m   [0m[0m[1m[38;5;14m|[0m

[0m[1m[38;5;9merror[E0425][0m[0m[1m[38;5;15m: cannot find function `spawn_test_server_with_packet_loss` in this scope[0m
[0m  [0m[0m[1m[38;5;14m--> [0m[0mastraweave-net\tests\integration\packet_loss_tests.rs:47:18[0m
[0m   [0m[0m[1m[38;5;14m|[0m
[0m[1m[38;5;14m47[0m[0m [0m[0m[1m[38;5;14m|[0m[0m [0m[0m    let server = spawn_test_server_with_packet_loss(0.0).await.unwrap();[0m
[0m   [0m[0m[1m[38;5;14m|[0m[0m                  [0m[0m[1m[38;5;9m^^^^^^^^^^^^^^^^^^^^^^^^^^^^^^^^^^[0m[0m [0m[0m[1m[38;5;9mnot found in this scope[0m
[0m   [0m[0m[1m[38;5;14m|[0m
[0m[1m[38;5;14mhelp[0m[0m: consider importing this function[0m
[0m   [0m[0m[1m[38;5;14m|[0m
[0m[1m[38;5;14m8[0m[0m  [0m[0m[38;5;10m+ use crate::common::spawn_test_server_with_packet_loss;[0m
[0m   [0m[0m[1m[38;5;14m|[0m

[0m[1m[38;5;9merror[E0425][0m[0m[1m[38;5;15m: cannot find function `spawn_test_server_with_packet_loss` in this scope[0m
[0m  [0m[0m[1m[38;5;14m--> [0m[0mastraweave-net\tests\integration\packet_loss_tests.rs:68:18[0m
[0m   [0m[0m[1m[38;5;14m|[0m
[0m[1m[38;5;14m68[0m[0m [0m[0m[1m[38;5;14m|[0m[0m [0m[0m    let server = spawn_test_server_with_packet_loss(0.0).await.unwrap();[0m
[0m   [0m[0m[1m[38;5;14m|[0m[0m                  [0m[0m[1m[38;5;9m^^^^^^^^^^^^^^^^^^^^^^^^^^^^^^^^^^[0m[0m [0m[0m[1m[38;5;9mnot found in this scope[0m
[0m   [0m[0m[1m[38;5;14m|[0m
[0m[1m[38;5;14mhelp[0m[0m: consider importing this function[0m
[0m   [0m[0m[1m[38;5;14m|[0m
[0m[1m[38;5;14m8[0m[0m  [0m[0m[38;5;10m+ use crate::common::spawn_test_server_with_packet_loss;[0m
[0m   [0m[0m[1m[38;5;14m|[0m

[0m[1m[38;5;9merror[E0425][0m[0m[1m[38;5;15m: cannot find function `spawn_test_server_with_packet_loss` in this scope[0m
[0m  [0m[0m[1m[38;5;14m--> [0m[0mastraweave-net\tests\integration\packet_loss_tests.rs:99:18[0m
[0m   [0m[0m[1m[38;5;14m|[0m
[0m[1m[38;5;14m99[0m[0m [0m[0m[1m[38;5;14m|[0m[0m [0m[0m    let server = spawn_test_server_with_packet_loss(0.0).await.unwrap();[0m
[0m   [0m[0m[1m[38;5;14m|[0m[0m                  [0m[0m[1m[38;5;9m^^^^^^^^^^^^^^^^^^^^^^^^^^^^^^^^^^[0m[0m [0m[0m[1m[38;5;9mnot found in this scope[0m
[0m   [0m[0m[1m[38;5;14m|[0m
[0m[1m[38;5;14mhelp[0m[0m: consider importing this function[0m
[0m   [0m[0m[1m[38;5;14m|[0m
[0m[1m[38;5;14m8[0m[0m  [0m[0m[38;5;10m+ use crate::common::spawn_test_server_with_packet_loss;[0m
[0m   [0m[0m[1m[38;5;14m|[0m

[0m[1m[38;5;9merror[E0425][0m[0m[1m[38;5;15m: cannot find function `spawn_test_server_with_packet_loss` in this scope[0m
[0m   [0m[0m[1m[38;5;14m--> [0m[0mastraweave-net\tests\integration\packet_loss_tests.rs:120:18[0m
[0m    [0m[0m[1m[38;5;14m|[0m
[0m[1m[38;5;14m120[0m[0m [0m[0m[1m[38;5;14m|[0m[0m [0m[0m    let server = spawn_test_server_with_packet_loss(0.0).await.unwrap();[0m
[0m    [0m[0m[1m[38;5;14m|[0m[0m                  [0m[0m[1m[38;5;9m^^^^^^^^^^^^^^^^^^^^^^^^^^^^^^^^^^[0m[0m [0m[0m[1m[38;5;9mnot found in this scope[0m
[0m    [0m[0m[1m[38;5;14m|[0m
[0m[1m[38;5;14mhelp[0m[0m: consider importing this function[0m
[0m    [0m[0m[1m[38;5;14m|[0m
[0m[1m[38;5;14m8[0m[0m   [0m[0m[38;5;10m+ use crate::common::spawn_test_server_with_packet_loss;[0m
[0m    [0m[0m[1m[38;5;14m|[0m

[0m[1m[38;5;9merror[E0425][0m[0m[1m[38;5;15m: cannot find function `spawn_test_server_with_packet_loss` in this scope[0m
[0m   [0m[0m[1m[38;5;14m--> [0m[0mastraweave-net\tests\integration\packet_loss_tests.rs:148:18[0m
[0m    [0m[0m[1m[38;5;14m|[0m
[0m[1m[38;5;14m148[0m[0m [0m[0m[1m[38;5;14m|[0m[0m [0m[0m    let server = spawn_test_server_with_packet_loss(0.05).await.unwrap();[0m
[0m    [0m[0m[1m[38;5;14m|[0m[0m                  [0m[0m[1m[38;5;9m^^^^^^^^^^^^^^^^^^^^^^^^^^^^^^^^^^[0m[0m [0m[0m[1m[38;5;9mnot found in this scope[0m
[0m    [0m[0m[1m[38;5;14m|[0m
[0m[1m[38;5;14mhelp[0m[0m: consider importing this function[0m
[0m    [0m[0m[1m[38;5;14m|[0m
[0m[1m[38;5;14m8[0m[0m   [0m[0m[38;5;10m+ use crate::common::spawn_test_server_with_packet_loss;[0m
[0m    [0m[0m[1m[38;5;14m|[0m

[0m[1m[38;5;9merror[E0425][0m[0m[1m[38;5;15m: cannot find function `spawn_test_server_with_packet_loss` in this scope[0m
[0m   [0m[0m[1m[38;5;14m--> [0m[0mastraweave-net\tests\integration\packet_loss_tests.rs:165:18[0m
[0m    [0m[0m[1m[38;5;14m|[0m
[0m[1m[38;5;14m165[0m[0m [0m[0m[1m[38;5;14m|[0m[0m [0m[0m    let server = spawn_test_server_with_packet_loss(0.05).await.unwrap();[0m
[0m    [0m[0m[1m[38;5;14m|[0m[0m                  [0m[0m[1m[38;5;9m^^^^^^^^^^^^^^^^^^^^^^^^^^^^^^^^^^[0m[0m [0m[0m[1m[38;5;9mnot found in this scope[0m
[0m    [0m[0m[1m[38;5;14m|[0m
[0m[1m[38;5;14mhelp[0m[0m: consider importing this function[0m
[0m    [0m[0m[1m[38;5;14m|[0m
[0m[1m[38;5;14m8[0m[0m   [0m[0m[38;5;10m+ use crate::common::spawn_test_server_with_packet_loss;[0m
[0m    [0m[0m[1m[38;5;14m|[0m

[0m[1m[38;5;9merror[E0425][0m[0m[1m[38;5;15m: cannot find function `spawn_test_server_with_packet_loss` in this scope[0m
[0m   [0m[0m[1m[38;5;14m--> [0m[0mastraweave-net\tests\integration\packet_loss_tests.rs:191:18[0m
[0m    [0m[0m[1m[38;5;14m|[0m
[0m[1m[38;5;14m191[0m[0m [0m[0m[1m[38;5;14m|[0m[0m [0m[0m    let server = spawn_test_server_with_packet_loss(0.05).await.unwrap();[0m
[0m    [0m[0m[1m[38;5;14m|[0m[0m                  [0m[0m[1m[38;5;9m^^^^^^^^^^^^^^^^^^^^^^^^^^^^^^^^^^[0m[0m [0m[0m[1m[38;5;9mnot found in this scope[0m
[0m    [0m[0m[1m[38;5;14m|[0m
[0m[1m[38;5;14mhelp[0m[0m: consider importing this function[0m
[0m    [0m[0m[1m[38;5;14m|[0m
[0m[1m[38;5;14m8[0m[0m   [0m[0m[38;5;10m+ use crate::common::spawn_test_server_with_packet_loss;[0m
[0m    [0m[0m[1m[38;5;14m|[0m

[0m[1m[38;5;9merror[E0425][0m[0m[1m[38;5;15m: cannot find function `spawn_test_server_with_packet_loss` in this scope[0m
[0m   [0m[0m[1m[38;5;14m--> [0m[0mastraweave-net\tests\integration\packet_loss_tests.rs:218:18[0m
[0m    [0m[0m[1m[38;5;14m|[0m
[0m[1m[38;5;14m218[0m[0m [0m[0m[1m[38;5;14m|[0m[0m [0m[0m    let server = spawn_test_server_with_packet_loss(0.05).await.unwrap();[0m
[0m    [0m[0m[1m[38;5;14m|[0m[0m                  [0m[0m[1m[38;5;9m^^^^^^^^^^^^^^^^^^^^^^^^^^^^^^^^^^[0m[0m [0m[0m[1m[38;5;9mnot found in this scope[0m
[0m    [0m[0m[1m[38;5;14m|[0m
[0m[1m[38;5;14mhelp[0m[0m: consider importing this function[0m
[0m    [0m[0m[1m[38;5;14m|[0m
[0m[1m[38;5;14m8[0m[0m   [0m[0m[38;5;10m+ use crate::common::spawn_test_server_with_packet_loss;[0m
[0m    [0m[0m[1m[38;5;14m|[0m

[0m[1m[38;5;9merror[E0425][0m[0m[1m[38;5;15m: cannot find function `spawn_test_server_with_packet_loss` in this scope[0m
[0m   [0m[0m[1m[38;5;14m--> [0m[0mastraweave-net\tests\integration\packet_loss_tests.rs:238:18[0m
[0m    [0m[0m[1m[38;5;14m|[0m
[0m[1m[38;5;14m238[0m[0m [0m[0m[1m[38;5;14m|[0m[0m [0m[0m    let server = spawn_test_server_with_packet_loss(0.05).await.unwrap();[0m
[0m    [0m[0m[1m[38;5;14m|[0m[0m                  [0m[0m[1m[38;5;9m^^^^^^^^^^^^^^^^^^^^^^^^^^^^^^^^^^[0m[0m [0m[0m[1m[38;5;9mnot found in this scope[0m
[0m    [0m[0m[1m[38;5;14m|[0m
[0m[1m[38;5;14mhelp[0m[0m: consider importing this function[0m
[0m    [0m[0m[1m[38;5;14m|[0m
[0m[1m[38;5;14m8[0m[0m   [0m[0m[38;5;10m+ use crate::common::spawn_test_server_with_packet_loss;[0m
[0m    [0m[0m[1m[38;5;14m|[0m

[0m[1m[38;5;9merror[E0425][0m[0m[1m[38;5;15m: cannot find function `spawn_test_server_with_packet_loss` in this scope[0m
[0m   [0m[0m[1m[38;5;14m--> [0m[0mastraweave-net\tests\integration\packet_loss_tests.rs:256:18[0m
[0m    [0m[0m[1m[38;5;14m|[0m
[0m[1m[38;5;14m256[0m[0m [0m[0m[1m[38;5;14m|[0m[0m [0m[0m    let server = spawn_test_server_with_packet_loss(0.20).await.unwrap();[0m
[0m    [0m[0m[1m[38;5;14m|[0m[0m                  [0m[0m[1m[38;5;9m^^^^^^^^^^^^^^^^^^^^^^^^^^^^^^^^^^[0m[0m [0m[0m[1m[38;5;9mnot found in this scope[0m
[0m    [0m[0m[1m[38;5;14m|[0m
[0m[1m[38;5;14mhelp[0m[0m: consider importing this function[0m
[0m    [0m[0m[1m[38;5;14m|[0m
[0m[1m[38;5;14m8[0m[0m   [0m[0m[38;5;10m+ use crate::common::spawn_test_server_with_packet_loss;[0m
[0m    [0m[0m[1m[38;5;14m|[0m

[0m[1m[38;5;9merror[E0425][0m[0m[1m[38;5;15m: cannot find function `spawn_test_server_with_packet_loss` in this scope[0m
[0m   [0m[0m[1m[38;5;14m--> [0m[0mastraweave-net\tests\integration\packet_loss_tests.rs:273:18[0m
[0m    [0m[0m[1m[38;5;14m|[0m
[0m[1m[38;5;14m273[0m[0m [0m[0m[1m[38;5;14m|[0m[0m [0m[0m    let server = spawn_test_server_with_packet_loss(0.20).await.unwrap();[0m
[0m    [0m[0m[1m[38;5;14m|[0m[0m                  [0m[0m[1m[38;5;9m^^^^^^^^^^^^^^^^^^^^^^^^^^^^^^^^^^[0m[0m [0m[0m[1m[38;5;9mnot found in this scope[0m
[0m    [0m[0m[1m[38;5;14m|[0m
[0m[1m[38;5;14mhelp[0m[0m: consider importing this function[0m
[0m    [0m[0m[1m[38;5;14m|[0m
[0m[1m[38;5;14m8[0m[0m   [0m[0m[38;5;10m+ use crate::common::spawn_test_server_with_packet_loss;[0m
[0m    [0m[0m[1m[38;5;14m|[0m

[0m[1m[38;5;9merror[E0425][0m[0m[1m[38;5;15m: cannot find function `spawn_test_server_with_packet_loss` in this scope[0m
[0m   [0m[0m[1m[38;5;14m--> [0m[0mastraweave-net\tests\integration\packet_loss_tests.rs:299:18[0m
[0m    [0m[0m[1m[38;5;14m|[0m
[0m[1m[38;5;14m299[0m[0m [0m[0m[1m[38;5;14m|[0m[0m [0m[0m    let server = spawn_test_server_with_packet_loss(0.20).await.unwrap();[0m
[0m    [0m[0m[1m[38;5;14m|[0m[0m                  [0m[0m[1m[38;5;9m^^^^^^^^^^^^^^^^^^^^^^^^^^^^^^^^^^[0m[0m [0m[0m[1m[38;5;9mnot found in this scope[0m
[0m    [0m[0m[1m[38;5;14m|[0m
[0m[1m[38;5;14mhelp[0m[0m: consider importing this function[0m
[0m    [0m[0m[1m[38;5;14m|[0m
[0m[1m[38;5;14m8[0m[0m   [0m[0m[38;5;10m+ use crate::common::spawn_test_server_with_packet_loss;[0m
[0m    [0m[0m[1m[38;5;14m|[0m

[0m[1m[38;5;9merror[E0425][0m[0m[1m[38;5;15m: cannot find value `handles` in this scope[0m
[0m   [0m[0m[1m[38;5;14m--> [0m[0mastraweave-net\tests\integration\packet_loss_tests.rs:318:46[0m
[0m    [0m[0m[1m[38;5;14m|[0m
[0m[1m[38;5;14m318[0m[0m [0m[0m[1m[38;5;14m|[0m[0m [0m[0m    let ids = futures_util::future::join_all(handles).await;[0m
[0m    [0m[0m[1m[38;5;14m|[0m[0m                                              [0m[0m[1m[38;5;9m^^^^^^^[0m[0m [0m[0m[1m[38;5;9mnot found in this scope[0m

[0m[1m[38;5;9merror[E0425][0m[0m[1m[38;5;15m: cannot find function `spawn_test_server_with_packet_loss` in this scope[0m
[0m   [0m[0m[1m[38;5;14m--> [0m[0mastraweave-net\tests\integration\packet_loss_tests.rs:339:18[0m
[0m    [0m[0m[1m[38;5;14m|[0m
[0m[1m[38;5;14m339[0m[0m [0m[0m[1m[38;5;14m|[0m[0m [0m[0m    let server = spawn_test_server_with_packet_loss(0.20).await.unwrap();[0m
[0m    [0m[0m[1m[38;5;14m|[0m[0m                  [0m[0m[1m[38;5;9m^^^^^^^^^^^^^^^^^^^^^^^^^^^^^^^^^^[0m[0m [0m[0m[1m[38;5;9mnot found in this scope[0m
[0m    [0m[0m[1m[38;5;14m|[0m
[0m[1m[38;5;14mhelp[0m[0m: consider importing this function[0m
[0m    [0m[0m[1m[38;5;14m|[0m
[0m[1m[38;5;14m8[0m[0m   [0m[0m[38;5;10m+ use crate::common::spawn_test_server_with_packet_loss;[0m
[0m    [0m[0m[1m[38;5;14m|[0m

[0m[1m[38;5;9merror[E0425][0m[0m[1m[38;5;15m: cannot find function `spawn_test_server_with_packet_loss` in this scope[0m
[0m   [0m[0m[1m[38;5;14m--> [0m[0mastraweave-net\tests\integration\packet_loss_tests.rs:365:18[0m
[0m    [0m[0m[1m[38;5;14m|[0m
[0m[1m[38;5;14m365[0m[0m [0m[0m[1m[38;5;14m|[0m[0m [0m[0m    let server = spawn_test_server_with_packet_loss(0.20).await.unwrap();[0m
[0m    [0m[0m[1m[38;5;14m|[0m[0m                  [0m[0m[1m[38;5;9m^^^^^^^^^^^^^^^^^^^^^^^^^^^^^^^^^^[0m[0m [0m[0m[1m[38;5;9mnot found in this scope[0m
[0m    [0m[0m[1m[38;5;14m|[0m
[0m[1m[38;5;14mhelp[0m[0m: consider importing this function[0m
[0m    [0m[0m[1m[38;5;14m|[0m
[0m[1m[38;5;14m8[0m[0m   [0m[0m[38;5;10m+ use crate::common::spawn_test_server_with_packet_loss;[0m
[0m    [0m[0m[1m[38;5;14m|[0m

[0m[1m[38;5;9merror[E0425][0m[0m[1m[38;5;15m: cannot find function `spawn_test_server_with_packet_loss` in this scope[0m
[0m   [0m[0m[1m[38;5;14m--> [0m[0mastraweave-net\tests\integration\packet_loss_tests.rs:409:18[0m
[0m    [0m[0m[1m[38;5;14m|[0m
[0m[1m[38;5;14m409[0m[0m [0m[0m[1m[38;5;14m|[0m[0m [0m[0m    let server = spawn_test_server_with_packet_loss(0.50).await.unwrap();[0m
[0m    [0m[0m[1m[38;5;14m|[0m[0m                  [0m[0m[1m[38;5;9m^^^^^^^^^^^^^^^^^^^^^^^^^^^^^^^^^^[0m[0m [0m[0m[1m[38;5;9mnot found in this scope[0m
[0m    [0m[0m[1m[38;5;14m|[0m
[0m[1m[38;5;14mhelp[0m[0m: consider importing this function[0m
[0m    [0m[0m[1m[38;5;14m|[0m
[0m[1m[38;5;14m8[0m[0m   [0m[0m[38;5;10m+ use crate::common::spawn_test_server_with_packet_loss;[0m
[0m    [0m[0m[1m[38;5;14m|[0m

[0m[1m[38;5;9merror[E0425][0m[0m[1m[38;5;15m: cannot find function `spawn_test_server_with_packet_loss` in this scope[0m
[0m   [0m[0m[1m[38;5;14m--> [0m[0mastraweave-net\tests\integration\packet_loss_tests.rs:426:18[0m
[0m    [0m[0m[1m[38;5;14m|[0m
[0m[1m[38;5;14m426[0m[0m [0m[0m[1m[38;5;14m|[0m[0m [0m[0m    let server = spawn_test_server_with_packet_loss(0.50).await.unwrap();[0m
[0m    [0m[0m[1m[38;5;14m|[0m[0m                  [0m[0m[1m[38;5;9m^^^^^^^^^^^^^^^^^^^^^^^^^^^^^^^^^^[0m[0m [0m[0m[1m[38;5;9mnot found in this scope[0m
[0m    [0m[0m[1m[38;5;14m|[0m
[0m[1m[38;5;14mhelp[0m[0m: consider importing this function[0m
[0m    [0m[0m[1m[38;5;14m|[0m
[0m[1m[38;5;14m8[0m[0m   [0m[0m[38;5;10m+ use crate::common::spawn_test_server_with_packet_loss;[0m
[0m    [0m[0m[1m[38;5;14m|[0m

[0m[1m[38;5;9merror[E0425][0m[0m[1m[38;5;15m: cannot find function `spawn_test_server_with_packet_loss` in this scope[0m
[0m   [0m[0m[1m[38;5;14m--> [0m[0mastraweave-net\tests\integration\packet_loss_tests.rs:457:18[0m
[0m    [0m[0m[1m[38;5;14m|[0m
[0m[1m[38;5;14m457[0m[0m [0m[0m[1m[38;5;14m|[0m[0m [0m[0m    let server = spawn_test_server_with_packet_loss(0.50).await.unwrap();[0m
[0m    [0m[0m[1m[38;5;14m|[0m[0m                  [0m[0m[1m[38;5;9m^^^^^^^^^^^^^^^^^^^^^^^^^^^^^^^^^^[0m[0m [0m[0m[1m[38;5;9mnot found in this scope[0m
[0m    [0m[0m[1m[38;5;14m|[0m
[0m[1m[38;5;14mhelp[0m[0m: consider importing this function[0m
[0m    [0m[0m[1m[38;5;14m|[0m
[0m[1m[38;5;14m8[0m[0m   [0m[0m[38;5;10m+ use crate::common::spawn_test_server_with_packet_loss;[0m
[0m    [0m[0m[1m[38;5;14m|[0m

[0m[1m[38;5;9merror[E0425][0m[0m[1m[38;5;15m: cannot find function `spawn_test_server_with_packet_loss` in this scope[0m
[0m   [0m[0m[1m[38;5;14m--> [0m[0mastraweave-net\tests\integration\packet_loss_tests.rs:481:18[0m
[0m    [0m[0m[1m[38;5;14m|[0m
[0m[1m[38;5;14m481[0m[0m [0m[0m[1m[38;5;14m|[0m[0m [0m[0m    let server = spawn_test_server_with_packet_loss(0.50).await.unwrap();[0m
[0m    [0m[0m[1m[38;5;14m|[0m[0m                  [0m[0m[1m[38;5;9m^^^^^^^^^^^^^^^^^^^^^^^^^^^^^^^^^^[0m[0m [0m[0m[1m[38;5;9mnot found in this scope[0m
[0m    [0m[0m[1m[38;5;14m|[0m
[0m[1m[38;5;14mhelp[0m[0m: consider importing this function[0m
[0m    [0m[0m[1m[38;5;14m|[0m
[0m[1m[38;5;14m8[0m[0m   [0m[0m[38;5;10m+ use crate::common::spawn_test_server_with_packet_loss;[0m
[0m    [0m[0m[1m[38;5;14m|[0m

[0m[1m[38;5;9merror[E0425][0m[0m[1m[38;5;15m: cannot find function `spawn_test_server_with_packet_loss` in this scope[0m
[0m   [0m[0m[1m[38;5;14m--> [0m[0mastraweave-net\tests\integration\packet_loss_tests.rs:502:18[0m
[0m    [0m[0m[1m[38;5;14m|[0m
[0m[1m[38;5;14m502[0m[0m [0m[0m[1m[38;5;14m|[0m[0m [0m[0m    let server = spawn_test_server_with_packet_loss(0.50).await.unwrap();[0m
[0m    [0m[0m[1m[38;5;14m|[0m[0m                  [0m[0m[1m[38;5;9m^^^^^^^^^^^^^^^^^^^^^^^^^^^^^^^^^^[0m[0m [0m[0m[1m[38;5;9mnot found in this scope[0m
[0m    [0m[0m[1m[38;5;14m|[0m
[0m[1m[38;5;14mhelp[0m[0m: consider importing this function[0m
[0m    [0m[0m[1m[38;5;14m|[0m
[0m[1m[38;5;14m8[0m[0m   [0m[0m[38;5;10m+ use crate::common::spawn_test_server_with_packet_loss;[0m
[0m    [0m[0m[1m[38;5;14m|[0m

[0m[1m[38;5;9merror[E0425][0m[0m[1m[38;5;15m: cannot find function `spawn_test_server_with_packet_loss` in this scope[0m
[0m   [0m[0m[1m[38;5;14m--> [0m[0mastraweave-net\tests\integration\packet_loss_tests.rs:538:22[0m
[0m    [0m[0m[1m[38;5;14m|[0m
[0m[1m[38;5;14m538[0m[0m [0m[0m[1m[38;5;14m|[0m[0m [0m[0m        let server = spawn_test_server_with_packet_loss(loss_rate)[0m
[0m    [0m[0m[1m[38;5;14m|[0m[0m                      [0m[0m[1m[38;5;9m^^^^^^^^^^^^^^^^^^^^^^^^^^^^^^^^^^[0m[0m [0m[0m[1m[38;5;9mnot found in this scope[0m
[0m    [0m[0m[1m[38;5;14m|[0m
[0m[1m[38;5;14mhelp[0m[0m: consider importing this function[0m
[0m    [0m[0m[1m[38;5;14m|[0m
[0m[1m[38;5;14m8[0m[0m   [0m[0m[38;5;10m+ use crate::common::spawn_test_server_with_packet_loss;[0m
[0m    [0m[0m[1m[38;5;14m|[0m

[0m[1m[38;5;9merror[E0425][0m[0m[1m[38;5;15m: cannot find function `spawn_test_server_with_packet_loss` in this scope[0m
[0m   [0m[0m[1m[38;5;14m--> [0m[0mastraweave-net\tests\integration\packet_loss_tests.rs:561:18[0m
[0m    [0m[0m[1m[38;5;14m|[0m
[0m[1m[38;5;14m561[0m[0m [0m[0m[1m[38;5;14m|[0m[0m [0m[0m    let server = spawn_test_server_with_packet_loss(0.30).await.unwrap();[0m
[0m    [0m[0m[1m[38;5;14m|[0m[0m                  [0m[0m[1m[38;5;9m^^^^^^^^^^^^^^^^^^^^^^^^^^^^^^^^^^[0m[0m [0m[0m[1m[38;5;9mnot found in this scope[0m
[0m    [0m[0m[1m[38;5;14m|[0m
[0m[1m[38;5;14mhelp[0m[0m: consider importing this function[0m
[0m    [0m[0m[1m[38;5;14m|[0m
[0m[1m[38;5;14m8[0m[0m   [0m[0m[38;5;10m+ use crate::common::spawn_test_server_with_packet_loss;[0m
[0m    [0m[0m[1m[38;5;14m|[0m

[0m[1m[38;5;9merror[E0425][0m[0m[1m[38;5;15m: cannot find function `spawn_test_server_with_packet_loss` in this scope[0m
[0m   [0m[0m[1m[38;5;14m--> [0m[0mastraweave-net\tests\integration\packet_loss_tests.rs:589:18[0m
[0m    [0m[0m[1m[38;5;14m|[0m
[0m[1m[38;5;14m589[0m[0m [0m[0m[1m[38;5;14m|[0m[0m [0m[0m    let server = spawn_test_server_with_packet_loss(0.25).await.unwrap();[0m
[0m    [0m[0m[1m[38;5;14m|[0m[0m                  [0m[0m[1m[38;5;9m^^^^^^^^^^^^^^^^^^^^^^^^^^^^^^^^^^[0m[0m [0m[0m[1m[38;5;9mnot found in this scope[0m
[0m    [0m[0m[1m[38;5;14m|[0m
[0m[1m[38;5;14mhelp[0m[0m: consider importing this function[0m
[0m    [0m[0m[1m[38;5;14m|[0m
[0m[1m[38;5;14m8[0m[0m   [0m[0m[38;5;10m+ use crate::common::spawn_test_server_with_packet_loss;[0m
[0m    [0m[0m[1m[38;5;14m|[0m

[0m[1m[38;5;9merror[E0425][0m[0m[1m[38;5;15m: cannot find function `spawn_test_server_with_packet_loss` in this scope[0m
[0m   [0m[0m[1m[38;5;14m--> [0m[0mastraweave-net\tests\integration\packet_loss_tests.rs:631:18[0m
[0m    [0m[0m[1m[38;5;14m|[0m
[0m[1m[38;5;14m631[0m[0m [0m[0m[1m[38;5;14m|[0m[0m [0m[0m    let server = spawn_test_server_with_packet_loss(0.30).await.unwrap();[0m
[0m    [0m[0m[1m[38;5;14m|[0m[0m                  [0m[0m[1m[38;5;9m^^^^^^^^^^^^^^^^^^^^^^^^^^^^^^^^^^[0m[0m [0m[0m[1m[38;5;9mnot found in this scope[0m
[0m    [0m[0m[1m[38;5;14m|[0m
[0m[1m[38;5;14mhelp[0m[0m: consider importing this function[0m
[0m    [0m[0m[1m[38;5;14m|[0m
[0m[1m[38;5;14m8[0m[0m   [0m[0m[38;5;10m+ use crate::common::spawn_test_server_with_packet_loss;[0m
[0m    [0m[0m[1m[38;5;14m|[0m

[0m[1m[38;5;9merror[E0425][0m[0m[1m[38;5;15m: cannot find function `spawn_test_server_with_packet_loss` in this scope[0m
[0m   [0m[0m[1m[38;5;14m--> [0m[0mastraweave-net\tests\integration\packet_loss_tests.rs:664:18[0m
[0m    [0m[0m[1m[38;5;14m|[0m
[0m[1m[38;5;14m664[0m[0m [0m[0m[1m[38;5;14m|[0m[0m [0m[0m    let server = spawn_test_server_with_packet_loss(0.20).await.unwrap();[0m
[0m    [0m[0m[1m[38;5;14m|[0m[0m                  [0m[0m[1m[38;5;9m^^^^^^^^^^^^^^^^^^^^^^^^^^^^^^^^^^[0m[0m [0m[0m[1m[38;5;9mnot found in this scope[0m
[0m    [0m[0m[1m[38;5;14m|[0m
[0m[1m[38;5;14mhelp[0m[0m: consider importing this function[0m
[0m    [0m[0m[1m[38;5;14m|[0m
[0m[1m[38;5;14m8[0m[0m   [0m[0m[38;5;10m+ use crate::common::spawn_test_server_with_packet_loss;[0m
[0m    [0m[0m[1m[38;5;14m|[0m

[0m[1m[38;5;9merror[E0425][0m[0m[1m[38;5;15m: cannot find value `handles` in this scope[0m
[0m   [0m[0m[1m[38;5;14m--> [0m[0mastraweave-net\tests\integration\packet_loss_tests.rs:683:46[0m
[0m    [0m[0m[1m[38;5;14m|[0m
[0m[1m[38;5;14m683[0m[0m [0m[0m[1m[38;5;14m|[0m[0m [0m[0m    let ids = futures_util::future::join_all(handles).await;[0m
[0m    [0m[0m[1m[38;5;14m|[0m[0m                                              [0m[0m[1m[38;5;9m^^^^^^^[0m[0m [0m[0m[1m[38;5;9mnot found in this scope[0m

[0m[1m[38;5;11mwarning[0m[0m[1m[38;5;15m: unused import: `build_snapshot`[0m
[0m [0m[0m[1m[38;5;14m--> [0m[0mastraweave-net\tests\integration\packet_loss_tests.rs:9:35[0m
[0m  [0m[0m[1m[38;5;14m|[0m
[0m[1m[38;5;14m9[0m[0m [0m[0m[1m[38;5;14m|[0m[0m [0m[0muse astraweave_net::{apply_delta, build_snapshot, diff_snapshots, FullInterest};[0m
[0m  [0m[0m[1m[38;5;14m|[0m[0m                                   [0m[0m[1m[38;5;11m^^^^^^^^^^^^^^[0m
[0m  [0m[0m[1m[38;5;14m|[0m
[0m  [0m[0m[1m[38;5;14m= [0m[0m[1m[38;5;15mnote[0m[0m: `#[warn(unused_imports)]` on by default[0m

[0m[1m[38;5;11mwarning[0m[0m[1m[38;5;15m: unused import: `common::*`[0m
[0m  [0m[0m[1m[38;5;14m--> [0m[0mastraweave-net\tests\integration\packet_loss_tests.rs:14:5[0m
[0m   [0m[0m[1m[38;5;14m|[0m
[0m[1m[38;5;14m14[0m[0m [0m[0m[1m[38;5;14m|[0m[0m [0m[0muse common::*;[0m
[0m   [0m[0m[1m[38;5;14m|[0m[0m     [0m[0m[1m[38;5;11m^^^^^^^^^[0m

[0m[1m[38;5;9merror[E0308][0m[0m[1m[38;5;15m: mismatched types[0m
[0m   [0m[0m[1m[38;5;14m--> [0m[0mastraweave-net\tests\common\mod.rs:81:36[0m
[0m    [0m[0m[1m[38;5;14m|[0m
[0m[1m[38;5;14m81[0m[0m  [0m[0m[1m[38;5;14m|[0m[0m [0m[0m        self.ws.send(Message::Text(json)).await?;[0m
[0m    [0m[0m[1m[38;5;14m|[0m[0m                      [0m[0m[1m[38;5;14m-------------[0m[0m [0m[0m[1m[38;5;9m^^^^[0m[0m [0m[0m[1m[38;5;9mexpected `Utf8Bytes`, found `String`[0m
[0m    [0m[0m[1m[38;5;14m|[0m[0m                      [0m[0m[1m[38;5;14m|[0m
[0m    [0m[0m[1m[38;5;14m|[0m[0m                      [0m[0m[1m[38;5;14marguments to this enum variant are incorrect[0m
[0m    [0m[0m[1m[38;5;14m|[0m
[0m[1m[38;5;10mnote[0m[0m: tuple variant defined here[0m
[0m   [0m[0m[1m[38;5;14m--> [0m[0mC:\Users\pv2br\.cargo\registry\src\index.crates.io-1949cf8c6b5b557f\tungstenite-0.28.0\src\protocol\message.rs:159:5[0m
[0m    [0m[0m[1m[38;5;14m|[0m
[0m[1m[38;5;14m159[0m[0m [0m[0m[1m[38;5;14m|[0m[0m [0m[0m    Text(Utf8Bytes),[0m
[0m    [0m[0m[1m[38;5;14m|[0m[0m     [0m[0m[1m[38;5;10m^^^^[0m
[0m[1m[38;5;14mhelp[0m[0m: call `Into::into` on this expression to convert `std::string::String` into `Utf8Bytes`[0m
[0m    [0m[0m[1m[38;5;14m|[0m
[0m[1m[38;5;14m81[0m[0m  [0m[0m[1m[38;5;14m| [0m[0m        self.ws.send(Message::Text(json[0m[0m[38;5;10m.into()[0m[0m)).await?;[0m
[0m    [0m[0m[1m[38;5;14m|[0m[0m                                        [0m[0m[38;5;10m+++++++[0m

[0m[1m[38;5;9merror[E0599][0m[0m[1m[38;5;15m: no method named `is_terminated` found for struct `WebSocketStream` in the current scope[0m
[0m   [0m[0m[1m[38;5;14m--> [0m[0mastraweave-net\tests\common\mod.rs:102:18[0m
[0m    [0m[0m[1m[38;5;14m|[0m
[0m[1m[38;5;14m102[0m[0m [0m[0m[1m[38;5;14m|[0m[0m [0m[0m        !self.ws.is_terminated()[0m
[0m    [0m[0m[1m[38;5;14m|[0m[0m                  [0m[0m[1m[38;5;9m^^^^^^^^^^^^^[0m[0m [0m[0m[1m[38;5;9mmethod not found in `WebSocketStream<tokio_tungstenite::MaybeTlsStream<tokio::net::TcpStream>>`[0m
[0m    [0m[0m[1m[38;5;14m|[0m
[0m   [0m[0m[1m[38;5;14m::: [0m[0mC:\Users\pv2br\.cargo\registry\src\index.crates.io-1949cf8c6b5b557f\futures-core-0.3.31\src\stream.rs:148:8[0m
[0m    [0m[0m[1m[38;5;14m|[0m
[0m[1m[38;5;14m148[0m[0m [0m[0m[1m[38;5;14m|[0m[0m [0m[0m    fn is_terminated(&self) -> bool;[0m
[0m    [0m[0m[1m[38;5;14m|[0m[0m        [0m[0m[1m[38;5;14m-------------[0m[0m [0m[0m[1m[38;5;14mthe method is available for `WebSocketStream<tokio_tungstenite::MaybeTlsStream<tokio::net::TcpStream>>` here[0m
[0m    [0m[0m[1m[38;5;14m|[0m
[0m    [0m[0m[1m[38;5;14m= [0m[0m[1m[38;5;15mhelp[0m[0m: items from traits can only be used if the trait is in scope[0m
[0m[1m[38;5;14mhelp[0m[0m: trait `FusedStream` which provides `is_terminated` is implemented but not in scope; perhaps you want to import it[0m
[0m    [0m[0m[1m[38;5;14m|[0m
[0m[1m[38;5;14m3[0m[0m   [0m[0m[38;5;10m+ use futures_util::stream::FusedStream;[0m
[0m    [0m[0m[1m[38;5;14m|[0m

[0m[1m[38;5;9merror[E0063][0m[0m[1m[38;5;15m: missing field `speed` in initializer of `ActionStep`[0m
[0m  [0m[0m[1m[38;5;14m--> [0m[0mastraweave-net\tests\integration\packet_loss_tests.rs:32:25[0m
[0m   [0m[0m[1m[38;5;14m|[0m
[0m[1m[38;5;14m32[0m[0m [0m[0m[1m[38;5;14m|[0m[0m [0m[0m            steps: vec![ActionStep::MoveTo { x: (i % 10) as i32,[0m
[0m   [0m[0m[1m[38;5;14m|[0m[0m                         [0m[0m[1m[38;5;9m^^^^^^^^^^^^^^^^^^[0m[0m [0m[0m[1m[38;5;9mmissing `speed`[0m

[0m[1m[38;5;15mSome errors have detailed explanations: E0063, E0308, E0425, E0583, E0599.[0m
[0m[1m[38;5;15mFor more information about an error, try `rustc --explain E0063`.[0m
[1m[33mwarning[0m[1m:[0m `astraweave-net` (test "integration_tests") generated 2 warnings
[1m[31merror[0m[1m:[0m could not compile `astraweave-net` (test "integration_tests") due to 31 previous errors; 2 warnings emitted
[1m[33mwarning[0m[1m:[0m build failed, waiting for other jobs to finish...
[0m[1m[38;5;11mwarning[0m[0m[1m[38;5;15m: unused import: `World`[0m
[0m [0m[0m[1m[38;5;14m--> [0m[0mastraweave-scripting\benches\script_performance.rs:3:27[0m
[0m  [0m[0m[1m[38;5;14m|[0m
[0m[1m[38;5;14m3[0m[0m [0m[0m[1m[38;5;14m|[0m[0m [0m[0muse astraweave_ecs::{App, World, SystemStage};[0m
[0m  [0m[0m[1m[38;5;14m|[0m[0m                           [0m[0m[1m[38;5;11m^^^^^[0m
[0m  [0m[0m[1m[38;5;14m|[0m
[0m  [0m[0m[1m[38;5;14m= [0m[0m[1m[38;5;15mnote[0m[0m: `#[warn(unused_imports)]` on by default[0m

[0m[1m[38;5;11mwarning[0m[0m[1m[38;5;15m: unused import: `AST`[0m
[0m [0m[0m[1m[38;5;14m--> [0m[0mastraweave-scripting\benches\script_performance.rs:4:27[0m
[0m  [0m[0m[1m[38;5;14m|[0m
[0m[1m[38;5;14m4[0m[0m [0m[0m[1m[38;5;14m|[0m[0m [0m[0muse rhai::{Engine, Scope, AST};[0m
[0m  [0m[0m[1m[38;5;14m|[0m[0m                           [0m[0m[1m[38;5;11m^^^[0m

[0m[1m[38;5;11mwarning[0m[0m[1m[38;5;15m: use of deprecated function `criterion::black_box`: use `std::hint::black_box()` instead[0m
[0m [0m[0m[1m[38;5;14m--> [0m[0mastraweave-scripting\benches\script_performance.rs:1:17[0m
[0m  [0m[0m[1m[38;5;14m|[0m
[0m[1m[38;5;14m1[0m[0m [0m[0m[1m[38;5;14m|[0m[0m [0m[0muse criterion::{black_box, criterion_group, criterion_main, Criterion};[0m
[0m  [0m[0m[1m[38;5;14m|[0m[0m                 [0m[0m[1m[38;5;11m^^^^^^^^^[0m
[0m  [0m[0m[1m[38;5;14m|[0m
[0m  [0m[0m[1m[38;5;14m= [0m[0m[1m[38;5;15mnote[0m[0m: `#[warn(deprecated)]` on by default[0m

[0m[1m[38;5;11mwarning[0m[0m[1m[38;5;15m: use of deprecated function `criterion::black_box`: use `std::hint::black_box()` instead[0m
[0m  [0m[0m[1m[38;5;14m--> [0m[0mastraweave-scripting\benches\script_performance.rs:18:51[0m
[0m   [0m[0m[1m[38;5;14m|[0m
[0m[1m[38;5;14m18[0m[0m [0m[0m[1m[38;5;14m|[0m[0m [0m[0m            engine.run_ast_with_scope(&mut scope, black_box(&ast_arc)).unwrap();[0m
[0m   [0m[0m[1m[38;5;14m|[0m[0m                                                   [0m[0m[1m[38;5;11m^^^^^^^^^[0m

[0m[1m[38;5;9merror[E0382][0m[0m[1m[38;5;15m: borrow of moved value: `app`[0m
[0m  [0m[0m[1m[38;5;14m--> [0m[0mastraweave-scripting\benches\script_performance.rs:33:17[0m
[0m   [0m[0m[1m[38;5;14m|[0m
[0m[1m[38;5;14m23[0m[0m [0m[0m[1m[38;5;14m|[0m[0m [0m[0m    let mut app = App::new();[0m
[0m   [0m[0m[1m[38;5;14m|[0m[0m         [0m[0m[1m[38;5;14m-------[0m[0m [0m[0m[1m[38;5;14mmove occurs because `app` has type `App`, which does not implement the `Copy` trait[0m
[0m[1m[38;5;14m24[0m[0m [0m[0m[1m[38;5;14m|[0m[0m [0m[0m    app.insert_resource(ScriptEngineResource(Arc::new(engine)));[0m
[0m   [0m[0m[1m[38;5;14m|[0m[0m     [0m[0m[1m[38;5;14m---[0m[0m [0m[0m[1m[38;5;14mvalue moved here[0m
[0m[1m[38;5;14m...[0m
[0m[1m[38;5;14m33[0m[0m [0m[0m[1m[38;5;14m|[0m[0m [0m[0m        let e = app.world.spawn();[0m
[0m   [0m[0m[1m[38;5;14m|[0m[0m                 [0m[0m[1m[38;5;9m^^^^^^^^^[0m[0m [0m[0m[1m[38;5;9mvalue borrowed here after move[0m

[0m[1m[38;5;15mFor more information about this error, try `rustc --explain E0382`.[0m
[1m[33mwarning[0m[1m:[0m `astraweave-scripting` (bench "script_performance") generated 4 warnings
[1m[31merror[0m[1m:[0m could not compile `astraweave-scripting` (bench "script_performance") due to 1 previous error; 4 warnings emitted
[0m[1m[38;5;9merror[E0432][0m[0m[1m[38;5;15m: unresolved import `main_src::stats_for_biome_loading`[0m
[0m [0m[0m[1m[38;5;14m--> [0m[0mexamples\unified_showcase\tests\biome_fallbacks.rs:3:5[0m
[0m  [0m[0m[1m[38;5;14m|[0m
[0m[1m[38;5;14m3[0m[0m [0m[0m[1m[38;5;14m|[0m[0m [0m[0muse main_src::stats_for_biome_loading;[0m
[0m  [0m[0m[1m[38;5;14m|[0m[0m     [0m[0m[1m[38;5;9m^^^^^^^^^^^^^^^^^^^^^^^^^^^^^^^^^[0m[0m [0m[0m[1m[38;5;9mno `stats_for_biome_loading` in `main_src`[0m

[0m[1m[38;5;9merror[E0432][0m[0m[1m[38;5;15m: unresolved imports `main_src::load_biome_toml`, `main_src::pack_mra_from_planes`[0m
[0m [0m[0m[1m[38;5;14m--> [0m[0mexamples\unified_showcase\tests\materials_loading.rs:5:16[0m
[0m  [0m[0m[1m[38;5;14m|[0m
[0m[1m[38;5;14m5[0m[0m [0m[0m[1m[38;5;14m|[0m[0m [0m[0muse main_src::{load_biome_toml, pack_mra_from_planes};[0m
[0m  [0m[0m[1m[38;5;14m|[0m[0m                [0m[0m[1m[38;5;9m^^^^^^^^^^^^^^^[0m[0m  [0m[0m[1m[38;5;9m^^^^^^^^^^^^^^^^^^^^[0m[0m [0m[0m[1m[38;5;9mno `pack_mra_from_planes` in `main_src`[0m
[0m  [0m[0m[1m[38;5;14m|[0m[0m                [0m[0m[1m[38;5;9m|[0m
[0m  [0m[0m[1m[38;5;14m|[0m[0m                [0m[0m[1m[38;5;9mno `load_biome_toml` in `main_src`[0m

[0m[1m[38;5;9merror[E0425][0m[0m[1m[38;5;15m: cannot find function `init_logging_for_tests` in module `main_src`[0m
[0m  [0m[0m[1m[38;5;14m--> [0m[0mexamples\unified_showcase\tests\biome_fallbacks.rs:28:15[0m
[0m   [0m[0m[1m[38;5;14m|[0m
[0m[1m[38;5;14m28[0m[0m [0m[0m[1m[38;5;14m|[0m[0m [0m[0m    main_src::init_logging_for_tests();[0m
[0m   [0m[0m[1m[38;5;14m|[0m[0m               [0m[0m[1m[38;5;9m^^^^^^^^^^^^^^^^^^^^^^[0m[0m [0m[0m[1m[38;5;9mnot found in `main_src`[0m

[0m[1m[38;5;9merror[E0412][0m[0m[1m[38;5;15m: cannot find type `FluidRenderer` in this scope[0m
[0m  [0m[0m[1m[38;5;14m--> [0m[0mexamples\fluids_demo\src\main.rs:46:21[0m
[0m   [0m[0m[1m[38;5;14m|[0m
[0m[1m[38;5;14m46[0m[0m [0m[0m[1m[38;5;14m|[0m[0m [0m[0m    fluid_renderer: FluidRenderer,[0m
[0m   [0m[0m[1m[38;5;14m|[0m[0m                     [0m[0m[1m[38;5;9m^^^^^^^^^^^^^[0m[0m [0m[0m[1m[38;5;9mnot found in this scope[0m

[0m[1m[38;5;9merror[E0412][0m[0m[1m[38;5;15m: cannot find type `OceanRenderer` in this scope[0m
[0m  [0m[0m[1m[38;5;14m--> [0m[0mexamples\fluids_demo\src\main.rs:47:21[0m
[0m   [0m[0m[1m[38;5;14m|[0m
[0m[1m[38;5;14m47[0m[0m [0m[0m[1m[38;5;14m|[0m[0m [0m[0m    ocean_renderer: OceanRenderer,[0m
[0m   [0m[0m[1m[38;5;14m|[0m[0m                     [0m[0m[1m[38;5;9m^^^^^^^^^^^^^[0m[0m [0m[0m[1m[38;5;9mnot found in this scope[0m

[0m[1m[38;5;9merror[E0412][0m[0m[1m[38;5;15m: cannot find type `SkyboxRenderer` in this scope[0m
[0m  [0m[0m[1m[38;5;14m--> [0m[0mexamples\fluids_demo\src\main.rs:48:22[0m
[0m   [0m[0m[1m[38;5;14m|[0m
[0m[1m[38;5;14m48[0m[0m [0m[0m[1m[38;5;14m|[0m[0m [0m[0m    skybox_renderer: SkyboxRenderer,[0m
[0m   [0m[0m[1m[38;5;14m|[0m[0m                      [0m[0m[1m[38;5;9m^^^^^^^^^^^^^^[0m[0m [0m[0m[1m[38;5;9mnot found in this scope[0m

[0m[1m[38;5;9merror[E0433][0m[0m[1m[38;5;15m: failed to resolve: use of undeclared type `SkyboxRenderer`[0m
[0m   [0m[0m[1m[38;5;14m--> [0m[0mexamples\fluids_demo\src\main.rs:172:31[0m
[0m    [0m[0m[1m[38;5;14m|[0m
[0m[1m[38;5;14m172[0m[0m [0m[0m[1m[38;5;14m|[0m[0m [0m[0m        let skybox_renderer = SkyboxRenderer::new(&device, &queue, surface_format, skybox_path);[0m
[0m    [0m[0m[1m[38;5;14m|[0m[0m                               [0m[0m[1m[38;5;9m^^^^^^^^^^^^^^[0m[0m [0m[0m[1m[38;5;9muse of undeclared type `SkyboxRenderer`[0m

[0m[1m[38;5;9merror[E0433][0m[0m[1m[38;5;15m: failed to resolve: use of undeclared type `FluidRenderer`[0m
[0m   [0m[0m[1m[38;5;14m--> [0m[0mexamples\fluids_demo\src\main.rs:176:30[0m
[0m    [0m[0m[1m[38;5;14m|[0m
[0m[1m[38;5;14m176[0m[0m [0m[0m[1m[38;5;14m|[0m[0m [0m[0m        let fluid_renderer = FluidRenderer::init(&device, surface_format, max_particles);[0m
[0m    [0m[0m[1m[38;5;14m|[0m[0m                              [0m[0m[1m[38;5;9m^^^^^^^^^^^^^[0m[0m [0m[0m[1m[38;5;9muse of undeclared type `FluidRenderer`[0m

[0m[1m[38;5;9merror[E0433][0m[0m[1m[38;5;15m: failed to resolve: use of undeclared type `OceanRenderer`[0m
[0m   [0m[0m[1m[38;5;14m--> [0m[0mexamples\fluids_demo\src\main.rs:179:30[0m
[0m    [0m[0m[1m[38;5;14m|[0m
[0m[1m[38;5;14m179[0m[0m [0m[0m[1m[38;5;14m|[0m[0m [0m[0m        let ocean_renderer = OceanRenderer::new(&device, &queue, surface_format);[0m
[0m    [0m[0m[1m[38;5;14m|[0m[0m                              [0m[0m[1m[38;5;9m^^^^^^^^^^^^^[0m[0m [0m[0m[1m[38;5;9muse of undeclared type `OceanRenderer`[0m

[0m[1m[38;5;15mSome errors have detailed explanations: E0412, E0433.[0m
[0m[1m[38;5;15mFor more information about an error, try `rustc --explain E0412`.[0m
[1m[31merror[0m[1m:[0m could not compile `fluids_demo` (bin "fluids_demo") due to 6 previous errors
[1m[31merror[0m[1m:[0m could not compile `fluids_demo` (bin "fluids_demo" test) due to 6 previous errors
[0m[1m[38;5;15mFor more information about this error, try `rustc --explain E0432`.[0m
[1m[31merror[0m[1m:[0m could not compile `unified_showcase` (test "materials_loading") due to 1 previous error
[0m[1m[38;5;15mSome errors have detailed explanations: E0425, E0432.[0m
[0m[1m[38;5;15mFor more information about an error, try `rustc --explain E0425`.[0m
[1m[31merror[0m[1m:[0m could not compile `unified_showcase` (test "biome_fallbacks") due to 2 previous errors
[0m[1m[38;5;9merror[E0432][0m[0m[1m[38;5;15m: unresolved import `aw_editor_lib::command::PrefabSpawnCommand`[0m
[0m  [0m[0m[1m[38;5;14m--> [0m[0mtools\aw_editor\tests\comprehensive_smoke_tests.rs:14:30[0m
[0m   [0m[0m[1m[38;5;14m|[0m
[0m[1m[38;5;14m14[0m[0m [0m[0m[1m[38;5;14m|[0m[0m [0m[0muse aw_editor_lib::command::{PrefabSpawnCommand, EditorCommand};[0m
[0m   [0m[0m[1m[38;5;14m|[0m[0m                              [0m[0m[1m[38;5;9m^^^^^^^^^^^^^^^^^^[0m[0m [0m[0m[1m[38;5;9mno `PrefabSpawnCommand` in `command`[0m

[0m[1m[38;5;9merror[E0432][0m[0m[1m[38;5;15m: unresolved imports `aw_editor_lib::command::spawn_prefab_with_undo`, `aw_editor_lib::command::PrefabApplyOverridesCommand`, `aw_editor_lib::command::PrefabRevertOverridesCommand`, `aw_editor_lib::command::PrefabSpawnCommand`[0m
[0m [0m[0m[1m[38;5;14m--> [0m[0mtools\aw_editor\tests\prefab_workflow.rs:3:5[0m
[0m  [0m[0m[1m[38;5;14m|[0m
[0m[1m[38;5;14m3[0m[0m [0m[0m[1m[38;5;14m|[0m[0m [0m[0m    spawn_prefab_with_undo, PrefabApplyOverridesCommand, PrefabRevertOverridesCommand,[0m
[0m  [0m[0m[1m[38;5;14m|[0m[0m     [0m[0m[1m[38;5;9m^^^^^^^^^^^^^^^^^^^^^^[0m[0m  [0m[0m[1m[38;5;9m^^^^^^^^^^^^^^^^^^^^^^^^^^^[0m[0m  [0m[0m[1m[38;5;9m^^^^^^^^^^^^^^^^^^^^^^^^^^^^[0m[0m [0m[0m[1m[38;5;9mno `PrefabRevertOverridesCommand` in `command`[0m
[0m  [0m[0m[1m[38;5;14m|[0m[0m     [0m[0m[1m[38;5;9m|[0m[0m                       [0m[0m[1m[38;5;9m|[0m
[0m  [0m[0m[1m[38;5;14m|[0m[0m     [0m[0m[1m[38;5;9m|[0m[0m                       [0m[0m[1m[38;5;9mno `PrefabApplyOverridesCommand` in `command`[0m
[0m  [0m[0m[1m[38;5;14m|[0m[0m     [0m[0m[1m[38;5;9mno `spawn_prefab_with_undo` in `command`[0m
[0m[1m[38;5;14m4[0m[0m [0m[0m[1m[38;5;14m|[0m[0m [0m[0m    PrefabSpawnCommand, UndoStack,[0m
[0m  [0m[0m[1m[38;5;14m|[0m[0m     [0m[0m[1m[38;5;9m^^^^^^^^^^^^^^^^^^[0m[0m [0m[0m[1m[38;5;9mno `PrefabSpawnCommand` in `command`[0m

[0m[1m[38;5;11mwarning[0m[0m[1m[38;5;15m: unused import: `Team`[0m
[0m [0m[0m[1m[38;5;14m--> [0m[0mtools\aw_editor\tests\prefab_workflow.rs:1:30[0m
[0m  [0m[0m[1m[38;5;14m|[0m
[0m[1m[38;5;14m1[0m[0m [0m[0m[1m[38;5;14m|[0m[0m [0m[0muse astraweave_core::{IVec2, Team, World};[0m
[0m  [0m[0m[1m[38;5;14m|[0m[0m                              [0m[0m[1m[38;5;11m^^^^[0m
[0m  [0m[0m[1m[38;5;14m|[0m
[0m  [0m[0m[1m[38;5;14m= [0m[0m[1m[38;5;15mnote[0m[0m: `#[warn(unused_imports)]` on by default[0m

[0m[1m[38;5;9merror[E0596][0m[0m[1m[38;5;15m: cannot borrow data in a `&` reference as mutable[0m
[0m   [0m[0m[1m[38;5;14m--> [0m[0mtools\aw_editor\tests\comprehensive_smoke_tests.rs:180:5[0m
[0m    [0m[0m[1m[38;5;14m|[0m
[0m[1m[38;5;14m180[0m[0m [0m[0m[1m[38;5;14m|[0m[0m [0m[0m    harness.undo_stack().undo(harness.world_mut()).unwrap();[0m
[0m    [0m[0m[1m[38;5;14m|[0m[0m     [0m[0m[1m[38;5;9m^^^^^^^^^^^^^^^^^^^^[0m[0m [0m[0m[1m[38;5;9mcannot borrow as mutable[0m

[0m[1m[38;5;9merror[E0502][0m[0m[1m[38;5;15m: cannot borrow `harness` as mutable because it is also borrowed as immutable[0m
[0m   [0m[0m[1m[38;5;14m--> [0m[0mtools\aw_editor\tests\comprehensive_smoke_tests.rs:180:31[0m
[0m    [0m[0m[1m[38;5;14m|[0m
[0m[1m[38;5;14m180[0m[0m [0m[0m[1m[38;5;14m|[0m[0m [0m[0m    harness.undo_stack().undo(harness.world_mut()).unwrap();[0m
[0m    [0m[0m[1m[38;5;14m|[0m[0m     [0m[0m[1m[38;5;14m-------[0m[0m              [0m[0m[1m[38;5;14m----[0m[0m [0m[0m[1m[38;5;9m^^^^^^^^^^^^^^^^^^^[0m[0m [0m[0m[1m[38;5;9mmutable borrow occurs here[0m
[0m    [0m[0m[1m[38;5;14m|[0m[0m     [0m[0m[1m[38;5;14m|[0m[0m                    [0m[0m[1m[38;5;14m|[0m
[0m    [0m[0m[1m[38;5;14m|[0m[0m     [0m[0m[1m[38;5;14m|[0m[0m                    [0m[0m[1m[38;5;14mimmutable borrow later used by call[0m
[0m    [0m[0m[1m[38;5;14m|[0m[0m     [0m[0m[1m[38;5;14mimmutable borrow occurs here[0m

[0m[1m[38;5;9merror[E0596][0m[0m[1m[38;5;15m: cannot borrow data in a `&` reference as mutable[0m
[0m   [0m[0m[1m[38;5;14m--> [0m[0mtools\aw_editor\tests\comprehensive_smoke_tests.rs:183:5[0m
[0m    [0m[0m[1m[38;5;14m|[0m
[0m[1m[38;5;14m183[0m[0m [0m[0m[1m[38;5;14m|[0m[0m [0m[0m    harness.undo_stack().undo(harness.world_mut()).unwrap();[0m
[0m    [0m[0m[1m[38;5;14m|[0m[0m     [0m[0m[1m[38;5;9m^^^^^^^^^^^^^^^^^^^^[0m[0m [0m[0m[1m[38;5;9mcannot borrow as mutable[0m

[0m[1m[38;5;9merror[E0502][0m[0m[1m[38;5;15m: cannot borrow `harness` as mutable because it is also borrowed as immutable[0m
[0m   [0m[0m[1m[38;5;14m--> [0m[0mtools\aw_editor\tests\comprehensive_smoke_tests.rs:183:31[0m
[0m    [0m[0m[1m[38;5;14m|[0m
[0m[1m[38;5;14m183[0m[0m [0m[0m[1m[38;5;14m|[0m[0m [0m[0m    harness.undo_stack().undo(harness.world_mut()).unwrap();[0m
[0m    [0m[0m[1m[38;5;14m|[0m[0m     [0m[0m[1m[38;5;14m-------[0m[0m              [0m[0m[1m[38;5;14m----[0m[0m [0m[0m[1m[38;5;9m^^^^^^^^^^^^^^^^^^^[0m[0m [0m[0m[1m[38;5;9mmutable borrow occurs here[0m
[0m    [0m[0m[1m[38;5;14m|[0m[0m     [0m[0m[1m[38;5;14m|[0m[0m                    [0m[0m[1m[38;5;14m|[0m
[0m    [0m[0m[1m[38;5;14m|[0m[0m     [0m[0m[1m[38;5;14m|[0m[0m                    [0m[0m[1m[38;5;14mimmutable borrow later used by call[0m
[0m    [0m[0m[1m[38;5;14m|[0m[0m     [0m[0m[1m[38;5;14mimmutable borrow occurs here[0m

[0m[1m[38;5;9merror[E0596][0m[0m[1m[38;5;15m: cannot borrow data in a `&` reference as mutable[0m
[0m   [0m[0m[1m[38;5;14m--> [0m[0mtools\aw_editor\tests\comprehensive_smoke_tests.rs:186:5[0m
[0m    [0m[0m[1m[38;5;14m|[0m
[0m[1m[38;5;14m186[0m[0m [0m[0m[1m[38;5;14m|[0m[0m [0m[0m    harness.undo_stack().undo(harness.world_mut()).unwrap();[0m
[0m    [0m[0m[1m[38;5;14m|[0m[0m     [0m[0m[1m[38;5;9m^^^^^^^^^^^^^^^^^^^^[0m[0m [0m[0m[1m[38;5;9mcannot borrow as mutable[0m

[0m[1m[38;5;9merror[E0502][0m[0m[1m[38;5;15m: cannot borrow `harness` as mutable because it is also borrowed as immutable[0m
[0m   [0m[0m[1m[38;5;14m--> [0m[0mtools\aw_editor\tests\comprehensive_smoke_tests.rs:186:31[0m
[0m    [0m[0m[1m[38;5;14m|[0m
[0m[1m[38;5;14m186[0m[0m [0m[0m[1m[38;5;14m|[0m[0m [0m[0m    harness.undo_stack().undo(harness.world_mut()).unwrap();[0m
[0m    [0m[0m[1m[38;5;14m|[0m[0m     [0m[0m[1m[38;5;14m-------[0m[0m              [0m[0m[1m[38;5;14m----[0m[0m [0m[0m[1m[38;5;9m^^^^^^^^^^^^^^^^^^^[0m[0m [0m[0m[1m[38;5;9mmutable borrow occurs here[0m
[0m    [0m[0m[1m[38;5;14m|[0m[0m     [0m[0m[1m[38;5;14m|[0m[0m                    [0m[0m[1m[38;5;14m|[0m
[0m    [0m[0m[1m[38;5;14m|[0m[0m     [0m[0m[1m[38;5;14m|[0m[0m                    [0m[0m[1m[38;5;14mimmutable borrow later used by call[0m
[0m    [0m[0m[1m[38;5;14m|[0m[0m     [0m[0m[1m[38;5;14mimmutable borrow occurs here[0m

[0m[1m[38;5;9merror[E0596][0m[0m[1m[38;5;15m: cannot borrow data in a `&` reference as mutable[0m
[0m   [0m[0m[1m[38;5;14m--> [0m[0mtools\aw_editor\tests\comprehensive_smoke_tests.rs:190:5[0m
[0m    [0m[0m[1m[38;5;14m|[0m
[0m[1m[38;5;14m190[0m[0m [0m[0m[1m[38;5;14m|[0m[0m [0m[0m    harness.undo_stack().redo(harness.world_mut()).unwrap();[0m
[0m    [0m[0m[1m[38;5;14m|[0m[0m     [0m[0m[1m[38;5;9m^^^^^^^^^^^^^^^^^^^^[0m[0m [0m[0m[1m[38;5;9mcannot borrow as mutable[0m

[0m[1m[38;5;9merror[E0502][0m[0m[1m[38;5;15m: cannot borrow `harness` as mutable because it is also borrowed as immutable[0m
[0m   [0m[0m[1m[38;5;14m--> [0m[0mtools\aw_editor\tests\comprehensive_smoke_tests.rs:190:31[0m
[0m    [0m[0m[1m[38;5;14m|[0m
[0m[1m[38;5;14m190[0m[0m [0m[0m[1m[38;5;14m|[0m[0m [0m[0m    harness.undo_stack().redo(harness.world_mut()).unwrap();[0m
[0m    [0m[0m[1m[38;5;14m|[0m[0m     [0m[0m[1m[38;5;14m-------[0m[0m              [0m[0m[1m[38;5;14m----[0m[0m [0m[0m[1m[38;5;9m^^^^^^^^^^^^^^^^^^^[0m[0m [0m[0m[1m[38;5;9mmutable borrow occurs here[0m
[0m    [0m[0m[1m[38;5;14m|[0m[0m     [0m[0m[1m[38;5;14m|[0m[0m                    [0m[0m[1m[38;5;14m|[0m
[0m    [0m[0m[1m[38;5;14m|[0m[0m     [0m[0m[1m[38;5;14m|[0m[0m                    [0m[0m[1m[38;5;14mimmutable borrow later used by call[0m
[0m    [0m[0m[1m[38;5;14m|[0m[0m     [0m[0m[1m[38;5;14mimmutable borrow occurs here[0m

[0m[1m[38;5;9merror[E0596][0m[0m[1m[38;5;15m: cannot borrow data in a `&` reference as mutable[0m
[0m   [0m[0m[1m[38;5;14m--> [0m[0mtools\aw_editor\tests\comprehensive_smoke_tests.rs:193:5[0m
[0m    [0m[0m[1m[38;5;14m|[0m
[0m[1m[38;5;14m193[0m[0m [0m[0m[1m[38;5;14m|[0m[0m [0m[0m    harness.undo_stack().redo(harness.world_mut()).unwrap();[0m
[0m    [0m[0m[1m[38;5;14m|[0m[0m     [0m[0m[1m[38;5;9m^^^^^^^^^^^^^^^^^^^^[0m[0m [0m[0m[1m[38;5;9mcannot borrow as mutable[0m

[0m[1m[38;5;9merror[E0502][0m[0m[1m[38;5;15m: cannot borrow `harness` as mutable because it is also borrowed as immutable[0m
[0m   [0m[0m[1m[38;5;14m--> [0m[0mtools\aw_editor\tests\comprehensive_smoke_tests.rs:193:31[0m
[0m    [0m[0m[1m[38;5;14m|[0m
[0m[1m[38;5;14m193[0m[0m [0m[0m[1m[38;5;14m|[0m[0m [0m[0m    harness.undo_stack().redo(harness.world_mut()).unwrap();[0m
[0m    [0m[0m[1m[38;5;14m|[0m[0m     [0m[0m[1m[38;5;14m-------[0m[0m              [0m[0m[1m[38;5;14m----[0m[0m [0m[0m[1m[38;5;9m^^^^^^^^^^^^^^^^^^^[0m[0m [0m[0m[1m[38;5;9mmutable borrow occurs here[0m
[0m    [0m[0m[1m[38;5;14m|[0m[0m     [0m[0m[1m[38;5;14m|[0m[0m                    [0m[0m[1m[38;5;14m|[0m
[0m    [0m[0m[1m[38;5;14m|[0m[0m     [0m[0m[1m[38;5;14m|[0m[0m                    [0m[0m[1m[38;5;14mimmutable borrow later used by call[0m
[0m    [0m[0m[1m[38;5;14m|[0m[0m     [0m[0m[1m[38;5;14mimmutable borrow occurs here[0m

[0m[1m[38;5;9merror[E0596][0m[0m[1m[38;5;15m: cannot borrow data in a `&` reference as mutable[0m
[0m   [0m[0m[1m[38;5;14m--> [0m[0mtools\aw_editor\tests\comprehensive_smoke_tests.rs:196:5[0m
[0m    [0m[0m[1m[38;5;14m|[0m
[0m[1m[38;5;14m196[0m[0m [0m[0m[1m[38;5;14m|[0m[0m [0m[0m    harness.undo_stack().redo(harness.world_mut()).unwrap();[0m
[0m    [0m[0m[1m[38;5;14m|[0m[0m     [0m[0m[1m[38;5;9m^^^^^^^^^^^^^^^^^^^^[0m[0m [0m[0m[1m[38;5;9mcannot borrow as mutable[0m

[0m[1m[38;5;9merror[E0502][0m[0m[1m[38;5;15m: cannot borrow `harness` as mutable because it is also borrowed as immutable[0m
[0m   [0m[0m[1m[38;5;14m--> [0m[0mtools\aw_editor\tests\comprehensive_smoke_tests.rs:196:31[0m
[0m    [0m[0m[1m[38;5;14m|[0m
[0m[1m[38;5;14m196[0m[0m [0m[0m[1m[38;5;14m|[0m[0m [0m[0m    harness.undo_stack().redo(harness.world_mut()).unwrap();[0m
[0m    [0m[0m[1m[38;5;14m|[0m[0m     [0m[0m[1m[38;5;14m-------[0m[0m              [0m[0m[1m[38;5;14m----[0m[0m [0m[0m[1m[38;5;9m^^^^^^^^^^^^^^^^^^^[0m[0m [0m[0m[1m[38;5;9mmutable borrow occurs here[0m
[0m    [0m[0m[1m[38;5;14m|[0m[0m     [0m[0m[1m[38;5;14m|[0m[0m                    [0m[0m[1m[38;5;14m|[0m
[0m    [0m[0m[1m[38;5;14m|[0m[0m     [0m[0m[1m[38;5;14m|[0m[0m                    [0m[0m[1m[38;5;14mimmutable borrow later used by call[0m
[0m    [0m[0m[1m[38;5;14m|[0m[0m     [0m[0m[1m[38;5;14mimmutable borrow occurs here[0m

[0m[1m[38;5;9merror[E0596][0m[0m[1m[38;5;15m: cannot borrow data in a `&` reference as mutable[0m
[0m   [0m[0m[1m[38;5;14m--> [0m[0mtools\aw_editor\tests\comprehensive_smoke_tests.rs:287:9[0m
[0m    [0m[0m[1m[38;5;14m|[0m
[0m[1m[38;5;14m287[0m[0m [0m[0m[1m[38;5;14m|[0m[0m [0m[0m        harness.undo_stack().undo(harness.world_mut()).unwrap();[0m
[0m    [0m[0m[1m[38;5;14m|[0m[0m         [0m[0m[1m[38;5;9m^^^^^^^^^^^^^^^^^^^^[0m[0m [0m[0m[1m[38;5;9mcannot borrow as mutable[0m

[0m[1m[38;5;9merror[E0502][0m[0m[1m[38;5;15m: cannot borrow `harness` as mutable because it is also borrowed as immutable[0m
[0m   [0m[0m[1m[38;5;14m--> [0m[0mtools\aw_editor\tests\comprehensive_smoke_tests.rs:287:35[0m
[0m    [0m[0m[1m[38;5;14m|[0m
[0m[1m[38;5;14m287[0m[0m [0m[0m[1m[38;5;14m|[0m[0m [0m[0m        harness.undo_stack().undo(harness.world_mut()).unwrap();[0m
[0m    [0m[0m[1m[38;5;14m|[0m[0m         [0m[0m[1m[38;5;14m-------[0m[0m              [0m[0m[1m[38;5;14m----[0m[0m [0m[0m[1m[38;5;9m^^^^^^^^^^^^^^^^^^^[0m[0m [0m[0m[1m[38;5;9mmutable borrow occurs here[0m
[0m    [0m[0m[1m[38;5;14m|[0m[0m         [0m[0m[1m[38;5;14m|[0m[0m                    [0m[0m[1m[38;5;14m|[0m
[0m    [0m[0m[1m[38;5;14m|[0m[0m         [0m[0m[1m[38;5;14m|[0m[0m                    [0m[0m[1m[38;5;14mimmutable borrow later used by call[0m
[0m    [0m[0m[1m[38;5;14m|[0m[0m         [0m[0m[1m[38;5;14mimmutable borrow occurs here[0m

[0m[1m[38;5;9merror[E0596][0m[0m[1m[38;5;15m: cannot borrow data in a `&` reference as mutable[0m
[0m   [0m[0m[1m[38;5;14m--> [0m[0mtools\aw_editor\tests\comprehensive_smoke_tests.rs:294:9[0m
[0m    [0m[0m[1m[38;5;14m|[0m
[0m[1m[38;5;14m294[0m[0m [0m[0m[1m[38;5;14m|[0m[0m [0m[0m        harness.undo_stack().redo(harness.world_mut()).unwrap();[0m
[0m    [0m[0m[1m[38;5;14m|[0m[0m         [0m[0m[1m[38;5;9m^^^^^^^^^^^^^^^^^^^^[0m[0m [0m[0m[1m[38;5;9mcannot borrow as mutable[0m

[0m[1m[38;5;9merror[E0502][0m[0m[1m[38;5;15m: cannot borrow `harness` as mutable because it is also borrowed as immutable[0m
[0m   [0m[0m[1m[38;5;14m--> [0m[0mtools\aw_editor\tests\comprehensive_smoke_tests.rs:294:35[0m
[0m    [0m[0m[1m[38;5;14m|[0m
[0m[1m[38;5;14m294[0m[0m [0m[0m[1m[38;5;14m|[0m[0m [0m[0m        harness.undo_stack().redo(harness.world_mut()).unwrap();[0m
[0m    [0m[0m[1m[38;5;14m|[0m[0m         [0m[0m[1m[38;5;14m-------[0m[0m              [0m[0m[1m[38;5;14m----[0m[0m [0m[0m[1m[38;5;9m^^^^^^^^^^^^^^^^^^^[0m[0m [0m[0m[1m[38;5;9mmutable borrow occurs here[0m
[0m    [0m[0m[1m[38;5;14m|[0m[0m         [0m[0m[1m[38;5;14m|[0m[0m                    [0m[0m[1m[38;5;14m|[0m
[0m    [0m[0m[1m[38;5;14m|[0m[0m         [0m[0m[1m[38;5;14m|[0m[0m                    [0m[0m[1m[38;5;14mimmutable borrow later used by call[0m
[0m    [0m[0m[1m[38;5;14m|[0m[0m         [0m[0m[1m[38;5;14mimmutable borrow occurs here[0m

[0m[1m[38;5;15mSome errors have detailed explanations: E0432, E0502, E0596.[0m
[0m[1m[38;5;15mFor more information about an error, try `rustc --explain E0432`.[0m
[1m[31merror[0m[1m:[0m could not compile `aw_editor` (test "comprehensive_smoke_tests") due to 17 previous errors
[0m[1m[38;5;9merror[E0599][0m[0m[1m[38;5;15m: no method named `capture_snapshot` found for struct `MutexGuard<'_, PrefabManager>` in the current scope[0m
[0m   [0m[0m[1m[38;5;14m--> [0m[0mtools\aw_editor\tests\prefab_workflow.rs:130:13[0m
[0m    [0m[0m[1m[38;5;14m|[0m
[0m[1m[38;5;14m130[0m[0m [0m[0m[1m[38;5;14m|[0m[0m [0m[0m        mgr.capture_snapshot(&world, root)[0m
[0m    [0m[0m[1m[38;5;14m|[0m[0m             [0m[0m[1m[38;5;9m^^^^^^^^^^^^^^^^[0m[0m [0m[0m[1m[38;5;9mmethod not found in `MutexGuard<'_, PrefabManager>`[0m

[0m[1m[38;5;9merror[E0599][0m[0m[1m[38;5;15m: no method named `track_override_snapshot` found for struct `MutexGuard<'_, PrefabManager>` in the current scope[0m
[0m   [0m[0m[1m[38;5;14m--> [0m[0mtools\aw_editor\tests\prefab_workflow.rs:200:13[0m
[0m    [0m[0m[1m[38;5;14m|[0m
[0m[1m[38;5;14m200[0m[0m [0m[0m[1m[38;5;14m|[0m[0m [0m[0m        mgr.track_override_snapshot(root, pose, health);[0m
[0m    [0m[0m[1m[38;5;14m|[0m[0m             [0m[0m[1m[38;5;9m^^^^^^^^^^^^^^^^^^^^^^^[0m[0m [0m[0m[1m[38;5;9mmethod not found in `MutexGuard<'_, PrefabManager>`[0m

[0m[1m[38;5;15mSome errors have detailed explanations: E0432, E0599.[0m
[1m[33mwarning[0m[1m:[0m `aw_editor` (test "prefab_workflow") generated 1 warning
[1m[31merror[0m[1m:[0m could not compile `aw_editor` (test "prefab_workflow") due to 3 previous errors; 1 warning emitted
