    Blocking waiting for file lock on package cache
    Checking astraweave-terrain v0.4.0 (C:\Users\pv2br\AstraWeave-AI-Native-Gaming-Engine\astraweave-terrain)
    Checking astraweave-prompts v0.1.0 (C:\Users\pv2br\AstraWeave-AI-Native-Gaming-Engine\astraweave-prompts)
    Checking astraweave-fluids v0.1.0 (C:\Users\pv2br\AstraWeave-AI-Native-Gaming-Engine\astraweave-fluids)
    Checking scripting_advanced_demo v0.1.0 (C:\Users\pv2br\AstraWeave-AI-Native-Gaming-Engine\examples\scripting_advanced_demo)
    Checking astraweave-asset-pipeline v0.1.0 (C:\Users\pv2br\AstraWeave-AI-Native-Gaming-Engine\astraweave-asset-pipeline)
    Checking hello_companion v0.1.0 (C:\Users\pv2br\AstraWeave-AI-Native-Gaming-Engine\examples\hello_companion)
    Checking unified_showcase v0.1.0 (C:\Users\pv2br\AstraWeave-AI-Native-Gaming-Engine\examples\unified_showcase)
error[E0277]: `PromptSanitizer` doesn't implement `Debug`
  --> astraweave-prompts\src\engine.rs:22:5
   |
15 | #[derive(Debug, Clone)]
   |          ----- in this derive macro expansion
...
22 |     sanitizer: PromptSanitizer,
   |     ^^^^^^^^^^^^^^^^^^^^^^^^^^ the trait `Debug` is not implemented for `PromptSanitizer`
   |
   = note: add `#[derive(Debug)]` to `PromptSanitizer` or manually `impl Debug for PromptSanitizer`
help: consider annotating `PromptSanitizer` with `#[derive(Debug)]`
  --> astraweave-prompts\src\sanitize.rs:313:1
   |
313+ #[derive(Debug)]
314| pub struct PromptSanitizer {
   |

error[E0277]: the trait bound `PromptSanitizer: Clone` is not satisfied
  --> astraweave-prompts\src\engine.rs:22:5
   |
15 | #[derive(Debug, Clone)]
   |                 ----- in this derive macro expansion
...
22 |     sanitizer: PromptSanitizer,
   |     ^^^^^^^^^^^^^^^^^^^^^^^^^^ the trait `Clone` is not implemented for `PromptSanitizer`
   |
help: consider annotating `PromptSanitizer` with `#[derive(Clone)]`
  --> astraweave-prompts\src\sanitize.rs:313:1
   |
313+ #[derive(Clone)]
314| pub struct PromptSanitizer {
   |

error[E0277]: the trait bound `SanitizationConfig: serde::Serialize` is not satisfied
    --> astraweave-prompts\src\engine.rs:26:24
     |
26   | #[derive(Debug, Clone, Serialize, Deserialize)]
     |                        ^^^^^^^^^ the trait `Serialize` is not implemented for `SanitizationConfig`
...
32   |     /// Sanitization configuration
     |     ------------------------------ required by a bound introduced by this call
     |
     = note: for local types consider adding `#[derive(serde::Serialize)]` to your `SanitizationConfig` type
     = note: for types from other crates check whether the crate offers a `serde` feature flag
     = help: the following other types implement trait `Serialize`:
               &'a T
               &'a mut T
               ()
               (T,)
               (T0, T1)
               (T0, T1, T2)
               (T0, T1, T2, T3)
               (T0, T1, T2, T3, T4)
             and 164 others
note: required by a bound in `_::_serde::ser::SerializeStruct::serialize_field`
    --> C:\Users\pv2br\.cargo\registry\src\index.crates.io-1949cf8c6b5b557f\serde_core-1.0.228\src\ser\mod.rs:1917:21
     |
1915 |     fn serialize_field<T>(&mut self, key: &'static str, value: &T) -> Result<(), Self::Error>
     |        --------------- required by a bound in this associated function
1916 |     where
1917 |         T: ?Sized + Serialize;
     |                     ^^^^^^^^^ required by this bound in `SerializeStruct::serialize_field`
     = note: this error originates in the derive macro `Serialize` (in Nightly builds, run with -Z macro-backtrace for more info)

error[E0277]: the trait bound `TrustLevel: serde::Serialize` is not satisfied
    --> astraweave-prompts\src\engine.rs:26:24
     |
26   | #[derive(Debug, Clone, Serialize, Deserialize)]
     |                        ^^^^^^^^^ the trait `Serialize` is not implemented for `TrustLevel`
...
34   |     /// Default trust level for templates
     |     ------------------------------------- required by a bound introduced by this call
     |
     = note: for local types consider adding `#[derive(serde::Serialize)]` to your `TrustLevel` type
     = note: for types from other crates check whether the crate offers a `serde` feature flag
     = help: the following other types implement trait `Serialize`:
               &'a T
               &'a mut T
               ()
               (T,)
               (T0, T1)
               (T0, T1, T2)
               (T0, T1, T2, T3)
               (T0, T1, T2, T3, T4)
             and 164 others
note: required by a bound in `_::_serde::ser::SerializeStruct::serialize_field`
    --> C:\Users\pv2br\.cargo\registry\src\index.crates.io-1949cf8c6b5b557f\serde_core-1.0.228\src\ser\mod.rs:1917:21
     |
1915 |     fn serialize_field<T>(&mut self, key: &'static str, value: &T) -> Result<(), Self::Error>
     |        --------------- required by a bound in this associated function
1916 |     where
1917 |         T: ?Sized + Serialize;
     |                     ^^^^^^^^^ required by this bound in `SerializeStruct::serialize_field`
     = note: this error originates in the derive macro `Serialize` (in Nightly builds, run with -Z macro-backtrace for more info)

error[E0277]: the trait bound `SanitizationConfig: serde::Deserialize<'de>` is not satisfied
    --> astraweave-prompts\src\engine.rs:33:23
     |
33   |     pub sanitization: SanitizationConfig,
     |                       ^^^^^^^^^^^^^^^^^^ the trait `Deserialize<'_>` is not implemented for `SanitizationConfig`
     |
     = note: for local types consider adding `#[derive(serde::Deserialize)]` to your `SanitizationConfig` type
     = note: for types from other crates check whether the crate offers a `serde` feature flag
     = help: the following other types implement trait `Deserialize<'de>`:
               &'a [u8]
               &'a serde_json::value::RawValue
               &'a std::path::Path
               &'a str
               ()
               (T,)
               (T0, T1)
               (T0, T1, T2)
             and 188 others
note: required by a bound in `next_element`
    --> C:\Users\pv2br\.cargo\registry\src\index.crates.io-1949cf8c6b5b557f\serde_core-1.0.228\src\de\mod.rs:1771:12
     |
1769 |     fn next_element<T>(&mut self) -> Result<Option<T>, Self::Error>
     |        ------------ required by a bound in this associated function
1770 |     where
1771 |         T: Deserialize<'de>,
     |            ^^^^^^^^^^^^^^^^ required by this bound in `SeqAccess::next_element`

error[E0277]: the trait bound `TrustLevel: serde::Deserialize<'de>` is not satisfied
    --> astraweave-prompts\src\engine.rs:35:30
     |
35   |     pub default_trust_level: TrustLevel,
     |                              ^^^^^^^^^^ the trait `Deserialize<'_>` is not implemented for `TrustLevel`
     |
     = note: for local types consider adding `#[derive(serde::Deserialize)]` to your `TrustLevel` type
     = note: for types from other crates check whether the crate offers a `serde` feature flag
     = help: the following other types implement trait `Deserialize<'de>`:
               &'a [u8]
               &'a serde_json::value::RawValue
               &'a std::path::Path
               &'a str
               ()
               (T,)
               (T0, T1)
               (T0, T1, T2)
             and 188 others
note: required by a bound in `next_element`
    --> C:\Users\pv2br\.cargo\registry\src\index.crates.io-1949cf8c6b5b557f\serde_core-1.0.228\src\de\mod.rs:1771:12
     |
1769 |     fn next_element<T>(&mut self) -> Result<Option<T>, Self::Error>
     |        ------------ required by a bound in this associated function
1770 |     where
1771 |         T: Deserialize<'de>,
     |            ^^^^^^^^^^^^^^^^ required by this bound in `SeqAccess::next_element`

error[E0277]: the trait bound `SanitizationConfig: serde::Deserialize<'de>` is not satisfied
    --> astraweave-prompts\src\engine.rs:33:23
     |
33   |     pub sanitization: SanitizationConfig,
     |                       ^^^^^^^^^^^^^^^^^^ the trait `Deserialize<'_>` is not implemented for `SanitizationConfig`
     |
     = note: for local types consider adding `#[derive(serde::Deserialize)]` to your `SanitizationConfig` type
     = note: for types from other crates check whether the crate offers a `serde` feature flag
     = help: the following other types implement trait `Deserialize<'de>`:
               &'a [u8]
               &'a serde_json::value::RawValue
               &'a std::path::Path
               &'a str
               ()
               (T,)
               (T0, T1)
               (T0, T1, T2)
             and 188 others
note: required by a bound in `next_value`
    --> C:\Users\pv2br\.cargo\registry\src\index.crates.io-1949cf8c6b5b557f\serde_core-1.0.228\src\de\mod.rs:1916:12
     |
1914 |     fn next_value<V>(&mut self) -> Result<V, Self::Error>
     |        ---------- required by a bound in this associated function
1915 |     where
1916 |         V: Deserialize<'de>,
     |            ^^^^^^^^^^^^^^^^ required by this bound in `MapAccess::next_value`

error[E0277]: the trait bound `TrustLevel: serde::Deserialize<'de>` is not satisfied
    --> astraweave-prompts\src\engine.rs:35:30
     |
35   |     pub default_trust_level: TrustLevel,
     |                              ^^^^^^^^^^ the trait `Deserialize<'_>` is not implemented for `TrustLevel`
     |
     = note: for local types consider adding `#[derive(serde::Deserialize)]` to your `TrustLevel` type
     = note: for types from other crates check whether the crate offers a `serde` feature flag
     = help: the following other types implement trait `Deserialize<'de>`:
               &'a [u8]
               &'a serde_json::value::RawValue
               &'a std::path::Path
               &'a str
               ()
               (T,)
               (T0, T1)
               (T0, T1, T2)
             and 188 others
note: required by a bound in `next_value`
    --> C:\Users\pv2br\.cargo\registry\src\index.crates.io-1949cf8c6b5b557f\serde_core-1.0.228\src\de\mod.rs:1916:12
     |
1914 |     fn next_value<V>(&mut self) -> Result<V, Self::Error>
     |        ---------- required by a bound in this associated function
1915 |     where
1916 |         V: Deserialize<'de>,
     |            ^^^^^^^^^^^^^^^^ required by this bound in `MapAccess::next_value`

error[E0277]: the trait bound `SanitizationConfig: serde::Deserialize<'de>` is not satisfied
  --> astraweave-prompts\src\engine.rs:26:35
   |
26 | #[derive(Debug, Clone, Serialize, Deserialize)]
   |                                   ^^^^^^^^^^^ the trait `Deserialize<'_>` is not implemented for `SanitizationConfig`
   |
   = note: for local types consider adding `#[derive(serde::Deserialize)]` to your `SanitizationConfig` type
   = note: for types from other crates check whether the crate offers a `serde` feature flag
   = help: the following other types implement trait `Deserialize<'de>`:
             &'a [u8]
             &'a serde_json::value::RawValue
             &'a std::path::Path
             &'a str
             ()
             (T,)
             (T0, T1)
             (T0, T1, T2)
           and 188 others
note: required by a bound in `_::_serde::__private228::de::missing_field`
  --> C:\Users\pv2br\.cargo\registry\src\index.crates.io-1949cf8c6b5b557f\serde-1.0.228\src\private\de.rs:26:8
   |
24 | pub fn missing_field<'de, V, E>(field: &'static str) -> Result<V, E>
   |        ------------- required by a bound in this function
25 | where
26 |     V: Deserialize<'de>,
   |        ^^^^^^^^^^^^^^^^ required by this bound in `missing_field`
   = note: this error originates in the derive macro `Deserialize` (in Nightly builds, run with -Z macro-backtrace for more info)

error[E0277]: the trait bound `TrustLevel: serde::Deserialize<'de>` is not satisfied
  --> astraweave-prompts\src\engine.rs:26:35
   |
26 | #[derive(Debug, Clone, Serialize, Deserialize)]
   |                                   ^^^^^^^^^^^ the trait `Deserialize<'_>` is not implemented for `TrustLevel`
   |
   = note: for local types consider adding `#[derive(serde::Deserialize)]` to your `TrustLevel` type
   = note: for types from other crates check whether the crate offers a `serde` feature flag
   = help: the following other types implement trait `Deserialize<'de>`:
             &'a [u8]
             &'a serde_json::value::RawValue
             &'a std::path::Path
             &'a str
             ()
             (T,)
             (T0, T1)
             (T0, T1, T2)
           and 188 others
note: required by a bound in `_::_serde::__private228::de::missing_field`
  --> C:\Users\pv2br\.cargo\registry\src\index.crates.io-1949cf8c6b5b557f\serde-1.0.228\src\private\de.rs:26:8
   |
24 | pub fn missing_field<'de, V, E>(field: &'static str) -> Result<V, E>
   |        ------------- required by a bound in this function
25 | where
26 |     V: Deserialize<'de>,
   |        ^^^^^^^^^^^^^^^^ required by this bound in `missing_field`
   = note: this error originates in the derive macro `Deserialize` (in Nightly builds, run with -Z macro-backtrace for more info)

For more information about this error, try `rustc --explain E0277`.
error: could not compile `astraweave-prompts` (lib) due to 10 previous errors
warning: build failed, waiting for other jobs to finish...
