    Checking memchr v2.7.6
    Checking smallvec v1.15.1
    Checking windows-sys v0.61.2
    Checking crossbeam-utils v0.8.21
    Checking num-bigint v0.4.6
    Checking either v1.15.0
    Checking zlib-rs v0.5.2
    Checking foldhash v0.2.0
    Checking parking_lot_core v0.9.12
    Checking minimal-lexical v0.2.1
    Checking hashbrown v0.16.0
    Checking crossbeam-epoch v0.9.18
    Checking serde_json v1.0.145
    Checking nom v7.1.3
    Checking parking_lot v0.12.5
    Checking crossbeam-deque v0.8.6
    Checking num-rational v0.4.2
    Checking windows-sys v0.60.2
    Checking uuid v1.18.1
    Checking tracing-core v0.1.34
    Checking rayon-core v1.13.0
    Checking aho-corasick v1.1.3
    Checking libz-rs-sys v0.5.2
    Checking regex-syntax v0.8.7
    Checking indexmap v2.11.4
    Checking futures-core v0.3.31
    Checking flate2 v1.1.4
   Compiling cfg-if v1.0.3
    Checking tracing v0.1.41
   Compiling getrandom v0.3.3
    Checking rayon v1.11.0
   Compiling profiling-procmacros v1.0.17
   Compiling jobserver v0.1.34
   Compiling shlex v1.3.0
    Checking futures-sink v0.3.31
    Checking percent-encoding v2.3.2
    Checking regex-automata v0.4.12
   Compiling find-msvc-tools v0.1.4
    Checking half v2.7.1
   Compiling zeroize_derive v1.4.2
   Compiling cc v1.2.41
    Checking bit-vec v0.8.0
    Checking profiling v1.0.17
    Checking subtle v2.6.1
    Checking bit-set v0.8.0
    Checking futures-channel v0.3.31
    Checking pin-utils v0.1.0
    Checking digest v0.10.7
    Checking icu_normalizer v2.0.0
    Checking crossbeam-channel v0.5.15
   Compiling futures-macro v0.3.31
    Checking tokio v1.48.0
    Checking winapi-util v0.1.11
   Compiling equator-macro v0.4.2
    Checking rustc-hash v1.1.0
    Checking winnow v0.7.13
    Checking futures-io v0.3.31
    Checking futures-task v0.3.31
    Checking idna_adapter v1.2.1
    Checking form_urlencoded v1.2.2
    Checking astraweave-ecs v0.1.0 (C:\Users\pv2br\AstraWeave-AI-Native-Gaming-Engine\astraweave-ecs)
    Checking http v1.3.1
    Checking idna v1.1.0
   Compiling ahash v0.8.12
   Compiling built v0.7.7
    Checking http-body v1.0.1
   Compiling httparse v1.10.1
    Checking utf8parse v0.2.2
    Checking once_cell_polyfill v1.70.1
    Checking anstyle v1.0.13
    Checking zeroize v1.8.2
    Checking equator v0.4.2
    Checking anstyle-parse v0.2.7
    Checking anstyle-wincon v3.0.10
    Checking url v2.5.7
    Checking aligned-vec v0.6.4
    Checking same-file v1.0.6
    Checking anstyle-query v1.1.4
   Compiling pkg-config v0.3.32
   Compiling rav1e v0.7.1
    Checking quick-error v2.0.1
    Checking v_frame v0.3.9
   Compiling native-tls v0.2.14
    Checking try-lock v0.2.5
    Checking tower-service v0.3.3
    Checking colorchoice v1.0.4
    Checking is_terminal_polyfill v1.70.1
    Checking av1-grain v0.2.4
    Checking want v0.3.1
    Checking anstream v0.6.21
    Checking walkdir v2.5.0
    Checking nalgebra v0.33.2
    Checking astraweave-behavior v0.4.0 (C:\Users\pv2br\AstraWeave-AI-Native-Gaming-Engine\astraweave-behavior)
    Checking toml_parser v1.0.4
    Checking sha2 v0.10.9
    Checking regex v1.12.2
    Checking futures-util v0.3.31
    Checking schannel v0.1.28
    Checking maybe-rayon v0.1.1
    Checking itertools v0.12.1
   Compiling arg_enum_proc_macro v0.3.4
   Compiling fax_derive v0.2.0
   Compiling simd_helpers v0.1.0
    Checking weezl v0.1.10
    Checking bitstream-io v2.6.0
    Checking imgref v1.12.0
    Checking new_debug_unreachable v1.0.6
   Compiling noop_proc_macro v0.3.0
    Checking atomic-waker v1.1.2
    Checking toml v0.9.8
    Checking loop9 v0.1.5
    Checking hyper v1.7.0
    Checking astraweave-core v0.1.0 (C:\Users\pv2br\AstraWeave-AI-Native-Gaming-Engine\astraweave-core)
    Checking termcolor v1.4.1
    Checking sync_wrapper v1.0.2
    Checking avif-serialize v0.8.6
    Checking zune-inflate v0.2.54
    Checking bit_field v0.10.3
   Compiling ident_case v1.0.1
   Compiling fnv v1.0.7
    Checking lebe v0.5.3
    Checking rgb v0.8.52
   Compiling strsim v0.11.1
    Checking color_quant v1.1.0
    Checking fax v0.2.6
    Checking tower-layer v0.3.3
    Checking ipnet v2.11.0
    Checking gif v0.13.3
    Checking tower v0.5.2
    Checking hyper-util v0.1.17
    Checking exr v1.73.0
    Checking tiff v0.10.3
   Compiling darling_core v0.20.11
    Checking image-webp v0.2.4
    Checking codespan-reporting v0.12.0
    Checking png v0.18.0
    Checking tokio-native-tls v0.3.1
    Checking http-body-util v0.1.3
    Checking qoi v0.4.1
    Checking chrono v0.4.42
    Checking thread_local v1.1.9
    Checking iri-string v0.7.8
    Checking hashbrown v0.14.5
   Compiling windows_x86_64_msvc v0.48.5
    Checking hyper-tls v0.6.0
    Checking naga v25.0.1
    Checking rustls-pki-types v1.12.0
    Checking tokio-util v0.7.16
    Checking dashmap v6.1.0
    Checking serde_urlencoded v0.7.1
    Checking matchers v0.2.0
    Checking nu-ansi-term v0.50.3
    Checking tracing-serde v0.2.0
    Checking tracing-log v0.2.0
    Checking sharded-slab v0.1.7
    Checking ravif v0.11.20
    Checking getrandom v0.2.16
    Checking tower-http v0.6.6
   Compiling async-trait v0.1.89
    Checking base64 v0.21.7
    Checking image v0.25.8
   Compiling ref-cast v1.0.25
   Compiling winapi v0.3.9
   Compiling ucd-trie v0.1.7
   Compiling pest v2.8.3
    Checking tracing-subscriber v0.3.20
    Checking hdrhistogram v7.5.4
    Checking reqwest v0.12.24
    Checking rand_core v0.6.4
    Checking histogram v0.11.3
    Checking bincode v1.3.3
   Compiling ref-cast-impl v1.0.25
    Checking bitflags v1.3.2
    Checking spade v2.15.0
   Compiling pest_meta v2.8.3
    Checking windows-targets v0.48.5
    Checking rstar v0.12.2
    Checking wgpu-hal v25.0.2
    Checking gltf-json v1.4.1
   Compiling zstd-sys v2.0.16+zstd.1.5.7
    Checking env_filter v0.1.3
    Checking crossbeam-queue v0.3.12
    Checking num-iter v0.1.45
    Checking jiff v0.2.15
    Checking borrow-or-share v0.2.2
   Compiling semver v1.0.27
    Checking bit-vec v0.6.3
    Checking fluent-uri v0.3.2
    Checking bit-set v0.5.3
   Compiling rustc_version v0.4.1
    Checking gltf v1.4.1
    Checking wgpu-core-deps-windows-linux-android v25.0.0
    Checking notify v8.2.0
    Checking wgpu-core v25.0.2
    Checking parry3d v0.17.6
    Checking crossbeam v0.8.4
    Checking num v0.4.3
    Checking cpu-time v1.0.0
   Compiling pest_generator v2.8.3
    Checking env_logger v0.11.8
    Checking windows v0.48.0
    Checking combine v4.6.7
    Checking widestring v1.2.1
    Checking num_cpus v1.17.0
   Compiling vcpkg v0.2.15
    Checking outref v0.5.2
    Checking num-modular v0.6.1
    Checking vsimd v0.8.0
    Checking astraweave-asset v0.1.0 (C:\Users\pv2br\AstraWeave-AI-Native-Gaming-Engine\astraweave-asset)
    Checking astraweave-observability v0.4.0 (C:\Users\pv2br\AstraWeave-AI-Native-Gaming-Engine\astraweave-observability)
    Checking uuid-simd v0.8.0
    Checking num-order v1.2.0
    Checking rapier3d v0.22.0
   Compiling pest_derive v2.8.3
    Checking mmap-rs v0.6.1
   Compiling darling_macro v0.20.11
    Checking astraweave-llm v0.1.0 (C:\Users\pv2br\AstraWeave-AI-Native-Gaming-Engine\astraweave-llm)
    Checking wgpu v25.0.2
    Checking anndists v0.1.3
    Checking winit v0.30.12
    Checking fraction v0.15.3
   Compiling curve25519-dalek v4.1.3
   Compiling darling v0.20.11
    Checking referencing v0.33.0
    Checking fancy-regex v0.13.0
    Checking rand_chacha v0.3.1
    Checking gilrs-core v0.5.15
    Checking fancy-regex v0.16.2
   Compiling derive_builder_core v0.20.2
   Compiling libsqlite3-sys v0.35.0
    Checking bstr v1.12.0
    Checking email_address v0.2.9
   Compiling zstd-safe v7.2.4
    Checking bytecount v0.6.9
    Checking num-cmp v0.1.0
    Checking tiktoken-rs v0.7.0
    Checking epaint v0.32.3
    Checking gilrs v0.10.10
    Checking jsonschema v0.33.0
    Checking rand v0.8.5
    Checking hnsw_rs v0.3.2
    Checking futures-executor v0.3.31
    Checking inout v0.1.4
   Compiling curve25519-dalek-derive v0.1.1
    Checking clap_lex v0.7.5
    Checking powerfmt v0.2.0
    Checking signature v2.2.0
    Checking crc-catalog v2.4.0
    Checking astraweave-embeddings v0.1.0 (C:\Users\pv2br\AstraWeave-AI-Native-Gaming-Engine\astraweave-embeddings)
    Checking ed25519 v2.2.3
    Checking crc v3.3.0
    Checking clap_builder v4.5.49
    Checking deranged v0.5.4
    Checking cipher v0.4.4
    Checking futures v0.3.31
    Checking astraweave-context v0.1.0 (C:\Users\pv2br\AstraWeave-AI-Native-Gaming-Engine\astraweave-context)
    Checking astraweave-input v0.1.0 (C:\Users\pv2br\AstraWeave-AI-Native-Gaming-Engine\astraweave-input)
    Checking egui v0.32.3
    Checking astraweave-scene v0.1.0 (C:\Users\pv2br\AstraWeave-AI-Native-Gaming-Engine\astraweave-scene)
    Checking astraweave-physics v0.1.0 (C:\Users\pv2br\AstraWeave-AI-Native-Gaming-Engine\astraweave-physics)
    Checking fuzzy-matcher v0.3.7
   Compiling basis-universal-sys v0.3.1
   Compiling clap_derive v4.5.49
    Checking hmac v0.12.1
    Checking hashlink v0.10.0
    Checking libbz2-rs-sys v0.2.2
    Checking time-core v0.1.6
    Checking fallible-iterator v0.3.0
    Checking fallible-streaming-iterator v0.1.9
    Checking num-conv v0.1.0
    Checking bumpalo v3.19.0
    Checking bzip2 v0.6.0
    Checking ed25519-dalek v2.2.0
    Checking time v0.3.44
   Compiling derive_builder_macro v0.20.2
    Checking zopfli v0.8.2
    Checking pbkdf2 v0.12.2
    Checking astraweave-gameplay v0.1.0 (C:\Users\pv2br\AstraWeave-AI-Native-Gaming-Engine\astraweave-gameplay)
    Checking aes v0.8.4
    Checking derive_builder v0.20.2
    Checking lzma-rust2 v0.13.0
    Checking handlebars v6.3.2
    Checking arboard v3.6.1
    Checking rand_xorshift v0.3.0
    Checking webbrowser v1.0.5
    Checking keyring v3.6.3
    Checking sha1 v0.10.6
    Checking lru v0.16.2
    Checking toml_datetime v0.6.11
    Checking serde_spanned v0.6.9
    Checking ppmd-rust v1.2.1
    Checking toml_write v0.1.2
    Checking deflate64 v0.1.10
    Checking astraweave-prompts v0.1.0 (C:\Users\pv2br\AstraWeave-AI-Native-Gaming-Engine\astraweave-prompts)
    Checking constant_time_eq v0.3.1
    Checking rusqlite v0.37.0
    Checking env_home v0.1.0
    Checking winsafe v0.0.19
    Checking toml_edit v0.22.27
    Checking dirs-sys v0.5.0
    Checking asset_signing v0.1.0 (C:\Users\pv2br\AstraWeave-AI-Native-Gaming-Engine\tools\asset_signing)
    Checking egui-winit v0.32.3
    Checking astraweave-rag v0.1.0 (C:\Users\pv2br\AstraWeave-AI-Native-Gaming-Engine\astraweave-rag)
    Checking egui-wgpu v0.32.3
    Checking noise v0.9.0
    Checking gilrs-core v0.6.6
    Checking astraweave-cinematics v0.1.0 (C:\Users\pv2br\AstraWeave-AI-Native-Gaming-Engine\astraweave-cinematics)
    Checking ktx2 v0.4.0
    Checking glob v0.3.3
    Checking astraweave-terrain v0.4.0 (C:\Users\pv2br\AstraWeave-AI-Native-Gaming-Engine\astraweave-terrain)
    Checking gilrs v0.11.0
    Checking toml v0.8.23
    Checking astraweave-memory v0.1.0 (C:\Users\pv2br\AstraWeave-AI-Native-Gaming-Engine\astraweave-memory)
warning: unused import: `VoxelChunk`
  --> astraweave-terrain\src\terrain_modifier.rs:20:32
   |
20 | use crate::{ChunkCoord, Voxel, VoxelChunk, VoxelGrid};
   |                                ^^^^^^^^^^
   |
   = note: `#[warn(unused_imports)]` on by default

warning: unused import: `HashMap`
  --> astraweave-terrain\src\terrain_modifier.rs:22:24
   |
22 | use std::collections::{HashMap, HashSet, VecDeque};
   |                        ^^^^^^^

    Checking zstd v0.13.3
    Checking dirs v6.0.0
    Checking astraweave-materials v0.1.0 (C:\Users\pv2br\AstraWeave-AI-Native-Gaming-Engine\astraweave-materials)
    Checking which v8.0.0
warning: unused import: `std::f32::consts::PI`
   --> astraweave-materials\src\lib.rs:619:13
    |
619 |         use std::f32::consts::PI;
    |             ^^^^^^^^^^^^^^^^^^^^
    |
    = note: `#[warn(unused_imports)]` on by default

    Checking zip v6.0.0
    Checking texture2ddecoder v0.1.2
warning: variable does not need to be mutable
   --> astraweave-materials\src\lib.rs:468:13
    |
468 |         let mut metallic_roughness = vec![[0.0f32, 0.5, 0.0, 1.0]; total_pixels];
    |             ----^^^^^^^^^^^^^^^^^^
    |             |
    |             help: remove this `mut`
    |
    = note: `#[warn(unused_mut)]` on by default

    Checking astraweave-ui v0.1.0 (C:\Users\pv2br\AstraWeave-AI-Native-Gaming-Engine\astraweave-ui)
warning: `astraweave-materials` (lib) generated 2 warnings (run `cargo fix --lib -p astraweave-materials` to apply 2 suggestions)
    Checking pollster v0.4.0
warning: `astraweave-terrain` (lib) generated 2 warnings (run `cargo fix --lib -p astraweave-terrain` to apply 2 suggestions)
    Checking astraweave-persona v0.1.0 (C:\Users\pv2br\AstraWeave-AI-Native-Gaming-Engine\astraweave-persona)
    Checking clap v4.5.49
    Checking aw_asset_cli v0.1.0 (C:\Users\pv2br\AstraWeave-AI-Native-Gaming-Engine\tools\aw_asset_cli)
    Checking astraweave-ai v0.1.0 (C:\Users\pv2br\AstraWeave-AI-Native-Gaming-Engine\astraweave-ai)
    Checking astraweave-dialogue v0.4.0 (C:\Users\pv2br\AstraWeave-AI-Native-Gaming-Engine\astraweave-dialogue)
    Checking basis-universal v0.3.1
    Checking astraweave-render v0.1.0 (C:\Users\pv2br\AstraWeave-AI-Native-Gaming-Engine\astraweave-render)
warning: variable does not need to be mutable
   --> astraweave-render\src\gpu_memory.rs:136:13
    |
136 |         let mut mgr = Self::new();
    |             ----^^^
    |             |
    |             help: remove this `mut`
    |
    = note: `#[warn(unused_mut)]` on by default

warning: `astraweave-render` (lib) generated 1 warning (run `cargo fix --lib -p astraweave-render` to apply 1 suggestion)
    Checking hello_companion v0.1.0 (C:\Users\pv2br\AstraWeave-AI-Native-Gaming-Engine\examples\hello_companion)
warning: unused import: `NpcDialogueState`
 --> examples\hello_companion\src\chat_ui.rs:5:30
  |
5 | use crate::scene::{DemoMode, NpcDialogueState};
  |                              ^^^^^^^^^^^^^^^^
  |
  = note: `#[warn(unused_imports)]` on by default

warning: unused imports: `Mat4` and `Quat`
 --> examples\hello_companion\src\scene.rs:9:12
  |
9 | use glam::{Mat4, Quat, Vec3};
  |            ^^^^  ^^^^

warning: unused import: `std::sync::Arc`
  --> examples\hello_companion\src\scene.rs:10:5
   |
10 | use std::sync::Arc;
   |     ^^^^^^^^^^^^^^

warning: unused import: `wgpu::util::DeviceExt`
  --> examples\hello_companion\src\scene.rs:11:5
   |
11 | use wgpu::util::DeviceExt;
   |     ^^^^^^^^^^^^^^^^^^^^^

warning: use of deprecated function `rand::thread_rng`: Renamed to `rng`
   --> examples\hello_companion\src\dialogue_bank.rs:155:29
    |
155 |         let mut rng = rand::thread_rng();
    |                             ^^^^^^^^^^
    |
    = note: `#[warn(deprecated)]` on by default

warning: use of deprecated function `rand::thread_rng`: Renamed to `rng`
   --> examples\hello_companion\src\dialogue_bank.rs:161:29
    |
161 |         let mut rng = rand::thread_rng();
    |                             ^^^^^^^^^^

warning: use of deprecated function `rand::thread_rng`: Renamed to `rng`
   --> examples\hello_companion\src\dialogue_bank.rs:167:29
    |
167 |         let mut rng = rand::thread_rng();
    |                             ^^^^^^^^^^

warning: use of deprecated function `rand::thread_rng`: Renamed to `rng`
   --> examples\hello_companion\src\dialogue_bank.rs:173:29
    |
173 |         let mut rng = rand::thread_rng();
    |                             ^^^^^^^^^^

warning: use of deprecated function `rand::thread_rng`: Renamed to `rng`
   --> examples\hello_companion\src\dialogue_bank.rs:197:29
    |
197 |         let mut rng = rand::thread_rng();
    |                             ^^^^^^^^^^

warning: use of deprecated function `rand::thread_rng`: Renamed to `rng`
   --> examples\hello_companion\src\dialogue_bank.rs:204:29
    |
204 |         let mut rng = rand::thread_rng();
    |                             ^^^^^^^^^^

error[E0308]: mismatched types
   --> examples\hello_companion\src\visual_demo.rs:74:44
    |
74  |           let instance = wgpu::Instance::new(wgpu::InstanceDescriptor {
    |  ________________________-------------------_^
    | |                        |
    | |                        arguments to this function are incorrect
75  | |             backends: wgpu::Backends::all(),
76  | |             ..Default::default()
77  | |         });
    | |_________^ expected `&InstanceDescriptor`, found `InstanceDescriptor`
    |
note: associated function defined here
   --> C:\Users\pv2br\.cargo\registry\src\index.crates.io-1949cf8c6b5b557f\wgpu-25.0.2\src\api\instance.rs:115:12
    |
115 |     pub fn new(_instance_desc: &InstanceDescriptor) -> Self {
    |            ^^^
help: consider borrowing here
    |
74  |         let instance = wgpu::Instance::new(&wgpu::InstanceDescriptor {
    |                                            +

error[E0063]: missing field `trace` in initializer of `DeviceDescriptor<Option<&str>>`
  --> examples\hello_companion\src\visual_demo.rs:97:18
   |
97 |                 &wgpu::DeviceDescriptor {
   |                  ^^^^^^^^^^^^^^^^^^^^^^ missing `trace`

error[E0061]: this method takes 1 argument but 2 arguments were supplied
   --> examples\hello_companion\src\visual_demo.rs:96:14
    |
96  |             .request_device(
    |              ^^^^^^^^^^^^^^
...
103 |                 None,
    |                 ---- unexpected argument #2 of type `Option<_>`
    |
note: method defined here
   --> C:\Users\pv2br\.cargo\registry\src\index.crates.io-1949cf8c6b5b557f\wgpu-25.0.2\src\api\adapter.rs:60:12
    |
60  |     pub fn request_device(
    |            ^^^^^^^^^^^^^^
help: remove the extra argument
    |
102 -                 },
103 -                 None,
102 +                 },
    |

warning: unreachable statement
   --> examples\hello_companion\src\main.rs:187:5
    |
183 |         return visual_demo::run_visual_demo();
    |         ------------------------------------- any code following this expression is unreachable
...
187 |     println!("ΓòöΓòÉΓòÉΓòÉΓòÉΓòÉΓòÉΓòÉΓòÉΓòÉΓòÉΓòÉΓòÉΓòÉΓòÉΓòÉΓòÉΓòÉΓòÉΓòÉΓòÉΓòÉΓòÉΓòÉΓòÉΓòÉΓòÉΓòÉΓòÉΓòÉΓòÉΓòÉΓòÉΓòÉΓòÉΓòÉΓòÉΓòÉΓòÉΓòÉΓòÉΓòÉΓòÉΓòÉΓòÉΓòÉΓòÉΓòÉΓòÉΓòÉΓòÉΓòÉΓòÉΓòÉΓòÉΓòÉΓòÉΓòÉΓòÉΓòÉΓòÉΓòù");
    |     ^^^^^^^^^^^^^^^^^^^^^^^^^^^^^^^^^^^^^^^^^^^^^^^^^^^^^^^^^^^^^^^^^^^^^^^^^^ unreachable statement
    |
    = note: `#[warn(unreachable_code)]` on by default
    = note: this warning originates in the macro `println` (in Nightly builds, run with -Z macro-backtrace for more info)

error[E0599]: no method named `context` found for enum `std::result::Result` in the current scope
   --> examples\hello_companion\src\main.rs:908:45
    |
908 |     let rt = tokio::runtime::Runtime::new().context("Failed to create tokio runtime")?;
    |                                             ^^^^^^^
    |
    = help: items from traits can only be used if the trait is in scope
help: the following traits which provide `context` are implemented but not in scope; perhaps you want to import one of them
    |
32  + use anyhow::Context;
    |
32  + use quick_error::ResultExt;
    |
help: there is a method `with_context` with a similar name
    |
908 |     let rt = tokio::runtime::Runtime::new().with_context("Failed to create tokio runtime")?;
    |                                             +++++

error[E0599]: no method named `context` found for enum `std::result::Result` in the current scope
   --> examples\hello_companion\src\main.rs:930:45
    |
930 |     let rt = tokio::runtime::Runtime::new().context("Failed to create tokio runtime")?;
    |                                             ^^^^^^^
    |
    = help: items from traits can only be used if the trait is in scope
help: the following traits which provide `context` are implemented but not in scope; perhaps you want to import one of them
    |
32  + use anyhow::Context;
    |
32  + use quick_error::ResultExt;
    |
help: there is a method `with_context` with a similar name
    |
930 |     let rt = tokio::runtime::Runtime::new().with_context("Failed to create tokio runtime")?;
    |                                             +++++

error[E0599]: no method named `context` found for enum `std::result::Result` in the current scope
   --> examples\hello_companion\src\main.rs:936:14
    |
933 |           let client = reqwest::Client::builder()
    |  ______________________-
934 | |             .timeout(std::time::Duration::from_secs(2))
935 | |             .build()
936 | |             .context("Failed to create HTTP client")?;
    | |_____________-^^^^^^^
    |
    = help: items from traits can only be used if the trait is in scope
help: the following traits which provide `context` are implemented but not in scope; perhaps you want to import one of them
    |
32  + use anyhow::Context;
    |
32  + use quick_error::ResultExt;
    |
help: there is a method `with_context` with a similar name
    |
936 |             .with_context("Failed to create HTTP client")?;
    |              +++++

warning: unused variable: `text`
   --> examples\hello_companion\src\visual_demo.rs:430:25
    |
430 |             if let Some(text) = self.chat_ui.draw(ctx) {
    |                         ^^^^ help: if this is intentional, prefix it with an underscore: `_text`
    |
    = note: `#[warn(unused_variables)]` on by default

error[E0004]: non-exhaustive patterns: `&ActionStep::ModifyTerrain { .. }` not covered
    --> examples\hello_companion\src\main.rs:1152:11
     |
1152 |     match step {
     |           ^^^^ pattern `&ActionStep::ModifyTerrain { .. }` not covered
     |
note: `ActionStep` defined here
    --> C:\Users\pv2br\AstraWeave-AI-Native-Gaming-Engine\astraweave-core\src\schema.rs:370:1
     |
370  | pub enum ActionStep {
     | ^^^^^^^^^^^^^^^^^^^
...
532  |     ModifyTerrain {
     |     ------------- not covered
     = note: the matched value is of type `&ActionStep`
help: ensure that all possible cases are being handled by adding a match arm with a wildcard pattern or an explicit pattern as shown
     |
1204 ~         ActionStep::Revive { .. } => "revive".to_string(),
1205 ~         &ActionStep::ModifyTerrain { .. } => todo!(),
     |

Some errors have detailed explanations: E0004, E0061, E0063, E0308, E0599.
For more information about an error, try `rustc --explain E0004`.
warning: `hello_companion` (bin "hello_companion") generated 12 warnings
error: could not compile `hello_companion` (bin "hello_companion") due to 7 previous errors; 12 warnings emitted
