SF:C:\Users\pv2br\source\repos\AstraWeave-AI-Native-Gaming-Engine\astraweave-cinematics\src\lib.rs
FN:44,_RNvMCsl5ZX57zQusT_21astraweave_cinematicsNtB2_8Timeline3new
FN:70,_RNvMs0_Csl5ZX57zQusT_21astraweave_cinematicsNtB5_9Sequencer3new
FN:76,_RNvMs0_Csl5ZX57zQusT_21astraweave_cinematicsNtB5_9Sequencer4step
FN:158,_RNvNtCsl5ZX57zQusT_21astraweave_cinematics5testss_16seq_emits_events
FN:185,_RNvNtCsl5ZX57zQusT_21astraweave_cinematics5testss_23timeline_json_roundtrip
FN:73,_RNvMs0_Csl5ZX57zQusT_21astraweave_cinematicsNtB5_9Sequencer4seek
FN:64,_RNvXs_Csl5ZX57zQusT_21astraweave_cinematicsNtB4_9SequencerNtNtCsixiwFwjEgS7_4core7default7Default7default
FNDA:2,_RNvMCsl5ZX57zQusT_21astraweave_cinematicsNtB2_8Timeline3new
FNDA:1,_RNvMs0_Csl5ZX57zQusT_21astraweave_cinematicsNtB5_9Sequencer3new
FNDA:4,_RNvMs0_Csl5ZX57zQusT_21astraweave_cinematicsNtB5_9Sequencer4step
FNDA:1,_RNvNtCsl5ZX57zQusT_21astraweave_cinematics5testss_16seq_emits_events
FNDA:1,_RNvNtCsl5ZX57zQusT_21astraweave_cinematics5testss_23timeline_json_roundtrip
FNDA:0,_RNvMs0_Csl5ZX57zQusT_21astraweave_cinematicsNtB5_9Sequencer4seek
FNDA:0,_RNvXs_Csl5ZX57zQusT_21astraweave_cinematicsNtB4_9SequencerNtNtCsixiwFwjEgS7_4core7default7Default7default
FNF:7
FNH:5
DA:44,2
DA:45,2
DA:46,2
DA:47,2
DA:48,2
DA:49,2
DA:50,2
DA:64,0
DA:65,0
DA:66,0
DA:70,1
DA:71,1
DA:72,1
DA:73,0
DA:74,0
DA:75,0
DA:76,4
DA:77,4
DA:78,4
DA:79,0
DA:80,4
DA:81,4
DA:82,4
DA:83,4
DA:85,4
DA:86,12
DA:87,8
DA:88,4
DA:89,8
DA:90,4
DA:91,1
DA:92,3
DA:96,0
DA:97,0
DA:98,0
DA:100,0
DA:101,0
DA:102,0
DA:103,0
DA:104,0
DA:105,0
DA:108,4
DA:109,4
DA:110,4
DA:112,4
DA:113,1
DA:114,1
DA:115,1
DA:116,1
DA:117,3
DA:120,0
DA:121,0
DA:122,0
DA:124,0
DA:125,0
DA:126,0
DA:127,0
DA:128,0
DA:129,0
DA:133,4
DA:134,4
DA:158,1
DA:159,1
DA:160,1
DA:161,1
DA:162,1
DA:163,1
DA:164,1
DA:165,1
DA:166,1
DA:167,1
DA:168,1
DA:169,1
DA:170,1
DA:171,1
DA:172,1
DA:173,1
DA:174,1
DA:175,1
DA:176,1
DA:177,1
DA:178,1
DA:179,1
DA:180,1
DA:181,1
DA:182,1
DA:185,1
DA:186,1
DA:187,1
DA:188,1
DA:189,1
DA:190,1
DA:191,1
DA:192,1
DA:193,1
DA:194,1
DA:195,1
DA:196,1
DA:197,1
DA:198,1
DA:199,1
DA:200,1
DA:201,1
DA:202,1
DA:203,1
BRF:0
BRH:0
LF:105
LH:80
end_of_record