info: cargo-llvm-cov currently setting cfg(coverage); you can opt-out it by passing --no-cfg-coverage
[1m[32m   Compiling[0m astraweave-ecs v0.1.0 (C:\Users\pv2br\AstraWeave-AI-Native-Gaming-Engine\astraweave-ecs)
[1m[32m   Compiling[0m astraweave-nav v0.1.0 (C:\Users\pv2br\AstraWeave-AI-Native-Gaming-Engine\astraweave-nav)
[1m[32m   Compiling[0m astraweave-asset v0.1.0 (C:\Users\pv2br\AstraWeave-AI-Native-Gaming-Engine\astraweave-asset)
[1m[32m   Compiling[0m astraweave-physics v0.1.0 (C:\Users\pv2br\AstraWeave-AI-Native-Gaming-Engine\astraweave-physics)
[1m[32m   Compiling[0m astraweave-input v0.1.0 (C:\Users\pv2br\AstraWeave-AI-Native-Gaming-Engine\astraweave-input)
[1m[32m   Compiling[0m astraweave-cinematics v0.1.0 (C:\Users\pv2br\AstraWeave-AI-Native-Gaming-Engine\astraweave-cinematics)
[1m[32m   Compiling[0m asset_signing v0.1.0 (C:\Users\pv2br\AstraWeave-AI-Native-Gaming-Engine\tools\asset_signing)
[1m[32m   Compiling[0m astraweave-embeddings v0.1.0 (C:\Users\pv2br\AstraWeave-AI-Native-Gaming-Engine\astraweave-embeddings)
[1m[32m   Compiling[0m astraweave-behavior v0.4.0 (C:\Users\pv2br\AstraWeave-AI-Native-Gaming-Engine\astraweave-behavior)
[1m[32m   Compiling[0m astraweave-core v0.1.0 (C:\Users\pv2br\AstraWeave-AI-Native-Gaming-Engine\astraweave-core)
[1m[32m   Compiling[0m astraweave-observability v0.4.0 (C:\Users\pv2br\AstraWeave-AI-Native-Gaming-Engine\astraweave-observability)
[1m[32m   Compiling[0m astraweave-materials v0.1.0 (C:\Users\pv2br\AstraWeave-AI-Native-Gaming-Engine\astraweave-materials)
[1m[32m   Compiling[0m astraweave-llm v0.1.0 (C:\Users\pv2br\AstraWeave-AI-Native-Gaming-Engine\astraweave-llm)
[1m[32m   Compiling[0m astraweave-scene v0.1.0 (C:\Users\pv2br\AstraWeave-AI-Native-Gaming-Engine\astraweave-scene)
[1m[32m   Compiling[0m aw_asset_cli v0.1.0 (C:\Users\pv2br\AstraWeave-AI-Native-Gaming-Engine\tools\aw_asset_cli)
[1m[32m   Compiling[0m basis-universal-sys v0.3.1
[1m[32m   Compiling[0m basis-universal v0.3.1
[1m[32m   Compiling[0m astraweave-gameplay v0.1.0 (C:\Users\pv2br\AstraWeave-AI-Native-Gaming-Engine\astraweave-gameplay)
[1m[32m   Compiling[0m astraweave-terrain v0.4.0 (C:\Users\pv2br\AstraWeave-AI-Native-Gaming-Engine\astraweave-terrain)
[1m[32m   Compiling[0m astraweave-ai v0.1.0 (C:\Users\pv2br\AstraWeave-AI-Native-Gaming-Engine\astraweave-ai)
[1m[32m   Compiling[0m astraweave-context v0.1.0 (C:\Users\pv2br\AstraWeave-AI-Native-Gaming-Engine\astraweave-context)
[1m[32m   Compiling[0m astraweave-prompts v0.1.0 (C:\Users\pv2br\AstraWeave-AI-Native-Gaming-Engine\astraweave-prompts)
[1m[32m   Compiling[0m astraweave-rag v0.1.0 (C:\Users\pv2br\AstraWeave-AI-Native-Gaming-Engine\astraweave-rag)
[1m[32m   Compiling[0m astraweave-render v0.1.0 (C:\Users\pv2br\AstraWeave-AI-Native-Gaming-Engine\astraweave-render)
[1m[32m   Compiling[0m astraweave-memory v0.1.0 (C:\Users\pv2br\AstraWeave-AI-Native-Gaming-Engine\astraweave-memory)
[1m[32m   Compiling[0m cpal v0.15.3
[1m[32m   Compiling[0m symphonia v0.5.5
[1m[32m   Compiling[0m glutin-winit v0.5.0
[1m[32m   Compiling[0m hash32 v0.2.1
[1m[32m   Compiling[0m spin v0.9.8
[1m[32m   Compiling[0m claxon v0.4.3
[1m[32m   Compiling[0m hound v3.5.1
[1m[32m   Compiling[0m heapless v0.7.17
[1m[32m   Compiling[0m rodio v0.17.3
[1m[32m   Compiling[0m eframe v0.32.3
[1m[32m   Compiling[0m ron v0.8.1
[1m[32m   Compiling[0m cobs v0.3.0
[1m[32m   Compiling[0m postcard v1.1.3
[1m[32m   Compiling[0m astraweave-persona v0.1.0 (C:\Users\pv2br\AstraWeave-AI-Native-Gaming-Engine\astraweave-persona)
[1m[32m   Compiling[0m twox-hash v2.1.2
[1m[32m   Compiling[0m lz4_flex v0.11.5
[1m[32m   Compiling[0m astraweave-audio v0.1.0 (C:\Users\pv2br\AstraWeave-AI-Native-Gaming-Engine\astraweave-audio)
[1m[32m   Compiling[0m astraweave-security v0.1.0 (C:\Users\pv2br\AstraWeave-AI-Native-Gaming-Engine\astraweave-security)
[1m[32m   Compiling[0m proc-macro2-diagnostics v0.10.1
[1m[32m   Compiling[0m emath v0.30.0
[1m[32m   Compiling[0m parking v2.2.1
[1m[32m   Compiling[0m astract-macro v0.1.0 (C:\Users\pv2br\AstraWeave-AI-Native-Gaming-Engine\crates\astract\astract-macro)
[1m[32m   Compiling[0m ecolor v0.21.0
[1m[32m   Compiling[0m ecolor v0.30.0
[1m[32m   Compiling[0m quick-error v1.2.3
[1m[32m   Compiling[0m wait-timeout v0.2.1
[1m[32m   Compiling[0m yansi v1.0.1
[1m[32m   Compiling[0m emath v0.21.0
[1m[32m   Compiling[0m epaint v0.21.0
[1m[32m   Compiling[0m rusty-fork v0.3.1
[1m[32m   Compiling[0m epaint v0.30.0
[1m[32m   Compiling[0m astraweave-dialogue v0.4.0 (C:\Users\pv2br\AstraWeave-AI-Native-Gaming-Engine\astraweave-dialogue)
[1m[32m   Compiling[0m astraweave-author v0.1.0 (C:\Users\pv2br\AstraWeave-AI-Native-Gaming-Engine\astraweave-author)
[1m[32m   Compiling[0m rand_xorshift v0.4.0
[1m[32m   Compiling[0m unarray v0.1.4
[1m[32m   Compiling[0m virtue v0.0.18
[1m[32m   Compiling[0m proptest v1.8.0
[1m[32m   Compiling[0m egui v0.30.0
[1m[32m   Compiling[0m egui v0.21.0
[1m[32m   Compiling[0m bincode_derive v2.0.1
[1m[32m   Compiling[0m duplicate v2.0.0
[1m[32m   Compiling[0m astract v0.1.0 (C:\Users\pv2br\AstraWeave-AI-Native-Gaming-Engine\crates\astract)
[1m[32m   Compiling[0m astraweave-quests v0.4.0 (C:\Users\pv2br\AstraWeave-AI-Native-Gaming-Engine\astraweave-quests)
[1m[32m   Compiling[0m data-encoding v2.9.0
LLVM Profile Warning: Unable to merge profile data: source profile file is not compatible.
LLVM Profile Error: Profile Merging of file C:\Users\pv2br\AstraWeave-AI-Native-Gaming-Engine\target\llvm-cov-target\AstraWeave-AI-Native-Gaming-Engine-38844-12103954006152691870_0.profraw failed: File exists
LLVM Profile Error: Failed to write file "C:\Users\pv2br\AstraWeave-AI-Native-Gaming-Engine\target\llvm-cov-target\AstraWeave-AI-Native-Gaming-Engine-38844-12103954006152691870_0.profraw": File exists
[1m[32m   Compiling[0m unty v0.0.4
[1m[32m   Compiling[0m fixedbitset v0.4.2
[1m[32m   Compiling[0m utf-8 v0.7.6
[1m[32m   Compiling[0m tungstenite v0.28.0
[1m[32m   Compiling[0m petgraph v0.6.5
[1m[32m   Compiling[0m bincode v2.0.1
[1m[32m   Compiling[0m egui_dock v0.15.0
[1m[32m   Compiling[0m egui_graphs v0.1.4
[1m[32m   Compiling[0m tokio-tungstenite v0.28.0
[1m[32m   Compiling[0m futures-lite v2.6.1
[1m[32m   Compiling[0m dirs-sys v0.5.0
[1m[32m   Compiling[0m generator v0.8.7
[1m[32m   Compiling[0m aw_editor v0.1.0 (C:\Users\pv2br\AstraWeave-AI-Native-Gaming-Engine\tools\aw_editor)
[1m[32m   Compiling[0m concurrent-queue v2.5.0
[1m[32m   Compiling[0m structmeta-derive v0.3.0
[1m[32m   Compiling[0m dirs v6.0.0
[1m[32m   Compiling[0m aw-save v0.1.0 (C:\Users\pv2br\AstraWeave-AI-Native-Gaming-Engine\persistence\aw-save)
[1m[32m   Compiling[0m dirs-sys-next v0.1.2
[1m[32m   Compiling[0m async-stream-impl v0.3.6
[1m[32m   Compiling[0m encode_unicode v1.0.0
[1m[32m   Compiling[0m dirs-next v2.0.0
[1m[32m   Compiling[0m structmeta v0.3.0
[1m[32m   Compiling[0m async-stream v0.3.6
[1m[32m   Compiling[0m tokio-stream v0.1.17
[1m[32m   Compiling[0m derive-ex v0.1.8
[1m[32m   Compiling[0m float-cmp v0.10.0
[1m[32m   Compiling[0m csv-core v0.1.13
[1m[32m   Compiling[0m scoped-tls v1.0.1
[1m[32m   Compiling[0m glam v0.29.3
[1m[32m   Compiling[0m csv v1.4.0
[1m[32m   Compiling[0m loom v0.7.2
[1m[32m   Compiling[0m tokio-test v0.4.4
[1m[32m   Compiling[0m term v0.7.0
[1m[32m   Compiling[0m console v0.15.11
[1m[32m   Compiling[0m astraweave-ui v0.1.0 (C:\Users\pv2br\AstraWeave-AI-Native-Gaming-Engine\astraweave-ui)
[1m[32m   Compiling[0m globset v0.4.17
[1m[32m   Compiling[0m test-strategy v0.4.3
[1m[32m   Compiling[0m colored v3.0.0
[1m[32m   Compiling[0m encase_derive_impl v0.10.0
[1m[32m   Compiling[0m predicates-core v1.0.9
[1m[32m   Compiling[0m unicode-width v0.1.14
[1m[32m   Compiling[0m number_prefix v0.4.0
[1m[32m   Compiling[0m doc-comment v0.3.3
[1m[32m   Compiling[0m typewit v1.14.2
[1m[32m   Compiling[0m indicatif v0.17.11
[1m[32m   Compiling[0m encase_derive v0.10.0
[1m[32m   Compiling[0m prettytable-rs v0.10.0
[1m[32m   Compiling[0m ignore v0.4.24
[1m[32m   Compiling[0m const_panic v0.2.15
[1m[32m   Compiling[0m astraweave-pcg v0.1.0 (C:\Users\pv2br\AstraWeave-AI-Native-Gaming-Engine\astraweave-pcg)
[1m[32m   Compiling[0m assert-json-diff v2.0.2
[1m[32m   Compiling[0m normalize-line-endings v0.3.0
[1m[32m   Compiling[0m deadpool-runtime v0.1.4
[1m[32m   Compiling[0m difflib v0.4.0
[1m[32m   Compiling[0m termtree v0.5.1
[1m[32m   Compiling[0m deadpool v0.12.3
[1m[32m   Compiling[0m predicates-tree v1.0.12
[1m[32m   Compiling[0m predicates v3.1.3
[1m[32m   Compiling[0m encase v0.10.0
[1m[32m   Compiling[0m globwalk v0.9.1
[1m[32m   Compiling[0m event-listener v5.4.1
[1m[32m   Compiling[0m similar v2.7.0
[1m[32m   Compiling[0m event-listener-strategy v0.5.4
[1m[32m   Compiling[0m assert_fs v1.1.3
[1m[32m   Compiling[0m wiremock v0.6.5
[1m[32m   Compiling[0m astraweave-weaving v0.1.0 (C:\Users\pv2br\AstraWeave-AI-Native-Gaming-Engine\astraweave-weaving)
[1m[32m   Compiling[0m astraweave-assets v0.1.0 (C:\Users\pv2br\AstraWeave-AI-Native-Gaming-Engine\tools\astraweave-assets)
[0m[1m[38;5;11mwarning[0m[0m[1m[38;5;15m: unexpected `cfg` condition value: `egui`[0m
[0m   [0m[0m[1m[38;5;14m--> [0m[0mastraweave-weaving\src\ui\ability_notification.rs:153:11[0m
[0m    [0m[0m[1m[38;5;14m|[0m
[0m[1m[38;5;14m153[0m[0m [0m[0m[1m[38;5;14m|[0m[0m [0m[0m    #[cfg(feature = "egui")][0m
[0m    [0m[0m[1m[38;5;14m|[0m[0m           [0m[0m[1m[38;5;11m^^^^^^^^^^^^^^^^[0m
[0m    [0m[0m[1m[38;5;14m|[0m
[0m    [0m[0m[1m[38;5;14m= [0m[0m[1m[38;5;15mnote[0m[0m: expected values for `feature` are: `default` and `weaving`[0m
[0m    [0m[0m[1m[38;5;14m= [0m[0m[1m[38;5;15mhelp[0m[0m: consider adding `egui` as a feature in `Cargo.toml`[0m
[0m    [0m[0m[1m[38;5;14m= [0m[0m[1m[38;5;15mnote[0m[0m: see <https://doc.rust-lang.org/nightly/rustc/check-cfg/cargo-specifics.html> for more information about checking conditional configuration[0m
[0m    [0m[0m[1m[38;5;14m= [0m[0m[1m[38;5;15mnote[0m[0m: `#[warn(unexpected_cfgs)]` on by default[0m

[0m[1m[38;5;11mwarning[0m[0m[1m[38;5;15m: unexpected `cfg` condition value: `egui`[0m
[0m   [0m[0m[1m[38;5;14m--> [0m[0mastraweave-weaving\src\ui\ability_notification.rs:219:15[0m
[0m    [0m[0m[1m[38;5;14m|[0m
[0m[1m[38;5;14m219[0m[0m [0m[0m[1m[38;5;14m|[0m[0m [0m[0m    #[cfg(not(feature = "egui"))][0m
[0m    [0m[0m[1m[38;5;14m|[0m[0m               [0m[0m[1m[38;5;11m^^^^^^^^^^^^^^^^[0m
[0m    [0m[0m[1m[38;5;14m|[0m
[0m    [0m[0m[1m[38;5;14m= [0m[0m[1m[38;5;15mnote[0m[0m: expected values for `feature` are: `default` and `weaving`[0m
[0m    [0m[0m[1m[38;5;14m= [0m[0m[1m[38;5;15mhelp[0m[0m: consider adding `egui` as a feature in `Cargo.toml`[0m
[0m    [0m[0m[1m[38;5;14m= [0m[0m[1m[38;5;15mnote[0m[0m: see <https://doc.rust-lang.org/nightly/rustc/check-cfg/cargo-specifics.html> for more information about checking conditional configuration[0m

[0m[1m[38;5;11mwarning[0m[0m[1m[38;5;15m: unexpected `cfg` condition value: `egui`[0m
[0m   [0m[0m[1m[38;5;14m--> [0m[0mastraweave-weaving\src\ui\anchor_inspection_modal.rs:122:11[0m
[0m    [0m[0m[1m[38;5;14m|[0m
[0m[1m[38;5;14m122[0m[0m [0m[0m[1m[38;5;14m|[0m[0m [0m[0m    #[cfg(feature = "egui")][0m
[0m    [0m[0m[1m[38;5;14m|[0m[0m           [0m[0m[1m[38;5;11m^^^^^^^^^^^^^^^^[0m
[0m    [0m[0m[1m[38;5;14m|[0m
[0m    [0m[0m[1m[38;5;14m= [0m[0m[1m[38;5;15mnote[0m[0m: expected values for `feature` are: `default` and `weaving`[0m
[0m    [0m[0m[1m[38;5;14m= [0m[0m[1m[38;5;15mhelp[0m[0m: consider adding `egui` as a feature in `Cargo.toml`[0m
[0m    [0m[0m[1m[38;5;14m= [0m[0m[1m[38;5;15mnote[0m[0m: see <https://doc.rust-lang.org/nightly/rustc/check-cfg/cargo-specifics.html> for more information about checking conditional configuration[0m

[0m[1m[38;5;11mwarning[0m[0m[1m[38;5;15m: unexpected `cfg` condition value: `egui`[0m
[0m   [0m[0m[1m[38;5;14m--> [0m[0mastraweave-weaving\src\ui\anchor_inspection_modal.rs:236:15[0m
[0m    [0m[0m[1m[38;5;14m|[0m
[0m[1m[38;5;14m236[0m[0m [0m[0m[1m[38;5;14m|[0m[0m [0m[0m    #[cfg(not(feature = "egui"))][0m
[0m    [0m[0m[1m[38;5;14m|[0m[0m               [0m[0m[1m[38;5;11m^^^^^^^^^^^^^^^^[0m
[0m    [0m[0m[1m[38;5;14m|[0m
[0m    [0m[0m[1m[38;5;14m= [0m[0m[1m[38;5;15mnote[0m[0m: expected values for `feature` are: `default` and `weaving`[0m
[0m    [0m[0m[1m[38;5;14m= [0m[0m[1m[38;5;15mhelp[0m[0m: consider adding `egui` as a feature in `Cargo.toml`[0m
[0m    [0m[0m[1m[38;5;14m= [0m[0m[1m[38;5;15mnote[0m[0m: see <https://doc.rust-lang.org/nightly/rustc/check-cfg/cargo-specifics.html> for more information about checking conditional configuration[0m

[0m[1m[38;5;11mwarning[0m[0m[1m[38;5;15m: unexpected `cfg` condition value: `egui`[0m
[0m   [0m[0m[1m[38;5;14m--> [0m[0mastraweave-weaving\src\ui\echo_hud.rs:127:11[0m
[0m    [0m[0m[1m[38;5;14m|[0m
[0m[1m[38;5;14m127[0m[0m [0m[0m[1m[38;5;14m|[0m[0m [0m[0m    #[cfg(feature = "egui")][0m
[0m    [0m[0m[1m[38;5;14m|[0m[0m           [0m[0m[1m[38;5;11m^^^^^^^^^^^^^^^^[0m
[0m    [0m[0m[1m[38;5;14m|[0m
[0m    [0m[0m[1m[38;5;14m= [0m[0m[1m[38;5;15mnote[0m[0m: expected values for `feature` are: `default` and `weaving`[0m
[0m    [0m[0m[1m[38;5;14m= [0m[0m[1m[38;5;15mhelp[0m[0m: consider adding `egui` as a feature in `Cargo.toml`[0m
[0m    [0m[0m[1m[38;5;14m= [0m[0m[1m[38;5;15mnote[0m[0m: see <https://doc.rust-lang.org/nightly/rustc/check-cfg/cargo-specifics.html> for more information about checking conditional configuration[0m

[0m[1m[38;5;11mwarning[0m[0m[1m[38;5;15m: unexpected `cfg` condition value: `egui`[0m
[0m   [0m[0m[1m[38;5;14m--> [0m[0mastraweave-weaving\src\ui\echo_hud.rs:179:15[0m
[0m    [0m[0m[1m[38;5;14m|[0m
[0m[1m[38;5;14m179[0m[0m [0m[0m[1m[38;5;14m|[0m[0m [0m[0m    #[cfg(not(feature = "egui"))][0m
[0m    [0m[0m[1m[38;5;14m|[0m[0m               [0m[0m[1m[38;5;11m^^^^^^^^^^^^^^^^[0m
[0m    [0m[0m[1m[38;5;14m|[0m
[0m    [0m[0m[1m[38;5;14m= [0m[0m[1m[38;5;15mnote[0m[0m: expected values for `feature` are: `default` and `weaving`[0m
[0m    [0m[0m[1m[38;5;14m= [0m[0m[1m[38;5;15mhelp[0m[0m: consider adding `egui` as a feature in `Cargo.toml`[0m
[0m    [0m[0m[1m[38;5;14m= [0m[0m[1m[38;5;15mnote[0m[0m: see <https://doc.rust-lang.org/nightly/rustc/check-cfg/cargo-specifics.html> for more information about checking conditional configuration[0m

[0m[1m[38;5;11mwarning[0m[0m[1m[38;5;15m: unexpected `cfg` condition value: `egui`[0m
[0m  [0m[0m[1m[38;5;14m--> [0m[0mastraweave-weaving\src\ui\repair_progress_bar.rs:90:11[0m
[0m   [0m[0m[1m[38;5;14m|[0m
[0m[1m[38;5;14m90[0m[0m [0m[0m[1m[38;5;14m|[0m[0m [0m[0m    #[cfg(feature = "egui")][0m
[0m   [0m[0m[1m[38;5;14m|[0m[0m           [0m[0m[1m[38;5;11m^^^^^^^^^^^^^^^^[0m
[0m   [0m[0m[1m[38;5;14m|[0m
[0m   [0m[0m[1m[38;5;14m= [0m[0m[1m[38;5;15mnote[0m[0m: expected values for `feature` are: `default` and `weaving`[0m
[0m   [0m[0m[1m[38;5;14m= [0m[0m[1m[38;5;15mhelp[0m[0m: consider adding `egui` as a feature in `Cargo.toml`[0m
[0m   [0m[0m[1m[38;5;14m= [0m[0m[1m[38;5;15mnote[0m[0m: see <https://doc.rust-lang.org/nightly/rustc/check-cfg/cargo-specifics.html> for more information about checking conditional configuration[0m

[0m[1m[38;5;11mwarning[0m[0m[1m[38;5;15m: unexpected `cfg` condition value: `egui`[0m
[0m   [0m[0m[1m[38;5;14m--> [0m[0mastraweave-weaving\src\ui\repair_progress_bar.rs:137:15[0m
[0m    [0m[0m[1m[38;5;14m|[0m
[0m[1m[38;5;14m137[0m[0m [0m[0m[1m[38;5;14m|[0m[0m [0m[0m    #[cfg(not(feature = "egui"))][0m
[0m    [0m[0m[1m[38;5;14m|[0m[0m               [0m[0m[1m[38;5;11m^^^^^^^^^^^^^^^^[0m
[0m    [0m[0m[1m[38;5;14m|[0m
[0m    [0m[0m[1m[38;5;14m= [0m[0m[1m[38;5;15mnote[0m[0m: expected values for `feature` are: `default` and `weaving`[0m
[0m    [0m[0m[1m[38;5;14m= [0m[0m[1m[38;5;15mhelp[0m[0m: consider adding `egui` as a feature in `Cargo.toml`[0m
[0m    [0m[0m[1m[38;5;14m= [0m[0m[1m[38;5;15mnote[0m[0m: see <https://doc.rust-lang.org/nightly/rustc/check-cfg/cargo-specifics.html> for more information about checking conditional configuration[0m

[0m[1m[38;5;11mwarning[0m[0m[1m[38;5;15m: unused variable: `event_pos`[0m
[0m  [0m[0m[1m[38;5;14m--> [0m[0mastraweave-weaving\src\systems\anchor_decay_system.rs:57:71[0m
[0m   [0m[0m[1m[38;5;14m|[0m
[0m[1m[38;5;14m57[0m[0m [0m[0m[1m[38;5;14m|[0m[0m [0m[0mfn apply_combat_stress_to_nearby_anchors(anchors: &mut [&mut Anchor], event_pos: (f32, f32, f32)) {[0m
[0m   [0m[0m[1m[38;5;14m|[0m[0m                                                                       [0m[0m[1m[38;5;11m^^^^^^^^^[0m[0m [0m[0m[1m[38;5;11mhelp: if this is intentional, prefix it with an underscore: `_event_pos`[0m
[0m   [0m[0m[1m[38;5;14m|[0m
[0m   [0m[0m[1m[38;5;14m= [0m[0m[1m[38;5;15mnote[0m[0m: `#[warn(unused_variables)]` on by default[0m

[0m[1m[38;5;11mwarning[0m[0m[1m[38;5;15m: unused variable: `ability_before`[0m
[0m  [0m[0m[1m[38;5;14m--> [0m[0mastraweave-weaving\src\systems\anchor_repair_system.rs:88:13[0m
[0m   [0m[0m[1m[38;5;14m|[0m
[0m[1m[38;5;14m88[0m[0m [0m[0m[1m[38;5;14m|[0m[0m [0m[0m        let ability_before = anchor.unlocks_ability().map(|a| format!("{:?}", a));[0m
[0m   [0m[0m[1m[38;5;14m|[0m[0m             [0m[0m[1m[38;5;11m^^^^^^^^^^^^^^[0m[0m [0m[0m[1m[38;5;11mhelp: if this is intentional, prefix it with an underscore: `_ability_before`[0m

[0m[1m[38;5;11mwarning[0m[0m[1m[38;5;15m: unused variable: `idx`[0m
[0m   [0m[0m[1m[38;5;14m--> [0m[0mastraweave-weaving\src\ui\quest_panel.rs:140:18[0m
[0m    [0m[0m[1m[38;5;14m|[0m
[0m[1m[38;5;14m140[0m[0m [0m[0m[1m[38;5;14m|[0m[0m [0m[0m            for (idx, obj) in q.objectives.iter().enumerate() {[0m
[0m    [0m[0m[1m[38;5;14m|[0m[0m                  [0m[0m[1m[38;5;11m^^^[0m[0m [0m[0m[1m[38;5;11mhelp: if this is intentional, prefix it with an underscore: `_idx`[0m

[0m[1m[38;5;11mwarning[0m[0m[1m[38;5;15m: constant `MAX_PARTICLE_LIFETIME` is never used[0m
[0m  [0m[0m[1m[38;5;14m--> [0m[0mastraweave-weaving\src\particles\anchor_particle.rs:13:7[0m
[0m   [0m[0m[1m[38;5;14m|[0m
[0m[1m[38;5;14m13[0m[0m [0m[0m[1m[38;5;14m|[0m[0m [0m[0mconst MAX_PARTICLE_LIFETIME: f32 = 3.0;[0m
[0m   [0m[0m[1m[38;5;14m|[0m[0m       [0m[0m[1m[38;5;11m^^^^^^^^^^^^^^^^^^^^^[0m
[0m   [0m[0m[1m[38;5;14m|[0m
[0m   [0m[0m[1m[38;5;14m= [0m[0m[1m[38;5;15mnote[0m[0m: `#[warn(dead_code)]` on by default[0m

[0m[1m[38;5;11mwarning[0m[0m[1m[38;5;15m: constant `STRESS_RADIUS` is never used[0m
[0m  [0m[0m[1m[38;5;14m--> [0m[0mastraweave-weaving\src\systems\anchor_decay_system.rs:58:11[0m
[0m   [0m[0m[1m[38;5;14m|[0m
[0m[1m[38;5;14m58[0m[0m [0m[0m[1m[38;5;14m|[0m[0m [0m[0m    const STRESS_RADIUS: f32 = 20.0;[0m
[0m   [0m[0m[1m[38;5;14m|[0m[0m           [0m[0m[1m[38;5;11m^^^^^^^^^^^^^[0m

[0m[1m[38;5;11mwarning[0m[0m[1m[38;5;15m: constant `STRESS_RADIUS_SQ` is never used[0m
[0m  [0m[0m[1m[38;5;14m--> [0m[0mastraweave-weaving\src\systems\anchor_decay_system.rs:59:11[0m
[0m   [0m[0m[1m[38;5;14m|[0m
[0m[1m[38;5;14m59[0m[0m [0m[0m[1m[38;5;14m|[0m[0m [0m[0m    const STRESS_RADIUS_SQ: f32 = STRESS_RADIUS * STRESS_RADIUS;[0m
[0m   [0m[0m[1m[38;5;14m|[0m[0m           [0m[0m[1m[38;5;11m^^^^^^^^^^^^^^^^[0m

LLVM Profile Warning: Unable to merge profile data: source profile file is not compatible.
LLVM Profile Error: Profile Merging of file C:\Users\pv2br\AstraWeave-AI-Native-Gaming-Engine\target\llvm-cov-target\AstraWeave-AI-Native-Gaming-Engine-43396-12103954006152691870_0.profraw failed: File exists
LLVM Profile Error: Failed to write file "C:\Users\pv2br\AstraWeave-AI-Native-Gaming-Engine\target\llvm-cov-target\AstraWeave-AI-Native-Gaming-Engine-43396-12103954006152691870_0.profraw": File exists
[1m[32m   Compiling[0m mockito v1.7.0
[1m[32m   Compiling[0m rustix v1.1.2
[1m[32m   Compiling[0m astraweave-render-bevy v0.1.0 (C:\Users\pv2br\AstraWeave-AI-Native-Gaming-Engine\astraweave-render-bevy)
[1m[32m   Compiling[0m astraweave-persistence-ecs v0.1.0 (C:\Users\pv2br\AstraWeave-AI-Native-Gaming-Engine\astraweave-persistence-ecs)
[1m[32m   Compiling[0m aw-net-proto v0.1.0 (C:\Users\pv2br\AstraWeave-AI-Native-Gaming-Engine\net\aw-net-proto)
[1m[32m   Compiling[0m errno v0.3.14
[1m[32m   Compiling[0m async-io v2.6.0
[1m[32m   Compiling[0m syn v1.0.109
[1m[32m   Compiling[0m async-task v4.7.1
[1m[32m   Compiling[0m parking_lot_core v0.8.6
[1m[32m   Compiling[0m async-channel v2.5.0
[1m[32m   Compiling[0m polling v3.11.0
[1m[32m   Compiling[0m egui_plot v0.33.0
[1m[32m   Compiling[0m piper v0.2.4
[1m[32m   Compiling[0m rtoolbox v0.0.3
[1m[32m   Compiling[0m tracing-chrome v0.7.2
[1m[32m   Compiling[0m proc-macro2 v1.0.101
[1m[32m   Compiling[0m instant v0.1.13
[1m[32m   Compiling[0m rustls v0.22.4
[1m[32m   Compiling[0m quote v1.0.41
[1m[32m   Compiling[0m rpassword v7.4.0
[1m[32m   Compiling[0m blocking v1.6.2
[1m[32m   Compiling[0m async-executor v1.13.3
[1m[33mwarning[0m[1m:[0m `astraweave-weaving` (lib) generated 14 warnings
[1m[32m   Compiling[0m async-lock v3.4.1
[1m[32m   Compiling[0m astraweave-net v0.1.0 (C:\Users\pv2br\AstraWeave-AI-Native-Gaming-Engine\astraweave-net)
[1m[32m   Compiling[0m astraweave-director v0.1.0 (C:\Users\pv2br\AstraWeave-AI-Native-Gaming-Engine\astraweave-director)
[1m[32m   Compiling[0m rustls-webpki v0.102.8
[1m[32m   Compiling[0m meshopt v0.6.2
[1m[32m   Compiling[0m cbindgen v0.29.0
[1m[32m   Compiling[0m event-listener v2.5.3
[1m[32m   Compiling[0m async-channel v1.9.0
[1m[32m   Compiling[0m async-global-executor v2.4.1
[1m[32m   Compiling[0m syn v2.0.106
[1m[32m   Compiling[0m parking_lot v0.11.2
[1m[32m   Compiling[0m aw_debug v0.1.0 (C:\Users\pv2br\AstraWeave-AI-Native-Gaming-Engine\tools\aw_debug)
[1m[32m   Compiling[0m fs2 v0.4.3
[1m[32m   Compiling[0m axum-core v0.5.5
[1m[32m   Compiling[0m fxhash v0.2.1
[1m[32m   Compiling[0m kv-log-macro v1.0.7
[1m[32m   Compiling[0m serde_path_to_error v0.1.20
[1m[32m   Compiling[0m matchit v0.8.4
[1m[32m   Compiling[0m heck v0.5.0
[1m[32m   Compiling[0m axum v0.8.6
[1m[32m   Compiling[0m sled v0.34.7
[1m[32m   Compiling[0m tokio-rustls v0.25.0
[1m[32m   Compiling[0m astraweave-secrets v0.1.0 (C:\Users\pv2br\AstraWeave-AI-Native-Gaming-Engine\astraweave-secrets)
[1m[32m   Compiling[0m astraweave-net-ecs v0.1.0 (C:\Users\pv2br\AstraWeave-AI-Native-Gaming-Engine\astraweave-net-ecs)
[1m[32m   Compiling[0m async-attributes v1.1.2
[1m[32m   Compiling[0m astraweave-ipc v0.1.0 (C:\Users\pv2br\AstraWeave-AI-Native-Gaming-Engine\astraweave-ipc)
[1m[32m   Compiling[0m astraweave-npc v0.1.0 (C:\Users\pv2br\AstraWeave-AI-Native-Gaming-Engine\astraweave-npc)
[1m[32m   Compiling[0m async-std v1.13.2
[1m[32m   Compiling[0m astraweave-llm-eval v0.1.0 (C:\Users\pv2br\AstraWeave-AI-Native-Gaming-Engine\astraweave-llm-eval)
[1m[32m   Compiling[0m aw_headless v0.1.0 (C:\Users\pv2br\AstraWeave-AI-Native-Gaming-Engine\tools\aw_headless)
[1m[32m   Compiling[0m rustls-pemfile v2.2.0
[1m[32m   Compiling[0m astraweave-math v0.1.0 (C:\Users\pv2br\AstraWeave-AI-Native-Gaming-Engine\astraweave-math)
[1m[32m   Compiling[0m astraweave-profiling v0.4.0 (C:\Users\pv2br\AstraWeave-AI-Native-Gaming-Engine\astraweave-profiling)
[1m[32m   Compiling[0m serde_bytes v0.11.19
[1m[32m   Compiling[0m semver v1.0.27
[1m[32m   Compiling[0m pollster v0.3.0
[1m[32m   Compiling[0m astraweave-persistence-player v0.1.0 (C:\Users\pv2br\AstraWeave-AI-Native-Gaming-Engine\crates\astraweave-persistence-player)
[1m[32m   Compiling[0m aw_release v0.4.0 (C:\Users\pv2br\AstraWeave-AI-Native-Gaming-Engine\tools\aw_release)
[1m[32m   Compiling[0m profiling_demo v0.1.0 (C:\Users\pv2br\AstraWeave-AI-Native-Gaming-Engine\examples\profiling_demo)
[0m[1m[38;5;11mwarning[0m[0m[1m[38;5;15m: variable `collision_checks` is assigned to, but never used[0m
[0m   [0m[0m[1m[38;5;14m--> [0m[0mexamples\profiling_demo\src\main.rs:424:13[0m
[0m    [0m[0m[1m[38;5;14m|[0m
[0m[1m[38;5;14m424[0m[0m [0m[0m[1m[38;5;14m|[0m[0m [0m[0m    let mut collision_checks = 0;[0m
[0m    [0m[0m[1m[38;5;14m|[0m[0m             [0m[0m[1m[38;5;11m^^^^^^^^^^^^^^^^[0m
[0m    [0m[0m[1m[38;5;14m|[0m
[0m    [0m[0m[1m[38;5;14m= [0m[0m[1m[38;5;15mnote[0m[0m: consider using `_collision_checks` instead[0m
[0m    [0m[0m[1m[38;5;14m= [0m[0m[1m[38;5;15mnote[0m[0m: `#[warn(unused_variables)]` on by default[0m

[0m[1m[38;5;11mwarning[0m[0m[1m[38;5;15m: variable `collisions` is assigned to, but never used[0m
[0m   [0m[0m[1m[38;5;14m--> [0m[0mexamples\profiling_demo\src\main.rs:425:13[0m
[0m    [0m[0m[1m[38;5;14m|[0m
[0m[1m[38;5;14m425[0m[0m [0m[0m[1m[38;5;14m|[0m[0m [0m[0m    let mut collisions = 0;[0m
[0m    [0m[0m[1m[38;5;14m|[0m[0m             [0m[0m[1m[38;5;11m^^^^^^^^^^[0m
[0m    [0m[0m[1m[38;5;14m|[0m
[0m    [0m[0m[1m[38;5;14m= [0m[0m[1m[38;5;15mnote[0m[0m: consider using `_collisions` instead[0m

[0m[1m[38;5;11mwarning[0m[0m[1m[38;5;15m: field `mass` is never read[0m
[0m   [0m[0m[1m[38;5;14m--> [0m[0mexamples\profiling_demo\src\main.rs:135:5[0m
[0m    [0m[0m[1m[38;5;14m|[0m
[0m[1m[38;5;14m134[0m[0m [0m[0m[1m[38;5;14m|[0m[0m [0m[0mstruct RigidBody {[0m
[0m    [0m[0m[1m[38;5;14m|[0m[0m        [0m[0m[1m[38;5;14m---------[0m[0m [0m[0m[1m[38;5;14mfield in this struct[0m
[0m[1m[38;5;14m135[0m[0m [0m[0m[1m[38;5;14m|[0m[0m [0m[0m    mass: f32,[0m
[0m    [0m[0m[1m[38;5;14m|[0m[0m     [0m[0m[1m[38;5;11m^^^^[0m
[0m    [0m[0m[1m[38;5;14m|[0m
[0m    [0m[0m[1m[38;5;14m= [0m[0m[1m[38;5;15mnote[0m[0m: `RigidBody` has derived impls for the traits `Clone` and `Debug`, but these are intentionally ignored during dead code analysis[0m
[0m    [0m[0m[1m[38;5;14m= [0m[0m[1m[38;5;15mnote[0m[0m: `#[warn(dead_code)]` on by default[0m

[0m[1m[38;5;11mwarning[0m[0m[1m[38;5;15m: field `total_us` is never read[0m
[0m   [0m[0m[1m[38;5;14m--> [0m[0mexamples\profiling_demo\src\main.rs:154:5[0m
[0m    [0m[0m[1m[38;5;14m|[0m
[0m[1m[38;5;14m146[0m[0m [0m[0m[1m[38;5;14m|[0m[0m [0m[0mstruct SystemTimings {[0m
[0m    [0m[0m[1m[38;5;14m|[0m[0m        [0m[0m[1m[38;5;14m-------------[0m[0m [0m[0m[1m[38;5;14mfield in this struct[0m
[0m[1m[38;5;14m...[0m
[0m[1m[38;5;14m154[0m[0m [0m[0m[1m[38;5;14m|[0m[0m [0m[0m    total_us: u64,[0m
[0m    [0m[0m[1m[38;5;14m|[0m[0m     [0m[0m[1m[38;5;11m^^^^^^^^[0m
[0m    [0m[0m[1m[38;5;14m|[0m
[0m    [0m[0m[1m[38;5;14m= [0m[0m[1m[38;5;15mnote[0m[0m: `SystemTimings` has derived impls for the traits `Clone` and `Debug`, but these are intentionally ignored during dead code analysis[0m

[0m[1m[38;5;11mwarning[0m[0m[1m[38;5;15m: fields `entity_count` and `timings` are never read[0m
[0m   [0m[0m[1m[38;5;14m--> [0m[0mexamples\profiling_demo\src\main.rs:160:5[0m
[0m    [0m[0m[1m[38;5;14m|[0m
[0m[1m[38;5;14m158[0m[0m [0m[0m[1m[38;5;14m|[0m[0m [0m[0mstruct GameState {[0m
[0m    [0m[0m[1m[38;5;14m|[0m[0m        [0m[0m[1m[38;5;14m---------[0m[0m [0m[0m[1m[38;5;14mfields in this struct[0m
[0m[1m[38;5;14m159[0m[0m [0m[0m[1m[38;5;14m|[0m[0m [0m[0m    app: App,[0m
[0m[1m[38;5;14m160[0m[0m [0m[0m[1m[38;5;14m|[0m[0m [0m[0m    entity_count: usize,[0m
[0m    [0m[0m[1m[38;5;14m|[0m[0m     [0m[0m[1m[38;5;11m^^^^^^^^^^^^[0m
[0m[1m[38;5;14m...[0m
[0m[1m[38;5;14m163[0m[0m [0m[0m[1m[38;5;14m|[0m[0m [0m[0m    timings: SystemTimings,[0m
[0m    [0m[0m[1m[38;5;14m|[0m[0m     [0m[0m[1m[38;5;11m^^^^^^^[0m

[1m[33mwarning[0m[1m:[0m `profiling_demo` (bin "profiling_demo" test) generated 5 warnings
[1m[32m   Compiling[0m npc_town_demo v0.1.0 (C:\Users\pv2br\AstraWeave-AI-Native-Gaming-Engine\examples\npc_town_demo)
[1m[32m   Compiling[0m astraweave-stress-test v0.1.0 (C:\Users\pv2br\AstraWeave-AI-Native-Gaming-Engine\astraweave-stress-test)
[1m[32m   Compiling[0m aw-net-server v0.1.0 (C:\Users\pv2br\AstraWeave-AI-Native-Gaming-Engine\net\aw-net-server)
[1m[32m   Compiling[0m ipc_loopback v0.1.0 (C:\Users\pv2br\AstraWeave-AI-Native-Gaming-Engine\examples\ipc_loopback)
[1m[32m   Compiling[0m orchestrator_async_tick v0.1.0 (C:\Users\pv2br\AstraWeave-AI-Native-Gaming-Engine\examples\orchestrator_async_tick)
[1m[32m   Compiling[0m debug_toolkit_demo v0.1.0 (C:\Users\pv2br\AstraWeave-AI-Native-Gaming-Engine\examples\debug_toolkit_demo)
[1m[32m   Compiling[0m astraweave-asset-pipeline v0.1.0 (C:\Users\pv2br\AstraWeave-AI-Native-Gaming-Engine\astraweave-asset-pipeline)
[1m[32m   Compiling[0m coop_client v0.1.0 (C:\Users\pv2br\AstraWeave-AI-Native-Gaming-Engine\examples\coop_client)
[1m[32m   Compiling[0m coop_server v0.1.0 (C:\Users\pv2br\AstraWeave-AI-Native-Gaming-Engine\examples\coop_server)
[0m[1m[38;5;9merror[E0063][0m[0m[1m[38;5;15m: missing field `speed` in initializer of `ActionStep`[0m
[0m  [0m[0m[1m[38;5;14m--> [0m[0mexamples\coop_client\src\main.rs:34:13[0m
[0m   [0m[0m[1m[38;5;14m|[0m
[0m[1m[38;5;14m34[0m[0m [0m[0m[1m[38;5;14m|[0m[0m [0m[0m            ActionStep::MoveTo { x: 4, y: 3 },[0m
[0m   [0m[0m[1m[38;5;14m|[0m[0m             [0m[0m[1m[38;5;9m^^^^^^^^^^^^^^^^^^[0m[0m [0m[0m[1m[38;5;9mmissing `speed`[0m

[0m[1m[38;5;9merror[E0027][0m[0m[1m[38;5;15m: pattern does not mention field `speed`[0m
[0m  [0m[0m[1m[38;5;14m--> [0m[0mexamples\coop_client\src\main.rs:70:16[0m
[0m   [0m[0m[1m[38;5;14m|[0m
[0m[1m[38;5;14m70[0m[0m [0m[0m[1m[38;5;14m|[0m[0m [0m[0m        if let ActionStep::MoveTo { x, y } = s {[0m
[0m   [0m[0m[1m[38;5;14m|[0m[0m                [0m[0m[1m[38;5;9m^^^^^^^^^^^^^^^^^^^^^^^^^^^[0m[0m [0m[0m[1m[38;5;9mmissing field `speed`[0m
[0m   [0m[0m[1m[38;5;14m|[0m
[0m[1m[38;5;14mhelp[0m[0m: include the missing field in the pattern[0m
[0m   [0m[0m[1m[38;5;14m|[0m
[0m[1m[38;5;14m70[0m[0m [0m[0m[1m[38;5;14m| [0m[0m        if let ActionStep::MoveTo { x, y[0m[0m[38;5;10m, speed[0m[0m } = s {[0m
[0m   [0m[0m[1m[38;5;14m|[0m[0m                                         [0m[0m[38;5;10m+++++++[0m
[0m[1m[38;5;14mhelp[0m[0m: if you don't care about this missing field, you can explicitly ignore it[0m
[0m   [0m[0m[1m[38;5;14m|[0m
[0m[1m[38;5;14m70[0m[0m [0m[0m[1m[38;5;14m| [0m[0m        if let ActionStep::MoveTo { x, y[0m[0m[38;5;10m, speed: _[0m[0m } = s {[0m
[0m   [0m[0m[1m[38;5;14m|[0m[0m                                         [0m[0m[38;5;10m++++++++++[0m
[0m[1m[38;5;14mhelp[0m[0m: or always ignore missing fields here[0m
[0m   [0m[0m[1m[38;5;14m|[0m
[0m[1m[38;5;14m70[0m[0m [0m[0m[1m[38;5;14m| [0m[0m        if let ActionStep::MoveTo { x, y[0m[0m[38;5;10m, ..[0m[0m } = s {[0m
[0m   [0m[0m[1m[38;5;14m|[0m[0m                                         [0m[0m[38;5;10m++++[0m

[0m[1m[38;5;9merror[E0027][0m[0m[1m[38;5;15m: pattern does not mention field `speed`[0m
[0m   [0m[0m[1m[38;5;14m--> [0m[0mexamples\coop_client\src\main.rs:116:49[0m
[0m    [0m[0m[1m[38;5;14m|[0m
[0m[1m[38;5;14m116[0m[0m [0m[0m[1m[38;5;14m|[0m[0m [0m[0m[1m[38;5;14m...[0m[0m                   if let Some(ActionStep::MoveTo { x, y }) = intent.steps.first()[0m
[0m    [0m[0m[1m[38;5;14m|[0m[0m                                   [0m[0m[1m[38;5;9m^^^^^^^^^^^^^^^^^^^^^^^^^^^[0m[0m [0m[0m[1m[38;5;9mmissing field `speed`[0m
[0m    [0m[0m[1m[38;5;14m|[0m
[0m[1m[38;5;14mhelp[0m[0m: include the missing field in the pattern[0m
[0m    [0m[0m[1m[38;5;14m|[0m
[0m[1m[38;5;14m116[0m[0m [0m[0m[1m[38;5;14m| [0m[0m                                    if let Some(ActionStep::MoveTo { x, y[0m[0m[38;5;10m, speed[0m[0m }) = intent.steps.first()[0m
[0m    [0m[0m[1m[38;5;14m|[0m[0m                                                                          [0m[0m[38;5;10m+++++++[0m
[0m[1m[38;5;14mhelp[0m[0m: if you don't care about this missing field, you can explicitly ignore it[0m
[0m    [0m[0m[1m[38;5;14m|[0m
[0m[1m[38;5;14m116[0m[0m [0m[0m[1m[38;5;14m| [0m[0m                                    if let Some(ActionStep::MoveTo { x, y[0m[0m[38;5;10m, speed: _[0m[0m }) = intent.steps.first()[0m
[0m    [0m[0m[1m[38;5;14m|[0m[0m                                                                          [0m[0m[38;5;10m++++++++++[0m
[0m[1m[38;5;14mhelp[0m[0m: or always ignore missing fields here[0m
[0m    [0m[0m[1m[38;5;14m|[0m
[0m[1m[38;5;14m116[0m[0m [0m[0m[1m[38;5;14m| [0m[0m                                    if let Some(ActionStep::MoveTo { x, y[0m[0m[38;5;10m, ..[0m[0m }) = intent.steps.first()[0m
[0m    [0m[0m[1m[38;5;14m|[0m[0m                                                                          [0m[0m[38;5;10m++++[0m

[0m[1m[38;5;15mSome errors have detailed explanations: E0027, E0063.[0m
[0m[1m[38;5;15mFor more information about an error, try `rustc --explain E0027`.[0m
[1m[31merror[0m[1m:[0m could not compile `coop_client` (bin "coop_client" test) due to 3 previous errors
[1m[33mwarning[0m[1m:[0m build failed, waiting for other jobs to finish...
[0m[1m[38;5;9merror[E0432][0m[0m[1m[38;5;15m: unresolved import `winit::window::WindowBuilder`[0m
[0m [0m[0m[1m[38;5;14m--> [0m[0mexamples\debug_toolkit_demo\src\main.rs:8:5[0m
[0m  [0m[0m[1m[38;5;14m|[0m
[0m[1m[38;5;14m8[0m[0m [0m[0m[1m[38;5;14m|[0m[0m [0m[0m    window::WindowBuilder,[0m
[0m  [0m[0m[1m[38;5;14m|[0m[0m     [0m[0m[1m[38;5;9m^^^^^^^^^^^^^^^^^^^^^[0m[0m [0m[0m[1m[38;5;9mno `WindowBuilder` in `window`[0m

[0m[1m[38;5;9merror[E0063][0m[0m[1m[38;5;15m: missing field `speed` in initializer of `ActionStep`[0m
[0m  [0m[0m[1m[38;5;14m--> [0m[0mexamples\debug_toolkit_demo\src\main.rs:43:17[0m
[0m   [0m[0m[1m[38;5;14m|[0m
[0m[1m[38;5;14m43[0m[0m [0m[0m[1m[38;5;14m|[0m[0m [0m[0m                ActionStep::MoveTo { x: 4, y: 2 },[0m
[0m   [0m[0m[1m[38;5;14m|[0m[0m                 [0m[0m[1m[38;5;9m^^^^^^^^^^^^^^^^^^[0m[0m [0m[0m[1m[38;5;9mmissing `speed`[0m

[0m[1m[38;5;9merror[E0061][0m[0m[1m[38;5;15m: this function takes 6 arguments but 5 arguments were supplied[0m
[0m   [0m[0m[1m[38;5;14m--> [0m[0mexamples\debug_toolkit_demo\src\main.rs:163:29[0m
[0m    [0m[0m[1m[38;5;14m|[0m
[0m[1m[38;5;14m163[0m[0m [0m[0m[1m[38;5;14m|[0m[0m   [0m[0m    let mut egui_platform = egui_winit::State::new([0m
[0m    [0m[0m[1m[38;5;14m|[0m[0m [0m[0m[1m[38;5;14m _____________________________[0m[0m[1m[38;5;9m^^^^^^^^^^^^^^^^^^^^^^[0m[0m[1m[38;5;14m-[0m
[0m[1m[38;5;14m164[0m[0m [0m[0m[1m[38;5;14m|[0m[0m [0m[0m[1m[38;5;14m|[0m[0m [0m[0m        egui_ctx.clone(),[0m
[0m[1m[38;5;14m165[0m[0m [0m[0m[1m[38;5;14m|[0m[0m [0m[0m[1m[38;5;14m|[0m[0m [0m[0m        egui::ViewportId::default(),[0m
[0m[1m[38;5;14m166[0m[0m [0m[0m[1m[38;5;14m|[0m[0m [0m[0m[1m[38;5;14m|[0m[0m [0m[0m        &window,[0m
[0m[1m[38;5;14m167[0m[0m [0m[0m[1m[38;5;14m|[0m[0m [0m[0m[1m[38;5;14m|[0m[0m [0m[0m        None,[0m
[0m[1m[38;5;14m168[0m[0m [0m[0m[1m[38;5;14m|[0m[0m [0m[0m[1m[38;5;14m|[0m[0m [0m[0m        None,[0m
[0m[1m[38;5;14m169[0m[0m [0m[0m[1m[38;5;14m|[0m[0m [0m[0m[1m[38;5;14m|[0m[0m [0m[0m    );[0m
[0m    [0m[0m[1m[38;5;14m|[0m[0m [0m[0m[1m[38;5;14m|_____-[0m[0m [0m[0m[1m[38;5;14margument #6 of type `Option<usize>` is missing[0m
[0m    [0m[0m[1m[38;5;14m|[0m
[0m[1m[38;5;10mnote[0m[0m: associated function defined here[0m
[0m   [0m[0m[1m[38;5;14m--> [0m[0mC:\Users\pv2br\.cargo\registry\src\index.crates.io-1949cf8c6b5b557f\egui-winit-0.32.3\src\lib.rs:113:12[0m
[0m    [0m[0m[1m[38;5;14m|[0m
[0m[1m[38;5;14m113[0m[0m [0m[0m[1m[38;5;14m|[0m[0m [0m[0m    pub fn new([0m
[0m    [0m[0m[1m[38;5;14m|[0m[0m            [0m[0m[1m[38;5;10m^^^[0m
[0m[1m[38;5;14mhelp[0m[0m: provide the argument[0m
[0m    [0m[0m[1m[38;5;14m|[0m
[0m[1m[38;5;14m163[0m[0m [0m[0m[38;5;9m- [0m[0m    let mut egui_platform = egui_winit::State::new[0m[0m[38;5;9m([0m
[0m[1m[38;5;14m164[0m[0m [0m[0m[38;5;9m-         egui_ctx.clone(),[0m
[0m[1m[38;5;14m165[0m[0m [0m[0m[38;5;9m-         egui::ViewportId::default(),[0m
[0m[1m[38;5;14m166[0m[0m [0m[0m[38;5;9m-         &window,[0m
[0m[1m[38;5;14m167[0m[0m [0m[0m[38;5;9m-         None,[0m
[0m[1m[38;5;14m168[0m[0m [0m[0m[38;5;9m-         None,[0m
[0m[1m[38;5;14m169[0m[0m [0m[0m[38;5;9m-     )[0m[0m;[0m
[0m[1m[38;5;14m163[0m[0m [0m[0m[38;5;10m+ [0m[0m    let mut egui_platform = egui_winit::State::new[0m[0m[38;5;10m(egui_ctx.clone(), egui::ViewportId::default(), &window, None, None, /* Option<usize> */)[0m[0m;[0m
[0m    [0m[0m[1m[38;5;14m|[0m

[0m[1m[38;5;9merror[E0061][0m[0m[1m[38;5;15m: this function takes 5 arguments but 4 arguments were supplied[0m
[0m   [0m[0m[1m[38;5;14m--> [0m[0mexamples\debug_toolkit_demo\src\main.rs:171:9[0m
[0m    [0m[0m[1m[38;5;14m|[0m
[0m[1m[38;5;14m171[0m[0m [0m[0m[1m[38;5;14m|[0m[0m [0m[0m        egui_wgpu::Renderer::new(renderer.device(), renderer.surface_format(), None, 1);[0m
[0m    [0m[0m[1m[38;5;14m|[0m[0m         [0m[0m[1m[38;5;9m^^^^^^^^^^^^^^^^^^^^^^^^[0m[0m[1m[38;5;14m-------------------------------------------------------[0m[0m [0m[0m[1m[38;5;14margument #5 of type `bool` is missing[0m
[0m    [0m[0m[1m[38;5;14m|[0m
[0m[1m[38;5;10mnote[0m[0m: associated function defined here[0m
[0m   [0m[0m[1m[38;5;14m--> [0m[0mC:\Users\pv2br\.cargo\registry\src\index.crates.io-1949cf8c6b5b557f\egui-wgpu-0.32.3\src\renderer.rs:210:12[0m
[0m    [0m[0m[1m[38;5;14m|[0m
[0m[1m[38;5;14m210[0m[0m [0m[0m[1m[38;5;14m|[0m[0m [0m[0m    pub fn new([0m
[0m    [0m[0m[1m[38;5;14m|[0m[0m            [0m[0m[1m[38;5;10m^^^[0m
[0m[1m[38;5;14mhelp[0m[0m: provide the argument[0m
[0m    [0m[0m[1m[38;5;14m|[0m
[0m[1m[38;5;14m171[0m[0m [0m[0m[1m[38;5;14m| [0m[0m        egui_wgpu::Renderer::new(renderer.device(), renderer.surface_format(), None, 1[0m[0m[38;5;10m, /* bool */[0m[0m);[0m
[0m    [0m[0m[1m[38;5;14m|[0m[0m                                                                                       [0m[0m[38;5;10m++++++++++++[0m

[0m[1m[38;5;11mwarning[0m[0m[1m[38;5;15m: use of deprecated method `winit::event_loop::EventLoop::<T>::run`: use `EventLoop::run_app` instead[0m
[0m   [0m[0m[1m[38;5;14m--> [0m[0mexamples\debug_toolkit_demo\src\main.rs:177:16[0m
[0m    [0m[0m[1m[38;5;14m|[0m
[0m[1m[38;5;14m177[0m[0m [0m[0m[1m[38;5;14m|[0m[0m [0m[0m    event_loop.run(move |event, elwt| {[0m
[0m    [0m[0m[1m[38;5;14m|[0m[0m                [0m[0m[1m[38;5;11m^^^[0m
[0m    [0m[0m[1m[38;5;14m|[0m
[0m    [0m[0m[1m[38;5;14m= [0m[0m[1m[38;5;15mnote[0m[0m: `#[warn(deprecated)]` on by default[0m

[0m[1m[38;5;11mwarning[0m[0m[1m[38;5;15m: use of deprecated method `egui::Context::begin_frame`: Renamed begin_pass[0m
[0m   [0m[0m[1m[38;5;14m--> [0m[0mexamples\debug_toolkit_demo\src\main.rs:243:34[0m
[0m    [0m[0m[1m[38;5;14m|[0m
[0m[1m[38;5;14m243[0m[0m [0m[0m[1m[38;5;14m|[0m[0m [0m[0m                        egui_ctx.begin_frame(egui_input);[0m
[0m    [0m[0m[1m[38;5;14m|[0m[0m                                  [0m[0m[1m[38;5;11m^^^^^^^^^^^[0m

[0m[1m[38;5;11mwarning[0m[0m[1m[38;5;15m: use of deprecated method `egui::Context::end_frame`: Renamed end_pass[0m
[0m   [0m[0m[1m[38;5;14m--> [0m[0mexamples\debug_toolkit_demo\src\main.rs:253:52[0m
[0m    [0m[0m[1m[38;5;14m|[0m
[0m[1m[38;5;14m253[0m[0m [0m[0m[1m[38;5;14m|[0m[0m [0m[0m                        let egui_output = egui_ctx.end_frame();[0m
[0m    [0m[0m[1m[38;5;14m|[0m[0m                                                    [0m[0m[1m[38;5;11m^^^^^^^^^[0m

[0m[1m[38;5;15mSome errors have detailed explanations: E0061, E0063, E0432.[0m
[0m[1m[38;5;15mFor more information about an error, try `rustc --explain E0061`.[0m
LLVM Profile Warning: Unable to merge profile data: source profile file is not compatible.
LLVM Profile Error: Profile Merging of file C:\Users\pv2br\AstraWeave-AI-Native-Gaming-Engine\target\llvm-cov-target\AstraWeave-AI-Native-Gaming-Engine-46672-12103954006152691870_0.profraw failed: File exists
LLVM Profile Error: Failed to write file "C:\Users\pv2br\AstraWeave-AI-Native-Gaming-Engine\target\llvm-cov-target\AstraWeave-AI-Native-Gaming-Engine-46672-12103954006152691870_0.profraw": File exists
[1m[33mwarning[0m[1m:[0m `debug_toolkit_demo` (bin "debug_toolkit_demo" test) generated 3 warnings
[1m[31merror[0m[1m:[0m could not compile `debug_toolkit_demo` (bin "debug_toolkit_demo" test) due to 4 previous errors; 3 warnings emitted
LLVM Profile Warning: Unable to merge profile data: source profile file is not compatible.
LLVM Profile Error: Profile Merging of file C:\Users\pv2br\AstraWeave-AI-Native-Gaming-Engine\target\llvm-cov-target\AstraWeave-AI-Native-Gaming-Engine-44256-12103954006152691870_0.profraw failed: File exists
LLVM Profile Error: Failed to write file "C:\Users\pv2br\AstraWeave-AI-Native-Gaming-Engine\target\llvm-cov-target\AstraWeave-AI-Native-Gaming-Engine-44256-12103954006152691870_0.profraw": File exists
error: process didn't exit successfully: `C:\Users\pv2br\.rustup\toolchains\1.89.0-x86_64-pc-windows-msvc\bin\cargo.exe test --tests --manifest-path C:\Users\pv2br\AstraWeave-AI-Native-Gaming-Engine\Cargo.toml --target-dir C:\Users\pv2br\AstraWeave-AI-Native-Gaming-Engine\target\llvm-cov-target --workspace` (exit code: 101)
