info: cargo-llvm-cov currently setting cfg(coverage); you can opt-out it by passing --no-cfg-coverage
   Compiling proc-macro2 v1.0.101
   Compiling quote v1.0.41
   Compiling unicode-ident v1.0.19
   Compiling cfg-if v1.0.3
   Compiling serde_core v1.0.228
   Compiling serde v1.0.228
   Compiling getrandom v0.3.3
   Compiling windows-link v0.2.1
   Compiling memchr v2.7.6
   Compiling smallvec v1.15.1
   Compiling value-bag v1.11.1
   Compiling windows_x86_64_msvc v0.52.6
   Compiling windows-sys v0.61.2
   Compiling log v0.4.28
   Compiling zerocopy v0.8.27
   Compiling windows-targets v0.52.6
   Compiling autocfg v1.5.0
   Compiling scopeguard v1.2.0
   Compiling lock_api v0.4.14
   Compiling itoa v1.0.15
   Compiling syn v2.0.106
   Compiling pin-project-lite v0.2.16
   Compiling parking_lot_core v0.9.12
   Compiling libm v0.2.15
   Compiling num-traits v0.2.19
   Compiling anyhow v1.0.100
   Compiling portable-atomic v1.11.1
   Compiling ryu v1.0.20
   Compiling parking_lot v0.12.5
   Compiling serde_json v1.0.145
   Compiling windows-sys v0.59.0
   Compiling crossbeam-utils v0.8.21
   Compiling once_cell v1.21.3
   Compiling bytes v1.10.1
   Compiling mio v1.0.4
   Compiling socket2 v0.6.0
   Compiling thiserror v2.0.17
   Compiling crossbeam-epoch v0.9.18
   Compiling windows_x86_64_msvc v0.53.1
   Compiling rand_core v0.9.3
   Compiling crossbeam-deque v0.8.6
   Compiling either v1.15.0
   Compiling equivalent v1.0.2
   Compiling windows-targets v0.53.5
   Compiling allocator-api2 v0.2.21
   Compiling tracing-core v0.1.34
   Compiling windows-sys v0.60.2
   Compiling libc v0.2.177
   Compiling heck v0.5.0
   Compiling winapi-util v0.1.11
   Compiling slab v0.4.11
   Compiling stable_deref_trait v1.2.1
   Compiling glam v0.30.8
   Compiling thiserror v1.0.69
   Compiling lazy_static v1.5.0
   Compiling regex-syntax v0.8.7
   Compiling anstyle v1.0.13
   Compiling rayon-core v1.13.0
   Compiling aho-corasick v1.1.3
   Compiling once_cell_polyfill v1.70.1
   Compiling utf8parse v0.2.2
   Compiling anstyle-parse v0.2.7
   Compiling anstyle-wincon v3.0.10
   Compiling anstyle-query v1.1.4
   Compiling is_terminal_polyfill v1.70.1
   Compiling colorchoice v1.0.4
   Compiling anstream v0.6.21
   Compiling rayon v1.11.0
   Compiling serde_derive v1.0.228
   Compiling zerocopy-derive v0.8.27
   Compiling tokio-macros v2.6.0
   Compiling thiserror-impl v2.0.17
   Compiling tokio v1.48.0
   Compiling tracing-attributes v0.1.30
   Compiling thiserror-impl v1.0.69
   Compiling regex-automata v0.4.12
   Compiling ppv-lite86 v0.2.21
   Compiling byteorder v1.5.0
   Compiling subtle v2.6.1
   Compiling rand_chacha v0.9.0
   Compiling fnv v1.0.7
   Compiling tracing v0.1.41
   Compiling bitflags v2.9.4
   Compiling rand v0.9.2
   Compiling foldhash v0.2.0
   Compiling same-file v1.0.6
   Compiling hashbrown v0.16.0
   Compiling walkdir v2.5.0
   Compiling half v2.7.1
   Compiling crc32fast v1.5.0
   Compiling indexmap v2.11.4
   Compiling base64 v0.22.1
   Compiling simd-adler32 v0.3.7
   Compiling typenum v1.19.0
   Compiling astraweave-ecs v0.1.0 (C:\Users\pv2br\AstraWeave-AI-Native-Gaming-Engine\astraweave-ecs)
   Compiling adler2 v2.0.1
   Compiling clap_lex v0.7.5
   Compiling strsim v0.11.1
   Compiling miniz_oxide v0.8.9
   Compiling clap_derive v4.5.49
   Compiling clap_builder v4.5.49
   Compiling bytemuck_derive v1.10.2
   Compiling zlib-rs v0.5.2
   Compiling num-integer v0.1.46
   Compiling minimal-lexical v0.2.1
   Compiling libz-rs-sys v0.5.2
   Compiling flate2 v1.1.4
   Compiling nom v7.1.3
   Compiling bytemuck v1.24.0
   Compiling clap v4.5.49
   Compiling num-bigint v0.4.6
   Compiling uuid v1.18.1
   Compiling crossbeam-channel v0.5.15
   Compiling version_check v0.9.5
   Compiling windows-link v0.1.3
   Compiling astraweave-behavior v0.4.0 (C:\Users\pv2br\AstraWeave-AI-Native-Gaming-Engine\astraweave-behavior)
   Compiling windows-result v0.3.4
   Compiling num-rational v0.4.2
   Compiling windows-strings v0.4.2
   Compiling astraweave-core v0.1.0 (C:\Users\pv2br\AstraWeave-AI-Native-Gaming-Engine\astraweave-core)
   Compiling regex v1.12.2
   Compiling jobserver v0.1.34
   Compiling find-msvc-tools v0.1.4
   Compiling shlex v1.3.0
   Compiling paste v1.0.15
   Compiling foldhash v0.1.5
   Compiling cc v1.2.41
   Compiling hashbrown v0.15.5
   Compiling winnow v0.7.13
   Compiling synstructure v0.13.2
   Compiling zerovec-derive v0.11.1
   Compiling num-complex v0.4.6
   Compiling displaydoc v0.2.5
   Compiling percent-encoding v2.3.2
   Compiling getrandom v0.2.16
   Compiling litemap v0.8.0
   Compiling writeable v0.6.1
   Compiling icu_properties_data v2.0.1
   Compiling icu_normalizer_data v2.0.0
   Compiling zerofrom-derive v0.1.6
   Compiling yoke-derive v0.8.0
   Compiling form_urlencoded v1.2.2
   Compiling zeroize_derive v1.4.2
   Compiling utf8_iter v1.0.4
   Compiling futures-core v0.3.31
   Compiling approx v0.5.1
   Compiling safe_arch v0.7.4
   Compiling matrixmultiply v0.3.10
   Compiling arrayvec v0.7.6
   Compiling rawpointer v0.2.1
   Compiling wide v0.7.33
   Compiling zeroize v1.8.2
   Compiling nalgebra-macros v0.2.2
   Compiling futures-io v0.3.31
   Compiling futures-sink v0.3.31
   Compiling chrono v0.4.42
   Compiling simba v0.9.1
   Compiling ciborium-io v0.2.2
   Compiling cast v0.3.0
   Compiling zerofrom v0.1.6
   Compiling plotters-backend v0.3.7
   Compiling ciborium-ll v0.2.2
   Compiling pin-utils v0.1.0
   Compiling yoke v0.8.0
   Compiling plotters-svg v0.3.7
   Compiling plotters v0.3.7
   Compiling zerovec v0.11.4
   Compiling zerotrie v0.2.2
   Compiling ciborium v0.2.2
   Compiling futures-channel v0.3.31
   Compiling tinytemplate v1.2.1
   Compiling nalgebra v0.33.2
   Compiling oorandom v11.1.5
   Compiling anes v0.1.6
   Compiling futures-macro v0.3.31
   Compiling futures-task v0.3.31
   Compiling num-derive v0.4.2
   Compiling bit-vec v0.8.0
   Compiling bit-set v0.8.0
   Compiling ordered-float v4.6.0
   Compiling toml_parser v1.0.4
   Compiling tinystr v0.8.1
   Compiling icu_locale_core v2.0.0
   Compiling potential_utf v0.1.3
   Compiling serde_spanned v1.0.3
   Compiling toml_datetime v0.7.3
   Compiling toml_writer v1.0.4
   Compiling http v1.3.1
   Compiling icu_collections v2.0.0
   Compiling toml v0.9.8
   Compiling rustc-hash v2.1.1
   Compiling encoding_rs v0.8.35
   Compiling futures-util v0.3.31
   Compiling httparse v1.10.1
   Compiling icu_provider v2.0.0
   Compiling icu_normalizer v2.0.0
   Compiling icu_properties v2.0.1
   Compiling generic-array v0.14.7
   Compiling idna_adapter v1.2.1
   Compiling idna v1.1.0
   Compiling heapless v0.8.0
   Compiling url v2.5.7
   Compiling hash32 v0.3.1
   Compiling native-tls v0.2.14
   Compiling crypto-common v0.1.6
   Compiling schannel v0.1.28
   Compiling robust v1.2.0
   Compiling crossbeam-queue v0.3.12
   Compiling ena v0.14.3
   Compiling spade v2.15.0
   Compiling downcast-rs v1.2.1
   Compiling crossbeam v0.8.4
   Compiling block-buffer v0.10.4
   Compiling rstar v0.12.2
   Compiling bit-vec v0.7.0
   Compiling digest v0.10.7
   Compiling tokio-native-tls v0.3.1
   Compiling cpufeatures v0.2.17
   Compiling atomic-waker v1.1.2
   Compiling ring v0.17.14
   Compiling http-body v1.0.1
   Compiling thread_local v1.1.9
   Compiling rustls-pki-types v1.12.0
   Compiling matchers v0.2.0
   Compiling tracing-serde v0.2.0
   Compiling sharded-slab v0.1.7
   Compiling tracing-log v0.2.0
   Compiling itertools v0.13.0
   Compiling parry3d v0.17.6
   Compiling nu-ansi-term v0.50.3
   Compiling tower-service v0.3.3
   Compiling tokio-util v0.7.16
   Compiling crunchy v0.2.4
   Compiling untrusted v0.9.0
   Compiling try-lock v0.2.5
   Compiling want v0.3.1
   Compiling tracing-subscriber v0.3.20
   Compiling h2 v0.4.12
   Compiling tiny-keccak v2.0.2
   Compiling httpdate v1.0.3
   Compiling windows-registry v0.5.3
   Compiling ipnet v2.11.0
   Compiling hyper v1.7.0
   Compiling criterion-plot v0.6.0
   Compiling hyper-util v0.1.17
   Compiling criterion v0.7.0
   Compiling http-body-util v0.1.3
   Compiling rapier3d v0.22.0
   Compiling const-random-macro v0.1.16
   Compiling sync_wrapper v1.0.2
   Compiling ahash v0.8.12
   Compiling fastrand v2.3.0
   Compiling rustc-hash v1.1.0
   Compiling tower-layer v0.3.3
   Compiling const-random v0.1.18
   Compiling rustls v0.23.32
   Compiling tower v0.5.2
   Compiling rustls-webpki v0.103.7
   Compiling serde_urlencoded v0.7.1
   Compiling mime v0.3.17
   Compiling webpki-roots v1.0.3
   Compiling async-trait v0.1.89
   Compiling iri-string v0.7.8
   Compiling hyper-tls v0.6.0
   Compiling bincode v1.3.3
   Compiling astraweave-nav v0.1.0 (C:\Users\pv2br\AstraWeave-AI-Native-Gaming-Engine\astraweave-nav)
   Compiling tempfile v3.23.0
   Compiling tokio-rustls v0.26.4
   Compiling hyper-rustls v0.27.7
   Compiling tower-http v0.6.6
   Compiling hashbrown v0.14.5
   Compiling reqwest v0.12.24
   Compiling dashmap v6.1.0
   Compiling sha2 v0.10.9
   Compiling base64 v0.21.7
   Compiling hdrhistogram v7.5.4
   Compiling histogram v0.11.3
   Compiling hex v0.4.3
   Compiling astraweave-observability v0.4.0 (C:\Users\pv2br\AstraWeave-AI-Native-Gaming-Engine\astraweave-observability)
   Compiling rustversion v1.0.22
   Compiling profiling-procmacros v1.0.17
   Compiling astraweave-llm v0.1.0 (C:\Users\pv2br\AstraWeave-AI-Native-Gaming-Engine\astraweave-llm)
   Compiling profiling v1.0.17
   Compiling cfg_aliases v0.2.1
   Compiling unicode-width v0.2.2
   Compiling static_assertions v1.1.0
   Compiling equator-macro v0.4.2
   Compiling futures-executor v0.3.31
   Compiling equator v0.4.2
   Compiling futures v0.3.31
   Compiling built v0.7.7
   Compiling aligned-vec v0.6.4
   Compiling quick-error v2.0.1
   Compiling v_frame v0.3.9
   Compiling maybe-rayon v0.1.1
   Compiling av1-grain v0.2.4
   Compiling rav1e v0.7.1
   Compiling arg_enum_proc_macro v0.3.4
   Compiling fax_derive v0.2.0
   Compiling itertools v0.12.1
   Compiling simd_helpers v0.1.0
   Compiling new_debug_unreachable v1.0.6
   Compiling noop_proc_macro v0.3.0
   Compiling weezl v0.1.10
   Compiling bitstream-io v2.6.0
   Compiling imgref v1.12.0
   Compiling zune-core v0.4.12
   Compiling loop9 v0.1.5
   Compiling fax v0.2.6
   Compiling avif-serialize v0.8.6
   Compiling zune-jpeg v0.4.21
   Compiling fdeflate v0.3.7
   Compiling zune-inflate v0.2.54
   Compiling pxfm v0.1.25
   Compiling color_quant v1.1.0
   Compiling bit_field v0.10.3
   Compiling rgb v0.8.52
   Compiling byteorder-lite v0.1.0
   Compiling lebe v0.5.3
   Compiling image-webp v0.2.4
   Compiling exr v1.73.0
   Compiling tiff v0.10.3
   Compiling gif v0.13.3
   Compiling ravif v0.11.20
   Compiling png v0.18.0
   Compiling qoi v0.4.1
   Compiling khronos_api v3.1.0
   Compiling xml-rs v0.8.27
   Compiling windows-result v0.2.0
   Compiling windows-interface v0.58.0
   Compiling gl_generator v0.14.0
   Compiling windows-strings v0.1.0
   Compiling windows-implement v0.58.0
   Compiling raw-window-handle v0.6.2
   Compiling moxcms v0.7.7
   Compiling bitflags v1.3.2
   Compiling windows-core v0.58.0
   Compiling windows-sys v0.52.0
   Compiling libloading v0.8.9
   Compiling glutin_wgl_sys v0.6.1
   Compiling strum_macros v0.26.4
   Compiling windows v0.58.0
   Compiling naga v25.0.1
   Compiling termcolor v1.4.1
   Compiling unicode-segmentation v1.12.0
   Compiling codespan-reporting v0.12.0
   Compiling image v0.25.8
   Compiling ron v0.11.0
   Compiling spirv v0.3.0+sdk-1.3.268.0
   Compiling hexf-parse v0.2.1
   Compiling ash v0.38.0+1.3.281
   Compiling khronos-egl v6.0.0
   Compiling strum v0.26.3
   Compiling wgpu-hal v25.0.2
   Compiling astraweave-physics v0.1.0 (C:\Users\pv2br\AstraWeave-AI-Native-Gaming-Engine\astraweave-physics)
   Compiling gpu-descriptor-types v0.2.0
   Compiling gpu-alloc-types v0.3.0
   Compiling presser v0.3.1
   Compiling glow v0.16.0
   Compiling gpu-allocator v0.27.0
   Compiling gpu-alloc v0.6.0
   Compiling gpu-descriptor v0.3.2
   Compiling winit v0.30.12
   Compiling wgpu-types v25.0.0
   Compiling renderdoc-sys v1.1.0
   Compiling range-alloc v0.1.4
   Compiling wgpu-core v25.0.2
   Compiling smol_str v0.2.2
   Compiling cursor-icon v1.2.0
   Compiling dpi v0.1.2
   Compiling inflections v1.1.1
   Compiling notify-types v2.0.0
   Compiling litrs v0.4.2
   Compiling gltf-derive v1.4.1
   Compiling notify v8.2.0
   Compiling wgpu v25.0.2
   Compiling document-features v0.2.11
   Compiling gltf-json v1.4.1
   Compiling urlencoding v2.1.3
   Compiling base64 v0.13.1
   Compiling semver v1.0.27
   Compiling vec_map v0.8.2
   Compiling rustc_version v0.4.1
   Compiling gltf v1.4.1
   Compiling astraweave-asset v0.1.0 (C:\Users\pv2br\AstraWeave-AI-Native-Gaming-Engine\astraweave-asset)
   Compiling gilrs v0.10.10
   Compiling wgpu-core-deps-windows-linux-android v25.0.0
   Compiling gilrs-core v0.5.15
   Compiling astraweave-scene v0.1.0 (C:\Users\pv2br\AstraWeave-AI-Native-Gaming-Engine\astraweave-scene)
   Compiling astraweave-input v0.1.0 (C:\Users\pv2br\AstraWeave-AI-Native-Gaming-Engine\astraweave-input)
   Compiling env_filter v0.1.3
   Compiling windows-interface v0.59.3
   Compiling windows-implement v0.60.2
   Compiling jiff v0.2.15
   Compiling astraweave-gameplay v0.1.0 (C:\Users\pv2br\AstraWeave-AI-Native-Gaming-Engine\astraweave-gameplay)
   Compiling windows-threading v0.1.0
   Compiling rand_core v0.6.4
   Compiling ttf-parser v0.25.1
   Compiling windows-core v0.61.2
   Compiling ab_glyph_rasterizer v0.1.10
   Compiling nohash-hasher v0.2.0
   Compiling windows-collections v0.2.0
   Compiling windows-numerics v0.2.0
   Compiling windows-future v0.2.1
   Compiling accesskit v0.19.0
   Compiling windows v0.61.3
   Compiling emath v0.32.3
   Compiling env_logger v0.11.8
   Compiling owned_ttf_parser v0.25.1
   Compiling ecolor v0.32.3
   Compiling ab_glyph v0.2.32
   Compiling ident_case v1.0.1
   Compiling epaint_default_fonts v0.32.3
   Compiling epaint v0.32.3
   Compiling darling_core v0.20.11
   Compiling serde_spanned v0.6.9
   Compiling toml_datetime v0.6.11
   Compiling toml_write v0.1.2
   Compiling toml_edit v0.22.27
   Compiling winapi v0.3.9
   Compiling egui v0.32.3
   Compiling toml v0.8.23
   Compiling accesskit_consumer v0.28.0
   Compiling curve25519-dalek v4.1.3
   Compiling error-code v3.3.2
   Compiling clipboard-win v5.4.1
   Compiling accesskit_windows v0.27.0
   Compiling curve25519-dalek-derive v0.1.1
   Compiling web-time v1.1.0
   Compiling signature v2.2.0
   Compiling accesskit_winit v0.27.0
   Compiling ed25519 v2.2.3
   Compiling arboard v3.6.1
   Compiling darling_macro v0.20.11
   Compiling webbrowser v1.0.5
   Compiling type-map v0.5.1
   Compiling rand_chacha v0.3.1
   Compiling darling v0.20.11
   Compiling egui-wgpu v0.32.3
   Compiling egui-winit v0.32.3
   Compiling rand v0.8.5
   Compiling ref-cast v1.0.25
   Compiling ucd-trie v0.1.7
   Compiling ed25519-dalek v2.2.0
   Compiling pest v2.8.3
   Compiling ref-cast-impl v1.0.25
   Compiling derive_builder_core v0.20.2
   Compiling pest_meta v2.8.3
   Compiling num-iter v0.1.45
   Compiling borrow-or-share v0.2.2
   Compiling num v0.4.3
   Compiling fluent-uri v0.3.2
   Compiling astraweave-cinematics v0.1.0 (C:\Users\pv2br\AstraWeave-AI-Native-Gaming-Engine\astraweave-cinematics)
   Compiling vsimd v0.8.0
   Compiling outref v0.5.2
   Compiling pest_generator v2.8.3
   Compiling num-modular v0.6.1
   Compiling uuid-simd v0.8.0
   Compiling referencing v0.33.0
   Compiling num-order v1.2.0
   Compiling fraction v0.15.3
   Compiling fancy-regex v0.16.2
   Compiling email_address v0.2.9
   Compiling derive_builder_macro v0.20.2
   Compiling num-cmp v0.1.0
   Compiling bytecount v0.6.9
   Compiling pest_derive v2.8.3
   Compiling astraweave-ai v0.1.0 (C:\Users\pv2br\AstraWeave-AI-Native-Gaming-Engine\astraweave-ai)
   Compiling bstr v1.12.0
   Compiling derive_builder v0.20.2
   Compiling jsonschema v0.33.0
   Compiling keyring v3.6.3
   Compiling handlebars v6.3.2
   Compiling num_cpus v1.17.0
   Compiling pollster v0.4.0
   Compiling env_home v0.1.0
   Compiling winsafe v0.0.19
   Compiling asset_signing v0.1.0 (C:\Users\pv2br\AstraWeave-AI-Native-Gaming-Engine\tools\asset_signing)
   Compiling rand_xorshift v0.3.0
   Compiling ktx2 v0.4.0
   Compiling glob v0.3.3
   Compiling noise v0.9.0
   Compiling bit-vec v0.6.3
   Compiling astraweave-prompts v0.1.0 (C:\Users\pv2br\AstraWeave-AI-Native-Gaming-Engine\astraweave-prompts)
   Compiling bit-set v0.5.3
   Compiling basis-universal-sys v0.3.1
   Compiling astraweave-materials v0.1.0 (C:\Users\pv2br\AstraWeave-AI-Native-Gaming-Engine\astraweave-materials)
   Compiling fancy-regex v0.13.0
   Compiling astraweave-terrain v0.4.0 (C:\Users\pv2br\AstraWeave-AI-Native-Gaming-Engine\astraweave-terrain)
   Compiling windows_x86_64_msvc v0.48.5
   Compiling texture2ddecoder v0.1.2
   Compiling which v8.0.0
   Compiling aw_asset_cli v0.1.0 (C:\Users\pv2br\AstraWeave-AI-Native-Gaming-Engine\tools\aw_asset_cli)
   Compiling tiktoken-rs v0.7.0
   Compiling astraweave-context v0.1.0 (C:\Users\pv2br\AstraWeave-AI-Native-Gaming-Engine\astraweave-context)
   Compiling windows-targets v0.48.5
   Compiling cpu-time v1.0.0
   Compiling windows v0.48.0
   Compiling combine v4.6.7
   Compiling widestring v1.2.1
   Compiling anndists v0.1.3
   Compiling mmap-rs v0.6.1
   Compiling fuzzy-matcher v0.3.7
   Compiling pkg-config v0.3.32
   Compiling hnsw_rs v0.3.2
   Compiling is-terminal v0.4.16
   Compiling time-core v0.1.6
   Compiling powerfmt v0.2.0
   Compiling num-conv v0.1.0
   Compiling deranged v0.5.4
   Compiling time-macros v0.2.24
   Compiling sha1 v0.10.6
   Compiling vcpkg v0.2.15
   Compiling astraweave-embeddings v0.1.0 (C:\Users\pv2br\AstraWeave-AI-Native-Gaming-Engine\astraweave-embeddings)
   Compiling sdd v3.0.10
   Compiling astraweave-rag v0.1.0 (C:\Users\pv2br\AstraWeave-AI-Native-Gaming-Engine\astraweave-rag)
   Compiling scc v2.4.0
   Compiling libsqlite3-sys v0.35.0
   Compiling time v0.3.44
   Compiling serial_test_derive v3.2.0
   Compiling itertools v0.10.5
   Compiling serial_test v3.2.0
   Compiling hashlink v0.10.0
   Compiling fallible-iterator v0.3.0
   Compiling fallible-streaming-iterator v0.1.9
   Compiling lru v0.16.2
   Compiling async-stream-impl v0.3.6
   Compiling tokio-stream v0.1.17
   Compiling smartstring v1.0.1
   Compiling criterion-plot v0.5.0
   Compiling rusqlite v0.37.0
   Compiling criterion v0.5.1
   Compiling zstd-sys v2.0.16+zstd.1.5.7
   Compiling async-stream v0.3.6
   Compiling astraweave-memory v0.1.0 (C:\Users\pv2br\AstraWeave-AI-Native-Gaming-Engine\astraweave-memory)
   Compiling tokio-test v0.4.4
   Compiling rhai_codegen v3.1.0
   Compiling thin-vec v0.2.14
   Compiling zstd-safe v7.2.4
   Compiling hmac v0.12.1
   Compiling inout v0.1.4
   Compiling crc-catalog v2.4.0
   Compiling cipher v0.4.4
   Compiling crc v3.3.0
   Compiling bumpalo v3.19.0
   Compiling libbz2-rs-sys v0.2.2
   Compiling zopfli v0.8.2
   Compiling rhai v1.23.4
   Compiling bzip2 v0.6.0
   Compiling aes v0.8.4
   Compiling lzma-rust2 v0.13.0
   Compiling pbkdf2 v0.12.2
   Compiling ron v0.8.1
   Compiling ppmd-rust v1.2.1
   Compiling constant_time_eq v0.3.1
   Compiling deflate64 v0.1.10
   Compiling astraweave-security v0.1.0 (C:\Users\pv2br\AstraWeave-AI-Native-Gaming-Engine\astraweave-security)
   Compiling glutin_egl_sys v0.7.1
   Compiling symphonia-core v0.5.5
   Compiling windows-result v0.1.2
   Compiling windows-core v0.54.0
   Compiling glutin v0.32.3
   Compiling memoffset v0.9.1
   Compiling symphonia-metadata v0.5.5
   Compiling wait-timeout v0.2.1
   Compiling similar v2.7.0
   Compiling quick-error v1.2.3
   Compiling tinyvec_macros v0.1.1
   Compiling zstd v0.13.3
   Compiling cpal v0.15.3
   Compiling tinyvec v1.10.0
   Compiling rusty-fork v0.3.1
   Compiling zip v6.0.0
   Compiling windows v0.54.0
   Compiling symphonia-bundle-mp3 v0.5.5
   Compiling basis-universal v0.3.1
   Compiling astraweave-persona v0.1.0 (C:\Users\pv2br\AstraWeave-AI-Native-Gaming-Engine\astraweave-persona)
   Compiling astraweave-render v0.1.0 (C:\Users\pv2br\AstraWeave-AI-Native-Gaming-Engine\astraweave-render)
   Compiling glutin-winit v0.5.0
   Compiling ogg v0.8.0
   Compiling rand_xorshift v0.4.0
   Compiling dasp_sample v0.11.0
   Compiling unarray v0.1.4
   Compiling proptest v1.8.0
   Compiling lewton v0.10.2
   Compiling symphonia v0.5.5
   Compiling heapless v0.7.17
   Compiling hound v3.5.1
   Compiling claxon v0.4.3
   Compiling rodio v0.17.3
   Compiling egui_glow v0.32.3
   Compiling hash32 v0.2.1
   Compiling spin v0.9.8
   Compiling eframe v0.32.3
   Compiling cobs v0.3.0
   Compiling astraweave-audio v0.1.0 (C:\Users\pv2br\AstraWeave-AI-Native-Gaming-Engine\astraweave-audio)
   Compiling postcard v1.1.3
   Compiling colored v3.0.0
   Compiling twox-hash v2.1.2
   Compiling lz4_flex v0.11.5
   Compiling assert-json-diff v2.0.2
   Compiling data-encoding v2.9.0
   Compiling utf-8 v0.7.6
   Compiling tungstenite v0.28.0
   Compiling proc-macro2-diagnostics v0.10.1
   Compiling emath v0.30.0
   Compiling encode_unicode v1.0.0
   Compiling ecolor v0.30.0
   Compiling tokio-tungstenite v0.28.0
   Compiling mockito v1.7.0
   Compiling astract-macro v0.1.0 (C:\Users\pv2br\AstraWeave-AI-Native-Gaming-Engine\crates\astract\astract-macro)
   Compiling emath v0.21.0
   Compiling ecolor v0.21.0
   Compiling yansi v1.0.1
   Compiling gilrs v0.11.0
   Compiling option-ext v0.2.0
   Compiling dirs-sys v0.5.0
   Compiling epaint v0.21.0
   Compiling epaint v0.30.0
   Compiling console v0.15.11
   Compiling astraweave-dialogue v0.4.0 (C:\Users\pv2br\AstraWeave-AI-Native-Gaming-Engine\astraweave-dialogue)
   Compiling astraweave-author v0.1.0 (C:\Users\pv2br\AstraWeave-AI-Native-Gaming-Engine\astraweave-author)
   Compiling gilrs-core v0.6.6
   Compiling virtue v0.0.18
   Compiling egui v0.30.0
   Compiling egui v0.21.0
   Compiling bincode_derive v2.0.1
LLVM Profile Warning: Unable to merge profile data: source profile file is not compatible.
LLVM Profile Error: Profile Merging of file C:\Users\pv2br\AstraWeave-AI-Native-Gaming-Engine\target\llvm-cov-target\AstraWeave-AI-Native-Gaming-Engine-54300-12103954006152691870_0.profraw failed: File exists
LLVM Profile Error: Failed to write file "C:\Users\pv2br\AstraWeave-AI-Native-Gaming-Engine\target\llvm-cov-target\AstraWeave-AI-Native-Gaming-Engine-54300-12103954006152691870_0.profraw": File exists
   Compiling duplicate v2.0.0
   Compiling dirs v6.0.0
   Compiling astract v0.1.0 (C:\Users\pv2br\AstraWeave-AI-Native-Gaming-Engine\crates\astract)
   Compiling astraweave-quests v0.4.0 (C:\Users\pv2br\AstraWeave-AI-Native-Gaming-Engine\astraweave-quests)
   Compiling astraweave-profiling v0.4.0 (C:\Users\pv2br\AstraWeave-AI-Native-Gaming-Engine\astraweave-profiling)
   Compiling unty v0.0.4
   Compiling fixedbitset v0.4.2
   Compiling bincode v2.0.1
   Compiling petgraph v0.6.5
   Compiling egui_dock v0.15.0
   Compiling egui_graphs v0.1.4
   Compiling generator v0.8.7
   Compiling structmeta-derive v0.3.0
   Compiling astraweave-ui v0.1.0 (C:\Users\pv2br\AstraWeave-AI-Native-Gaming-Engine\astraweave-ui)
   Compiling aw_editor v0.1.0 (C:\Users\pv2br\AstraWeave-AI-Native-Gaming-Engine\tools\aw_editor)
   Compiling concurrent-queue v2.5.0
   Compiling scoped-tls v1.0.1
   Compiling aw-save v0.1.0 (C:\Users\pv2br\AstraWeave-AI-Native-Gaming-Engine\persistence\aw-save)
   Compiling loom v0.7.2
   Compiling dirs-sys-next v0.1.2
   Compiling parking v2.2.1
   Compiling structmeta v0.3.0
   Compiling dirs-next v2.0.0
   Compiling derive-ex v0.1.8
   Compiling float-cmp v0.10.0
   Compiling csv-core v0.1.13
   Compiling typeid v1.0.3
   Compiling csv v1.4.0
   Compiling term v0.7.0
   Compiling test-strategy v0.4.3
LLVM Profile Warning: Unable to merge profile data: source profile file is not compatible.
LLVM Profile Error: Profile Merging of file C:\Users\pv2br\AstraWeave-AI-Native-Gaming-Engine\target\llvm-cov-target\AstraWeave-AI-Native-Gaming-Engine-64384-12103954006152691870_0.profraw failed: File exists
LLVM Profile Error: Failed to write file "C:\Users\pv2br\AstraWeave-AI-Native-Gaming-Engine\target\llvm-cov-target\AstraWeave-AI-Native-Gaming-Engine-64384-12103954006152691870_0.profraw": File exists
   Compiling globset v0.4.17
   Compiling doc-comment v0.3.3
   Compiling number_prefix v0.4.0
   Compiling unicode-width v0.1.14
   Compiling predicates-core v1.0.9
   Compiling prettytable-rs v0.10.0
   Compiling indicatif v0.17.11
   Compiling ignore v0.4.24
   Compiling astraweave-pcg v0.1.0 (C:\Users\pv2br\AstraWeave-AI-Native-Gaming-Engine\astraweave-pcg)
   Compiling deadpool-runtime v0.1.4
   Compiling normalize-line-endings v0.3.0
   Compiling difflib v0.4.0
   Compiling termtree v0.5.1
   Compiling predicates v3.1.3
   Compiling predicates-tree v1.0.12
   Compiling deadpool v0.12.3
   Compiling ron v0.12.0
   Compiling globwalk v0.9.1
   Compiling event-listener v5.4.1
   Compiling astraweave-net v0.1.0 (C:\Users\pv2br\AstraWeave-AI-Native-Gaming-Engine\astraweave-net)
   Compiling dummy v0.9.2
   Compiling winreg v0.55.0
   Compiling diff v0.1.13
   Compiling deunicode v1.6.2
   Compiling pretty_assertions v1.4.1
   Compiling insta v1.45.0
   Compiling event-listener-strategy v0.5.4
   Compiling fake v3.1.0
   Compiling assert_fs v1.1.3
   Compiling wiremock v0.6.5
   Compiling astraweave-weaving v0.1.0 (C:\Users\pv2br\AstraWeave-AI-Native-Gaming-Engine\astraweave-weaving)
   Compiling astraweave-assets v0.1.0 (C:\Users\pv2br\AstraWeave-AI-Native-Gaming-Engine\tools\astraweave-assets)
   Compiling futures-lite v2.6.1
   Compiling proptest-derive v0.5.1
   Compiling assert_matches v1.5.0
   Compiling rustix v1.1.2
   Compiling astraweave-blend v0.1.0 (C:\Users\pv2br\AstraWeave-AI-Native-Gaming-Engine\crates\astraweave-blend)
   Compiling astraweave-persistence-ecs v0.1.0 (C:\Users\pv2br\AstraWeave-AI-Native-Gaming-Engine\astraweave-persistence-ecs)
   Compiling aw-net-proto v0.1.0 (C:\Users\pv2br\AstraWeave-AI-Native-Gaming-Engine\net\aw-net-proto)
   Compiling errno v0.3.14
   Compiling async-io v2.6.0
   Compiling parking_lot_core v0.8.6
   Compiling async-task v4.7.1
   Compiling syn v1.0.109
   Compiling ispc_rt v1.1.0
   Compiling async-channel v2.5.0
   Compiling polling v3.11.0
   Compiling egui_plot v0.33.0
   Compiling rtoolbox v0.0.3
   Compiling piper v0.2.4
   Compiling tracing-chrome v0.7.2
   Compiling instant v0.1.13
   Compiling rustls v0.22.4
   Compiling steamworks-sys v0.12.2
   Compiling blocking v1.6.2
   Compiling rpassword v7.4.0
   Compiling intel_tex v0.1.4
   Compiling async-executor v1.13.3
   Compiling async-lock v3.4.1
   Compiling astraweave-director v0.1.0 (C:\Users\pv2br\AstraWeave-AI-Native-Gaming-Engine\astraweave-director)
   Compiling rustls-webpki v0.102.8
   Compiling meshopt v0.6.2
   Compiling event-listener v2.5.3
   Compiling glam v0.29.3
   Compiling cbindgen v0.29.0
   Compiling async-channel v1.9.0
   Compiling async-global-executor v2.4.1
   Compiling parking_lot v0.11.2
   Compiling aw_debug v0.1.0 (C:\Users\pv2br\AstraWeave-AI-Native-Gaming-Engine\tools\aw_debug)
   Compiling fs2 v0.4.3
   Compiling axum-core v0.5.5
   Compiling fxhash v0.2.1
   Compiling serde_path_to_error v0.1.20
   Compiling kv-log-macro v1.0.7
   Compiling matchit v0.8.4
   Compiling sled v0.34.7
   Compiling axum v0.8.6
   Compiling tokio-rustls v0.25.0
   Compiling async-attributes v1.1.2
   Compiling async-std v1.13.2
   Compiling steamworks v0.12.2
   Compiling astraweave-secrets v0.1.0 (C:\Users\pv2br\AstraWeave-AI-Native-Gaming-Engine\astraweave-secrets)
   Compiling astraweave-net-ecs v0.1.0 (C:\Users\pv2br\AstraWeave-AI-Native-Gaming-Engine\astraweave-net-ecs)
   Compiling astraweave-ipc v0.1.0 (C:\Users\pv2br\AstraWeave-AI-Native-Gaming-Engine\astraweave-ipc)
   Compiling astraweave-npc v0.1.0 (C:\Users\pv2br\AstraWeave-AI-Native-Gaming-Engine\astraweave-npc)
   Compiling astraweave-scripting v0.4.0 (C:\Users\pv2br\AstraWeave-AI-Native-Gaming-Engine\astraweave-scripting)
   Compiling aw_headless v0.1.0 (C:\Users\pv2br\AstraWeave-AI-Native-Gaming-Engine\tools\aw_headless)
   Compiling astraweave-fluids v0.1.0 (C:\Users\pv2br\AstraWeave-AI-Native-Gaming-Engine\astraweave-fluids)
   Compiling astraweave-llm-eval v0.1.0 (C:\Users\pv2br\AstraWeave-AI-Native-Gaming-Engine\astraweave-llm-eval)
   Compiling rustls-pemfile v2.2.0
warning: unused import: `std::sync::Arc`
 --> astraweave-fluids\src\renderer.rs:1:5
  |
1 | use std::sync::Arc;
  |     ^^^^^^^^^^^^^^
  |
  = note: `#[warn(unused_imports)]` on by default

warning: unused variable: `shader`
  --> astraweave-fluids\src\sdf.rs:22:13
   |
22 |         let shader = device.create_shader_module(wgpu::ShaderModuleDescriptor {
   |             ^^^^^^ help: if this is intentional, prefix it with an underscore: `_shader`
   |
   = note: `#[warn(unused_variables)]` on by default

warning: unused variable: `config_buffer`
  --> astraweave-fluids\src\sdf.rs:27:13
   |
27 |         let config_buffer = device.create_buffer_init(&wgpu::util::BufferInitDescriptor {
   |             ^^^^^^^^^^^^^ help: if this is intentional, prefix it with an underscore: `_config_buffer`

warning: unused variable: `jfa_params_buffer`
  --> astraweave-fluids\src\sdf.rs:33:13
   |
33 |         let jfa_params_buffer = device.create_buffer(&wgpu::BufferDescriptor {
   |             ^^^^^^^^^^^^^^^^^ help: if this is intentional, prefix it with an underscore: `_jfa_params_buffer`

warning: unused variable: `texture_a`
  --> astraweave-fluids\src\sdf.rs:55:13
   |
55 |         let texture_a = device.create_texture(&texture_desc);
   |             ^^^^^^^^^ help: if this is intentional, prefix it with an underscore: `_texture_a`

warning: unused variable: `texture_b`
  --> astraweave-fluids\src\sdf.rs:56:13
   |
56 |         let texture_b = device.create_texture(&texture_desc);
   |             ^^^^^^^^^ help: if this is intentional, prefix it with an underscore: `_texture_b`

warning: multiple fields are never read
  --> astraweave-fluids\src\sdf.rs:4:5
   |
3  | pub struct SdfSystem {
   |            --------- fields in this struct
4  |     init_pipeline: wgpu::ComputePipeline,
   |     ^^^^^^^^^^^^^
5  |     step_pipeline: wgpu::ComputePipeline,
   |     ^^^^^^^^^^^^^
6  |     finalize_pipeline: wgpu::ComputePipeline,
   |     ^^^^^^^^^^^^^^^^^
7  |
8  |     config_buffer: wgpu::Buffer,
   |     ^^^^^^^^^^^^^
9  |     jfa_params_buffer: wgpu::Buffer,
   |     ^^^^^^^^^^^^^^^^^
...
14 |     bind_group_a: wgpu::BindGroup,
   |     ^^^^^^^^^^^^
15 |     bind_group_b: wgpu::BindGroup,
   |     ^^^^^^^^^^^^
   |
   = note: `#[warn(dead_code)]` on by default

   Compiling astraweave-math v0.1.0 (C:\Users\pv2br\AstraWeave-AI-Native-Gaming-Engine\astraweave-math)
   Compiling serde_bytes v0.11.19
warning: `astraweave-fluids` (lib) generated 7 warnings (run `cargo fix --lib -p astraweave-fluids` to apply 1 suggestion)
   Compiling astraweave-persistence-player v0.1.0 (C:\Users\pv2br\AstraWeave-AI-Native-Gaming-Engine\crates\astraweave-persistence-player)
   Compiling profiling_demo v0.1.0 (C:\Users\pv2br\AstraWeave-AI-Native-Gaming-Engine\examples\profiling_demo)
   Compiling aw_release v0.4.0 (C:\Users\pv2br\AstraWeave-AI-Native-Gaming-Engine\tools\aw_release)
   Compiling fluids_demo v0.1.0 (C:\Users\pv2br\AstraWeave-AI-Native-Gaming-Engine\examples\fluids_demo)
   Compiling npc_town_demo v0.1.0 (C:\Users\pv2br\AstraWeave-AI-Native-Gaming-Engine\examples\npc_town_demo)
error[E0425]: cannot find value `_physics` in this scope
  --> examples\fluids_demo\src\scenarios\laboratory.rs:62:22
   |
62 |         let box_id = _physics.add_dynamic_box(
   |                      ^^^^^^^^ not found in this scope

error[E0425]: cannot find value `_physics` in this scope
  --> examples\fluids_demo\src\scenarios\laboratory.rs:68:9
   |
68 |         _physics.add_buoyancy(box_id, 8.0, 5.0); // Floats well (volume > mass/density ratio)
   |         ^^^^^^^^ not found in this scope

error[E0425]: cannot find value `_physics` in this scope
  --> examples\fluids_demo\src\scenarios\laboratory.rs:70:25
   |
70 |         let sphere_id = _physics.add_dynamic_box(
   |                         ^^^^^^^^ not found in this scope

error[E0425]: cannot find value `_physics` in this scope
  --> examples\fluids_demo\src\scenarios\laboratory.rs:77:9
   |
77 |         _physics.add_buoyancy(sphere_id, 0.4, 2.0); // Sinks (volume < mass/density ratio)
   |         ^^^^^^^^ not found in this scope

warning: unused import: `Mat4`
 --> examples\fluids_demo\src\scenarios\laboratory.rs:5:12
  |
5 | use glam::{Mat4, Vec3};
  |            ^^^^
  |
  = note: `#[warn(unused_imports)]` on by default

warning: unused import: `Mat4`
 --> examples\fluids_demo\src\scenarios\ocean.rs:6:12
  |
6 | use glam::{Mat4, Vec3};
  |            ^^^^

error[E0599]: no method named `current_mut` found for struct `ScenarioManager` in the current scope
   --> examples\fluids_demo\src\main.rs:325:55
    |
325 |         if let Some(scenario) = self.scenario_manager.current_mut() {
    |                                                       ^^^^^^^^^^^
    |
   ::: examples\fluids_demo\src\scenarios\mod.rs:41:1
    |
41  | pub struct ScenarioManager {
    | -------------------------- method `current_mut` not found for this struct
    |
help: there is a method `current` with a similar name
    |
325 -         if let Some(scenario) = self.scenario_manager.current_mut() {
325 +         if let Some(scenario) = self.scenario_manager.current() {
    |

Some errors have detailed explanations: E0425, E0599.
For more information about an error, try `rustc --explain E0425`.
   Compiling astraweave-steam v0.1.0 (C:\Users\pv2br\AstraWeave-AI-Native-Gaming-Engine\astraweave-steam)
LLVM Profile Warning: Unable to merge profile data: source profile file is not compatible.
LLVM Profile Error: Profile Merging of file C:\Users\pv2br\AstraWeave-AI-Native-Gaming-Engine\target\llvm-cov-target\AstraWeave-AI-Native-Gaming-Engine-2384-12103954006152691870_0.profraw failed: File exists
LLVM Profile Error: Failed to write file "C:\Users\pv2br\AstraWeave-AI-Native-Gaming-Engine\target\llvm-cov-target\AstraWeave-AI-Native-Gaming-Engine-2384-12103954006152691870_0.profraw": File exists
warning: `fluids_demo` (bin "fluids_demo" test) generated 2 warnings
error: could not compile `fluids_demo` (bin "fluids_demo" test) due to 5 previous errors; 2 warnings emitted
warning: build failed, waiting for other jobs to finish...
error: process didn't exit successfully: `C:\Users\pv2br\.rustup\toolchains\1.89.0-x86_64-pc-windows-msvc\bin\cargo.exe test --tests --manifest-path C:\Users\pv2br\AstraWeave-AI-Native-Gaming-Engine\Cargo.toml --target-dir C:\Users\pv2br\AstraWeave-AI-Native-Gaming-Engine\target\llvm-cov-target` (exit code: 101)
