    Checking astraweave-gameplay v0.1.0 (C:\Users\pv2br\AstraWeave-AI-Native-Gaming-Engine\astraweave-gameplay)
warning: unexpected `cfg` condition value: `small_rng`
  --> astraweave-embeddings\src\client.rs:99:7
   |
99 | #[cfg(feature = "small_rng")]
   |       ^^^^^^^^^^^^^^^^^^^^^
   |
   = note: expected values for `feature` are: `candle`, `candle-core`, `candle-nn`, `candle-transformers`, `default`, `hnsw`, `hnsw_rs`, `http`, `onnx`, `ort`, and `reqwest`
   = help: consider adding `small_rng` as a feature in `Cargo.toml`
   = note: see <https://doc.rust-lang.org/nightly/rustc/check-cfg/cargo-specifics.html> for more information about checking conditional configuration
   = note: `#[warn(unexpected_cfgs)]` on by default

warning: `astraweave-embeddings` (lib) generated 1 warning
    Checking naga v27.0.3
    Checking profiling_demo v0.1.0 (C:\Users\pv2br\AstraWeave-AI-Native-Gaming-Engine\examples\profiling_demo)
warning: unused import: `VertexDataAdapter`
 --> astraweave-asset-pipeline\src\mesh.rs:6:38
  |
6 | use meshopt::{optimize_vertex_cache, VertexDataAdapter};
  |                                      ^^^^^^^^^^^^^^^^^
  |
  = note: `#[warn(unused_imports)]` on by default

warning: unused import: `anyhow::Result`
 --> astraweave-asset-pipeline\src\validator.rs:3:5
  |
3 | use anyhow::Result;
  |     ^^^^^^^^^^^^^^

warning: unused variable: `vertex_count`
   --> astraweave-asset-pipeline\src\mesh.rs:178:36
    |
178 | fn calculate_acmr(indices: &[u32], vertex_count: usize) -> f32 {
    |                                    ^^^^^^^^^^^^ help: if this is intentional, prefix it with an underscore: `_vertex_count`
    |
    = note: `#[warn(unused_variables)]` on by default

warning: `astraweave-asset-pipeline` (lib test) generated 3 warnings (run `cargo fix --lib -p astraweave-asset-pipeline --tests` to apply 2 suggestions)
warning: `astraweave-asset-pipeline` (lib) generated 3 warnings (3 duplicates)
warning: unused import: `constraints::apply_constraint`
  --> tools\aw_editor\src\gizmo\mod.rs:25:9
   |
25 | pub use constraints::apply_constraint;
   |         ^^^^^^^^^^^^^^^^^^^^^^^^^^^^^
   |
   = note: `#[warn(unused_imports)]` on by default

warning: unused import: `input::NumericInput`
  --> tools\aw_editor\src\gizmo\mod.rs:26:9
   |
26 | pub use input::NumericInput;
   |         ^^^^^^^^^^^^^^^^^^^

warning: unused import: `Ray`
  --> tools\aw_editor\src\gizmo\mod.rs:27:45
   |
27 | pub use picking::{GizmoHandle, GizmoPicker, Ray};
   |                                             ^^^

warning: unused imports: `CameraController`, `SceneViewport`, and `Transform`
  --> tools\aw_editor\src\gizmo\mod.rs:31:26
   |
31 | pub use scene_viewport::{CameraController, SceneViewport, Transform};
   |                          ^^^^^^^^^^^^^^^^  ^^^^^^^^^^^^^  ^^^^^^^^^

warning: unused import: `transform_panel::TransformPanel`
  --> tools\aw_editor\src\panels\mod.rs:37:9
   |
37 | pub use transform_panel::TransformPanel;
   |         ^^^^^^^^^^^^^^^^^^^^^^^^^^^^^^^

warning: unused import: `Context`
  --> tools\aw_editor\src\viewport\entity_renderer.rs:20:14
   |
20 | use anyhow::{Context, Result};
   |              ^^^^^^^

warning: unused import: `Context`
 --> tools\aw_editor\src\viewport\gizmo_renderer.rs:6:14
  |
6 | use anyhow::{Context, Result};
  |              ^^^^^^^

warning: unused import: `Mat4`
 --> tools\aw_editor\src\viewport\gizmo_renderer.rs:8:12
  |
8 | use glam::{Mat4, Quat, Vec3};
  |            ^^^^

warning: unused import: `Context`
  --> tools\aw_editor\src\viewport\grid_renderer.rs:17:14
   |
17 | use anyhow::{Context, Result};
   |              ^^^^^^^

warning: unused import: `glam::Mat4`
  --> tools\aw_editor\src\viewport\grid_renderer.rs:19:5
   |
19 | use glam::Mat4;
   |     ^^^^^^^^^^

warning: unused import: `GizmoMode`
  --> tools\aw_editor\src\viewport\renderer.rs:29:20
   |
29 | use crate::gizmo::{GizmoMode, GizmoState};
   |                    ^^^^^^^^^

warning: unused import: `Context`
 --> tools\aw_editor\src\viewport\skybox_renderer.rs:6:14
  |
6 | use anyhow::{Context, Result};
  |              ^^^^^^^

warning: unused import: `glam::Mat4`
 --> tools\aw_editor\src\viewport\skybox_renderer.rs:8:5
  |
8 | use glam::Mat4;
  |     ^^^^^^^^^^

warning: unused imports: `OrbitCamera` and `Ray`
  --> tools\aw_editor\src\viewport\mod.rs:43:18
   |
43 | pub use camera::{OrbitCamera, Ray};
   |                  ^^^^^^^^^^^  ^^^

warning: unused import: `entity_renderer::EntityRenderer`
  --> tools\aw_editor\src\viewport\mod.rs:44:9
   |
44 | pub use entity_renderer::EntityRenderer;
   |         ^^^^^^^^^^^^^^^^^^^^^^^^^^^^^^^

warning: unused import: `gizmo_renderer::GizmoRendererWgpu`
  --> tools\aw_editor\src\viewport\mod.rs:45:9
   |
45 | pub use gizmo_renderer::GizmoRendererWgpu;
   |         ^^^^^^^^^^^^^^^^^^^^^^^^^^^^^^^^^

warning: unused import: `grid_renderer::GridRenderer`
  --> tools\aw_editor\src\viewport\mod.rs:46:9
   |
46 | pub use grid_renderer::GridRenderer;
   |         ^^^^^^^^^^^^^^^^^^^^^^^^^^^

warning: unused import: `renderer::ViewportRenderer`
  --> tools\aw_editor\src\viewport\mod.rs:47:9
   |
47 | pub use renderer::ViewportRenderer;
   |         ^^^^^^^^^^^^^^^^^^^^^^^^^^

warning: unused import: `skybox_renderer::SkyboxRenderer`
  --> tools\aw_editor\src\viewport\mod.rs:48:9
   |
48 | pub use skybox_renderer::SkyboxRenderer;
   |         ^^^^^^^^^^^^^^^^^^^^^^^^^^^^^^^

warning: unused imports: `PerformanceStats`, `ShadingMode`, and `ViewportToolbar`
  --> tools\aw_editor\src\viewport\mod.rs:49:19
   |
49 | pub use toolbar::{PerformanceStats, ShadingMode, ViewportToolbar};
   |                   ^^^^^^^^^^^^^^^^  ^^^^^^^^^^^  ^^^^^^^^^^^^^^^

warning: unused variable: `world`
  --> tools\aw_editor\src\panels\advanced_widgets_panel.rs:86:13
   |
86 |         let world = self
   |             ^^^^^ help: if this is intentional, prefix it with an underscore: `_world`
   |
   = note: `#[warn(unused_variables)]` on by default

warning: unused variable: `ray`
   --> tools\aw_editor\src\viewport\widget.rs:432:21
    |
432 |                 let ray = self
    |                     ^^^ help: if this is intentional, prefix it with an underscore: `_ray`

warning: unused variable: `world`
   --> tools\aw_editor\src\viewport\widget.rs:339:9
    |
339 |         world: &World,
    |         ^^^^^ help: if this is intentional, prefix it with an underscore: `_world`

warning: unused variable: `ui`
    --> tools\aw_editor\src\main.rs:1017:55
     |
1017 |                         ui.collapsing("≡ƒÄ¼ Animation", |ui| {
     |                                                        ^^ help: if this is intentional, prefix it with an underscore: `_ui`

warning: method `set_lighting` is never used
  --> tools\aw_editor\src\brdf_preview.rs:65:12
   |
50 | impl BrdfPreview {
   | ---------------- method in this implementation
...
65 |     pub fn set_lighting(&mut self, direction: Vec3, intensity: f32, color: [f32; 3]) {
   |            ^^^^^^^^^^^^
   |
   = note: `#[warn(dead_code)]` on by default

warning: function `apply_constraint` is never used
 --> tools\aw_editor\src\gizmo\constraints.rs:7:8
  |
7 | pub fn apply_constraint(value: Vec3, constraint: AxisConstraint) -> Vec3 {
  |        ^^^^^^^^^^^^^^^^

warning: struct `NumericInput` is never constructed
 --> tools\aw_editor\src\gizmo\input.rs:5:12
  |
5 | pub struct NumericInput {
  |            ^^^^^^^^^^^^

warning: associated items `new`, `push_char`, `pop_char`, `clear`, `parse`, and `text` are never used
  --> tools\aw_editor\src\gizmo\input.rs:10:12
   |
9  | impl NumericInput {
   | ----------------- associated items in this implementation
10 |     pub fn new() -> Self {
   |            ^^^
...
14 |     pub fn push_char(&mut self, c: char) {
   |            ^^^^^^^^^
...
18 |     pub fn pop_char(&mut self) {
   |            ^^^^^^^^
...
22 |     pub fn clear(&mut self) {
   |            ^^^^^
...
26 |     pub fn parse(&self) -> Option<f32> {
   |            ^^^^^
...
30 |     pub fn text(&self) -> &str {
   |            ^^^^

warning: enum `GizmoHandle` is never used
  --> tools\aw_editor\src\gizmo\picking.rs:15:10
   |
15 | pub enum GizmoHandle {
   |          ^^^^^^^^^^^

warning: methods `to_constraint` and `mode` are never used
  --> tools\aw_editor\src\gizmo\picking.rs:30:12
   |
28 | impl GizmoHandle {
   | ---------------- methods in this implementation
29 |     /// Convert to AxisConstraint (for state machine).
30 |     pub fn to_constraint(self) -> AxisConstraint {
   |            ^^^^^^^^^^^^^
...
46 |     pub fn mode(self) -> GizmoMode {
   |            ^^^^

warning: struct `Ray` is never constructed
  --> tools\aw_editor\src\gizmo\picking.rs:71:12
   |
71 | pub struct Ray {
   |            ^^^

warning: associated items `from_screen` and `point_at` are never used
   --> tools\aw_editor\src\gizmo\picking.rs:88:12
    |
76  | impl Ray {
    | -------- associated items in this implementation
...
88  |     pub fn from_screen(screen_pos: Vec2, inv_view_proj: Mat4) -> Self {
    |            ^^^^^^^^^^^
...
111 |     pub fn point_at(&self, t: f32) -> Vec3 {
    |            ^^^^^^^^

warning: struct `GizmoPicker` is never constructed
   --> tools\aw_editor\src\gizmo\picking.rs:118:12
    |
118 | pub struct GizmoPicker {
    |            ^^^^^^^^^^^

warning: methods `pick_handle`, `pick_translate_handle`, `pick_rotate_handle`, and `pick_scale_handle` are never used
   --> tools\aw_editor\src\gizmo\picking.rs:150:12
    |
139 | impl GizmoPicker {
    | ---------------- methods in this implementation
...
150 |     pub fn pick_handle(
    |            ^^^^^^^^^^^
...
168 |     fn pick_translate_handle(&self, ray: &Ray, gizmo_pos: Vec3) -> Option<GizmoHandle> {
    |        ^^^^^^^^^^^^^^^^^^^^^
...
201 |     fn pick_rotate_handle(&self, ray: &Ray, gizmo_pos: Vec3) -> Option<GizmoHandle> {
    |        ^^^^^^^^^^^^^^^^^^
...
231 |     fn pick_scale_handle(&self, ray: &Ray, gizmo_pos: Vec3) -> Option<GizmoHandle> {
    |        ^^^^^^^^^^^^^^^^^

warning: function `ray_line_segment_distance` is never used
   --> tools\aw_editor\src\gizmo\picking.rs:271:4
    |
271 | fn ray_line_segment_distance(ray: &Ray, segment_start: Vec3, segment_end: Vec3) -> f32 {
    |    ^^^^^^^^^^^^^^^^^^^^^^^^^

warning: function `ray_circle_distance` is never used
   --> tools\aw_editor\src\gizmo\picking.rs:310:4
    |
310 | fn ray_circle_distance(ray: &Ray, center: Vec3, normal: Vec3, radius: f32) -> f32 {
    |    ^^^^^^^^^^^^^^^^^^^

warning: function `ray_aabb_intersection` is never used
   --> tools\aw_editor\src\gizmo\picking.rs:340:4
    |
340 | fn ray_aabb_intersection(ray: &Ray, min: Vec3, max: Vec3) -> Option<f32> {
    |    ^^^^^^^^^^^^^^^^^^^^^

warning: constant `COLOR_GRAY` is never used
  --> tools\aw_editor\src\gizmo\rendering.rs:19:11
   |
19 | pub const COLOR_GRAY: [f32; 3] = [0.5, 0.5, 0.5]; // Gray (inactive)
   |           ^^^^^^^^^^

warning: fields `position`, `rotation`, `camera_pos`, `view_proj`, and `mode` are never read
  --> tools\aw_editor\src\gizmo\rendering.rs:25:9
   |
23 | pub struct GizmoRenderParams {
   |            ----------------- fields in this struct
24 |     /// Gizmo world position (center)
25 |     pub position: Vec3,
   |         ^^^^^^^^
...
28 |     pub rotation: Quat,
   |         ^^^^^^^^
...
34 |     pub camera_pos: Vec3,
   |         ^^^^^^^^^^
...
37 |     pub view_proj: Mat4,
   |         ^^^^^^^^^
...
40 |     pub mode: GizmoMode,
   |         ^^^^
   |
   = note: `GizmoRenderParams` has derived impls for the traits `Debug` and `Clone`, but these are intentionally ignored during dead code analysis

warning: associated functions `transform_vertices` and `generate_label_position` are never used
   --> tools\aw_editor\src\gizmo\rendering.rs:302:12
    |
52  | impl GizmoRenderer {
    | ------------------ associated functions in this implementation
...
302 |     pub fn transform_vertices(vertices: &[Vec3], position: Vec3, rotation: Quat) -> Vec<Vec3> {
    |            ^^^^^^^^^^^^^^^^^^
...
313 |     pub fn generate_label_position(axis: Vec3, params: &GizmoRenderParams) -> Vec3 {
    |            ^^^^^^^^^^^^^^^^^^^^^^^

warning: struct `RotateGizmo` is never constructed
 --> tools\aw_editor\src\gizmo\rotate.rs:7:12
  |
7 | pub struct RotateGizmo;
  |            ^^^^^^^^^^^

warning: associated functions `calculate_rotation`, `calculate_rotation_numeric`, and `get_rotation_angle` are never used
   --> tools\aw_editor\src\gizmo\rotate.rs:22:12
    |
9   | impl RotateGizmo {
    | ---------------- associated functions in this implementation
...
22  |     pub fn calculate_rotation(
    |            ^^^^^^^^^^^^^^^^^^
...
76  |     pub fn calculate_rotation_numeric(
    |            ^^^^^^^^^^^^^^^^^^^^^^^^^^
...
110 |     pub fn get_rotation_angle(rotation: Quat, axis: Vec3) -> f32 {
    |            ^^^^^^^^^^^^^^^^^^

warning: struct `ScaleGizmo` is never constructed
  --> tools\aw_editor\src\gizmo\scale.rs:15:12
   |
15 | pub struct ScaleGizmo;
   |            ^^^^^^^^^^

warning: associated items `MIN_SCALE`, `MAX_SCALE`, `calculate_scale`, and `calculate_scale_numeric` are never used
   --> tools\aw_editor\src\gizmo\scale.rs:19:11
    |
17  | impl ScaleGizmo {
    | --------------- associated items in this implementation
18  |     /// Minimum scale factor (prevent negative/zero scale)
19  |     const MIN_SCALE: f32 = 0.01;
    |           ^^^^^^^^^
...
22  |     const MAX_SCALE: f32 = 100.0;
    |           ^^^^^^^^^
...
46  |     pub fn calculate_scale(
    |            ^^^^^^^^^^^^^^^
...
100 |     pub fn calculate_scale_numeric(value: f32, constraint: AxisConstraint, uniform: bool) -> Vec3 {
    |            ^^^^^^^^^^^^^^^^^^^^^^^

warning: struct `CameraController` is never constructed
  --> tools\aw_editor\src\gizmo\scene_viewport.rs:19:12
   |
19 | pub struct CameraController {
   |            ^^^^^^^^^^^^^^^^

warning: multiple methods are never used
   --> tools\aw_editor\src\gizmo\scene_viewport.rs:52:12
    |
50  | impl CameraController {
    | --------------------- methods in this implementation
51  |     /// Get view matrix.
52  |     pub fn view_matrix(&self) -> Mat4 {
    |            ^^^^^^^^^^^
...
57  |     pub fn projection_matrix(&self) -> Mat4 {
    |            ^^^^^^^^^^^^^^^^^
...
62  |     pub fn view_projection_matrix(&self) -> Mat4 {
    |            ^^^^^^^^^^^^^^^^^^^^^^
...
67  |     pub fn inverse_view_projection_matrix(&self) -> Mat4 {
    |            ^^^^^^^^^^^^^^^^^^^^^^^^^^^^^^
...
76  |     pub fn orbit(&mut self, delta: Vec2, sensitivity: f32) {
    |            ^^^^^
...
99  |     pub fn pan(&mut self, delta: Vec2, sensitivity: f32) {
    |            ^^^
...
121 |     pub fn zoom(&mut self, delta: f32, sensitivity: f32) {
    |            ^^^^
...
133 |     pub fn distance(&self) -> f32 {
    |            ^^^^^^^^

warning: struct `Transform` is never constructed
   --> tools\aw_editor\src\gizmo\scene_viewport.rs:140:12
    |
140 | pub struct Transform {
    |            ^^^^^^^^^

warning: method `matrix` is never used
   --> tools\aw_editor\src\gizmo\scene_viewport.rs:158:12
    |
156 | impl Transform {
    | -------------- method in this implementation
157 |     /// Get transform matrix.
158 |     pub fn matrix(&self) -> Mat4 {
    |            ^^^^^^

warning: struct `SceneViewport` is never constructed
   --> tools\aw_editor\src\gizmo\scene_viewport.rs:164:12
    |
164 | pub struct SceneViewport {
    |            ^^^^^^^^^^^^^

warning: multiple associated items are never used
   --> tools\aw_editor\src\gizmo\scene_viewport.rs:200:12
    |
198 | impl SceneViewport {
    | ------------------ associated items in this implementation
199 |     /// Create new scene viewport.
200 |     pub fn new() -> Self {
    |            ^^^
...
205 |     pub fn set_aspect_ratio(&mut self, width: f32, height: f32) {
    |            ^^^^^^^^^^^^^^^^
...
210 |     pub fn handle_key(&mut self, key: KeyCode) {
    |            ^^^^^^^^^^
...
215 |     pub fn update_mouse(&mut self, pos: Vec2) {
    |            ^^^^^^^^^^^^
...
222 |     pub fn mouse_delta(&self) -> Vec2 {
    |            ^^^^^^^^^^^
...
227 |     pub fn handle_mouse_down(&mut self) {
    |            ^^^^^^^^^^^^^^^^^
...
250 |     pub fn handle_mouse_up(&mut self) {
    |            ^^^^^^^^^^^^^^^
...
258 |     pub fn update_hover(&mut self) {
    |            ^^^^^^^^^^^^
...
275 |     pub fn apply_gizmo_transform(&mut self) {
    |            ^^^^^^^^^^^^^^^^^^^^^
...
355 |     pub fn gizmo_render_params(&self) -> Option<GizmoRenderParams> {
    |            ^^^^^^^^^^^^^^^^^^^

warning: methods `axis_vector`, `is_planar`, and `is_single_axis` are never used
  --> tools\aw_editor\src\gizmo\state.rs:46:12
   |
44 | impl AxisConstraint {
   | ------------------- methods in this implementation
45 |     /// Get the constraint axis vector(s).
46 |     pub fn axis_vector(self) -> Vec3 {
   |            ^^^^^^^^^^^
...
59 |     pub fn is_planar(self) -> bool {
   |            ^^^^^^^^^
...
67 |     pub fn is_single_axis(self) -> bool {
   |            ^^^^^^^^^^^^^^

warning: fields `position`, `rotation`, and `scale` are never read
   --> tools\aw_editor\src\gizmo\state.rs:101:9
    |
100 | pub struct TransformSnapshot {
    |            ----------------- fields in this struct
101 |     pub position: Vec3,
    |         ^^^^^^^^
102 |     pub rotation: Quat,
    |         ^^^^^^^^
103 |     pub scale: Vec3,
    |         ^^^^^
    |
    = note: `TransformSnapshot` has derived impls for the traits `Clone` and `Debug`, but these are intentionally ignored during dead code analysis

warning: fields `start_transform` and `local_space` are never read
   --> tools\aw_editor\src\gizmo\state.rs:126:9
    |
118 | pub struct GizmoState {
    |            ---------- fields in this struct
...
126 |     pub start_transform: Option<TransformSnapshot>,
    |         ^^^^^^^^^^^^^^^
...
144 |     pub local_space: bool,
    |         ^^^^^^^^^^^
    |
    = note: `GizmoState` has derived impls for the traits `Clone` and `Debug`, but these are intentionally ignored during dead code analysis

warning: methods `update_mouse`, `mouse_delta`, `parse_numeric_input`, `is_active`, `constraint_text`, and `mode_text` are never used
   --> tools\aw_editor\src\gizmo\state.rs:276:12
    |
163 | impl GizmoState {
    | --------------- methods in this implementation
...
276 |     pub fn update_mouse(&mut self, pos: Vec2) {
    |            ^^^^^^^^^^^^
...
284 |     pub fn mouse_delta(&self) -> Vec2 {
    |            ^^^^^^^^^^^
...
292 |     pub fn parse_numeric_input(&self) -> Option<f32> {
    |            ^^^^^^^^^^^^^^^^^^^
...
301 |     pub fn is_active(&self) -> bool {
    |            ^^^^^^^^^
...
315 |     pub fn constraint_text(&self) -> String {
    |            ^^^^^^^^^^^^^^^
...
335 |     pub fn mode_text(&self) -> String {
    |            ^^^^^^^^^

warning: struct `TranslateGizmo` is never constructed
 --> tools\aw_editor\src\gizmo\translate.rs:7:12
  |
7 | pub struct TranslateGizmo;
  |            ^^^^^^^^^^^^^^

warning: associated functions `calculate_translation`, `calculate_translation_numeric`, `apply_constraint_world`, and `apply_constraint_local` are never used
   --> tools\aw_editor\src\gizmo\translate.rs:21:12
    |
9   | impl TranslateGizmo {
    | ------------------- associated functions in this implementation
...
21  |     pub fn calculate_translation(
    |            ^^^^^^^^^^^^^^^^^^^^^
...
68  |     pub fn calculate_translation_numeric(
    |            ^^^^^^^^^^^^^^^^^^^^^^^^^^^^^
...
95  |     fn apply_constraint_world(delta: Vec3, constraint: AxisConstraint) -> Vec3 {
    |        ^^^^^^^^^^^^^^^^^^^^^^
...
108 |     fn apply_constraint_local(delta: Vec3, constraint: AxisConstraint) -> Vec3 {
    |        ^^^^^^^^^^^^^^^^^^^^^^

warning: field `pan_offset` is never read
  --> tools\aw_editor\src\material_inspector.rs:37:9
   |
22 | pub struct MaterialInspector {
   |            ----------------- field in this struct
...
37 |     pub pan_offset: (f32, f32),
   |         ^^^^^^^^^^

warning: variant `Split` is never constructed
   --> tools\aw_editor\src\material_inspector.rs:126:5
    |
122 | pub enum DisplayMode {
    |          ----------- variant in this enum
...
126 |     Split, // Side-by-side comparison
    |     ^^^^^
    |
    = note: `DisplayMode` has derived impls for the traits `Clone` and `Debug`, but these are intentionally ignored during dead code analysis

warning: method `name` is never used
  --> tools\aw_editor\src\panels\mod.rs:11:8
   |
9  | pub trait Panel {
   |           ----- method in this trait
10 |     /// Panel display name (shown in tabs/titles)
11 |     fn name(&self) -> &str;
   |        ^^^^

warning: field `initialized` is never read
  --> tools\aw_editor\src\panels\advanced_widgets_panel.rs:21:5
   |
5  | pub struct AdvancedWidgetsPanel {
   |            -------------------- field in this struct
...
21 |     initialized: bool,
   |     ^^^^^^^^^^^

warning: methods `initialize_tree_views` and `update` are never used
   --> tools\aw_editor\src\panels\advanced_widgets_panel.rs:80:8
    |
30  | impl AdvancedWidgetsPanel {
    | ------------------------- methods in this implementation
...
80  |     fn initialize_tree_views(&mut self) {
    |        ^^^^^^^^^^^^^^^^^^^^^
...
188 |     pub fn update(&mut self) {
    |            ^^^^^^

warning: struct `SceneEntity` is never constructed
  --> tools\aw_editor\src\panels\transform_panel.rs:14:12
   |
14 | pub struct SceneEntity {
   |            ^^^^^^^^^^^

warning: struct `TransformPanel` is never constructed
  --> tools\aw_editor\src\panels\transform_panel.rs:31:12
   |
31 | pub struct TransformPanel {
   |            ^^^^^^^^^^^^^^

warning: multiple associated items are never used
   --> tools\aw_editor\src\panels\transform_panel.rs:99:12
    |
97  | impl TransformPanel {
    | ------------------- associated items in this implementation
98  |     /// Create new transform panel
99  |     pub fn new() -> Self {
    |            ^^^
...
104 |     pub fn add_entity(&mut self, name: String, transform: Transform) -> u32 {
    |            ^^^^^^^^^^
...
119 |     pub fn remove_entity(&mut self, id: u32) {
    |            ^^^^^^^^^^^^^
...
127 |     pub fn select_entity(&mut self, id: u32) {
    |            ^^^^^^^^^^^^^
...
136 |     pub fn set_selected(&mut self, transform: Transform) {
    |            ^^^^^^^^^^^^
...
141 |     pub fn get_transform(&self) -> Option<&Transform> {
    |            ^^^^^^^^^^^^^
...
146 |     pub fn get_transform_mut(&mut self) -> Option<&mut Transform> {
    |            ^^^^^^^^^^^^^^^^^
...
151 |     pub fn clear_selection(&mut self) {
    |            ^^^^^^^^^^^^^^^
...
157 |     pub fn start_translate(&mut self) {
    |            ^^^^^^^^^^^^^^^
...
169 |     pub fn start_rotate(&mut self) {
    |            ^^^^^^^^^^^^
...
181 |     pub fn start_scale(&mut self) {
    |            ^^^^^^^^^^^
...
193 |     pub fn confirm_transform(&mut self) {
    |            ^^^^^^^^^^^^^^^^^
...
206 |     pub fn cancel_transform(&mut self) {
    |            ^^^^^^^^^^^^^^^^
...
219 |     fn apply_numeric_input(&mut self, value: f32) {
    |        ^^^^^^^^^^^^^^^^^^^
...
255 |     fn calculate_translation_numeric(
    |        ^^^^^^^^^^^^^^^^^^^^^^^^^^^^^
...
269 |     fn calculate_rotation_numeric(
    |        ^^^^^^^^^^^^^^^^^^^^^^^^^^
...
284 |     fn calculate_scale_numeric(value: f32, constraint: AxisConstraint, uniform: bool) -> Vec3 {
    |        ^^^^^^^^^^^^^^^^^^^^^^^

warning: type alias `ViewportResult` is never used
  --> tools\aw_editor\src\viewport\mod.rs:53:10
   |
53 | pub type ViewportResult<T> = anyhow::Result<T>;
   |          ^^^^^^^^^^^^^^

warning: associated items `new`, `frame_entity`, `right`, and `up` are never used
   --> tools\aw_editor\src\viewport\camera.rs:115:12
    |
106 | impl OrbitCamera {
    | ---------------- associated items in this implementation
...
115 |     pub fn new(focal_point: Vec3, distance: f32, yaw: f32, pitch: f32) -> Self {
    |            ^^^
...
203 |     pub fn frame_entity(&mut self, entity_pos: Vec3, entity_radius: f32) {
    |            ^^^^^^^^^^^^
...
255 |     pub fn right(&self) -> Vec3 {
    |            ^^^^^
...
260 |     pub fn up(&self) -> Vec3 {
    |            ^^

warning: fields `origin` and `direction` are never read
   --> tools\aw_editor\src\viewport\camera.rs:319:9
    |
317 | pub struct Ray {
    |            --- fields in this struct
318 |     /// Ray origin (world space)
319 |     pub origin: Vec3,
    |         ^^^^^^
...
322 |     pub direction: Vec3,
    |         ^^^^^^^^^
    |
    = note: `Ray` has derived impls for the traits `Clone` and `Debug`, but these are intentionally ignored during dead code analysis

warning: associated items `new` and `at` are never used
   --> tools\aw_editor\src\viewport\camera.rs:327:12
    |
325 | impl Ray {
    | -------- associated items in this implementation
326 |     /// Create new ray
327 |     pub fn new(origin: Vec3, direction: Vec3) -> Self {
    |            ^^^
...
335 |     pub fn at(&self, t: f32) -> Vec3 {
    |            ^^

warning: field `bind_group_layout` is never read
  --> tools\aw_editor\src\viewport\entity_renderer.rs:38:5
   |
33 | pub struct EntityRenderer {
   |            -------------- field in this struct
...
38 |     bind_group_layout: wgpu::BindGroupLayout,
   |     ^^^^^^^^^^^^^^^^^

warning: fields `bind_group_layout` and `device` are never read
  --> tools\aw_editor\src\viewport\gizmo_renderer.rs:25:5
   |
20 | pub struct GizmoRendererWgpu {
   |            ----------------- fields in this struct
...
25 |     bind_group_layout: wgpu::BindGroupLayout,
   |     ^^^^^^^^^^^^^^^^^
...
40 |     device: wgpu::Device,
   |     ^^^^^^

warning: field `bind_group_layout` is never read
  --> tools\aw_editor\src\viewport\grid_renderer.rs:30:5
   |
25 | pub struct GridRenderer {
   |            ------------ field in this struct
...
30 |     bind_group_layout: wgpu::BindGroupLayout,
   |     ^^^^^^^^^^^^^^^^^

warning: methods `size` and `selected_entity` are never used
   --> tools\aw_editor\src\viewport\renderer.rs:289:12
    |
68  | impl ViewportRenderer {
    | --------------------- methods in this implementation
...
289 |     pub fn size(&self) -> (u32, u32) {
    |            ^^^^
...
309 |     pub fn selected_entity(&self) -> Option<Entity> {
    |            ^^^^^^^^^^^^^^^

warning: fields `bind_group_layout` and `vertex_buffer` are never read
  --> tools\aw_editor\src\viewport\skybox_renderer.rs:22:5
   |
17 | pub struct SkyboxRenderer {
   |            -------------- fields in this struct
...
22 |     bind_group_layout: wgpu::BindGroupLayout,
   |     ^^^^^^^^^^^^^^^^^
...
31 |     vertex_buffer: wgpu::Buffer,
   |     ^^^^^^^^^^^^^

warning: methods `camera` and `camera_mut` are never used
   --> tools\aw_editor\src\viewport\widget.rs:643:12
    |
85  | impl ViewportWidget {
    | ------------------- methods in this implementation
...
643 |     pub fn camera(&self) -> &OrbitCamera {
    |            ^^^^^^
...
648 |     pub fn camera_mut(&mut self) -> &mut OrbitCamera {
    |            ^^^^^^^^^^

    Checking coop_client v0.1.0 (C:\Users\pv2br\AstraWeave-AI-Native-Gaming-Engine\examples\coop_client)
warning: `aw_editor` (bin "aw_editor") generated 74 warnings (run `cargo fix --bin "aw_editor"` to apply 20 suggestions)
warning: unused import: `super::*`
   --> tools\aw_editor\src\viewport\renderer.rs:316:9
    |
316 |     use super::*;
    |         ^^^^^^^^

warning: unused variable: `mode`
   --> tools\aw_editor\src\gizmo\picking.rs:501:13
    |
501 |         let mode = GizmoMode::Translate {
    |             ^^^^ help: if this is intentional, prefix it with an underscore: `_mode`
    |
    = note: `#[warn(unused_variables)]` on by default

warning: unused variable: `world`
  --> tools\aw_editor\src\panels\advanced_widgets_panel.rs:86:13
   |
86 |         let world = self
   |             ^^^^^ help: if this is intentional, prefix it with an underscore: `_world`

warning: method `clear` is never used
  --> tools\aw_editor\src\gizmo\input.rs:22:12
   |
9  | impl NumericInput {
   | ----------------- method in this implementation
...
22 |     pub fn clear(&mut self) {
   |            ^^^^^

warning: variants `RotateX` and `RotateZ` are never constructed
  --> tools\aw_editor\src\gizmo\picking.rs:19:5
   |
15 | pub enum GizmoHandle {
   |          ----------- variants in this enum
...
19 |     RotateX,
   |     ^^^^^^^
20 |     RotateY,
21 |     RotateZ,
   |     ^^^^^^^
   |
   = note: `GizmoHandle` has derived impls for the traits `Clone` and `Debug`, but these are intentionally ignored during dead code analysis

warning: field `max_distance` is never read
   --> tools\aw_editor\src\gizmo\picking.rs:120:9
    |
118 | pub struct GizmoPicker {
    |            ----------- field in this struct
119 |     /// Maximum pick distance (in world units).
120 |     pub max_distance: f32,
    |         ^^^^^^^^^^^^
    |
    = note: `GizmoPicker` has derived impls for the traits `Clone` and `Debug`, but these are intentionally ignored during dead code analysis

warning: methods `pick_handle` and `pick_rotate_handle` are never used
   --> tools\aw_editor\src\gizmo\picking.rs:150:12
    |
139 | impl GizmoPicker {
    | ---------------- methods in this implementation
...
150 |     pub fn pick_handle(
    |            ^^^^^^^^^^^
...
201 |     fn pick_rotate_handle(&self, ray: &Ray, gizmo_pos: Vec3) -> Option<GizmoHandle> {
    |        ^^^^^^^^^^^^^^^^^^

warning: associated function `generate_label_position` is never used
   --> tools\aw_editor\src\gizmo\rendering.rs:313:12
    |
52  | impl GizmoRenderer {
    | ------------------ associated function in this implementation
...
313 |     pub fn generate_label_position(axis: Vec3, params: &GizmoRenderParams) -> Vec3 {
    |            ^^^^^^^^^^^^^^^^^^^^^^^

warning: fields `fov`, `aspect`, `near`, and `far` are never read
  --> tools\aw_editor\src\gizmo\scene_viewport.rs:27:9
   |
19 | pub struct CameraController {
   |            ---------------- fields in this struct
...
27 |     pub fov: f32,
   |         ^^^
28 |     /// Aspect ratio (width / height).
29 |     pub aspect: f32,
   |         ^^^^^^
30 |     /// Near plane distance.
31 |     pub near: f32,
   |         ^^^^
32 |     /// Far plane distance.
33 |     pub far: f32,
   |         ^^^
   |
   = note: `CameraController` has derived impls for the traits `Clone` and `Debug`, but these are intentionally ignored during dead code analysis

warning: methods `projection_matrix`, `view_projection_matrix`, and `inverse_view_projection_matrix` are never used
  --> tools\aw_editor\src\gizmo\scene_viewport.rs:57:12
   |
50 | impl CameraController {
   | --------------------- methods in this implementation
...
57 |     pub fn projection_matrix(&self) -> Mat4 {
   |            ^^^^^^^^^^^^^^^^^
...
62 |     pub fn view_projection_matrix(&self) -> Mat4 {
   |            ^^^^^^^^^^^^^^^^^^^^^^
...
67 |     pub fn inverse_view_projection_matrix(&self) -> Mat4 {
   |            ^^^^^^^^^^^^^^^^^^^^^^^^^^^^^^

warning: fields `camera` and `gizmo_picker` are never read
   --> tools\aw_editor\src\gizmo\scene_viewport.rs:166:9
    |
164 | pub struct SceneViewport {
    |            ------------- fields in this struct
165 |     /// Camera controller.
166 |     pub camera: CameraController,
    |         ^^^^^^
...
170 |     pub gizmo_picker: GizmoPicker,
    |         ^^^^^^^^^^^^

warning: methods `set_aspect_ratio`, `handle_key`, `update_hover`, `apply_gizmo_transform`, and `gizmo_render_params` are never used
   --> tools\aw_editor\src\gizmo\scene_viewport.rs:205:12
    |
198 | impl SceneViewport {
    | ------------------ methods in this implementation
...
205 |     pub fn set_aspect_ratio(&mut self, width: f32, height: f32) {
    |            ^^^^^^^^^^^^^^^^
...
210 |     pub fn handle_key(&mut self, key: KeyCode) {
    |            ^^^^^^^^^^
...
258 |     pub fn update_hover(&mut self) {
    |            ^^^^^^^^^^^^
...
275 |     pub fn apply_gizmo_transform(&mut self) {
    |            ^^^^^^^^^^^^^^^^^^^^^
...
355 |     pub fn gizmo_render_params(&self) -> Option<GizmoRenderParams> {
    |            ^^^^^^^^^^^^^^^^^^^

warning: method `update` is never used
   --> tools\aw_editor\src\panels\advanced_widgets_panel.rs:188:12
    |
30  | impl AdvancedWidgetsPanel {
    | ------------------------- method in this implementation
...
188 |     pub fn update(&mut self) {
    |            ^^^^^^

warning: associated function `new` is never used
   --> tools\aw_editor\src\viewport\camera.rs:115:12
    |
106 | impl OrbitCamera {
    | ---------------- associated function in this implementation
...
115 |     pub fn new(focal_point: Vec3, distance: f32, yaw: f32, pitch: f32) -> Self {
    |            ^^^

warning: `aw_editor` (bin "aw_editor" test) generated 55 warnings (41 duplicates) (run `cargo fix --bin "aw_editor" --tests` to apply 1 suggestion)
    Checking asset_signing v0.1.0 (C:\Users\pv2br\AstraWeave-AI-Native-Gaming-Engine\tools\asset_signing)
warning: unused imports: `Signature`, `SigningKey`, and `VerifyingKey`
 --> astraweave-security\src\signature_tests.rs:9:21
  |
9 | use ed25519_dalek::{Signature, SigningKey, VerifyingKey};
  |                     ^^^^^^^^^  ^^^^^^^^^^  ^^^^^^^^^^^^
  |
  = note: `#[warn(unused_imports)]` on by default

warning: `astraweave-security` (lib test) generated 1 warning (run `cargo fix --lib -p astraweave-security --tests` to apply 1 suggestion)
    Checking unified_showcase v0.1.0 (C:\Users\pv2br\AstraWeave-AI-Native-Gaming-Engine\examples\unified_showcase)
error[E0063]: missing field `speed` in initializer of `ActionStep`
  --> examples\coop_client\src\main.rs:34:13
   |
34 |             ActionStep::MoveTo { x: 4, y: 3 },
   |             ^^^^^^^^^^^^^^^^^^ missing `speed`

error[E0027]: pattern does not mention field `speed`
  --> examples\coop_client\src\main.rs:70:16
   |
70 |         if let ActionStep::MoveTo { x, y } = s {
   |                ^^^^^^^^^^^^^^^^^^^^^^^^^^^ missing field `speed`
   |
help: include the missing field in the pattern
   |
70 |         if let ActionStep::MoveTo { x, y, speed } = s {
   |                                         +++++++
help: if you don't care about this missing field, you can explicitly ignore it
   |
70 |         if let ActionStep::MoveTo { x, y, speed: _ } = s {
   |                                         ++++++++++
help: or always ignore missing fields here
   |
70 |         if let ActionStep::MoveTo { x, y, .. } = s {
   |                                         ++++

error[E0027]: pattern does not mention field `speed`
   --> examples\coop_client\src\main.rs:116:49
    |
116 | ...                   if let Some(ActionStep::MoveTo { x, y }) = intent.steps.first()
    |                                   ^^^^^^^^^^^^^^^^^^^^^^^^^^^ missing field `speed`
    |
help: include the missing field in the pattern
    |
116 |                                     if let Some(ActionStep::MoveTo { x, y, speed }) = intent.steps.first()
    |                                                                          +++++++
help: if you don't care about this missing field, you can explicitly ignore it
    |
116 |                                     if let Some(ActionStep::MoveTo { x, y, speed: _ }) = intent.steps.first()
    |                                                                          ++++++++++
help: or always ignore missing fields here
    |
116 |                                     if let Some(ActionStep::MoveTo { x, y, .. }) = intent.steps.first()
    |                                                                          ++++

error[E0277]: the trait bound `OsRng: rand_core::CryptoRngCore` is not satisfied
   --> tools\asset_signing\src\lib.rs:42:39
    |
42  |         let sk = SigningKey::generate(&mut OsRng);
    |                  -------------------- ^^^^^^^^^^ the trait `rand_core::CryptoRng` is not implemented for `OsRng`
    |                  |
    |                  required by a bound introduced by this call
    |
note: there are multiple different versions of crate `rand_core` in the dependency graph
   --> C:\Users\pv2br\.cargo\registry\src\index.crates.io-1949cf8c6b5b557f\rand_core-0.6.4\src\lib.rs:209:1
    |
209 | pub trait CryptoRng {}
    | ^^^^^^^^^^^^^^^^^^^ this is the required trait
    |
   ::: tools\asset_signing\src\lib.rs:2:5
    |
2   | use ed25519_dalek::{Signature, Signer, SigningKey, VerifyingKey, SECRET_KEY_LENGTH};
    |     ------------- one version of crate `rand_core` used here, as a dependency of crate `ed25519_dalek`
...
37  |     use rand::rngs::OsRng;
    |         ---- one version of crate `rand_core` used here, as a dependency of crate `rand`
    |
   ::: C:\Users\pv2br\.cargo\registry\src\index.crates.io-1949cf8c6b5b557f\rand_core-0.9.3\src\os.rs:47:1
    |
47  | pub struct OsRng;
    | ---------------- this type doesn't implement the required trait
    |
   ::: C:\Users\pv2br\.cargo\registry\src\index.crates.io-1949cf8c6b5b557f\rand_core-0.6.4\src\os.rs:48:1
    |
48  | pub struct OsRng;
    | ---------------- this type implements the required trait
    |
   ::: C:\Users\pv2br\.cargo\registry\src\index.crates.io-1949cf8c6b5b557f\rand_core-0.9.3\src\block.rs:67:1
    |
67  | pub trait BlockRngCore {
    | ---------------------- this is the found trait
    = note: two types coming from two different versions of the same crate are different types even if they look the same
    = help: you can use `cargo tree` to explore your dependency tree
    = note: required for `OsRng` to implement `rand_core::CryptoRngCore`
note: required by a bound in `ed25519_dalek::SigningKey::generate`
   --> C:\Users\pv2br\.cargo\registry\src\index.crates.io-1949cf8c6b5b557f\ed25519-dalek-2.2.0\src\signing.rs:202:24
    |
202 |     pub fn generate<R: CryptoRngCore + ?Sized>(csprng: &mut R) -> SigningKey {
    |                        ^^^^^^^^^^^^^ required by this bound in `SigningKey::generate`

error[E0277]: the trait bound `OsRng: rand_core::CryptoRngCore` is not satisfied
   --> tools\asset_signing\src\lib.rs:42:39
    |
42  |         let sk = SigningKey::generate(&mut OsRng);
    |                  -------------------- ^^^^^^^^^^ the trait `rand_core::RngCore` is not implemented for `OsRng`
    |                  |
    |                  required by a bound introduced by this call
    |
note: there are multiple different versions of crate `rand_core` in the dependency graph
   --> C:\Users\pv2br\.cargo\registry\src\index.crates.io-1949cf8c6b5b557f\rand_core-0.6.4\src\lib.rs:142:1
    |
142 | pub trait RngCore {
    | ^^^^^^^^^^^^^^^^^ this is the required trait
    |
   ::: tools\asset_signing\src\lib.rs:2:5
    |
2   | use ed25519_dalek::{Signature, Signer, SigningKey, VerifyingKey, SECRET_KEY_LENGTH};
    |     ------------- one version of crate `rand_core` used here, as a dependency of crate `ed25519_dalek`
...
37  |     use rand::rngs::OsRng;
    |         ---- one version of crate `rand_core` used here, as a dependency of crate `rand`
    |
   ::: C:\Users\pv2br\.cargo\registry\src\index.crates.io-1949cf8c6b5b557f\rand_core-0.9.3\src\os.rs:47:1
    |
47  | pub struct OsRng;
    | ---------------- this type doesn't implement the required trait
    |
   ::: C:\Users\pv2br\.cargo\registry\src\index.crates.io-1949cf8c6b5b557f\rand_core-0.6.4\src\os.rs:48:1
    |
48  | pub struct OsRng;
    | ---------------- this type implements the required trait
    |
   ::: C:\Users\pv2br\.cargo\registry\src\index.crates.io-1949cf8c6b5b557f\rand_core-0.9.3\src\block.rs:67:1
    |
67  | pub trait BlockRngCore {
    | ---------------------- this is the found trait
    = note: two types coming from two different versions of the same crate are different types even if they look the same
    = help: you can use `cargo tree` to explore your dependency tree
    = note: required for `OsRng` to implement `rand_core::CryptoRngCore`
note: required by a bound in `ed25519_dalek::SigningKey::generate`
   --> C:\Users\pv2br\.cargo\registry\src\index.crates.io-1949cf8c6b5b557f\ed25519-dalek-2.2.0\src\signing.rs:202:24
    |
202 |     pub fn generate<R: CryptoRngCore + ?Sized>(csprng: &mut R) -> SigningKey {
    |                        ^^^^^^^^^^^^^ required by this bound in `SigningKey::generate`

Some errors have detailed explanations: E0027, E0063.
For more information about an error, try `rustc --explain E0027`.
For more information about this error, try `rustc --explain E0277`.
error: could not compile `coop_client` (bin "coop_client") due to 3 previous errors
warning: build failed, waiting for other jobs to finish...
error: could not compile `asset_signing` (lib test) due to 2 previous errors
error: could not compile `coop_client` (bin "coop_client" test) due to 3 previous errors
error[E0277]: a value of type `HashMap<u64, (usize, Vec3)>` cannot be built from an iterator over elements of type `(u32, (usize, Vec3))`
    --> examples\profiling_demo\src\main.rs:444:18
     |
444  |                 .collect();
     |                  ^^^^^^^ value of type `HashMap<u64, (usize, Vec3)>` cannot be built from `std::iter::Iterator<Item=(u32, (usize, Vec3))>`
     |
     = help: the trait `FromIterator<(u32, (_, Vec3))>` is not implemented for `HashMap<u64, (usize, Vec3)>`
             but trait `FromIterator<(u64, (_, Vec3))>` is implemented for it
     = help: for that trait implementation, expected `u64`, found `u32`
note: the method call chain might not have had the expected associated types
    --> examples\profiling_demo\src\main.rs:443:18
     |
433  |           let entities_data: Vec<(Entity, Vec3)> = {
     |  __________________________________________________-
434  | |             let query = Query2::<Position, RigidBody>::new(world);
435  | |             query.map(|(entity, pos, _)| (entity, pos.0)).collect()
436  | |         };
     | |_________- this expression has type `Vec<(Entity, Vec3)>`
...
441  |                   .iter()
     |                    ------ `Iterator::Item` is `&(Entity, Vec3)` here
442  |                   .enumerate()
     |                    ----------- `Iterator::Item` changed to `(usize, &(Entity, Vec3))` here
443  |                   .map(|(i, (e, pos))| (e.id(), (i, *pos)))
     |                    ^^^^^^^^^^^^^^^^^^^^^^^^^^^^^^^^^^^^^^^^ `Iterator::Item` changed to `(u32, (usize, Vec3))` here
note: required by a bound in `collect`
    --> C:\Users\pv2br\.rustup\toolchains\1.89.0-x86_64-pc-windows-msvc\lib/rustlib/src/rust\library\core\src\iter\traits\iterator.rs:2014:19
     |
2014 |     fn collect<B: FromIterator<Self::Item>>(self) -> B
     |                   ^^^^^^^^^^^^^^^^^^^^^^^^ required by this bound in `Iterator::collect`

error: expected expression, found `%`
  --> astraweave-gameplay\src\veilweaver_tutorial.rs:98:49
   |
98 |                 info!("Anchor stabilized", id = %anchor_id, order = ?anchor.activation_order);
   |                                                 ^ expected expression

error: expected expression, found `%`
   --> astraweave-gameplay\src\veilweaver_tutorial.rs:105:41
    |
105 |         info!("Trigger activated", id = %trigger_id);
    |                                         ^ expected expression

error: expected expression, found `%`
   --> astraweave-gameplay\src\veilweaver_tutorial.rs:110:43
    |
110 |             info!("Trigger cleared", id = %trigger_id);
    |                                           ^ expected expression

error[E0308]: mismatched types
   --> examples\profiling_demo\src\main.rs:462:71
    |
462 |                     if let Some(&(j, candidate_pos)) = entity_map.get(&candidate_id) {
    |                                                                   --- ^^^^^^^^^^^^^ expected `&u64`, found `&u32`
    |                                                                   |
    |                                                                   arguments to this method are incorrect
    |
    = note: expected reference `&u64`
               found reference `&u32`
note: method defined here
   --> C:\Users\pv2br\.rustup\toolchains\1.89.0-x86_64-pc-windows-msvc\lib/rustlib/src/rust\library\std\src\collections\hash\map.rs:905:12
    |
905 |     pub fn get<Q: ?Sized>(&self, k: &Q) -> Option<&V>
    |            ^^^

error[E0432]: unresolved import `astraweave_scene::world_partition::CellComponentView`
 --> astraweave-gameplay\src\veilweaver_slice.rs:2:47
  |
2 | use astraweave_scene::world_partition::{Cell, CellComponentView, GridCoord};
  |                                               ^^^^^^^^^^^^^^^^^ no `CellComponentView` in `world_partition`

error[E0432]: unresolved import `notify`
 --> examples\unified_showcase\tests\..\src\material_hot_reload.rs:7:5
  |
7 | use notify::{
  |     ^^^^^^ use of unresolved module or unlinked crate `notify`
  |
  = help: if you wanted to use a crate named `notify`, use `cargo add notify` to add it to your `Cargo.toml`

Some errors have detailed explanations: E0277, E0308.
For more information about an error, try `rustc --explain E0277`.
error: could not compile `profiling_demo` (bin "profiling_demo") due to 2 previous errors
error: could not compile `profiling_demo` (bin "profiling_demo" test) due to 2 previous errors
error[E0432]: unresolved import `astraweave_render`
 --> examples\unified_showcase\tests\..\src\material_integration.rs:4:5
  |
4 | use astraweave_render::{ArrayLayout, MaterialGpuArrays, MaterialLoadStats, MaterialManager};
  |     ^^^^^^^^^^^^^^^^^ use of unresolved module or unlinked crate `astraweave_render`
  |
help: there is a crate or module with a similar name
  |
4 | use astraweave_render_bevy::{ArrayLayout, MaterialGpuArrays, MaterialLoadStats, MaterialManager};
  |                      +++++

error[E0433]: failed to resolve: use of unresolved module or unlinked crate `astraweave_render`
 --> examples\unified_showcase\tests\..\src\pbr_e_demo.rs:6:5
  |
6 | use astraweave_render::material_extended::*;
  |     ^^^^^^^^^^^^^^^^^ use of unresolved module or unlinked crate `astraweave_render`
  |
help: there is a crate or module with a similar name
  |
6 | use astraweave_render_bevy::material_extended::*;
  |                      +++++

error[E0432]: unresolved import `crate::material_hot_reload`
   --> examples\unified_showcase\tests\..\src\material_integration.rs:187:24
    |
187 |             use crate::material_hot_reload::{MaterialArrayIndices, MaterialType};
    |                        ^^^^^^^^^^^^^^^^^^^
    |                        |
    |                        unresolved import
    |                        help: a similar path exists: `main_src::material_hot_reload`

error[E0432]: unresolved import `serde`
 --> examples\unified_showcase\tests\..\src\material.rs:3:5
  |
3 | use serde::{Deserialize, Serialize};
  |     ^^^^^ use of unresolved module or unlinked crate `serde`
  |
  = help: if you wanted to use a crate named `serde`, use `cargo add serde` to add it to your `Cargo.toml`

error[E0433]: failed to resolve: use of unresolved module or unlinked crate `astraweave_render`
  --> examples\unified_showcase\tests\..\src\main.rs:20:5
   |
20 | use astraweave_render::camera::{Camera as RenderCamera, CameraController};
   |     ^^^^^^^^^^^^^^^^^ use of unresolved module or unlinked crate `astraweave_render`
   |
help: there is a crate or module with a similar name
   |
20 | use astraweave_render_bevy::camera::{Camera as RenderCamera, CameraController};
   |                      +++++

error[E0432]: unresolved import `serde`
 --> examples\unified_showcase\tests\..\src\texture_manager.rs:7:5
  |
7 | use serde::Deserialize;
  |     ^^^^^ use of unresolved module or unlinked crate `serde`
  |
  = help: if you wanted to use a crate named `serde`, use `cargo add serde` to add it to your `Cargo.toml`

error[E0432]: unresolved import `astraweave_render`
  --> examples\unified_showcase\tests\..\src\main.rs:21:5
   |
21 | use astraweave_render::MeshKey as RenderMeshKey;
   |     ^^^^^^^^^^^^^^^^^ use of unresolved module or unlinked crate `astraweave_render`
   |
help: there is a crate or module with a similar name
   |
21 | use astraweave_render_bevy::MeshKey as RenderMeshKey;
   |                      +++++

error[E0432]: unresolved import `astraweave_render`
  --> examples\unified_showcase\tests\..\src\main.rs:22:5
   |
22 | use astraweave_render::{IblManager, IblQuality, MeshHandle, MeshRegistry, SkyMode};
   |     ^^^^^^^^^^^^^^^^^ use of unresolved module or unlinked crate `astraweave_render`
   |
help: there is a crate or module with a similar name
   |
22 | use astraweave_render_bevy::{IblManager, IblQuality, MeshHandle, MeshRegistry, SkyMode};
   |                      +++++

error[E0433]: failed to resolve: use of unresolved module or unlinked crate `rapier3d`
  --> examples\unified_showcase\tests\..\src\main.rs:27:5
   |
27 | use rapier3d::prelude::nalgebra; // Add nalgebra import
   |     ^^^^^^^^ use of unresolved module or unlinked crate `rapier3d`
   |
   = help: if you wanted to use a crate named `rapier3d`, use `cargo add rapier3d` to add it to your `Cargo.toml`

error[E0432]: unresolved import `rapier3d`
  --> examples\unified_showcase\tests\..\src\main.rs:26:5
   |
26 | use rapier3d::prelude as r3;
   |     ^^^^^^^^ use of unresolved module or unlinked crate `rapier3d`
   |
   = help: if you wanted to use a crate named `rapier3d`, use `cargo add rapier3d` to add it to your `Cargo.toml`

error[E0433]: failed to resolve: use of unresolved module or unlinked crate `astraweave_render`
    --> examples\unified_showcase\tests\..\src\main.rs:8777:9
     |
8777 |     use astraweave_render::material_extended::MaterialGpuExtended;
     |         ^^^^^^^^^^^^^^^^^ use of unresolved module or unlinked crate `astraweave_render`
     |
help: there is a crate or module with a similar name
     |
8777 |     use astraweave_render_bevy::material_extended::MaterialGpuExtended;
     |                          +++++

error[E0432]: unresolved import `serde`
  --> examples\unified_showcase\tests\..\src\main.rs:28:5
   |
28 | use serde::Deserialize;
   |     ^^^^^ use of unresolved module or unlinked crate `serde`
   |
   = help: if you wanted to use a crate named `serde`, use `cargo add serde` to add it to your `Cargo.toml`

error: cannot find attribute `serde` in this scope
    --> examples\unified_showcase\tests\..\src\main.rs:1290:7
     |
1290 |     #[serde(default)]
     |       ^^^^^

error: cannot find attribute `serde` in this scope
    --> examples\unified_showcase\tests\..\src\main.rs:1292:7
     |
1292 |     #[serde(default)]
     |       ^^^^^

error: cannot find attribute `serde` in this scope
    --> examples\unified_showcase\tests\..\src\main.rs:1298:7
     |
1298 |     #[serde(default)]
     |       ^^^^^

error: cannot find attribute `serde` in this scope
    --> examples\unified_showcase\tests\..\src\main.rs:1300:7
     |
1300 |     #[serde(default)]
     |       ^^^^^

error: cannot find attribute `serde` in this scope
    --> examples\unified_showcase\tests\..\src\main.rs:1307:7
     |
1307 |     #[serde(default)]
     |       ^^^^^

error: cannot find attribute `serde` in this scope
    --> examples\unified_showcase\tests\..\src\main.rs:1309:7
     |
1309 |     #[serde(default)]
     |       ^^^^^

error: cannot find attribute `serde` in this scope
    --> examples\unified_showcase\tests\..\src\main.rs:1311:7
     |
1311 |     #[serde(default)]
     |       ^^^^^

error: cannot find attribute `serde` in this scope
    --> examples\unified_showcase\tests\..\src\main.rs:1313:7
     |
1313 |     #[serde(default)]
     |       ^^^^^

error: cannot find attribute `serde` in this scope
    --> examples\unified_showcase\tests\..\src\main.rs:1315:7
     |
1315 |     #[serde(default)]
     |       ^^^^^

error: cannot find attribute `serde` in this scope
    --> examples\unified_showcase\tests\..\src\main.rs:1317:7
     |
1317 |     #[serde(default)]
     |       ^^^^^

error: cannot find attribute `serde` in this scope
    --> examples\unified_showcase\tests\..\src\main.rs:1763:7
     |
1763 |     #[serde(default)]
     |       ^^^^^

error: cannot find attribute `serde` in this scope
    --> examples\unified_showcase\tests\..\src\main.rs:1765:7
     |
1765 |     #[serde(default)]
     |       ^^^^^

error: cannot find attribute `serde` in this scope
    --> examples\unified_showcase\tests\..\src\main.rs:1771:7
     |
1771 |     #[serde(default = "default_ground_texture")]
     |       ^^^^^

error: cannot find attribute `serde` in this scope
    --> examples\unified_showcase\tests\..\src\main.rs:1773:7
     |
1773 |     #[serde(default = "default_ground_scale")]
     |       ^^^^^

error: cannot find attribute `serde` in this scope
    --> examples\unified_showcase\tests\..\src\main.rs:1775:7
     |
1775 |     #[serde(default = "default_ground_tint")]
     |       ^^^^^

error[E0433]: failed to resolve: use of unresolved module or unlinked crate `astraweave_render`
   --> examples\unified_showcase\tests\..\src\material_hot_reload.rs:457:28
    |
457 |         let mut material = astraweave_render::MaterialGpuExtended::default();
    |                            ^^^^^^^^^^^^^^^^^ use of unresolved module or unlinked crate `astraweave_render`
    |
help: there is a crate or module with a similar name
    |
457 |         let mut material = astraweave_render_bevy::MaterialGpuExtended::default();
    |                                             +++++

error[E0433]: failed to resolve: use of unresolved module or unlinked crate `astraweave_render`
   --> examples\unified_showcase\tests\..\src\material_hot_reload.rs:566:28
    |
566 |         let mut material = astraweave_render::TerrainMaterialGpu::default();
    |                            ^^^^^^^^^^^^^^^^^ use of unresolved module or unlinked crate `astraweave_render`
    |
help: there is a crate or module with a similar name
    |
566 |         let mut material = astraweave_render_bevy::TerrainMaterialGpu::default();
    |                                             +++++

error[E0433]: failed to resolve: use of unresolved module or unlinked crate `astraweave_render`
    --> examples\unified_showcase\tests\..\src\main.rs:6913:33
     |
6913 |             if let Ok(meshes) = astraweave_render::mesh_obj::load_obj(obj_path) {
     |                                 ^^^^^^^^^^^^^^^^^ use of unresolved module or unlinked crate `astraweave_render`
     |
help: there is a crate or module with a similar name
     |
6913 |             if let Ok(meshes) = astraweave_render_bevy::mesh_obj::load_obj(obj_path) {
     |                                                  +++++

error[E0433]: failed to resolve: use of unresolved module or unlinked crate `astraweave_render`
    --> examples\unified_showcase\tests\..\src\main.rs:6924:24
     |
6924 |             let opts = astraweave_render::mesh_gltf::GltfOptions::default();
     |                        ^^^^^^^^^^^^^^^^^ use of unresolved module or unlinked crate `astraweave_render`
     |
help: there is a crate or module with a similar name
     |
6924 |             let opts = astraweave_render_bevy::mesh_gltf::GltfOptions::default();
     |                                         +++++

error[E0433]: failed to resolve: use of unresolved module or unlinked crate `astraweave_render`
    --> examples\unified_showcase\tests\..\src\main.rs:6925:33
     |
6925 |             if let Ok(meshes) = astraweave_render::mesh_gltf::load_gltf(gltf_path, &opts) {
     |                                 ^^^^^^^^^^^^^^^^^ use of unresolved module or unlinked crate `astraweave_render`
     |
help: there is a crate or module with a similar name
     |
6925 |             if let Ok(meshes) = astraweave_render_bevy::mesh_gltf::load_gltf(gltf_path, &opts) {
     |                                                  +++++

error[E0433]: failed to resolve: use of unresolved module or unlinked crate `astraweave_render`
    --> examples\unified_showcase\tests\..\src\main.rs:7127:17
     |
7127 |                 astraweave_render::mesh::MeshVertexLayout::buffer_layout(),
     |                 ^^^^^^^^^^^^^^^^^ use of unresolved module or unlinked crate `astraweave_render`
     |
help: there is a crate or module with a similar name
     |
7127 |                 astraweave_render_bevy::mesh::MeshVertexLayout::buffer_layout(),
     |                                  +++++

error[E0433]: failed to resolve: use of unresolved module or unlinked crate `astraweave_render`
    --> examples\unified_showcase\tests\..\src\main.rs:7391:16
     |
7391 |     let opts = astraweave_render::mesh_gltf::GltfOptions::default();
     |                ^^^^^^^^^^^^^^^^^ use of unresolved module or unlinked crate `astraweave_render`
     |
help: there is a crate or module with a similar name
     |
7391 |     let opts = astraweave_render_bevy::mesh_gltf::GltfOptions::default();
     |                                 +++++

error[E0433]: failed to resolve: use of unresolved module or unlinked crate `astraweave_render`
    --> examples\unified_showcase\tests\..\src\main.rs:7394:15
     |
7394 |         match astraweave_render::mesh_gltf::load_gltf(&file, &opts) {
     |               ^^^^^^^^^^^^^^^^^ use of unresolved module or unlinked crate `astraweave_render`
     |
help: there is a crate or module with a similar name
     |
7394 |         match astraweave_render_bevy::mesh_gltf::load_gltf(&file, &opts) {
     |                                +++++

error[E0433]: failed to resolve: unresolved import
   --> examples\unified_showcase\tests\..\src\material_hot_reload.rs:427:30
    |
427 |         let material: crate::material::Material =
    |                              ^^^^^^^^ unresolved import
    |
help: a similar path exists
    |
427 |         let material: crate::gltf::material::Material =
    |                              ++++++
help: consider importing one of these modules
    |
6   + use crate::main_src::material;
    |
6   + use gltf::material;
    |
help: if you import `material`, refer to it directly
    |
427 -         let material: crate::material::Material =
427 +         let material: material::Material =
    |

error[E0433]: failed to resolve: unresolved import
   --> examples\unified_showcase\tests\..\src\material_hot_reload.rs:431:35
    |
431 |         let material_gpu = crate::material::MaterialGpu::from(&material);
    |                                   ^^^^^^^^ unresolved import
    |
help: a similar path exists
    |
431 |         let material_gpu = crate::gltf::material::MaterialGpu::from(&material);
    |                                   ++++++
help: consider importing this struct through its public re-export
    |
6   + use crate::main_src::MaterialGpu;
    |
help: if you import `MaterialGpu`, refer to it directly
    |
431 -         let material_gpu = crate::material::MaterialGpu::from(&material);
431 +         let material_gpu = MaterialGpu::from(&material);
    |

error[E0433]: failed to resolve: unresolved import
   --> examples\unified_showcase\tests\..\src\material_hot_reload.rs:435:63
    |
435 |             (material_id as u64) * std::mem::size_of::<crate::material::MaterialGpu>() as u64;
    |                                                               ^^^^^^^^ unresolved import
    |
help: a similar path exists
    |
435 |             (material_id as u64) * std::mem::size_of::<crate::gltf::material::MaterialGpu>() as u64;
    |                                                               ++++++
help: consider importing this module
    |
6   + use crate::main_src::material;
    |
help: if you import `material`, refer to it directly
    |
435 -             (material_id as u64) * std::mem::size_of::<crate::material::MaterialGpu>() as u64;
435 +             (material_id as u64) * std::mem::size_of::<material::MaterialGpu>() as u64;
    |

error[E0433]: failed to resolve: unresolved import
   --> examples\unified_showcase\tests\..\src\material_integration.rs:160:48
    |
160 |         hot_reload_manager: Option<&mut crate::material_hot_reload::MaterialReloadManager>,
    |                                                ^^^^^^^^^^^^^^^^^^^ unresolved import
    |
help: a similar path exists
    |
160 |         hot_reload_manager: Option<&mut crate::main_src::material_hot_reload::MaterialReloadManager>,
    |                                                  ++++++++++
help: consider importing this module
    |
1   + use crate::main_src::material_hot_reload;
    |
help: if you import `material_hot_reload`, refer to it directly
    |
160 -         hot_reload_manager: Option<&mut crate::material_hot_reload::MaterialReloadManager>,
160 +         hot_reload_manager: Option<&mut material_hot_reload::MaterialReloadManager>,
    |

error[E0412]: cannot find type `MaterialGpuExtended` in this scope
  --> examples\unified_showcase\tests\..\src\pbr_e_demo.rs:63:61
   |
63 | pub fn generate_demo_scene(config: &PbrEDemoConfig) -> (Vec<MaterialGpuExtended>, Vec<Vec3>) {
   |                                                             ^^^^^^^^^^^^^^^^^^^ not found in this scope
   |
help: you might be missing a type parameter
   |
63 | pub fn generate_demo_scene<MaterialGpuExtended>(config: &PbrEDemoConfig) -> (Vec<MaterialGpuExtended>, Vec<Vec3>) {
   |                           +++++++++++++++++++++

error[E0412]: cannot find type `MaterialGpuExtended` in this scope
  --> examples\unified_showcase\tests\..\src\pbr_e_demo.rs:97:57
   |
97 | fn generate_clearcoat(strength: f32, roughness: f32) -> MaterialGpuExtended {
   |                                                         ^^^^^^^^^^^^^^^^^^^ not found in this scope

error[E0412]: cannot find type `MaterialGpuExtended` in this scope
   --> examples\unified_showcase\tests\..\src\pbr_e_demo.rs:109:67
    |
109 | fn generate_anisotropy(strength_norm: f32, rotation_norm: f32) -> MaterialGpuExtended {
    |                                                                   ^^^^^^^^^^^^^^^^^^^ not found in this scope

error[E0412]: cannot find type `MaterialGpuExtended` in this scope
   --> examples\unified_showcase\tests\..\src\pbr_e_demo.rs:122:57
    |
122 | fn generate_subsurface(scale: f32, radius_norm: f32) -> MaterialGpuExtended {
    |                                                         ^^^^^^^^^^^^^^^^^^^ not found in this scope

error[E0412]: cannot find type `MaterialGpuExtended` in this scope
   --> examples\unified_showcase\tests\..\src\pbr_e_demo.rs:134:54
    |
134 | fn generate_sheen(intensity: f32, roughness: f32) -> MaterialGpuExtended {
    |                                                      ^^^^^^^^^^^^^^^^^^^ not found in this scope

error[E0412]: cannot find type `MaterialGpuExtended` in this scope
   --> examples\unified_showcase\tests\..\src\pbr_e_demo.rs:145:63
    |
145 | fn generate_transmission(transmission: f32, ior_norm: f32) -> MaterialGpuExtended {
    |                                                               ^^^^^^^^^^^^^^^^^^^ not found in this scope

error[E0425]: cannot find value `MATERIAL_FLAG_CLEARCOAT` in this scope
   --> examples\unified_showcase\tests\..\src\pbr_e_demo.rs:239:48
    |
239 |                 DemoMaterialType::Clearcoat => MATERIAL_FLAG_CLEARCOAT,
    |                                                ^^^^^^^^^^^^^^^^^^^^^^^ not found in this scope

error[E0425]: cannot find value `MATERIAL_FLAG_ANISOTROPY` in this scope
   --> examples\unified_showcase\tests\..\src\pbr_e_demo.rs:240:49
    |
240 |                 DemoMaterialType::Anisotropy => MATERIAL_FLAG_ANISOTROPY,
    |                                                 ^^^^^^^^^^^^^^^^^^^^^^^^ not found in this scope

error[E0425]: cannot find value `MATERIAL_FLAG_SUBSURFACE` in this scope
   --> examples\unified_showcase\tests\..\src\pbr_e_demo.rs:241:49
    |
241 |                 DemoMaterialType::Subsurface => MATERIAL_FLAG_SUBSURFACE,
    |                                                 ^^^^^^^^^^^^^^^^^^^^^^^^ not found in this scope

error[E0425]: cannot find value `MATERIAL_FLAG_SHEEN` in this scope
   --> examples\unified_showcase\tests\..\src\pbr_e_demo.rs:242:44
    |
242 |                 DemoMaterialType::Sheen => MATERIAL_FLAG_SHEEN,
    |                                            ^^^^^^^^^^^^^^^^^^^ not found in this scope

error[E0425]: cannot find value `MATERIAL_FLAG_TRANSMISSION` in this scope
   --> examples\unified_showcase\tests\..\src\pbr_e_demo.rs:243:51
    |
243 |                 DemoMaterialType::Transmission => MATERIAL_FLAG_TRANSMISSION,
    |                                                   ^^^^^^^^^^^^^^^^^^^^^^^^^^ not found in this scope

error[E0433]: failed to resolve: use of unresolved module or unlinked crate `astraweave_render`
    --> examples\unified_showcase\tests\..\src\main.rs:3951:59
     |
3951 | ...                   let forward = astraweave_render::camera::Camera::dir(
     |                                     ^^^^^^^^^^^^^^^^^ use of unresolved module or unlinked crate `astraweave_render`
     |
help: there is a crate or module with a similar name
     |
3951 |                                             let forward = astraweave_render_bevy::camera::Camera::dir(
     |                                                                            +++++
help: consider importing this struct
     |
13   + use gltf::Camera;
     |
help: if you import `Camera`, refer to it directly
     |
3951 -                                             let forward = astraweave_render::camera::Camera::dir(
3951 +                                             let forward = Camera::dir(
     |

error[E0433]: failed to resolve: use of unresolved module or unlinked crate `astraweave_render`
    --> examples\unified_showcase\tests\..\src\main.rs:3964:59
     |
3964 | ...                   let forward = astraweave_render::camera::Camera::dir(
     |                                     ^^^^^^^^^^^^^^^^^ use of unresolved module or unlinked crate `astraweave_render`
     |
help: there is a crate or module with a similar name
     |
3964 |                                             let forward = astraweave_render_bevy::camera::Camera::dir(
     |                                                                            +++++
help: consider importing this struct
     |
13   + use gltf::Camera;
     |
help: if you import `Camera`, refer to it directly
     |
3964 -                                             let forward = astraweave_render::camera::Camera::dir(
3964 +                                             let forward = Camera::dir(
     |

warning: unexpected `cfg` condition value: `procedural_fallback`
    --> examples\unified_showcase\tests\..\src\main.rs:3812:11
     |
3812 |     #[cfg(feature = "procedural_fallback")]
     |           ^^^^^^^^^^^^^^^^^^^^^^^^^^^^^^^
     |
     = note: expected values for `feature` are: `default`
     = help: consider adding `procedural_fallback` as a feature in `Cargo.toml`
     = note: see <https://doc.rust-lang.org/nightly/rustc/check-cfg/cargo-specifics.html> for more information about checking conditional configuration
     = note: `#[warn(unexpected_cfgs)]` on by default

error[E0277]: the trait bound `alloc::string::String: WriteColor` is not satisfied
  --> C:\Users\pv2br\.cargo\registry\src\index.crates.io-1949cf8c6b5b557f\naga-27.0.3\src\error.rs:50:17
   |
50 |                 writer.inner_mut(),
   |                 ^^^^^^^^^^^^^^^^^^ the trait `WriteColor` is not implemented for `alloc::string::String`
   |
   = help: the following other types implement trait `WriteColor`:
             &'a mut T
             Ansi<W>
             Box<T>
             Buffer
             BufferedStandardStream
             NoColor<W>
             StandardStream
             StandardStreamLock<'a>
           and 2 others
   = note: required for the cast from `&mut alloc::string::String` to `&mut dyn WriteColor`

error[E0599]: no method named `components_of_type` found for reference `&astraweave_scene::world_partition::Cell` in the current scope
   --> astraweave-gameplay\src\veilweaver_slice.rs:119:10
    |
119 |     cell.components_of_type(component_type)
    |          ^^^^^^^^^^^^^^^^^^ method not found in `&astraweave_scene::world_partition::Cell`

error[E0433]: failed to resolve: use of unresolved module or unlinked crate `serde_json`
  --> examples\unified_showcase\tests\..\src\material.rs:94:40
   |
94 |         let materials: Vec<Material> = serde_json::from_str(json_str)?;
   |                                        ^^^^^^^^^^ use of unresolved module or unlinked crate `serde_json`
   |
   = help: if you wanted to use a crate named `serde_json`, use `cargo add serde_json` to add it to your `Cargo.toml`

error[E0433]: failed to resolve: use of unresolved module or unlinked crate `serde_json`
   --> examples\unified_showcase\tests\..\src\material.rs:106:9
    |
106 |         serde_json::to_string_pretty(&materials)
    |         ^^^^^^^^^^ use of unresolved module or unlinked crate `serde_json`
    |
    = help: if you wanted to use a crate named `serde_json`, use `cargo add serde_json` to add it to your `Cargo.toml`

error[E0277]: the trait bound `alloc::string::String: WriteColor` is not satisfied
   --> C:\Users\pv2br\.cargo\registry\src\index.crates.io-1949cf8c6b5b557f\naga-27.0.3\src\span.rs:326:20
    |
326 |         term::emit(writer.inner_mut(), &config, &files, &self.diagnostic())
    |                    ^^^^^^^^^^^^^^^^^^ the trait `WriteColor` is not implemented for `alloc::string::String`
    |
    = help: the following other types implement trait `WriteColor`:
              &'a mut T
              Ansi<W>
              Box<T>
              Buffer
              BufferedStandardStream
              NoColor<W>
              StandardStream
              StandardStreamLock<'a>
            and 2 others
    = note: required for the cast from `&mut alloc::string::String` to `&mut dyn WriteColor`

error[E0277]: the size for values of type `[u8]` cannot be known at compilation time
    --> examples\unified_showcase\tests\..\src\material_hot_reload.rs:103:25
     |
103  | /                         for path in event.paths {
104  | |                             if let Some(reload_event) = Self::classify_file(&path) {
105  | |                                 let _ = tx.send(reload_event);
106  | |                             }
107  | |                         }
     | |_________________________^ doesn't have a size known at compile-time
     |
     = help: within `Path`, the trait `Sized` is not implemented for `[u8]`
note: required because it appears within the type `Path`
    --> C:\Users\pv2br\.rustup\toolchains\1.89.0-x86_64-pc-windows-msvc\lib/rustlib/src/rust\library\std\src\path.rs:2180:12
     |
2180 | pub struct Path {
     |            ^^^^
note: required by a bound in `std::prelude::v1::None`
    --> C:\Users\pv2br\.rustup\toolchains\1.89.0-x86_64-pc-windows-msvc\lib/rustlib/src/rust\library\core\src\option.rs:591:17
     |
591  | pub enum Option<T> {
     |                 ^ required by this bound in `Option::None`
...
595  |     None,
     |     ---- required by a bound in this variant

error[E0277]: the size for values of type `[u8]` cannot be known at compilation time
    --> examples\unified_showcase\tests\..\src\material_hot_reload.rs:103:37
     |
103  |                         for path in event.paths {
     |                                     ^^^^^^^^^^^ doesn't have a size known at compile-time
     |
     = help: within `Path`, the trait `Sized` is not implemented for `[u8]`
note: required because it appears within the type `Path`
    --> C:\Users\pv2br\.rustup\toolchains\1.89.0-x86_64-pc-windows-msvc\lib/rustlib/src/rust\library\std\src\path.rs:2180:12
     |
2180 | pub struct Path {
     |            ^^^^
note: required by an implicit `Sized` bound in `Option`
    --> C:\Users\pv2br\.rustup\toolchains\1.89.0-x86_64-pc-windows-msvc\lib/rustlib/src/rust\library\core\src\option.rs:591:17
     |
591  | pub enum Option<T> {
     |                 ^ required by the implicit `Sized` requirement on this type parameter in `Option`

error[E0433]: failed to resolve: use of unresolved module or unlinked crate `toml`
   --> examples\unified_showcase\tests\..\src\material_hot_reload.rs:428:13
    |
428 |             toml::from_str(toml_content).context("Failed to parse material TOML")?;
    |             ^^^^ use of unresolved module or unlinked crate `toml`
    |
    = help: if you wanted to use a crate named `toml`, use `cargo add toml` to add it to your `Cargo.toml`

error[E0433]: failed to resolve: use of unresolved module or unlinked crate `toml`
   --> examples\unified_showcase\tests\..\src\material_hot_reload.rs:453:39
    |
453 |         let toml_value: toml::Value = toml::from_str(toml_content)
    |                                       ^^^^ use of unresolved module or unlinked crate `toml`
    |
    = help: if you wanted to use a crate named `toml`, use `cargo add toml` to add it to your `Cargo.toml`

error[E0433]: failed to resolve: use of unresolved module or unlinked crate `astraweave_render`
   --> examples\unified_showcase\tests\..\src\material_hot_reload.rs:481:35
    |
481 |                 material.flags |= astraweave_render::MATERIAL_FLAG_CLEARCOAT;
    |                                   ^^^^^^^^^^^^^^^^^ use of unresolved module or unlinked crate `astraweave_render`
    |
help: there is a crate or module with a similar name
    |
481 |                 material.flags |= astraweave_render_bevy::MATERIAL_FLAG_CLEARCOAT;
    |                                                    +++++

error[E0433]: failed to resolve: use of unresolved module or unlinked crate `astraweave_render`
   --> examples\unified_showcase\tests\..\src\material_hot_reload.rs:491:35
    |
491 |                 material.flags |= astraweave_render::MATERIAL_FLAG_ANISOTROPY;
    |                                   ^^^^^^^^^^^^^^^^^ use of unresolved module or unlinked crate `astraweave_render`
    |
help: there is a crate or module with a similar name
    |
491 |                 material.flags |= astraweave_render_bevy::MATERIAL_FLAG_ANISOTROPY;
    |                                                    +++++

error[E0433]: failed to resolve: use of unresolved module or unlinked crate `astraweave_render`
   --> examples\unified_showcase\tests\..\src\material_hot_reload.rs:505:35
    |
505 |                 material.flags |= astraweave_render::MATERIAL_FLAG_SUBSURFACE;
    |                                   ^^^^^^^^^^^^^^^^^ use of unresolved module or unlinked crate `astraweave_render`
    |
help: there is a crate or module with a similar name
    |
505 |                 material.flags |= astraweave_render_bevy::MATERIAL_FLAG_SUBSURFACE;
    |                                                    +++++

error[E0433]: failed to resolve: use of unresolved module or unlinked crate `astraweave_render`
   --> examples\unified_showcase\tests\..\src\material_hot_reload.rs:519:35
    |
519 |                 material.flags |= astraweave_render::MATERIAL_FLAG_SHEEN;
    |                                   ^^^^^^^^^^^^^^^^^ use of unresolved module or unlinked crate `astraweave_render`
    |
help: there is a crate or module with a similar name
    |
519 |                 material.flags |= astraweave_render_bevy::MATERIAL_FLAG_SHEEN;
    |                                                    +++++

error[E0433]: failed to resolve: use of unresolved module or unlinked crate `astraweave_render`
   --> examples\unified_showcase\tests\..\src\material_hot_reload.rs:525:35
    |
525 |                 material.flags |= astraweave_render::MATERIAL_FLAG_TRANSMISSION;
    |                                   ^^^^^^^^^^^^^^^^^ use of unresolved module or unlinked crate `astraweave_render`
    |
help: there is a crate or module with a similar name
    |
525 |                 material.flags |= astraweave_render_bevy::MATERIAL_FLAG_TRANSMISSION;
    |                                                    +++++

error[E0433]: failed to resolve: use of unresolved module or unlinked crate `astraweave_render`
   --> examples\unified_showcase\tests\..\src\material_hot_reload.rs:542:34
    |
542 |             material.has_feature(astraweave_render::MATERIAL_FLAG_CLEARCOAT),
    |                                  ^^^^^^^^^^^^^^^^^ use of unresolved module or unlinked crate `astraweave_render`
    |
help: there is a crate or module with a similar name
    |
542 |             material.has_feature(astraweave_render_bevy::MATERIAL_FLAG_CLEARCOAT),
    |                                                   +++++

error[E0433]: failed to resolve: use of unresolved module or unlinked crate `astraweave_render`
   --> examples\unified_showcase\tests\..\src\material_hot_reload.rs:543:34
    |
543 |             material.has_feature(astraweave_render::MATERIAL_FLAG_ANISOTROPY),
    |                                  ^^^^^^^^^^^^^^^^^ use of unresolved module or unlinked crate `astraweave_render`
    |
help: there is a crate or module with a similar name
    |
543 |             material.has_feature(astraweave_render_bevy::MATERIAL_FLAG_ANISOTROPY),
    |                                                   +++++

error[E0433]: failed to resolve: use of unresolved module or unlinked crate `astraweave_render`
   --> examples\unified_showcase\tests\..\src\material_hot_reload.rs:544:34
    |
544 |             material.has_feature(astraweave_render::MATERIAL_FLAG_SUBSURFACE),
    |                                  ^^^^^^^^^^^^^^^^^ use of unresolved module or unlinked crate `astraweave_render`
    |
help: there is a crate or module with a similar name
    |
544 |             material.has_feature(astraweave_render_bevy::MATERIAL_FLAG_SUBSURFACE),
    |                                                   +++++

error[E0433]: failed to resolve: use of unresolved module or unlinked crate `astraweave_render`
   --> examples\unified_showcase\tests\..\src\material_hot_reload.rs:545:34
    |
545 |             material.has_feature(astraweave_render::MATERIAL_FLAG_SHEEN),
    |                                  ^^^^^^^^^^^^^^^^^ use of unresolved module or unlinked crate `astraweave_render`
    |
help: there is a crate or module with a similar name
    |
545 |             material.has_feature(astraweave_render_bevy::MATERIAL_FLAG_SHEEN),
    |                                                   +++++

error[E0433]: failed to resolve: use of unresolved module or unlinked crate `astraweave_render`
   --> examples\unified_showcase\tests\..\src\material_hot_reload.rs:546:34
    |
546 |             material.has_feature(astraweave_render::MATERIAL_FLAG_TRANSMISSION),
    |                                  ^^^^^^^^^^^^^^^^^ use of unresolved module or unlinked crate `astraweave_render`
    |
help: there is a crate or module with a similar name
    |
546 |             material.has_feature(astraweave_render_bevy::MATERIAL_FLAG_TRANSMISSION),
    |                                                   +++++

error[E0433]: failed to resolve: use of unresolved module or unlinked crate `toml`
   --> examples\unified_showcase\tests\..\src\material_hot_reload.rs:562:39
    |
562 |         let toml_value: toml::Value = toml::from_str(toml_content)
    |                                       ^^^^ use of unresolved module or unlinked crate `toml`
    |
    = help: if you wanted to use a crate named `toml`, use `cargo add toml` to add it to your `Cargo.toml`

error[E0433]: failed to resolve: use of undeclared type `MaterialGpuExtended`
  --> examples\unified_showcase\tests\..\src\pbr_e_demo.rs:98:19
   |
98 |     let mut mat = MaterialGpuExtended::car_paint(
   |                   ^^^^^^^^^^^^^^^^^^^ use of undeclared type `MaterialGpuExtended`

error[E0433]: failed to resolve: use of undeclared type `MaterialGpuExtended`
   --> examples\unified_showcase\tests\..\src\pbr_e_demo.rs:113:5
    |
113 |     MaterialGpuExtended::brushed_metal(
    |     ^^^^^^^^^^^^^^^^^^^ use of undeclared type `MaterialGpuExtended`

error[E0433]: failed to resolve: use of undeclared type `MaterialGpuExtended`
   --> examples\unified_showcase\tests\..\src\pbr_e_demo.rs:125:5
    |
125 |     MaterialGpuExtended::skin(
    |     ^^^^^^^^^^^^^^^^^^^ use of undeclared type `MaterialGpuExtended`

error[E0433]: failed to resolve: use of undeclared type `MaterialGpuExtended`
   --> examples\unified_showcase\tests\..\src\pbr_e_demo.rs:137:5
    |
137 |     MaterialGpuExtended::velvet(
    |     ^^^^^^^^^^^^^^^^^^^ use of undeclared type `MaterialGpuExtended`

error[E0433]: failed to resolve: use of undeclared type `MaterialGpuExtended`
   --> examples\unified_showcase\tests\..\src\pbr_e_demo.rs:148:5
    |
148 |     MaterialGpuExtended::glass(
    |     ^^^^^^^^^^^^^^^^^^^ use of undeclared type `MaterialGpuExtended`

error[E0433]: failed to resolve: use of unresolved module or unlinked crate `toml`
  --> examples\unified_showcase\tests\..\src\texture_manager.rs:55:35
   |
55 |         let config: toml::Value = toml::from_str(&config_str)?;
   |                                   ^^^^ use of unresolved module or unlinked crate `toml`
   |
   = help: if you wanted to use a crate named `toml`, use `cargo add toml` to add it to your `Cargo.toml`

error[E0433]: failed to resolve: use of unresolved module or unlinked crate `toml`
  --> examples\unified_showcase\tests\..\src\texture_manager.rs:62:54
   |
62 |         let atlas_config: TextureAtlasConfig = match toml::from_str::<AtlasRoot>(&config_str) {
   |                                                      ^^^^ use of unresolved module or unlinked crate `toml`
   |
   = help: if you wanted to use a crate named `toml`, use `cargo add toml` to add it to your `Cargo.toml`

error[E0433]: failed to resolve: use of unresolved module or unlinked crate `toml`
  --> examples\unified_showcase\tests\..\src\texture_manager.rs:64:23
   |
64 |             Err(_) => toml::from_str::<TextureAtlasConfig>(&config_str)?,
   |                       ^^^^ use of unresolved module or unlinked crate `toml`
   |
   = help: if you wanted to use a crate named `toml`, use `cargo add toml` to add it to your `Cargo.toml`

error[E0433]: failed to resolve: use of unresolved module or unlinked crate `toml`
    --> examples\unified_showcase\tests\..\src\main.rs:1341:23
     |
1341 |                 match toml::from_str::<BiomeToml>(&txt) {
     |                       ^^^^ use of unresolved module or unlinked crate `toml`
     |
     = help: if you wanted to use a crate named `toml`, use `cargo add toml` to add it to your `Cargo.toml`

error[E0433]: failed to resolve: use of unresolved module or unlinked crate `toml`
    --> examples\unified_showcase\tests\..\src\main.rs:1363:46
     |
1363 | ...                   if let Ok(doc) = toml::from_str::<BiomeToml>(&stripped) {
     |                                        ^^^^ use of unresolved module or unlinked crate `toml`
     |
     = help: if you wanted to use a crate named `toml`, use `cargo add toml` to add it to your `Cargo.toml`

error[E0433]: failed to resolve: use of unresolved module or unlinked crate `toml`
    --> examples\unified_showcase\tests\..\src\main.rs:1412:34
     |
1412 |                 if let Ok(doc) = toml::from_str::<BiomeToml>(&txt) {
     |                                  ^^^^ use of unresolved module or unlinked crate `toml`
     |
     = help: if you wanted to use a crate named `toml`, use `cargo add toml` to add it to your `Cargo.toml`

error[E0433]: failed to resolve: use of unresolved module or unlinked crate `toml`
    --> examples\unified_showcase\tests\..\src\main.rs:1435:34
     |
1435 |                 if let Ok(doc) = toml::from_str::<BiomeToml>(&txt) {
     |                                  ^^^^ use of unresolved module or unlinked crate `toml`
     |
     = help: if you wanted to use a crate named `toml`, use `cargo add toml` to add it to your `Cargo.toml`

error[E0433]: failed to resolve: use of unresolved module or unlinked crate `toml`
    --> examples\unified_showcase\tests\..\src\main.rs:2632:29
     |
2632 |     let pack: TexturePack = toml::from_str(&content)?;
     |                             ^^^^ use of unresolved module or unlinked crate `toml`
     |
     = help: if you wanted to use a crate named `toml`, use `cargo add toml` to add it to your `Cargo.toml`

warning: variable does not need to be mutable
   --> astraweave-gameplay\src\veilweaver_tutorial.rs:120:17
    |
120 |     if let Some(mut state) = world.get_resource_mut::<WeaveTutorialState>() {
    |                 ----^^^^^
    |                 |
    |                 help: remove this `mut`
    |
    = note: `#[warn(unused_mut)]` on by default

warning: variable does not need to be mutable
   --> astraweave-gameplay\src\veilweaver_tutorial.rs:134:18
    |
134 |     if let (Some(mut state), Some(mut reader)) = (
    |                  ----^^^^^
    |                  |
    |                  help: remove this `mut`

error[E0499]: cannot borrow `*world` as mutable more than once at a time
   --> astraweave-gameplay\src\veilweaver_tutorial.rs:136:9
    |
134 |       if let (Some(mut state), Some(mut reader)) = (
    |  __________________________________________________-
135 | |         world.get_resource_mut::<WeaveTutorialState>(),
    | |         ----- first mutable borrow occurs here
136 | |         world
    | |         ^^^^^ second mutable borrow occurs here
137 | |             .get_resource_mut::<Events<TriggerVolumeEvent>>()
138 | |             .map(|events| events.reader()),
139 | |     ) {
    | |_____- first borrow later used here
    |
help: try adding a local storing this...
   --> astraweave-gameplay\src\veilweaver_tutorial.rs:136:9
    |
136 | /         world
137 | |             .get_resource_mut::<Events<TriggerVolumeEvent>>()
    | |_____________________________________________________________^
help: ...and then using that local here
   --> astraweave-gameplay\src\veilweaver_tutorial.rs:134:50
    |
134 |       if let (Some(mut state), Some(mut reader)) = (
    |  __________________________________________________^
135 | |         world.get_resource_mut::<WeaveTutorialState>(),
136 | |         world
137 | |             .get_resource_mut::<Events<TriggerVolumeEvent>>()
138 | |             .map(|events| events.reader()),
139 | |     ) {
    | |_____^

warning: variable does not need to be mutable
   --> astraweave-gameplay\src\veilweaver_tutorial.rs:151:18
    |
151 |     if let (Some(mut state), Some(mut reader)) = (
    |                  ----^^^^^
    |                  |
    |                  help: remove this `mut`

error[E0499]: cannot borrow `*world` as mutable more than once at a time
   --> astraweave-gameplay\src\veilweaver_tutorial.rs:153:9
    |
151 |       if let (Some(mut state), Some(mut reader)) = (
    |  __________________________________________________-
152 | |         world.get_resource_mut::<WeaveTutorialState>(),
    | |         ----- first mutable borrow occurs here
153 | |         world
    | |         ^^^^^ second mutable borrow occurs here
154 | |             .get_resource_mut::<Events<AnchorStabilizedEvent>>()
155 | |             .map(|events| events.reader()),
156 | |     ) {
    | |_____- first borrow later used here
    |
help: try adding a local storing this...
   --> astraweave-gameplay\src\veilweaver_tutorial.rs:153:9
    |
153 | /         world
154 | |             .get_resource_mut::<Events<AnchorStabilizedEvent>>()
    | |________________________________________________________________^
help: ...and then using that local here
   --> astraweave-gameplay\src\veilweaver_tutorial.rs:151:50
    |
151 |       if let (Some(mut state), Some(mut reader)) = (
    |  __________________________________________________^
152 | |         world.get_resource_mut::<WeaveTutorialState>(),
153 | |         world
154 | |             .get_resource_mut::<Events<AnchorStabilizedEvent>>()
155 | |             .map(|events| events.reader()),
156 | |     ) {
    | |_____^

Some errors have detailed explanations: E0432, E0499, E0599.
For more information about an error, try `rustc --explain E0432`.
warning: `astraweave-gameplay` (lib) generated 3 warnings
error: could not compile `astraweave-gameplay` (lib) due to 7 previous errors; 3 warnings emitted
error[E0433]: failed to resolve: use of unresolved module or unlinked crate `serde_json`
  --> examples\unified_showcase\tests\..\src\material.rs:93:68
   |
93 |     pub fn load_from_json(&mut self, json_str: &str) -> Result<(), serde_json::Error> {
   |                                                                    ^^^^^^^^^^ use of unresolved module or unlinked crate `serde_json`
   |
   = help: if you wanted to use a crate named `serde_json`, use `cargo add serde_json` to add it to your `Cargo.toml`

error[E0433]: failed to resolve: use of unresolved module or unlinked crate `astraweave_render`
   --> examples\unified_showcase\tests\..\src\material_integration.rs:146:29
    |
146 | ...                   astraweave_render::MaterialGpu,
    |                       ^^^^^^^^^^^^^^^^^ use of unresolved module or unlinked crate `astraweave_render`
    |
help: there is a crate or module with a similar name
    |
146 |                             astraweave_render_bevy::MaterialGpu,
    |                                              +++++

error[E0433]: failed to resolve: use of unresolved module or unlinked crate `serde_json`
   --> examples\unified_showcase\tests\..\src\material.rs:104:50
    |
104 |     pub fn save_to_json(&self) -> Result<String, serde_json::Error> {
    |                                                  ^^^^^^^^^^ use of unresolved module or unlinked crate `serde_json`
    |
    = help: if you wanted to use a crate named `serde_json`, use `cargo add serde_json` to add it to your `Cargo.toml`

error[E0433]: failed to resolve: use of unresolved module or unlinked crate `astraweave_render`
   --> examples\unified_showcase\tests\..\src\material_hot_reload.rs:655:35
    |
655 |             * std::mem::size_of::<astraweave_render::TerrainMaterialGpu>() as u64;
    |                                   ^^^^^^^^^^^^^^^^^ use of unresolved module or unlinked crate `astraweave_render`
    |
help: there is a crate or module with a similar name
    |
655 |             * std::mem::size_of::<astraweave_render_bevy::TerrainMaterialGpu>() as u64;
    |                                                    +++++

error[E0433]: failed to resolve: use of unresolved module or unlinked crate `notify`
   --> examples\unified_showcase\tests\..\src\material_hot_reload.rs:100:24
    |
100 |             move |res: notify::Result<Event>| {
    |                        ^^^^^^ use of unresolved module or unlinked crate `notify`
    |
    = help: if you wanted to use a crate named `notify`, use `cargo add notify` to add it to your `Cargo.toml`

error[E0433]: failed to resolve: use of unresolved module or unlinked crate `toml`
  --> examples\unified_showcase\tests\..\src\texture_manager.rs:55:21
   |
55 |         let config: toml::Value = toml::from_str(&config_str)?;
   |                     ^^^^ use of unresolved module or unlinked crate `toml`
   |
   = help: if you wanted to use a crate named `toml`, use `cargo add toml` to add it to your `Cargo.toml`

error[E0433]: failed to resolve: use of unresolved module or unlinked crate `toml`
   --> examples\unified_showcase\tests\..\src\material_hot_reload.rs:453:25
    |
453 |         let toml_value: toml::Value = toml::from_str(toml_content)
    |                         ^^^^ use of unresolved module or unlinked crate `toml`
    |
    = help: if you wanted to use a crate named `toml`, use `cargo add toml` to add it to your `Cargo.toml`

error[E0433]: failed to resolve: use of unresolved module or unlinked crate `astraweave_render`
   --> examples\unified_showcase\tests\..\src\material_hot_reload.rs:535:35
    |
535 |             * std::mem::size_of::<astraweave_render::MaterialGpuExtended>() as u64;
    |                                   ^^^^^^^^^^^^^^^^^ use of unresolved module or unlinked crate `astraweave_render`
    |
help: there is a crate or module with a similar name
    |
535 |             * std::mem::size_of::<astraweave_render_bevy::MaterialGpuExtended>() as u64;
    |                                                    +++++

error[E0433]: failed to resolve: use of unresolved module or unlinked crate `astraweave_render`
  --> examples\unified_showcase\tests\..\src\material_integration.rs:75:29
   |
75 | ...                   astraweave_render::MaterialGpu,
   |                       ^^^^^^^^^^^^^^^^^ use of unresolved module or unlinked crate `astraweave_render`
   |
help: there is a crate or module with a similar name
   |
75 |                             astraweave_render_bevy::MaterialGpu,
   |                                              +++++

error[E0433]: failed to resolve: use of unresolved module or unlinked crate `toml`
   --> examples\unified_showcase\tests\..\src\material_hot_reload.rs:562:25
    |
562 |         let toml_value: toml::Value = toml::from_str(toml_content)
    |                         ^^^^ use of unresolved module or unlinked crate `toml`
    |
    = help: if you wanted to use a crate named `toml`, use `cargo add toml` to add it to your `Cargo.toml`

Some errors have detailed explanations: E0277, E0412, E0425, E0432, E0433.
warning: `unified_showcase` (test "materials_loading") generated 1 warning
error: could not compile `unified_showcase` (test "materials_loading") due to 93 previous errors; 1 warning emitted
error: could not compile `naga` (lib) due to 2 previous errors
