
running 1 test
ğŸ“¦ Found 51 WGSL shader files
âœ… astraweave-render\shaders\megalights\count_lights.wgsl
âœ… astraweave-render\shaders\megalights\prefix_sum.wgsl
âœ… astraweave-render\shaders\megalights\write_indices.wgsl
âœ… astraweave-render\shaders\pbr_terrain.wgsl
âœ… astraweave-render\shaders\shadow_csm.wgsl
âœ… astraweave-render\src\shaders\anchor_vfx.wgsl
âœ… astraweave-render\src\shaders\nanite_cluster_cull.wgsl
âœ… astraweave-render\src\shaders\nanite_hiz_pyramid.wgsl
âœ… astraweave-render\src\shaders\nanite_material.wgsl
âœ… astraweave-render\src\shaders\nanite_sw_raster.wgsl
âœ… astraweave-render\src\shaders\nanite_visibility.wgsl
âœ… astraweave-render-bevy\shaders\megalights\count_lights.wgsl
âœ… astraweave-render-bevy\shaders\megalights\prefix_sum.wgsl
âœ… astraweave-render-bevy\shaders\megalights\write_indices.wgsl
âœ… astraweave-render-bevy\shaders\nanite_cluster_cull.wgsl
âœ… astraweave-render-bevy\shaders\nanite_hiz_pyramid.wgsl
âœ… astraweave-render-bevy\shaders\nanite_material.wgsl
âœ… astraweave-render-bevy\shaders\nanite_sw_raster.wgsl
âœ… astraweave-render-bevy\shaders\nanite_visibility.wgsl
âœ… tools\aw_editor\src\viewport\shaders\entity.wgsl
âœ… tools\aw_editor\src\viewport\shaders\gizmo.wgsl
âœ… tools\aw_editor\src\viewport\shaders\grid.wgsl
âœ… tools\aw_editor\src\viewport\shaders\skybox.wgsl
âœ… examples\bevy_shadow_demo\src\shaders.wgsl
âœ… examples\unified_showcase\src\pbr_shader.wgsl
âœ… examples\unified_showcase\src\shader_clean.wgsl
âœ… examples\unified_showcase\src\shaders\pbr_lib.wgsl
âœ… examples\unified_showcase\src\skybox_shader.wgsl

ğŸ“Š Shader Validation Summary:
   Total shaders: 51
   âœ… Passed: 28
   âš ï¸  Warnings: 0
   âŒ Failed: 23

âŒ Failures:
   âŒ astraweave-render\src\shaders\nanite_material_resolve.wgsl: Parse error: expected expression, found "|"
   âŒ astraweave-render\src\shaders\vxgi_voxelize.wgsl: Parse error: unknown scalar type: `vec3<i32>`
   âŒ astraweave-render-bevy\shaders\nanite_material_resolve.wgsl: Parse error: expected expression, found "|"
   âŒ astraweave-render-bevy\src\shaders\fog.wgsl: Parse error: expected global item (`struct`, `const`, `var`, `alias`, `fn`, `diagnostic`, `enable`, `requires`, `;`) or the end of the file, found "#"
   âŒ astraweave-render-bevy\src\shaders\forward_io.wgsl: Parse error: expected global item (`struct`, `const`, `var`, `alias`, `fn`, `diagnostic`, `enable`, `requires`, `;`) or the end of the file, found "#"
   âŒ astraweave-render-bevy\src\shaders\mesh.wgsl: Parse error: expected global item (`struct`, `const`, `var`, `alias`, `fn`, `diagnostic`, `enable`, `requires`, `;`) or the end of the file, found "#"
   âŒ astraweave-render-bevy\src\shaders\mesh_bindings.wgsl: Parse error: expected global item (`struct`, `const`, `var`, `alias`, `fn`, `diagnostic`, `enable`, `requires`, `;`) or the end of the file, found "#"
   âŒ astraweave-render-bevy\src\shaders\mesh_functions.wgsl: Parse error: expected global item (`struct`, `const`, `var`, `alias`, `fn`, `diagnostic`, `enable`, `requires`, `;`) or the end of the file, found "#"
   âŒ astraweave-render-bevy\src\shaders\mesh_types.wgsl: Parse error: expected global item (`struct`, `const`, `var`, `alias`, `fn`, `diagnostic`, `enable`, `requires`, `;`) or the end of the file, found "#"
   âŒ astraweave-render-bevy\src\shaders\mesh_view_bindings.wgsl: Parse error: expected global item (`struct`, `const`, `var`, `alias`, `fn`, `diagnostic`, `enable`, `requires`, `;`) or the end of the file, found "#"
   âŒ astraweave-render-bevy\src\shaders\mesh_view_types.wgsl: Parse error: expected global item (`struct`, `const`, `var`, `alias`, `fn`, `diagnostic`, `enable`, `requires`, `;`) or the end of the file, found "#"
   âŒ astraweave-render-bevy\src\shaders\morph.wgsl: Parse error: expected global item (`struct`, `const`, `var`, `alias`, `fn`, `diagnostic`, `enable`, `requires`, `;`) or the end of the file, found "#"
   âŒ astraweave-render-bevy\src\shaders\pbr.wgsl: Parse error: expected global item (`struct`, `const`, `var`, `alias`, `fn`, `diagnostic`, `enable`, `requires`, `;`) or the end of the file, found "#"
   âŒ astraweave-render-bevy\src\shaders\pbr_bindings.wgsl: Parse error: expected global item (`struct`, `const`, `var`, `alias`, `fn`, `diagnostic`, `enable`, `requires`, `;`) or the end of the file, found "#"
   âŒ astraweave-render-bevy\src\shaders\pbr_fragment.wgsl: Parse error: expected global item (`struct`, `const`, `var`, `alias`, `fn`, `diagnostic`, `enable`, `requires`, `;`) or the end of the file, found "#"
   âŒ astraweave-render-bevy\src\shaders\pbr_functions.wgsl: Parse error: expected global item (`struct`, `const`, `var`, `alias`, `fn`, `diagnostic`, `enable`, `requires`, `;`) or the end of the file, found "#"
   âŒ astraweave-render-bevy\src\shaders\pbr_lighting.wgsl: Parse error: expected global item (`struct`, `const`, `var`, `alias`, `fn`, `diagnostic`, `enable`, `requires`, `;`) or the end of the file, found "#"
   âŒ astraweave-render-bevy\src\shaders\pbr_types.wgsl: Parse error: expected global item (`struct`, `const`, `var`, `alias`, `fn`, `diagnostic`, `enable`, `requires`, `;`) or the end of the file, found "#"
   âŒ astraweave-render-bevy\src\shaders\skinning.wgsl: Parse error: expected global item (`struct`, `const`, `var`, `alias`, `fn`, `diagnostic`, `enable`, `requires`, `;`) or the end of the file, found "#"
   âŒ astraweave-render-bevy\src\shaders\utils.wgsl: Parse error: expected global item (`struct`, `const`, `var`, `alias`, `fn`, `diagnostic`, `enable`, `requires`, `;`) or the end of the file, found "#"
   âŒ astraweave-render-bevy\src\shaders\view_transformations.wgsl: Parse error: expected global item (`struct`, `const`, `var`, `alias`, `fn`, `diagnostic`, `enable`, `requires`, `;`) or the end of the file, found "#"
   âŒ examples\unified_showcase\src\enhanced_shader.wgsl: Parse error: expected `;`, found "?"
   âŒ examples\unified_showcase\src\shaders\pbr_advanced.wgsl: Validation error: Function [22] 'sample_material_extended' is invalid
test test_all_shaders_compile ... FAILED

failures:

failures:
    test_all_shaders_compile

test result: FAILED. 0 passed; 1 failed; 0 ignored; 0 measured; 2 filtered out; finished in 0.11s

