warning: unused import: `TextureStreamingStats`
    --> astraweave-render\tests\coverage_booster_render.rs:5415:73
     |
5415 |     use astraweave_render::texture_streaming::{TextureStreamingManager, TextureStreamingStats};
     |                                                                         ^^^^^^^^^^^^^^^^^^^^^
     |
     = note: `#[warn(unused_imports)]` on by default

warning: unused import: `ResourceTable`
    --> astraweave-render\tests\coverage_booster_render.rs:7060:75
     |
7060 |     use astraweave_render::graph::{RenderGraph, RenderNode, GraphContext, ResourceTable};
     |                                                                           ^^^^^^^^^^^^^

warning: unused import: `std::collections::HashMap`
    --> astraweave-render\tests\coverage_booster_render.rs:7205:9
     |
7205 |     use std::collections::HashMap;
     |         ^^^^^^^^^^^^^^^^^^^^^^^^^

warning: unused import: `TextureStreamingStats`
    --> astraweave-render\tests\coverage_booster_render.rs:7444:73
     |
7444 |     use astraweave_render::texture_streaming::{TextureStreamingManager, TextureStreamingStats};
     |                                                                         ^^^^^^^^^^^^^^^^^^^^^

warning: unused import: `VxgiConfig`
    --> astraweave-render\tests\coverage_booster_render.rs:7642:49
     |
7642 |     use astraweave_render::gi::{HybridGiConfig, VxgiConfig};
     |                                                 ^^^^^^^^^^

warning: unused import: `ResourceTable`
    --> astraweave-render\tests\coverage_booster_render.rs:8331:50
     |
8331 |     use astraweave_render::graph::{GraphContext, ResourceTable};
     |                                                  ^^^^^^^^^^^^^

warning: unused import: `std::any::Any`
    --> astraweave-render\tests\coverage_booster_render.rs:8332:9
     |
8332 |     use std::any::Any;
     |         ^^^^^^^^^^^^^

warning: unused variable: `queue`
    --> astraweave-render\tests\coverage_booster_render.rs:4646:18
     |
4646 |     let (device, queue) = adapter
     |                  ^^^^^ help: if this is intentional, prefix it with an underscore: `_queue`
     |
     = note: `#[warn(unused_variables)]` on by default

warning: unused variable: `queue`
    --> astraweave-render\tests\coverage_booster_render.rs:4709:18
     |
4709 |     let (device, queue) = adapter
     |                  ^^^^^ help: if this is intentional, prefix it with an underscore: `_queue`

warning: unused variable: `resources`
    --> astraweave-render\tests\coverage_booster_render.rs:4997:9
     |
4997 |     let resources = node.resources().unwrap();
     |         ^^^^^^^^^ help: if this is intentional, prefix it with an underscore: `_resources`

warning: unused variable: `tx`
    --> astraweave-render\tests\coverage_booster_render.rs:5033:10
     |
5033 |     let (tx, rx) = tokio::sync::watch::channel(());
     |          ^^ help: if this is intentional, prefix it with an underscore: `_tx`

warning: unused variable: `sky1`
    --> astraweave-render\tests\coverage_booster_render.rs:5174:9
     |
5174 |     let sky1 = SkyRenderer::new(config1);
     |         ^^^^ help: if this is intentional, prefix it with an underscore: `_sky1`

warning: unused variable: `tod1`
    --> astraweave-render\tests\coverage_booster_render.rs:6987:9
     |
6987 |     let tod1 = TimeOfDay::new(0.0, 1.0);   // midnight, normal speed
     |         ^^^^ help: if this is intentional, prefix it with an underscore: `_tod1`

warning: unused variable: `tod2`
    --> astraweave-render\tests\coverage_booster_render.rs:6988:9
     |
6988 |     let tod2 = TimeOfDay::new(6.0, 1.0);   // dawn, normal speed
     |         ^^^^ help: if this is intentional, prefix it with an underscore: `_tod2`

warning: unused variable: `tod3`
    --> astraweave-render\tests\coverage_booster_render.rs:6989:9
     |
6989 |     let tod3 = TimeOfDay::new(12.0, 1.0);  // noon, normal speed
     |         ^^^^ help: if this is intentional, prefix it with an underscore: `_tod3`

warning: unused variable: `tod4`
    --> astraweave-render\tests\coverage_booster_render.rs:6990:9
     |
6990 |     let tod4 = TimeOfDay::new(18.0, 1.0);  // dusk, normal speed
     |         ^^^^ help: if this is intentional, prefix it with an underscore: `_tod4`

warning: unused variable: `tod5`
    --> astraweave-render\tests\coverage_booster_render.rs:6991:9
     |
6991 |     let tod5 = TimeOfDay::new(23.0, 1.0);  // late night, normal speed
     |         ^^^^ help: if this is intentional, prefix it with an underscore: `_tod5`

warning: unused variable: `tod_fast`
    --> astraweave-render\tests\coverage_booster_render.rs:6994:9
     |
6994 |     let tod_fast = TimeOfDay::new(12.0, 10.0);   // noon, 10x speed
     |         ^^^^^^^^ help: if this is intentional, prefix it with an underscore: `_tod_fast`

warning: unused variable: `tod_slow`
    --> astraweave-render\tests\coverage_booster_render.rs:6995:9
     |
6995 |     let tod_slow = TimeOfDay::new(12.0, 0.1);    // noon, 0.1x speed
     |         ^^^^^^^^ help: if this is intentional, prefix it with an underscore: `_tod_slow`

warning: unused variable: `tod_paused`
    --> astraweave-render\tests\coverage_booster_render.rs:6996:9
     |
6996 |     let tod_paused = TimeOfDay::new(12.0, 0.0);  // noon, paused
     |         ^^^^^^^^^^ help: if this is intentional, prefix it with an underscore: `_tod_paused`

warning: unused variable: `tod_boundary`
    --> astraweave-render\tests\coverage_booster_render.rs:6999:9
     |
6999 |     let tod_boundary = TimeOfDay::new(24.0, 1.0);
     |         ^^^^^^^^^^^^ help: if this is intentional, prefix it with an underscore: `_tod_boundary`

warning: unused variable: `tod_negative_scale`
    --> astraweave-render\tests\coverage_booster_render.rs:7000:9
     |
7000 |     let tod_negative_scale = TimeOfDay::new(0.0, -1.0); // negative time scale
     |         ^^^^^^^^^^^^^^^^^^ help: if this is intentional, prefix it with an underscore: `_tod_negative_scale`

warning: unused `std::result::Result` that must be used
    --> astraweave-render\tests\coverage_booster_render.rs:4356:5
     |
4356 |     system.add_decal(decal1);
     |     ^^^^^^^^^^^^^^^^^^^^^^^^
     |
     = note: this `Result` may be an `Err` variant, which should be handled
     = note: `#[warn(unused_must_use)]` on by default
help: use `let _ = ...` to ignore the resulting value
     |
4356 |     let _ = system.add_decal(decal1);
     |     +++++++

warning: unused `std::result::Result` that must be used
    --> astraweave-render\tests\coverage_booster_render.rs:4357:5
     |
4357 |     system.add_decal(decal2);
     |     ^^^^^^^^^^^^^^^^^^^^^^^^
     |
     = note: this `Result` may be an `Err` variant, which should be handled
help: use `let _ = ...` to ignore the resulting value
     |
4357 |     let _ = system.add_decal(decal2);
     |     +++++++

warning: unused `std::result::Result` that must be used
    --> astraweave-render\tests\coverage_booster_render.rs:4358:5
     |
4358 |     system.add_decal(decal3);
     |     ^^^^^^^^^^^^^^^^^^^^^^^^
     |
     = note: this `Result` may be an `Err` variant, which should be handled
help: use `let _ = ...` to ignore the resulting value
     |
4358 |     let _ = system.add_decal(decal3);
     |     +++++++

warning: `astraweave-render` (test "coverage_booster_render") generated 25 warnings (run `cargo fix --test "coverage_booster_render"` to apply 7 suggestions)
    Finished `test` profile [unoptimized + debuginfo] target(s) in 4.49s
     Running tests\coverage_booster_render.rs (target\debug\deps\coverage_booster_render-68d4c021ddd6a8fb.exe)

running 145 tests
test test_blend_mode_enum_wave20 ... ok
test test_camera_and_controller ... ok
test test_cone_tracing_shader_wave19 ... ok
test test_cpu_mesh_comprehensive_wave20 ... ok
test test_animation_interpolation ... ok
test test_camera_controller_comprehensive ... ok
test test_create_blend_state_wave20 ... ok
test test_culling_details_wave18 ... ok
test test_debug_quad_module ... ok
test test_clustered_renderer_extensive ... ok
test test_culling_node_detailed ... ok
test test_deferred_gbuffer_formats ... ok
test test_environment_additional_coverage ... ok
test test_environment_additional_features ... ok
test test_culling_pipeline_extensive ... ok
test test_culling_node_comprehensive_wave19 ... ok
test test_environment_full_coverage ... ok
test test_environment_extended_coverage_wave19 ... ok
test test_environment_extensive ... ok
test test_environment_weather_comprehensive ... ok
test test_environment_weather_sky_wave18 ... ok
test test_gi_hybrid_config ... ok
test test_environment_time_of_day_detailed ... ok
test test_gpu_memory_module ... ok
test test_culling_node_module ... ok
test test_advanced_post_processing ... ok
test test_decal_system_comprehensive ... ok
test test_graph_additional_coverage ... ok
test test_graph_context_creation_wave20 ... ok
test test_gpu_particles_comprehensive ... ok
test test_graph_more_paths_wave14 ... ok
test test_environment_sky_renderer_detailed ... ok
test test_hybrid_gi_config_wave19 ... ok
test test_deferred_renderer_comprehensive ... ok
test test_graph_adapter_detailed ... ok
test test_deferred_renderer_more_coverage ... ok
test test_graph_adapter_full_path ... ok
test test_ibl_edge_cases_extended_wave14 ... ok
test test_instance_aabb_additional_wave19 ... ok
test test_ibl_extended_wave18 ... ok
test test_ibl_manager_methods ... ok
test test_lod_generator_extensive ... ok
test test_material_comprehensive_wave18 ... ok
test test_material_comprehensive_fields ... ok
test test_material_layer_desc_wave18 ... ok
test test_material_extended_coverage ... ok
test test_material_loader_comprehensive ... ok
test test_material_layer_detailed_paths ... ok
test test_material_loader_full_workflow ... ok
test test_material_loader_edge_cases ... ok
test test_material_more_coverage_wave14 ... ok
test test_material_loader_more_coverage ... ok
test test_mesh_vertex_comprehensive_wave20 ... ok
test test_primitives_module ... ok
test test_ibl_manager_detailed ... ok
test test_ibl_additional_coverage ... ok
test test_instancing_system ... ok
test test_render_graph_comprehensive_wave18 ... ok
test test_msaa_module ... ok
test test_ibl_manager_edge_cases ... ok
test test_graph_adapter_integration ... ok
test test_render_extra_systems ... ok
test test_render_core_systems ... ok
test test_render_graph_module ... ok
test test_renderer_additional_methods_wave18 ... ok
test test_renderer_bake_environment ... ok
test test_ibl_capture_and_bake ... ok
test test_renderer_full_mesh_creation_wave16 ... ok
test test_renderer_cascade_and_shadow_methods ... ok
test test_renderer_bake_environment_wave16 ... ok
test test_renderer_extensive_methods ... ok
test test_render_systems_logic ... ok
test test_renderer_mesh_methods_wave16 ... ok
test test_render_advanced_features ... ok
test test_renderer_model_management ... ok
test test_renderer_full_pipeline ... ok
test test_renderer_material_params ... ok
test test_renderer_mesh_creation_methods ... ok
test test_renderer_internal_methods ... ok
test test_renderer_shadow_material_params_wave16 ... ok
test test_renderer_resize_and_accessors ... ok
test test_renderer_more_accessors_wave14 ... ok
test test_renderer_skinned_mesh ... ok
test test_renderer_more_methods ... ok
test test_renderer_update_camera_wave16 ... ok
test test_renderer_texture_methods_wave16 ... ok
test test_renderer_texture_methods ... FAILED
test test_renderer_timeline_cinematics_wave16 ... ok
test test_renderer_more_coverage ... FAILED
test test_residency_extended_wave18 ... ok
test test_residency_manager_detailed ... ok
test test_residency_extended_coverage ... ok
test test_render_loop_and_materials ... FAILED
test test_residency_module ... ok
test test_shadow_csm_cascades_wave18 ... ok
test test_renderer_skinned_mesh_wave16 ... ok
test test_resource_table_error_paths_wave20 ... ok
test test_sky_renderer_extended ... ok
test test_texture_additional_paths_wave19 ... ok
test test_texture_edge_cases_wave14 ... ok
test test_renderer_timeline_methods ... FAILED
test test_shadow_csm_extensive ... ok
test test_texture_creation_variants ... ok
test test_renderer_weather_wave16 ... ok
test test_texture_extended_coverage ... ok
test test_texture_streaming_additional_wave20 ... ok
test test_texture_streaming_comprehensive ... ok
test test_sky_and_time_comprehensive ... ok
test test_texture_streaming_detailed_wave14 ... ok
test test_texture_streaming_eviction_and_stats ... ok
test test_texture_streaming_load_request_ordering_wave19 ... ok
test test_texture_streaming_manager_comprehensive_wave19 ... ok
test test_texture_streaming_manager_full ... ok
test test_texture_streaming_priority_ordering ... ok
test test_texture_streaming_stats_coverage ... ok
test test_texture_streaming_stats_wave19 ... ok
test test_texture_streaming_structures ... ok
test test_texture_streaming_sync ... ok
test test_texture_streaming_wave18 ... ok
test test_transparency_advanced ... ok
test test_transparency_depth_sorting_edge_cases_wave20 ... ok
test test_transparency_manager_comprehensive_wave20 ... ok
test test_transparent_instance_struct_wave20 ... ok
test test_vertex_compression ... ok
test test_voxel_radiance_wave19 ... ok
test test_renderer_weather_and_environment ... ok
test test_voxel_vertex_and_material_wave19 ... ok
test test_voxelization_config_and_mesh ... ok
test test_voxelization_config_comprehensive_wave19 ... ok
test test_voxelization_mesh_and_config ... ok
test test_voxelization_pipeline_comprehensive ... ok
test test_voxelization_mesh_wave19 ... ok
test test_voxelization_pipeline_gpu_creation ... ok
test test_voxelization_stats_wave19 ... ok
test test_vxgi_additional_coverage ... ok
test test_voxelization_structures ... ok
test test_vxgi_config_comprehensive_wave19 ... ok
test test_water_additional_wave18 ... ok
test test_weather_system_comprehensive ... ok
test test_renderer_water_system ... ok
test test_texture_loading_paths_wave18 ... ok
test test_texture_remaining_coverage ... ok
test test_texture_more_variants ... ok
test test_texture_streaming_detailed ... ok
test test_texture_module ... ok

failures:

---- test_renderer_texture_methods stdout ----

thread 'test_renderer_texture_methods' panicked at C:\Users\pv2br\.cargo\registry\src\index.crates.io-1949cf8c6b5b557f\wgpu-core-25.0.2\src\resource.rs:711:59:
thread 'test_renderer_texture_methods' attempted to acquire a snatch lock recursively.
- Currently trying to acquire a write lock at C:\Users\pv2br\.cargo\registry\src\index.crates.io-1949cf8c6b5b557f\wgpu-core-25.0.2\src\resource.rs:711:59
disabled backtrace
- Previously acquired a read lock at C:\Users\pv2br\.cargo\registry\src\index.crates.io-1949cf8c6b5b557f\wgpu-core-25.0.2\src\device\resource.rs:2413:49
disabled backtrace

---- test_renderer_more_coverage stdout ----

thread 'test_renderer_more_coverage' panicked at C:\Users\pv2br\.cargo\registry\src\index.crates.io-1949cf8c6b5b557f\wgpu-core-25.0.2\src\resource.rs:711:59:
thread 'test_renderer_more_coverage' attempted to acquire a snatch lock recursively.
- Currently trying to acquire a write lock at C:\Users\pv2br\.cargo\registry\src\index.crates.io-1949cf8c6b5b557f\wgpu-core-25.0.2\src\resource.rs:711:59
disabled backtrace
- Previously acquired a read lock at C:\Users\pv2br\.cargo\registry\src\index.crates.io-1949cf8c6b5b557f\wgpu-core-25.0.2\src\device\queue.rs:709:56
disabled backtrace

---- test_render_loop_and_materials stdout ----
Testing Renderer::draw_into...
Renderer::draw_into tested.
Testing MaterialManager::load_biome...
[materials-debug] building arrays: layers=1 size=1024x1024 mips=11 formats: albedo=Rgba8UnormSrgb normal=Rg8Unorm mra=Rgba8Unorm
[materials] INFO loaded metadata for test_biome/grass albedo: color_space=Srgb mips=11 compression=None
[materials] INFO loaded metadata for test_biome/grass normal: color_space=Linear mips=11 compression=None
[materials] INFO loaded metadata for test_biome/grass mra: color_space=Linear mips=11 compression=None
[materials] Hot-reloading biome from C:\Users\pv2br\AppData\Local\Temp\.tmpSlzvDd
[materials-debug] building arrays: layers=1 size=1024x1024 mips=11 formats: albedo=Rgba8UnormSrgb normal=Rg8Unorm mra=Rgba8Unorm
[materials] INFO loaded metadata for test_biome/grass albedo: color_space=Srgb mips=11 compression=None
[materials] INFO loaded metadata for test_biome/grass normal: color_space=Linear mips=11 compression=None
[materials] INFO loaded metadata for test_biome/grass mra: color_space=Linear mips=11 compression=None
MaterialManager::load_biome tested.

thread 'test_render_loop_and_materials' panicked at C:\Users\pv2br\.cargo\registry\src\index.crates.io-1949cf8c6b5b557f\wgpu-core-25.0.2\src\device\queue.rs:193:29:
We timed out while waiting on the last successful submission to complete!
note: run with `RUST_BACKTRACE=1` environment variable to display a backtrace

---- test_renderer_timeline_methods stdout ----

thread 'test_renderer_timeline_methods' panicked at astraweave-render\tests\coverage_booster_render.rs:3414:10:
called `Result::unwrap()` on an `Err` value: RequestDeviceError { inner: Core(Device(Lost)) }


failures:
    test_render_loop_and_materials
    test_renderer_more_coverage
    test_renderer_texture_methods
    test_renderer_timeline_methods

test result: FAILED. 141 passed; 4 failed; 0 ignored; 0 measured; 3 filtered out; finished in 68.49s

error: test failed, to rerun pass `-p astraweave-render --test coverage_booster_render`
