SF:C:\Users\pv2br\source\repos\AstraWeave-AI-Native-Gaming-Engine\astraweave-asset\src\lib.rs
FN:1573,_RNCNvCsiKhCcLvPDYn_16astraweave_asset16infer_asset_kind0B3_
FN:1588,_RNCNvCsiKhCcLvPDYn_16astraweave_asset18infer_dependencies0B3_
FN:1256,_RNvCsiKhCcLvPDYn_16astraweave_asset13guid_for_path
FN:1572,_RNvCsiKhCcLvPDYn_16astraweave_asset16infer_asset_kind
FN:1633,_RNvCsiKhCcLvPDYn_16astraweave_asset17compute_file_hash
FN:1584,_RNvCsiKhCcLvPDYn_16astraweave_asset18infer_dependencies
FN:1247,_RNvMCsiKhCcLvPDYn_16astraweave_assetNtB2_13AssetManifest8validate
FN:1546,_RNvMs0_CsiKhCcLvPDYn_16astraweave_assetNtB5_13AssetDatabase13load_manifest
FN:1539,_RNvMs0_CsiKhCcLvPDYn_16astraweave_assetNtB5_13AssetDatabase13save_manifest
FN:1500,_RNvMs0_CsiKhCcLvPDYn_16astraweave_assetNtB5_13AssetDatabase14get_dependents
FN:1445,_RNvMs0_CsiKhCcLvPDYn_16astraweave_assetNtB5_13AssetDatabase14register_asset
FN:1526,_RNvMs0_CsiKhCcLvPDYn_16astraweave_assetNtB5_13AssetDatabase14scan_directory
FN:1504,_RNvMs0_CsiKhCcLvPDYn_16astraweave_assetNtB5_13AssetDatabase16get_dependencies
FN:1496,_RNvMs0_CsiKhCcLvPDYn_16astraweave_assetNtB5_13AssetDatabase16get_guid_by_path
FN:1508,_RNvMs0_CsiKhCcLvPDYn_16astraweave_assetNtB5_13AssetDatabase16invalidate_asset
FN:1433,_RNvMs0_CsiKhCcLvPDYn_16astraweave_assetNtB5_13AssetDatabase3new
FN:1492,_RNvMs0_CsiKhCcLvPDYn_16astraweave_assetNtB5_13AssetDatabase9get_asset
FN:1675,_RNvMs1_CsiKhCcLvPDYn_16astraweave_assetNtB5_12AssetWatcher15watch_directory
FN:1648,_RNvMs1_CsiKhCcLvPDYn_16astraweave_assetNtB5_12AssetWatcher3new
FN:1651,_RNCNvMs1_CsiKhCcLvPDYn_16astraweave_assetNtB7_12AssetWatcher3new0B7_
FNDA:0,_RNCNvCsiKhCcLvPDYn_16astraweave_asset16infer_asset_kind0B3_
FNDA:0,_RNCNvCsiKhCcLvPDYn_16astraweave_asset18infer_dependencies0B3_
FNDA:0,_RNvCsiKhCcLvPDYn_16astraweave_asset13guid_for_path
FNDA:0,_RNvCsiKhCcLvPDYn_16astraweave_asset16infer_asset_kind
FNDA:0,_RNvCsiKhCcLvPDYn_16astraweave_asset17compute_file_hash
FNDA:0,_RNvCsiKhCcLvPDYn_16astraweave_asset18infer_dependencies
FNDA:0,_RNvMCsiKhCcLvPDYn_16astraweave_assetNtB2_13AssetManifest8validate
FNDA:0,_RNvMs0_CsiKhCcLvPDYn_16astraweave_assetNtB5_13AssetDatabase13load_manifest
FNDA:0,_RNvMs0_CsiKhCcLvPDYn_16astraweave_assetNtB5_13AssetDatabase13save_manifest
FNDA:0,_RNvMs0_CsiKhCcLvPDYn_16astraweave_assetNtB5_13AssetDatabase14get_dependents
FNDA:0,_RNvMs0_CsiKhCcLvPDYn_16astraweave_assetNtB5_13AssetDatabase14register_asset
FNDA:0,_RNvMs0_CsiKhCcLvPDYn_16astraweave_assetNtB5_13AssetDatabase14scan_directory
FNDA:0,_RNvMs0_CsiKhCcLvPDYn_16astraweave_assetNtB5_13AssetDatabase16get_dependencies
FNDA:0,_RNvMs0_CsiKhCcLvPDYn_16astraweave_assetNtB5_13AssetDatabase16get_guid_by_path
FNDA:0,_RNvMs0_CsiKhCcLvPDYn_16astraweave_assetNtB5_13AssetDatabase16invalidate_asset
FNDA:1,_RNvMs0_CsiKhCcLvPDYn_16astraweave_assetNtB5_13AssetDatabase3new
FNDA:2,_RNvMs0_CsiKhCcLvPDYn_16astraweave_assetNtB5_13AssetDatabase9get_asset
FNDA:0,_RNvMs1_CsiKhCcLvPDYn_16astraweave_assetNtB5_12AssetWatcher15watch_directory
FNDA:0,_RNvMs1_CsiKhCcLvPDYn_16astraweave_assetNtB5_12AssetWatcher3new
FNDA:0,_RNCNvMs1_CsiKhCcLvPDYn_16astraweave_assetNtB7_12AssetWatcher3new0B7_
FNF:20
FNH:2
DA:1247,0
DA:1249,0
DA:1250,0
DA:1256,0
DA:1257,0
DA:1258,0
DA:1259,0
DA:1260,0
DA:1261,0
DA:1433,1
DA:1434,1
DA:1435,1
DA:1436,1
DA:1437,1
DA:1438,1
DA:1439,1
DA:1440,1
DA:1441,1
DA:1442,1
DA:1443,1
DA:1445,0
DA:1446,0
DA:1447,0
DA:1448,0
DA:1449,0
DA:1450,0
DA:1451,0
DA:1452,0
DA:1454,0
DA:1457,0
DA:1458,0
DA:1459,0
DA:1461,0
DA:1462,0
DA:1463,0
DA:1464,0
DA:1465,0
DA:1466,0
DA:1467,0
DA:1468,0
DA:1469,0
DA:1470,0
DA:1471,0
DA:1474,0
DA:1475,0
DA:1478,0
DA:1479,0
DA:1480,0
DA:1481,0
DA:1482,0
DA:1483,0
DA:1484,0
DA:1485,0
DA:1486,0
DA:1487,0
DA:1489,0
DA:1490,0
DA:1492,2
DA:1493,2
DA:1494,2
DA:1496,0
DA:1497,0
DA:1498,0
DA:1500,0
DA:1501,0
DA:1502,0
DA:1504,0
DA:1505,0
DA:1506,0
DA:1508,0
DA:1509,0
DA:1510,0
DA:1511,0
DA:1512,0
DA:1513,0
DA:1514,0
DA:1515,0
DA:1516,0
DA:1518,0
DA:1519,0
DA:1520,0
DA:1522,0
DA:1523,0
DA:1524,0
DA:1526,0
DA:1527,0
DA:1528,0
DA:1529,0
DA:1530,0
DA:1531,0
DA:1532,0
DA:1533,0
DA:1534,0
DA:1536,0
DA:1537,0
DA:1539,0
DA:1540,0
DA:1541,0
DA:1542,0
DA:1543,0
DA:1544,0
DA:1546,0
DA:1547,0
DA:1548,0
DA:1549,0
DA:1550,0
DA:1551,0
DA:1552,0
DA:1553,0
DA:1554,0
DA:1556,0
DA:1557,0
DA:1558,0
DA:1559,0
DA:1560,0
DA:1561,0
DA:1562,0
DA:1563,0
DA:1564,0
DA:1565,0
DA:1566,0
DA:1568,0
DA:1569,0
DA:1572,0
DA:1573,0
DA:1574,0
DA:1575,0
DA:1576,0
DA:1577,0
DA:1578,0
DA:1579,0
DA:1580,0
DA:1582,0
DA:1584,0
DA:1585,0
DA:1588,0
DA:1589,0
DA:1590,0
DA:1592,0
DA:1593,0
DA:1594,0
DA:1595,0
DA:1596,0
DA:1597,0
DA:1598,0
DA:1599,0
DA:1600,0
DA:1601,0
DA:1602,0
DA:1603,0
DA:1604,0
DA:1605,0
DA:1607,0
DA:1609,0
DA:1614,0
DA:1615,0
DA:1616,0
DA:1617,0
DA:1618,0
DA:1619,0
DA:1620,0
DA:1621,0
DA:1622,0
DA:1623,0
DA:1625,0
DA:1626,0
DA:1627,0
DA:1629,0
DA:1631,0
DA:1633,0
DA:1634,0
DA:1635,0
DA:1636,0
DA:1637,0
DA:1638,0
DA:1648,0
DA:1649,0
DA:1650,0
DA:1651,0
DA:1652,0
DA:1653,0
DA:1654,0
DA:1659,0
DA:1660,0
DA:1661,0
DA:1662,0
DA:1663,0
DA:1664,0
DA:1666,0
DA:1668,0
DA:1669,0
DA:1670,0
DA:1672,0
DA:1673,0
DA:1675,0
DA:1676,0
DA:1677,0
DA:1678,0
BRF:0
BRH:0
LF:200
LH:14
end_of_record
SF:C:\Users\pv2br\source\repos\AstraWeave-AI-Native-Gaming-Engine\astraweave-asset\src\nanite_preprocess.rs
FN:177,_RNCNvMs0_NtCsiKhCcLvPDYn_16astraweave_asset17nanite_preprocessNtB7_7Meshlet3news_0B9_
FN:170,_RNCNvMs0_NtCsiKhCcLvPDYn_16astraweave_asset17nanite_preprocessNtB7_7Meshlet3new0B9_
FNDA:0,_RNCNvMs0_NtCsiKhCcLvPDYn_16astraweave_asset17nanite_preprocessNtB7_7Meshlet3news_0B9_
FNDA:0,_RNCNvMs0_NtCsiKhCcLvPDYn_16astraweave_asset17nanite_preprocessNtB7_7Meshlet3new0B9_
FNF:2
FNH:0
DA:170,0
DA:177,0
DA:178,0
DA:179,0
DA:180,0
DA:181,0
DA:183,0
BRF:0
BRH:0
LF:7
LH:0
end_of_record
SF:C:\Users\pv2br\source\repos\AstraWeave-AI-Native-Gaming-Engine\astraweave-core\src\capture_replay.rs
FN:36,_RNvMs_NtCs2It8IXeum7k_15astraweave_core14capture_replayNtNtB6_5world5World10from_serde
FN:55,_RNvNtCs2It8IXeum7k_15astraweave_core14capture_replay12replay_state
FN:45,_RNvNtCs2It8IXeum7k_15astraweave_core14capture_replay13capture_state
FN:24,_RNvXNtCs2It8IXeum7k_15astraweave_core14capture_replayNtB2_10WorldSerdeINtNtCsixiwFwjEgS7_4core7convert4FromRNtNtB4_5world5WorldE4from
FNDA:0,_RNvMs_NtCs2It8IXeum7k_15astraweave_core14capture_replayNtNtB6_5world5World10from_serde
FNDA:0,_RNvNtCs2It8IXeum7k_15astraweave_core14capture_replay12replay_state
FNDA:0,_RNvNtCs2It8IXeum7k_15astraweave_core14capture_replay13capture_state
FNDA:0,_RNvXNtCs2It8IXeum7k_15astraweave_core14capture_replayNtB2_10WorldSerdeINtNtCsixiwFwjEgS7_4core7convert4FromRNtNtB4_5world5WorldE4from
FNF:4
FNH:0
DA:24,0
DA:25,0
DA:26,0
DA:27,0
DA:28,0
DA:29,0
DA:30,0
DA:31,0
DA:32,0
DA:36,0
DA:37,0
DA:38,0
DA:39,0
DA:40,0
DA:41,0
DA:42,0
DA:45,0
DA:46,0
DA:47,0
DA:48,0
DA:49,0
DA:50,0
DA:51,0
DA:52,0
DA:53,0
DA:55,0
DA:56,0
DA:57,0
DA:58,0
DA:59,0
DA:60,0
DA:61,0
DA:62,0
DA:63,0
DA:64,0
BRF:0
BRH:0
LF:35
LH:0
end_of_record
SF:C:\Users\pv2br\source\repos\AstraWeave-AI-Native-Gaming-Engine\astraweave-core\src\ecs_adapter.rs
FN:167,_RNCNvNtCs2It8IXeum7k_15astraweave_core11ecs_adapter9build_app0B5_
FNDA:0,_RNCNvNtCs2It8IXeum7k_15astraweave_core11ecs_adapter9build_app0B5_
FNF:1
FNH:0
DA:167,0
BRF:0
BRH:0
LF:1
LH:0
end_of_record
SF:C:\Users\pv2br\source\repos\AstraWeave-AI-Native-Gaming-Engine\astraweave-core\src\ecs_components.rs
FN:37,_RNvXNtNtCs2It8IXeum7k_15astraweave_core14ecs_components9cooldownsNtB2_11CooldownKeyINtNtCsixiwFwjEgS7_4core7convert4FromReE4from
FN:52,_RNvXs0_NtNtCs2It8IXeum7k_15astraweave_core14ecs_components9cooldownsNtB5_11CooldownKeyNtNtCsixiwFwjEgS7_4core3fmt7Display3fmt
FN:46,_RNvXs_NtNtCs2It8IXeum7k_15astraweave_core14ecs_components9cooldownsNtB4_11CooldownKeyINtNtCsixiwFwjEgS7_4core7convert4FromNtNtCs6L9tbza1LrC_5alloc6string6StringE4from
FNDA:0,_RNvXNtNtCs2It8IXeum7k_15astraweave_core14ecs_components9cooldownsNtB2_11CooldownKeyINtNtCsixiwFwjEgS7_4core7convert4FromReE4from
FNDA:0,_RNvXs0_NtNtCs2It8IXeum7k_15astraweave_core14ecs_components9cooldownsNtB5_11CooldownKeyNtNtCsixiwFwjEgS7_4core3fmt7Display3fmt
FNDA:0,_RNvXs_NtNtCs2It8IXeum7k_15astraweave_core14ecs_components9cooldownsNtB4_11CooldownKeyINtNtCsixiwFwjEgS7_4core7convert4FromNtNtCs6L9tbza1LrC_5alloc6string6StringE4from
FNF:3
FNH:0
DA:37,0
DA:38,0
DA:39,0
DA:40,0
DA:42,0
DA:46,0
DA:47,0
DA:48,0
DA:52,0
DA:53,0
DA:54,0
DA:55,0
DA:57,0
BRF:0
BRH:0
LF:13
LH:0
end_of_record
SF:C:\Users\pv2br\source\repos\AstraWeave-AI-Native-Gaming-Engine\astraweave-core\src\ecs_events.rs
FN:20,_RNvMNtCs2It8IXeum7k_15astraweave_core10ecs_eventsINtB2_6EventspE3lenB4_
FN:17,_RNvMNtCs2It8IXeum7k_15astraweave_core10ecs_eventsINtB2_6EventspE5clearB4_
FN:14,_RNvMNtCs2It8IXeum7k_15astraweave_core10ecs_eventsINtB2_6EventspE6readerB4_
FN:23,_RNvMNtCs2It8IXeum7k_15astraweave_core10ecs_eventsINtB2_6EventspE8is_emptyB4_
FN:47,_RNvMs1_NtCs2It8IXeum7k_15astraweave_core10ecs_eventsINtB5_11EventReaderpE5drainB7_
FNDA:0,_RNvMNtCs2It8IXeum7k_15astraweave_core10ecs_eventsINtB2_6EventspE3lenB4_
FNDA:0,_RNvMNtCs2It8IXeum7k_15astraweave_core10ecs_eventsINtB2_6EventspE5clearB4_
FNDA:0,_RNvMNtCs2It8IXeum7k_15astraweave_core10ecs_eventsINtB2_6EventspE6readerB4_
FNDA:0,_RNvMNtCs2It8IXeum7k_15astraweave_core10ecs_eventsINtB2_6EventspE8is_emptyB4_
FNDA:0,_RNvMs1_NtCs2It8IXeum7k_15astraweave_core10ecs_eventsINtB5_11EventReaderpE5drainB7_
FNF:5
FNH:0
DA:14,0
DA:15,0
DA:16,0
DA:17,0
DA:18,0
DA:19,0
DA:20,0
DA:21,0
DA:22,0
DA:23,0
DA:24,0
DA:25,0
DA:47,0
DA:48,0
DA:49,0
BRF:0
BRH:0
LF:15
LH:0
end_of_record
SF:C:\Users\pv2br\source\repos\AstraWeave-AI-Native-Gaming-Engine\astraweave-core\src\perception.rs
FN:71,_RNCNvNtCs2It8IXeum7k_15astraweave_core10perception14build_snapshots_0B5_
FN:43,_RNCNvNtCs2It8IXeum7k_15astraweave_core10perception14build_snapshot0B5_
FNDA:0,_RNCNvNtCs2It8IXeum7k_15astraweave_core10perception14build_snapshots_0B5_
FNDA:0,_RNCNvNtCs2It8IXeum7k_15astraweave_core10perception14build_snapshot0B5_
FNF:2
FNH:0
DA:43,0
DA:44,0
DA:45,0
DA:47,0
DA:48,0
DA:50,0
DA:52,0
DA:53,0
DA:54,0
DA:55,0
DA:56,0
DA:57,0
DA:58,0
DA:59,0
DA:71,0
BRF:0
BRH:0
LF:15
LH:0
end_of_record
SF:C:\Users\pv2br\source\repos\AstraWeave-AI-Native-Gaming-Engine\astraweave-core\src\sim.rs
FN:7,_RNvNtCs2It8IXeum7k_15astraweave_core3sim4step
FNDA:0,_RNvNtCs2It8IXeum7k_15astraweave_core3sim4step
FNF:1
FNH:0
DA:7,0
DA:8,0
DA:9,0
BRF:0
BRH:0
LF:3
LH:0
end_of_record
SF:C:\Users\pv2br\source\repos\AstraWeave-AI-Native-Gaming-Engine\astraweave-core\src\tool_vocabulary.rs
FN:743,_RNCNvNtCs2It8IXeum7k_15astraweave_core15tool_vocabulary21get_tools_by_category0B5_
FNDA:0,_RNCNvNtCs2It8IXeum7k_15astraweave_core15tool_vocabulary21get_tools_by_category0B5_
FNF:1
FNH:0
DA:743,0
BRF:0
BRH:0
LF:1
LH:0
end_of_record
SF:C:\Users\pv2br\source\repos\AstraWeave-AI-Native-Gaming-Engine\astraweave-core\src\validation.rs
FN:1486,_RINvNtCs2It8IXeum7k_15astraweave_core10validation19apply_director_planpEB4_
FN:10,_RINvNtCs2It8IXeum7k_15astraweave_core10validation20validate_and_executepEB4_
FN:30,_RNCINvNtCs2It8IXeum7k_15astraweave_core10validation20validate_and_executepE0B6_
FN:38,_RNCINvNtCs2It8IXeum7k_15astraweave_core10validation20validate_and_executepEs0_0B6_
FN:45,_RNCINvNtCs2It8IXeum7k_15astraweave_core10validation20validate_and_executepEs1_0B6_
FN:139,_RNCINvNtCs2It8IXeum7k_15astraweave_core10validation20validate_and_executepEs2_0B6_
FN:265,_RNCINvNtCs2It8IXeum7k_15astraweave_core10validation20validate_and_executepEs3_0B6_
FN:271,_RNCINvNtCs2It8IXeum7k_15astraweave_core10validation20validate_and_executepEs4_0B6_
FN:286,_RNCINvNtCs2It8IXeum7k_15astraweave_core10validation20validate_and_executepEs5_0B6_
FN:36,_RNCINvNtCs2It8IXeum7k_15astraweave_core10validation20validate_and_executepEs_0B6_
FNDA:0,_RINvNtCs2It8IXeum7k_15astraweave_core10validation19apply_director_planpEB4_
FNDA:0,_RINvNtCs2It8IXeum7k_15astraweave_core10validation20validate_and_executepEB4_
FNDA:0,_RNCINvNtCs2It8IXeum7k_15astraweave_core10validation20validate_and_executepE0B6_
FNDA:0,_RNCINvNtCs2It8IXeum7k_15astraweave_core10validation20validate_and_executepEs0_0B6_
FNDA:0,_RNCINvNtCs2It8IXeum7k_15astraweave_core10validation20validate_and_executepEs1_0B6_
FNDA:0,_RNCINvNtCs2It8IXeum7k_15astraweave_core10validation20validate_and_executepEs2_0B6_
FNDA:0,_RNCINvNtCs2It8IXeum7k_15astraweave_core10validation20validate_and_executepEs3_0B6_
FNDA:0,_RNCINvNtCs2It8IXeum7k_15astraweave_core10validation20validate_and_executepEs4_0B6_
FNDA:0,_RNCINvNtCs2It8IXeum7k_15astraweave_core10validation20validate_and_executepEs5_0B6_
FNDA:0,_RNCINvNtCs2It8IXeum7k_15astraweave_core10validation20validate_and_executepEs_0B6_
FNF:10
FNH:0
DA:10,0
DA:11,0
DA:12,0
DA:13,0
DA:14,0
DA:15,0
DA:16,0
DA:17,0
DA:18,0
DA:19,0
DA:20,0
DA:21,0
DA:22,0
DA:23,0
DA:28,0
DA:29,0
DA:30,0
DA:31,0
DA:32,0
DA:33,0
DA:34,0
DA:35,0
DA:36,0
DA:37,0
DA:38,0
DA:39,0
DA:42,0
DA:44,0
DA:45,0
DA:46,0
DA:50,0
DA:51,0
DA:52,0
DA:53,0
DA:55,0
DA:56,0
DA:57,0
DA:58,0
DA:60,0
DA:61,0
DA:62,0
DA:63,0
DA:65,0
DA:66,0
DA:67,0
DA:68,0
DA:74,0
DA:75,0
DA:77,0
DA:78,0
DA:79,0
DA:82,0
DA:83,0
DA:84,0
DA:85,0
DA:86,0
DA:89,0
DA:90,0
DA:91,0
DA:92,0
DA:93,0
DA:96,0
DA:97,0
DA:98,0
DA:99,0
DA:100,0
DA:103,0
DA:104,0
DA:105,0
DA:106,0
DA:108,0
DA:109,0
DA:110,0
DA:111,0
DA:113,0
DA:114,0
DA:115,0
DA:116,0
DA:122,0
DA:123,0
DA:124,0
DA:125,0
DA:127,0
DA:128,0
DA:129,0
DA:130,0
DA:132,0
DA:133,0
DA:134,0
DA:135,0
DA:137,0
DA:138,0
DA:139,0
DA:140,0
DA:141,0
DA:142,0
DA:143,0
DA:144,0
DA:147,0
DA:148,0
DA:149,0
DA:150,0
DA:151,0
DA:152,0
DA:155,0
DA:156,0
DA:157,0
DA:158,0
DA:164,0
DA:165,0
DA:166,0
DA:167,0
DA:169,0
DA:170,0
DA:171,0
DA:172,0
DA:175,0
DA:176,0
DA:177,0
DA:178,0
DA:181,0
DA:182,0
DA:183,0
DA:184,0
DA:186,0
DA:187,0
DA:188,0
DA:189,0
DA:195,0
DA:196,0
DA:197,0
DA:198,0
DA:200,0
DA:201,0
DA:202,0
DA:203,0
DA:205,0
DA:206,0
DA:207,0
DA:208,0
DA:210,0
DA:211,0
DA:212,0
DA:213,0
DA:215,0
DA:216,0
DA:217,0
DA:218,0
DA:220,0
DA:221,0
DA:222,0
DA:223,0
DA:225,0
DA:226,0
DA:227,0
DA:228,0
DA:234,0
DA:235,0
DA:236,0
DA:237,0
DA:239,0
DA:240,0
DA:241,0
DA:242,0
DA:244,0
DA:245,0
DA:246,0
DA:247,0
DA:249,0
DA:250,0
DA:251,0
DA:252,0
DA:254,0
DA:255,0
DA:256,0
DA:257,0
DA:263,0
DA:264,0
DA:265,0
DA:266,0
DA:267,0
DA:268,0
DA:269,0
DA:270,0
DA:271,0
DA:272,0
DA:273,0
DA:274,0
DA:275,0
DA:276,0
DA:277,0
DA:280,0
DA:281,0
DA:283,0
DA:284,0
DA:285,0
DA:286,0
DA:287,0
DA:288,0
DA:289,0
DA:291,0
DA:292,0
DA:293,0
DA:294,0
DA:295,0
DA:297,0
DA:298,0
DA:299,0
DA:300,0
DA:301,0
DA:302,0
DA:303,0
DA:304,0
DA:305,0
DA:306,0
DA:308,0
DA:309,0
DA:310,0
DA:311,0
DA:312,0
DA:313,0
DA:314,0
DA:318,0
DA:319,0
DA:1486,0
DA:1487,0
DA:1488,0
DA:1489,0
DA:1490,0
DA:1491,0
DA:1492,0
DA:1493,0
DA:1494,0
DA:1495,0
DA:1496,0
DA:1497,0
DA:1498,0
DA:1499,0
DA:1500,0
DA:1501,0
DA:1502,0
DA:1503,0
DA:1504,0
DA:1506,0
DA:1507,0
DA:1508,0
DA:1509,0
DA:1510,0
DA:1511,0
DA:1512,0
DA:1513,0
DA:1514,0
DA:1515,0
DA:1516,0
DA:1519,0
DA:1520,0
DA:1521,0
DA:1523,0
DA:1524,0
DA:1525,0
DA:1526,0
DA:1527,0
DA:1528,0
DA:1529,0
DA:1530,0
DA:1531,0
DA:1532,0
DA:1533,0
DA:1534,0
DA:1535,0
DA:1536,0
DA:1537,0
DA:1538,0
DA:1539,0
DA:1540,0
DA:1541,0
DA:1545,0
BRF:0
BRH:0
LF:285
LH:0
end_of_record
SF:C:\Users\pv2br\source\repos\AstraWeave-AI-Native-Gaming-Engine\astraweave-core\src\world.rs
FN:118,_RNCNvMNtCs2It8IXeum7k_15astraweave_core5worldNtB4_5World10enemies_of0B6_
FN:112,_RNCNvMNtCs2It8IXeum7k_15astraweave_core5worldNtB4_5World11all_of_team0B6_
FN:106,_RNCNvMNtCs2It8IXeum7k_15astraweave_core5worldNtB4_5World4name0B6_
FN:115,_RNvMNtCs2It8IXeum7k_15astraweave_core5worldNtB2_5World10enemies_of
FN:87,_RNvMNtCs2It8IXeum7k_15astraweave_core5worldNtB2_5World10health_mut
FN:109,_RNvMNtCs2It8IXeum7k_15astraweave_core5worldNtB2_5World11all_of_team
FN:102,_RNvMNtCs2It8IXeum7k_15astraweave_core5worldNtB2_5World13cooldowns_mut
FN:43,_RNvMNtCs2It8IXeum7k_15astraweave_core5worldNtB2_5World3new
FN:93,_RNvMNtCs2It8IXeum7k_15astraweave_core5worldNtB2_5World4ammo
FN:105,_RNvMNtCs2It8IXeum7k_15astraweave_core5worldNtB2_5World4name
FN:78,_RNvMNtCs2It8IXeum7k_15astraweave_core5worldNtB2_5World4pose
FN:90,_RNvMNtCs2It8IXeum7k_15astraweave_core5worldNtB2_5World4team
FN:68,_RNvMNtCs2It8IXeum7k_15astraweave_core5worldNtB2_5World4tick
FN:51,_RNvMNtCs2It8IXeum7k_15astraweave_core5worldNtB2_5World5spawn
FN:84,_RNvMNtCs2It8IXeum7k_15astraweave_core5worldNtB2_5World6health
FN:121,_RNvMNtCs2It8IXeum7k_15astraweave_core5worldNtB2_5World6pos_of
FN:96,_RNvMNtCs2It8IXeum7k_15astraweave_core5worldNtB2_5World8ammo_mut
FN:125,_RNvMNtCs2It8IXeum7k_15astraweave_core5worldNtB2_5World8entities
FN:128,_RNvMNtCs2It8IXeum7k_15astraweave_core5worldNtB2_5World8obstacle
FN:81,_RNvMNtCs2It8IXeum7k_15astraweave_core5worldNtB2_5World8pose_mut
FN:99,_RNvMNtCs2It8IXeum7k_15astraweave_core5worldNtB2_5World9cooldowns
FNDA:0,_RNCNvMNtCs2It8IXeum7k_15astraweave_core5worldNtB4_5World10enemies_of0B6_
FNDA:0,_RNCNvMNtCs2It8IXeum7k_15astraweave_core5worldNtB4_5World11all_of_team0B6_
FNDA:0,_RNCNvMNtCs2It8IXeum7k_15astraweave_core5worldNtB4_5World4name0B6_
FNDA:0,_RNvMNtCs2It8IXeum7k_15astraweave_core5worldNtB2_5World10enemies_of
FNDA:0,_RNvMNtCs2It8IXeum7k_15astraweave_core5worldNtB2_5World10health_mut
FNDA:0,_RNvMNtCs2It8IXeum7k_15astraweave_core5worldNtB2_5World11all_of_team
FNDA:0,_RNvMNtCs2It8IXeum7k_15astraweave_core5worldNtB2_5World13cooldowns_mut
FNDA:0,_RNvMNtCs2It8IXeum7k_15astraweave_core5worldNtB2_5World3new
FNDA:0,_RNvMNtCs2It8IXeum7k_15astraweave_core5worldNtB2_5World4ammo
FNDA:0,_RNvMNtCs2It8IXeum7k_15astraweave_core5worldNtB2_5World4name
FNDA:0,_RNvMNtCs2It8IXeum7k_15astraweave_core5worldNtB2_5World4pose
FNDA:0,_RNvMNtCs2It8IXeum7k_15astraweave_core5worldNtB2_5World4team
FNDA:0,_RNvMNtCs2It8IXeum7k_15astraweave_core5worldNtB2_5World4tick
FNDA:0,_RNvMNtCs2It8IXeum7k_15astraweave_core5worldNtB2_5World5spawn
FNDA:0,_RNvMNtCs2It8IXeum7k_15astraweave_core5worldNtB2_5World6health
FNDA:0,_RNvMNtCs2It8IXeum7k_15astraweave_core5worldNtB2_5World6pos_of
FNDA:0,_RNvMNtCs2It8IXeum7k_15astraweave_core5worldNtB2_5World8ammo_mut
FNDA:0,_RNvMNtCs2It8IXeum7k_15astraweave_core5worldNtB2_5World8entities
FNDA:0,_RNvMNtCs2It8IXeum7k_15astraweave_core5worldNtB2_5World8obstacle
FNDA:0,_RNvMNtCs2It8IXeum7k_15astraweave_core5worldNtB2_5World8pose_mut
FNDA:0,_RNvMNtCs2It8IXeum7k_15astraweave_core5worldNtB2_5World9cooldowns
FNF:21
FNH:0
DA:43,0
DA:44,0
DA:45,0
DA:46,0
DA:47,0
DA:48,0
DA:49,0
DA:51,0
DA:52,0
DA:53,0
DA:54,0
DA:55,0
DA:56,0
DA:57,0
DA:58,0
DA:59,0
DA:60,0
DA:61,0
DA:62,0
DA:64,0
DA:65,0
DA:66,0
DA:68,0
DA:69,0
DA:70,0
DA:71,0
DA:72,0
DA:73,0
DA:75,0
DA:78,0
DA:79,0
DA:80,0
DA:81,0
DA:82,0
DA:83,0
DA:84,0
DA:85,0
DA:86,0
DA:87,0
DA:88,0
DA:89,0
DA:90,0
DA:91,0
DA:92,0
DA:93,0
DA:94,0
DA:95,0
DA:96,0
DA:97,0
DA:98,0
DA:99,0
DA:100,0
DA:101,0
DA:102,0
DA:103,0
DA:104,0
DA:105,0
DA:106,0
DA:107,0
DA:109,0
DA:110,0
DA:111,0
DA:112,0
DA:113,0
DA:114,0
DA:115,0
DA:116,0
DA:117,0
DA:118,0
DA:119,0
DA:120,0
DA:121,0
DA:122,0
DA:123,0
DA:125,0
DA:126,0
DA:127,0
DA:128,0
DA:129,0
DA:130,0
BRF:0
BRH:0
LF:83
LH:0
end_of_record
SF:C:\Users\pv2br\source\repos\AstraWeave-AI-Native-Gaming-Engine\astraweave-ecs\src\archetype.rs
FN:306,_RNCNvMs0_NtCs9PL6mPjoae0_14astraweave_ecs9archetypeNtB7_16ArchetypeStorage25archetypes_with_component0Cse3Y0ahwHT7m_19astraweave_gameplay
FN:96,_RINvMs_NtCs9PL6mPjoae0_14astraweave_ecs9archetypeNtB5_9Archetype3getNtNtCs2It8IXeum7k_15astraweave_core14ecs_components4CPosECse3Y0ahwHT7m_19astraweave_gameplay
FN:96,_RINvMs_NtCs9PL6mPjoae0_14astraweave_ecs9archetypeNtB5_9Archetype3getNtNtCse3Y0ahwHT7m_19astraweave_gameplay3ecs11CInputStateEB18_
FN:96,_RINvMs_NtCs9PL6mPjoae0_14astraweave_ecs9archetypeNtB5_9Archetype3getNtNtCse3Y0ahwHT7m_19astraweave_gameplay3ecs12CAttackStateEB18_
FN:96,_RINvMs_NtCs9PL6mPjoae0_14astraweave_ecs9archetypeNtB5_9Archetype3getNtNtCse3Y0ahwHT7m_19astraweave_gameplay3ecs14CCraftingQueueEB18_
FN:96,_RINvMs_NtCs9PL6mPjoae0_14astraweave_ecs9archetypeNtB5_9Archetype3getNtNtCse3Y0ahwHT7m_19astraweave_gameplay3ecs7CTargetEB18_
FN:96,_RINvMs_NtCs9PL6mPjoae0_14astraweave_ecs9archetypeNtB5_9Archetype3getNtNtCse3Y0ahwHT7m_19astraweave_gameplay3ecs9CQuestLogEB18_
FN:105,_RINvMs_NtCs9PL6mPjoae0_14astraweave_ecs9archetypeNtB5_9Archetype7get_mutNtNtCs2It8IXeum7k_15astraweave_core14ecs_components7CHealthECse3Y0ahwHT7m_19astraweave_gameplay
FN:96,_RINvMs_NtCs9PL6mPjoae0_14astraweave_ecs9archetypeNtB5_9Archetype3getNtNtCs2It8IXeum7k_15astraweave_core14ecs_components11CDesiredPosEB18_
FN:96,_RINvMs_NtCs9PL6mPjoae0_14astraweave_ecs9archetypeNtB5_9Archetype3getNtNtCs2It8IXeum7k_15astraweave_core14ecs_components9CLegacyIdEB18_
FN:105,_RINvMs_NtCs9PL6mPjoae0_14astraweave_ecs9archetypeNtB5_9Archetype7get_mutNtNtCs2It8IXeum7k_15astraweave_core14ecs_components10CCooldownsEB1c_
FN:105,_RINvMs_NtCs9PL6mPjoae0_14astraweave_ecs9archetypeNtB5_9Archetype7get_mutNtNtCs2It8IXeum7k_15astraweave_core14ecs_components4CPosEB1c_
FN:306,_RNCNvMs0_NtCs9PL6mPjoae0_14astraweave_ecs9archetypeNtB7_16ArchetypeStorage25archetypes_with_component0Cs2It8IXeum7k_15astraweave_core
FN:34,_RNvMNtCs9PL6mPjoae0_14astraweave_ecs9archetypeNtB2_18ArchetypeSignature3len
FN:24,_RNvMNtCs9PL6mPjoae0_14astraweave_ecs9archetypeNtB2_18ArchetypeSignature3new
FN:30,_RNvMNtCs9PL6mPjoae0_14astraweave_ecs9archetypeNtB2_18ArchetypeSignature8contains
FN:38,_RNvMNtCs9PL6mPjoae0_14astraweave_ecs9archetypeNtB2_18ArchetypeSignature8is_empty
FN:285,_RNvMs0_NtCs9PL6mPjoae0_14astraweave_ecs9archetypeNtB5_16ArchetypeStorage10archetypes
FN:264,_RNvMs0_NtCs9PL6mPjoae0_14astraweave_ecs9archetypeNtB5_16ArchetypeStorage13get_archetype
FN:280,_RNvMs0_NtCs9PL6mPjoae0_14astraweave_ecs9archetypeNtB5_16ArchetypeStorage13remove_entity
FN:295,_RNvMs0_NtCs9PL6mPjoae0_14astraweave_ecs9archetypeNtB5_16ArchetypeStorage14archetypes_mut
FN:268,_RNvMs0_NtCs9PL6mPjoae0_14astraweave_ecs9archetypeNtB5_16ArchetypeStorage17get_archetype_mut
FN:272,_RNvMs0_NtCs9PL6mPjoae0_14astraweave_ecs9archetypeNtB5_16ArchetypeStorage20get_entity_archetype
FN:276,_RNvMs0_NtCs9PL6mPjoae0_14astraweave_ecs9archetypeNtB5_16ArchetypeStorage20set_entity_archetype
FN:249,_RNvMs0_NtCs9PL6mPjoae0_14astraweave_ecs9archetypeNtB5_16ArchetypeStorage23get_or_create_archetype
FN:300,_RNvMs0_NtCs9PL6mPjoae0_14astraweave_ecs9archetypeNtB5_16ArchetypeStorage25archetypes_with_component
FN:239,_RNvMs0_NtCs9PL6mPjoae0_14astraweave_ecs9archetypeNtB5_16ArchetypeStorage3new
FN:290,_RNvMs0_NtCs9PL6mPjoae0_14astraweave_ecs9archetypeNtB5_16ArchetypeStorage4iter
FN:76,_RNvMs_NtCs9PL6mPjoae0_14astraweave_ecs9archetypeNtB4_9Archetype10add_entity
FN:157,_RNvMs_NtCs9PL6mPjoae0_14astraweave_ecs9archetypeNtB4_9Archetype12entities_vec
FN:113,_RNvMs_NtCs9PL6mPjoae0_14astraweave_ecs9archetypeNtB4_9Archetype13remove_entity
FN:119,_RNvMs_NtCs9PL6mPjoae0_14astraweave_ecs9archetypeNtB4_9Archetype24remove_entity_components
FN:148,_RNvMs_NtCs9PL6mPjoae0_14astraweave_ecs9archetypeNtB4_9Archetype3len
FN:61,_RNvMs_NtCs9PL6mPjoae0_14astraweave_ecs9archetypeNtB4_9Archetype3new
FN:152,_RNvMs_NtCs9PL6mPjoae0_14astraweave_ecs9archetypeNtB4_9Archetype8is_empty
FNDA:0,_RNCNvMs0_NtCs9PL6mPjoae0_14astraweave_ecs9archetypeNtB7_16ArchetypeStorage25archetypes_with_component0Cse3Y0ahwHT7m_19astraweave_gameplay
FNDA:0,_RINvMs_NtCs9PL6mPjoae0_14astraweave_ecs9archetypeNtB5_9Archetype3getNtNtCs2It8IXeum7k_15astraweave_core14ecs_components4CPosECse3Y0ahwHT7m_19astraweave_gameplay
FNDA:0,_RINvMs_NtCs9PL6mPjoae0_14astraweave_ecs9archetypeNtB5_9Archetype3getNtNtCse3Y0ahwHT7m_19astraweave_gameplay3ecs11CInputStateEB18_
FNDA:0,_RINvMs_NtCs9PL6mPjoae0_14astraweave_ecs9archetypeNtB5_9Archetype3getNtNtCse3Y0ahwHT7m_19astraweave_gameplay3ecs12CAttackStateEB18_
FNDA:0,_RINvMs_NtCs9PL6mPjoae0_14astraweave_ecs9archetypeNtB5_9Archetype3getNtNtCse3Y0ahwHT7m_19astraweave_gameplay3ecs14CCraftingQueueEB18_
FNDA:0,_RINvMs_NtCs9PL6mPjoae0_14astraweave_ecs9archetypeNtB5_9Archetype3getNtNtCse3Y0ahwHT7m_19astraweave_gameplay3ecs7CTargetEB18_
FNDA:0,_RINvMs_NtCs9PL6mPjoae0_14astraweave_ecs9archetypeNtB5_9Archetype3getNtNtCse3Y0ahwHT7m_19astraweave_gameplay3ecs9CQuestLogEB18_
FNDA:0,_RINvMs_NtCs9PL6mPjoae0_14astraweave_ecs9archetypeNtB5_9Archetype7get_mutNtNtCs2It8IXeum7k_15astraweave_core14ecs_components7CHealthECse3Y0ahwHT7m_19astraweave_gameplay
FNDA:0,_RINvMs_NtCs9PL6mPjoae0_14astraweave_ecs9archetypeNtB5_9Archetype3getNtNtCs2It8IXeum7k_15astraweave_core14ecs_components11CDesiredPosEB18_
FNDA:0,_RINvMs_NtCs9PL6mPjoae0_14astraweave_ecs9archetypeNtB5_9Archetype3getNtNtCs2It8IXeum7k_15astraweave_core14ecs_components9CLegacyIdEB18_
FNDA:0,_RINvMs_NtCs9PL6mPjoae0_14astraweave_ecs9archetypeNtB5_9Archetype7get_mutNtNtCs2It8IXeum7k_15astraweave_core14ecs_components10CCooldownsEB1c_
FNDA:0,_RINvMs_NtCs9PL6mPjoae0_14astraweave_ecs9archetypeNtB5_9Archetype7get_mutNtNtCs2It8IXeum7k_15astraweave_core14ecs_components4CPosEB1c_
FNDA:0,_RNCNvMs0_NtCs9PL6mPjoae0_14astraweave_ecs9archetypeNtB7_16ArchetypeStorage25archetypes_with_component0Cs2It8IXeum7k_15astraweave_core
FNDA:0,_RNvMNtCs9PL6mPjoae0_14astraweave_ecs9archetypeNtB2_18ArchetypeSignature3len
FNDA:0,_RNvMNtCs9PL6mPjoae0_14astraweave_ecs9archetypeNtB2_18ArchetypeSignature3new
FNDA:0,_RNvMNtCs9PL6mPjoae0_14astraweave_ecs9archetypeNtB2_18ArchetypeSignature8contains
FNDA:0,_RNvMNtCs9PL6mPjoae0_14astraweave_ecs9archetypeNtB2_18ArchetypeSignature8is_empty
FNDA:0,_RNvMs0_NtCs9PL6mPjoae0_14astraweave_ecs9archetypeNtB5_16ArchetypeStorage10archetypes
FNDA:0,_RNvMs0_NtCs9PL6mPjoae0_14astraweave_ecs9archetypeNtB5_16ArchetypeStorage13get_archetype
FNDA:0,_RNvMs0_NtCs9PL6mPjoae0_14astraweave_ecs9archetypeNtB5_16ArchetypeStorage13remove_entity
FNDA:0,_RNvMs0_NtCs9PL6mPjoae0_14astraweave_ecs9archetypeNtB5_16ArchetypeStorage14archetypes_mut
FNDA:0,_RNvMs0_NtCs9PL6mPjoae0_14astraweave_ecs9archetypeNtB5_16ArchetypeStorage17get_archetype_mut
FNDA:0,_RNvMs0_NtCs9PL6mPjoae0_14astraweave_ecs9archetypeNtB5_16ArchetypeStorage20get_entity_archetype
FNDA:0,_RNvMs0_NtCs9PL6mPjoae0_14astraweave_ecs9archetypeNtB5_16ArchetypeStorage20set_entity_archetype
FNDA:0,_RNvMs0_NtCs9PL6mPjoae0_14astraweave_ecs9archetypeNtB5_16ArchetypeStorage23get_or_create_archetype
FNDA:0,_RNvMs0_NtCs9PL6mPjoae0_14astraweave_ecs9archetypeNtB5_16ArchetypeStorage25archetypes_with_component
FNDA:0,_RNvMs0_NtCs9PL6mPjoae0_14astraweave_ecs9archetypeNtB5_16ArchetypeStorage3new
FNDA:0,_RNvMs0_NtCs9PL6mPjoae0_14astraweave_ecs9archetypeNtB5_16ArchetypeStorage4iter
FNDA:0,_RNvMs_NtCs9PL6mPjoae0_14astraweave_ecs9archetypeNtB4_9Archetype10add_entity
FNDA:0,_RNvMs_NtCs9PL6mPjoae0_14astraweave_ecs9archetypeNtB4_9Archetype12entities_vec
FNDA:0,_RNvMs_NtCs9PL6mPjoae0_14astraweave_ecs9archetypeNtB4_9Archetype13remove_entity
FNDA:0,_RNvMs_NtCs9PL6mPjoae0_14astraweave_ecs9archetypeNtB4_9Archetype24remove_entity_components
FNDA:0,_RNvMs_NtCs9PL6mPjoae0_14astraweave_ecs9archetypeNtB4_9Archetype3len
FNDA:0,_RNvMs_NtCs9PL6mPjoae0_14astraweave_ecs9archetypeNtB4_9Archetype3new
FNDA:0,_RNvMs_NtCs9PL6mPjoae0_14astraweave_ecs9archetypeNtB4_9Archetype8is_empty
FNF:25
FNH:0
DA:24,0
DA:25,0
DA:26,0
DA:27,0
DA:28,0
DA:30,0
DA:31,0
DA:32,0
DA:34,0
DA:35,0
DA:36,0
DA:38,0
DA:39,0
DA:40,0
DA:61,0
DA:62,0
DA:63,0
DA:64,0
DA:65,0
DA:66,0
DA:67,0
DA:68,0
DA:69,0
DA:70,0
DA:71,0
DA:72,0
DA:73,0
DA:76,0
DA:77,0
DA:78,0
DA:79,0
DA:80,0
DA:82,0
DA:83,0
DA:85,0
DA:86,0
DA:87,0
DA:88,0
DA:89,0
DA:90,0
DA:91,0
DA:93,0
DA:96,0
DA:98,0
DA:99,0
DA:100,0
DA:101,0
DA:102,0
DA:105,0
DA:107,0
DA:108,0
DA:109,0
DA:110,0
DA:111,0
DA:113,0
DA:115,0
DA:116,0
DA:119,0
DA:120,0
DA:121,0
DA:122,0
DA:124,0
DA:125,0
DA:126,0
DA:130,0
DA:131,0
DA:132,0
DA:133,0
DA:134,0
DA:135,0
DA:136,0
DA:137,0
DA:139,0
DA:140,0
DA:141,0
DA:142,0
DA:143,0
DA:145,0
DA:146,0
DA:148,0
DA:149,0
DA:150,0
DA:152,0
DA:153,0
DA:154,0
DA:157,0
DA:158,0
DA:159,0
DA:239,0
DA:240,0
DA:241,0
DA:242,0
DA:243,0
DA:244,0
DA:245,0
DA:246,0
DA:249,0
DA:250,0
DA:251,0
DA:252,0
DA:254,0
DA:255,0
DA:257,0
DA:258,0
DA:259,0
DA:261,0
DA:262,0
DA:264,0
DA:265,0
DA:266,0
DA:268,0
DA:269,0
DA:270,0
DA:272,0
DA:273,0
DA:274,0
DA:276,0
DA:277,0
DA:278,0
DA:280,0
DA:281,0
DA:282,0
DA:285,0
DA:286,0
DA:287,0
DA:290,0
DA:291,0
DA:292,0
DA:295,0
DA:296,0
DA:297,0
DA:300,0
DA:304,0
DA:305,0
DA:306,0
DA:307,0
BRF:0
BRH:0
LF:137
LH:0
end_of_record
SF:C:\Users\pv2br\source\repos\AstraWeave-AI-Native-Gaming-Engine\astraweave-ecs\src\blob_vec.rs
FN:223,_RNvXs_NtCs9PL6mPjoae0_14astraweave_ecs8blob_vecNtB4_7BlobVecNtNtNtCsixiwFwjEgS7_4core3ops4drop4Drop4drop
FN:194,_RNvMNtCs9PL6mPjoae0_14astraweave_ecs8blob_vecNtB2_7BlobVec3len
FN:209,_RNvMNtCs9PL6mPjoae0_14astraweave_ecs8blob_vecNtB2_7BlobVec5clear
FN:68,_RNvMNtCs9PL6mPjoae0_14astraweave_ecs8blob_vecNtB2_7BlobVec7reserve
FN:204,_RNvMNtCs9PL6mPjoae0_14astraweave_ecs8blob_vecNtB2_7BlobVec8capacity
FN:199,_RNvMNtCs9PL6mPjoae0_14astraweave_ecs8blob_vecNtB2_7BlobVec8is_empty
FNDA:0,_RNvXs_NtCs9PL6mPjoae0_14astraweave_ecs8blob_vecNtB4_7BlobVecNtNtNtCsixiwFwjEgS7_4core3ops4drop4Drop4drop
FNDA:0,_RNvMNtCs9PL6mPjoae0_14astraweave_ecs8blob_vecNtB2_7BlobVec3len
FNDA:0,_RNvMNtCs9PL6mPjoae0_14astraweave_ecs8blob_vecNtB2_7BlobVec5clear
FNDA:0,_RNvMNtCs9PL6mPjoae0_14astraweave_ecs8blob_vecNtB2_7BlobVec7reserve
FNDA:0,_RNvMNtCs9PL6mPjoae0_14astraweave_ecs8blob_vecNtB2_7BlobVec8capacity
FNDA:0,_RNvMNtCs9PL6mPjoae0_14astraweave_ecs8blob_vecNtB2_7BlobVec8is_empty
FNF:6
FNH:0
DA:68,0
DA:69,0
DA:70,0
DA:71,0
DA:72,0
DA:74,0
DA:76,0
DA:77,0
DA:78,0
DA:79,0
DA:81,0
DA:83,0
DA:86,0
DA:87,0
DA:88,0
DA:89,0
DA:92,0
DA:93,0
DA:94,0
DA:95,0
DA:97,0
DA:101,0
DA:102,0
DA:103,0
DA:194,0
DA:195,0
DA:196,0
DA:199,0
DA:200,0
DA:201,0
DA:204,0
DA:205,0
DA:206,0
DA:209,0
DA:210,0
DA:211,0
DA:212,0
DA:213,0
DA:214,0
DA:215,0
DA:217,0
DA:218,0
DA:219,0
DA:223,0
DA:224,0
DA:226,0
DA:227,0
DA:228,0
DA:229,0
DA:230,0
DA:232,0
DA:233,0
DA:234,0
DA:235,0
DA:236,0
BRF:0
BRH:0
LF:55
LH:0
end_of_record
SF:C:\Users\pv2br\source\repos\AstraWeave-AI-Native-Gaming-Engine\astraweave-ecs\src\command_buffer.rs
FN:213,_RNvXs1_NtCs9PL6mPjoae0_14astraweave_ecs14command_bufferNtB5_12SpawnBuilderNtNtNtCsixiwFwjEgS7_4core3ops4drop4Drop4drop
FNDA:0,_RNvXs1_NtCs9PL6mPjoae0_14astraweave_ecs14command_bufferNtB5_12SpawnBuilderNtNtNtCsixiwFwjEgS7_4core3ops4drop4Drop4drop
FNF:1
FNH:0
DA:213,0
DA:215,0
DA:216,0
DA:217,0
BRF:0
BRH:0
LF:4
LH:0
end_of_record
SF:C:\Users\pv2br\source\repos\AstraWeave-AI-Native-Gaming-Engine\astraweave-ecs\src\entity_allocator.rs
FN:77,_RNvMNtCs9PL6mPjoae0_14astraweave_ecs16entity_allocatorNtB2_6Entity2id
FNDA:0,_RNvMNtCs9PL6mPjoae0_14astraweave_ecs16entity_allocatorNtB2_6Entity2id
FNF:1
FNH:0
DA:77,0
DA:78,0
DA:79,0
BRF:0
BRH:0
LF:3
LH:0
end_of_record
SF:C:\Users\pv2br\source\repos\AstraWeave-AI-Native-Gaming-Engine\astraweave-ecs\src\lib.rs
FN:180,_RNCNvMs1_Cs9PL6mPjoae0_14astraweave_ecsNtB7_5World28move_entity_to_new_archetype0B7_
FNDA:0,_RNCNvMs1_Cs9PL6mPjoae0_14astraweave_ecsNtB7_5World28move_entity_to_new_archetype0B7_
FNF:1
FNH:0
DA:180,0
BRF:0
BRH:0
LF:1
LH:0
end_of_record
SF:C:\Users\pv2br\source\repos\AstraWeave-AI-Native-Gaming-Engine\astraweave-ecs\src\sparse_set.rs
FN:57,_RNCNvMNtCs9PL6mPjoae0_14astraweave_ecs10sparse_setNtB4_9SparseSet6insert0B6_
FN:42,_RNvMNtCs9PL6mPjoae0_14astraweave_ecs10sparse_setNtB2_9SparseSet13with_capacity
FN:77,_RNvMNtCs9PL6mPjoae0_14astraweave_ecs10sparse_setNtB2_9SparseSet3get
FN:112,_RNvMNtCs9PL6mPjoae0_14astraweave_ecs10sparse_setNtB2_9SparseSet3len
FN:34,_RNvMNtCs9PL6mPjoae0_14astraweave_ecs10sparse_setNtB2_9SparseSet3new
FN:129,_RNvMNtCs9PL6mPjoae0_14astraweave_ecs10sparse_setNtB2_9SparseSet5clear
FN:53,_RNvMNtCs9PL6mPjoae0_14astraweave_ecs10sparse_setNtB2_9SparseSet6insert
FN:91,_RNvMNtCs9PL6mPjoae0_14astraweave_ecs10sparse_setNtB2_9SparseSet6remove
FN:140,_RNvMNtCs9PL6mPjoae0_14astraweave_ecs10sparse_setNtB2_9SparseSet7reserve
FN:135,_RNvMNtCs9PL6mPjoae0_14astraweave_ecs10sparse_setNtB2_9SparseSet8capacity
FN:83,_RNvMNtCs9PL6mPjoae0_14astraweave_ecs10sparse_setNtB2_9SparseSet8contains
FN:124,_RNvMNtCs9PL6mPjoae0_14astraweave_ecs10sparse_setNtB2_9SparseSet8entities
FN:117,_RNvMNtCs9PL6mPjoae0_14astraweave_ecs10sparse_setNtB2_9SparseSet8is_empty
FN:146,_RNvXs_NtCs9PL6mPjoae0_14astraweave_ecs10sparse_setNtB4_9SparseSetNtNtCsixiwFwjEgS7_4core7default7Default7default
FNDA:0,_RNCNvMNtCs9PL6mPjoae0_14astraweave_ecs10sparse_setNtB4_9SparseSet6insert0B6_
FNDA:0,_RNvMNtCs9PL6mPjoae0_14astraweave_ecs10sparse_setNtB2_9SparseSet13with_capacity
FNDA:0,_RNvMNtCs9PL6mPjoae0_14astraweave_ecs10sparse_setNtB2_9SparseSet3get
FNDA:0,_RNvMNtCs9PL6mPjoae0_14astraweave_ecs10sparse_setNtB2_9SparseSet3len
FNDA:0,_RNvMNtCs9PL6mPjoae0_14astraweave_ecs10sparse_setNtB2_9SparseSet3new
FNDA:0,_RNvMNtCs9PL6mPjoae0_14astraweave_ecs10sparse_setNtB2_9SparseSet5clear
FNDA:0,_RNvMNtCs9PL6mPjoae0_14astraweave_ecs10sparse_setNtB2_9SparseSet6insert
FNDA:0,_RNvMNtCs9PL6mPjoae0_14astraweave_ecs10sparse_setNtB2_9SparseSet6remove
FNDA:0,_RNvMNtCs9PL6mPjoae0_14astraweave_ecs10sparse_setNtB2_9SparseSet7reserve
FNDA:0,_RNvMNtCs9PL6mPjoae0_14astraweave_ecs10sparse_setNtB2_9SparseSet8capacity
FNDA:0,_RNvMNtCs9PL6mPjoae0_14astraweave_ecs10sparse_setNtB2_9SparseSet8contains
FNDA:0,_RNvMNtCs9PL6mPjoae0_14astraweave_ecs10sparse_setNtB2_9SparseSet8entities
FNDA:0,_RNvMNtCs9PL6mPjoae0_14astraweave_ecs10sparse_setNtB2_9SparseSet8is_empty
FNDA:0,_RNvXs_NtCs9PL6mPjoae0_14astraweave_ecs10sparse_setNtB4_9SparseSetNtNtCsixiwFwjEgS7_4core7default7Default7default
FNF:14
FNH:0
DA:34,0
DA:35,0
DA:36,0
DA:37,0
DA:38,0
DA:39,0
DA:42,0
DA:43,0
DA:44,0
DA:45,0
DA:46,0
DA:47,0
DA:53,0
DA:54,0
DA:57,0
DA:58,0
DA:59,0
DA:62,0
DA:63,0
DA:64,0
DA:67,0
DA:68,0
DA:69,0
DA:71,0
DA:72,0
DA:77,0
DA:78,0
DA:79,0
DA:80,0
DA:83,0
DA:84,0
DA:85,0
DA:91,0
DA:92,0
DA:94,0
DA:97,0
DA:99,0
DA:100,0
DA:101,0
DA:102,0
DA:103,0
DA:104,0
DA:106,0
DA:108,0
DA:109,0
DA:112,0
DA:113,0
DA:114,0
DA:117,0
DA:118,0
DA:119,0
DA:124,0
DA:125,0
DA:126,0
DA:129,0
DA:130,0
DA:131,0
DA:132,0
DA:135,0
DA:136,0
DA:137,0
DA:140,0
DA:141,0
DA:142,0
DA:146,0
DA:147,0
DA:148,0
BRF:0
BRH:0
LF:68
LH:0
end_of_record
SF:C:\Users\pv2br\source\repos\AstraWeave-AI-Native-Gaming-Engine\astraweave-ecs\src\system_param.rs
FN:162,_RNCNvMs0_NtCs9PL6mPjoae0_14astraweave_ecs12system_paramINtB7_6Query2NtNtCse3Y0ahwHT7m_19astraweave_gameplay3ecs12CAttackStateNtB16_7CTargetE3new0B18_
FN:102,_RNvMNtCs9PL6mPjoae0_14astraweave_ecs12system_paramINtB2_5QueryNtNtCse3Y0ahwHT7m_19astraweave_gameplay3ecs14CCraftingQueueE3newB12_
FN:102,_RNvMNtCs9PL6mPjoae0_14astraweave_ecs12system_paramINtB2_5QueryNtNtCse3Y0ahwHT7m_19astraweave_gameplay3ecs9CQuestLogE3newB12_
FN:158,_RNvMs0_NtCs9PL6mPjoae0_14astraweave_ecs12system_paramINtB5_6Query2NtNtCse3Y0ahwHT7m_19astraweave_gameplay3ecs12CAttackStateNtB14_7CTargetE3newB16_
FN:178,_RNvXs1_NtCs9PL6mPjoae0_14astraweave_ecs12system_paramINtB5_6Query2NtNtCse3Y0ahwHT7m_19astraweave_gameplay3ecs12CAttackStateNtB14_7CTargetENtNtNtNtCsixiwFwjEgS7_4core4iter6traits8iterator8Iterator4nextB16_
FN:120,_RNvXs_NtCs9PL6mPjoae0_14astraweave_ecs12system_paramINtB4_5QueryNtNtCse3Y0ahwHT7m_19astraweave_gameplay3ecs14CCraftingQueueENtNtNtNtCsixiwFwjEgS7_4core4iter6traits8iterator8Iterator4nextB14_
FN:120,_RNvXs_NtCs9PL6mPjoae0_14astraweave_ecs12system_paramINtB4_5QueryNtNtCse3Y0ahwHT7m_19astraweave_gameplay3ecs9CQuestLogENtNtNtNtCsixiwFwjEgS7_4core4iter6traits8iterator8Iterator4nextB14_
FNDA:0,_RNCNvMs0_NtCs9PL6mPjoae0_14astraweave_ecs12system_paramINtB7_6Query2NtNtCse3Y0ahwHT7m_19astraweave_gameplay3ecs12CAttackStateNtB16_7CTargetE3new0B18_
FNDA:0,_RNvMNtCs9PL6mPjoae0_14astraweave_ecs12system_paramINtB2_5QueryNtNtCse3Y0ahwHT7m_19astraweave_gameplay3ecs14CCraftingQueueE3newB12_
FNDA:0,_RNvMNtCs9PL6mPjoae0_14astraweave_ecs12system_paramINtB2_5QueryNtNtCse3Y0ahwHT7m_19astraweave_gameplay3ecs9CQuestLogE3newB12_
FNDA:0,_RNvMs0_NtCs9PL6mPjoae0_14astraweave_ecs12system_paramINtB5_6Query2NtNtCse3Y0ahwHT7m_19astraweave_gameplay3ecs12CAttackStateNtB14_7CTargetE3newB16_
FNDA:0,_RNvXs1_NtCs9PL6mPjoae0_14astraweave_ecs12system_paramINtB5_6Query2NtNtCse3Y0ahwHT7m_19astraweave_gameplay3ecs12CAttackStateNtB14_7CTargetENtNtNtNtCsixiwFwjEgS7_4core4iter6traits8iterator8Iterator4nextB16_
FNDA:0,_RNvXs_NtCs9PL6mPjoae0_14astraweave_ecs12system_paramINtB4_5QueryNtNtCse3Y0ahwHT7m_19astraweave_gameplay3ecs14CCraftingQueueENtNtNtNtCsixiwFwjEgS7_4core4iter6traits8iterator8Iterator4nextB14_
FNDA:0,_RNvXs_NtCs9PL6mPjoae0_14astraweave_ecs12system_paramINtB4_5QueryNtNtCse3Y0ahwHT7m_19astraweave_gameplay3ecs9CQuestLogENtNtNtNtCsixiwFwjEgS7_4core4iter6traits8iterator8Iterator4nextB14_
FNF:5
FNH:0
DA:102,0
DA:103,0
DA:104,0
DA:105,0
DA:106,0
DA:107,0
DA:108,0
DA:109,0
DA:110,0
DA:111,0
DA:112,0
DA:113,0
DA:114,0
DA:115,0
DA:120,0
DA:122,0
DA:123,0
DA:124,0
DA:125,0
DA:126,0
DA:127,0
DA:129,0
DA:130,0
DA:131,0
DA:132,0
DA:133,0
DA:135,0
DA:136,0
DA:140,0
DA:141,0
DA:142,0
DA:143,0
DA:145,0
DA:158,0
DA:159,0
DA:160,0
DA:161,0
DA:162,0
DA:163,0
DA:164,0
DA:166,0
DA:167,0
DA:168,0
DA:169,0
DA:170,0
DA:171,0
DA:172,0
DA:173,0
DA:178,0
DA:180,0
DA:181,0
DA:182,0
DA:183,0
DA:184,0
DA:185,0
DA:187,0
DA:188,0
DA:189,0
DA:190,0
DA:191,0
DA:193,0
DA:194,0
DA:199,0
DA:200,0
DA:201,0
DA:202,0
DA:203,0
DA:204,0
DA:206,0
DA:208,0
BRF:0
BRH:0
LF:71
LH:0
end_of_record
SF:C:\Users\pv2br\source\repos\AstraWeave-AI-Native-Gaming-Engine\astraweave-gameplay\src\biome_spawn.rs
FN:15,_RNvNtCse3Y0ahwHT7m_19astraweave_gameplay11biome_spawn15spawn_resources
FNDA:0,_RNvNtCse3Y0ahwHT7m_19astraweave_gameplay11biome_spawn15spawn_resources
FNF:1
FNH:0
DA:15,0
DA:16,0
DA:17,0
DA:18,0
DA:19,0
DA:20,0
DA:21,0
DA:22,0
DA:23,0
DA:24,0
DA:25,0
DA:26,0
DA:27,0
DA:28,0
DA:29,0
DA:30,0
DA:31,0
DA:32,0
DA:33,0
DA:34,0
DA:35,0
DA:37,0
DA:38,0
DA:39,0
DA:41,0
DA:42,0
DA:43,0
DA:44,0
DA:46,0
DA:47,0
DA:48,0
DA:49,0
DA:50,0
DA:51,0
DA:52,0
DA:53,0
DA:55,0
DA:56,0
BRF:0
BRH:0
LF:38
LH:0
end_of_record
SF:C:\Users\pv2br\source\repos\AstraWeave-AI-Native-Gaming-Engine\astraweave-gameplay\src\dialogue.rs
FN:147,_RNCNvNtCse3Y0ahwHT7m_19astraweave_gameplay8dialogue23compile_banter_to_nodes0B5_
FN:56,_RNCNvMNtCse3Y0ahwHT7m_19astraweave_gameplay8dialogueNtB4_13DialogueState3new0B6_
FNDA:0,_RNCNvNtCse3Y0ahwHT7m_19astraweave_gameplay8dialogue23compile_banter_to_nodes0B5_
FNDA:0,_RNCNvMNtCse3Y0ahwHT7m_19astraweave_gameplay8dialogueNtB4_13DialogueState3new0B6_
FNF:2
FNH:0
DA:56,0
DA:147,0
BRF:0
BRH:0
LF:2
LH:0
end_of_record
SF:C:\Users\pv2br\source\repos\AstraWeave-AI-Native-Gaming-Engine\astraweave-gameplay\src\items.rs
FN:38,_RNCNvMNtCse3Y0ahwHT7m_19astraweave_gameplay5itemsNtB4_9Inventory12add_resource0B6_
FN:46,_RNCNvMNtCse3Y0ahwHT7m_19astraweave_gameplay5itemsNtB4_9Inventory15remove_resource0B6_
FN:37,_RNvMNtCse3Y0ahwHT7m_19astraweave_gameplay5itemsNtB2_9Inventory12add_resource
FN:45,_RNvMNtCse3Y0ahwHT7m_19astraweave_gameplay5itemsNtB2_9Inventory15remove_resource
FN:78,_RNvNtCse3Y0ahwHT7m_19astraweave_gameplay5items14load_echo_defs
FN:56,_RNvNtCse3Y0ahwHT7m_19astraweave_gameplay5items6infuse
FNDA:0,_RNCNvMNtCse3Y0ahwHT7m_19astraweave_gameplay5itemsNtB4_9Inventory12add_resource0B6_
FNDA:0,_RNCNvMNtCse3Y0ahwHT7m_19astraweave_gameplay5itemsNtB4_9Inventory15remove_resource0B6_
FNDA:0,_RNvMNtCse3Y0ahwHT7m_19astraweave_gameplay5itemsNtB2_9Inventory12add_resource
FNDA:0,_RNvMNtCse3Y0ahwHT7m_19astraweave_gameplay5itemsNtB2_9Inventory15remove_resource
FNDA:0,_RNvNtCse3Y0ahwHT7m_19astraweave_gameplay5items14load_echo_defs
FNDA:0,_RNvNtCse3Y0ahwHT7m_19astraweave_gameplay5items6infuse
FNF:6
FNH:0
DA:37,0
DA:38,0
DA:39,0
DA:40,0
DA:41,0
DA:42,0
DA:43,0
DA:45,0
DA:46,0
DA:47,0
DA:48,0
DA:49,0
DA:50,0
DA:51,0
DA:52,0
DA:53,0
DA:56,0
DA:57,0
DA:58,0
DA:78,0
DA:83,0
DA:84,0
DA:85,0
BRF:0
BRH:0
LF:25
LH:0
end_of_record
SF:C:\Users\pv2br\source\repos\AstraWeave-AI-Native-Gaming-Engine\astraweave-gameplay\src\stats.rs
FN:42,_RNCNvMNtCse3Y0ahwHT7m_19astraweave_gameplay5statsNtB4_5Stats4tick0B6_
FNDA:0,_RNCNvMNtCse3Y0ahwHT7m_19astraweave_gameplay5statsNtB4_5Stats4tick0B6_
FNF:1
FNH:0
DA:42,0
DA:43,0
DA:44,0
DA:45,0
DA:46,0
DA:48,0
DA:49,0
DA:50,0
DA:52,0
DA:53,0
DA:54,0
DA:56,0
BRF:0
BRH:0
LF:12
LH:0
end_of_record
SF:C:\Users\pv2br\source\repos\AstraWeave-AI-Native-Gaming-Engine\astraweave-materials\src\lib.rs
FN:114,_RNCNvCsbzsTAACN2qo_20astraweave_materials15compile_to_wgsl0B3_
FN:116,_RNCNvCsbzsTAACN2qo_20astraweave_materials15compile_to_wgsls0_0B3_
FN:117,_RNCNvCsbzsTAACN2qo_20astraweave_materials15compile_to_wgsls1_0B3_
FN:118,_RNCNvCsbzsTAACN2qo_20astraweave_materials15compile_to_wgsls2_0B3_
FN:115,_RNCNvCsbzsTAACN2qo_20astraweave_materials15compile_to_wgsls_0B3_
FN:38,_RNCNvNvCsbzsTAACN2qo_20astraweave_materials15compile_to_wgsl7expr_of0B5_
FN:32,_RNvCsbzsTAACN2qo_20astraweave_materials15compile_to_wgsl
FN:265,_RNvMCsbzsTAACN2qo_20astraweave_materialsNtB2_15MaterialPackage10from_graph
FN:33,_RNvNvCsbzsTAACN2qo_20astraweave_materials15compile_to_wgsl7expr_of
FNDA:1,_RNCNvCsbzsTAACN2qo_20astraweave_materials15compile_to_wgsl0B3_
FNDA:1,_RNCNvCsbzsTAACN2qo_20astraweave_materials15compile_to_wgsls0_0B3_
FNDA:1,_RNCNvCsbzsTAACN2qo_20astraweave_materials15compile_to_wgsls1_0B3_
FNDA:1,_RNCNvCsbzsTAACN2qo_20astraweave_materials15compile_to_wgsls2_0B3_
FNDA:1,_RNCNvCsbzsTAACN2qo_20astraweave_materials15compile_to_wgsls_0B3_
FNDA:0,_RNCNvNvCsbzsTAACN2qo_20astraweave_materials15compile_to_wgsl7expr_of0B5_
FNDA:1,_RNvCsbzsTAACN2qo_20astraweave_materials15compile_to_wgsl
FNDA:1,_RNvMCsbzsTAACN2qo_20astraweave_materialsNtB2_15MaterialPackage10from_graph
FNDA:1,_RNvNvCsbzsTAACN2qo_20astraweave_materials15compile_to_wgsl7expr_of
FNF:9
FNH:8
DA:32,1
DA:33,1
DA:34,1
DA:35,1
DA:36,1
DA:37,1
DA:38,1
DA:39,1
DA:40,1
DA:41,1
DA:42,1
DA:44,0
DA:45,0
DA:47,0
DA:48,0
DA:49,0
DA:50,0
DA:51,0
DA:53,0
DA:54,0
DA:55,0
DA:56,0
DA:59,0
DA:60,0
DA:61,0
DA:62,0
DA:63,0
DA:64,0
DA:66,0
DA:67,0
DA:68,0
DA:69,0
DA:71,0
DA:72,0
DA:73,0
DA:74,0
DA:75,0
DA:76,0
DA:81,1
DA:83,1
DA:84,1
DA:85,1
DA:86,0
DA:88,1
DA:90,1
DA:91,0
DA:93,1
DA:95,1
DA:96,0
DA:98,1
DA:100,1
DA:101,0
DA:103,1
DA:105,1
DA:106,0
DA:108,1
DA:113,1
DA:114,1
DA:115,1
DA:116,1
DA:117,1
DA:118,1
DA:120,1
DA:121,1
DA:125,1
DA:126,1
DA:265,1
DA:266,1
DA:267,1
DA:268,1
BRF:0
BRH:0
LF:76
LH:43
end_of_record
SF:C:\Users\pv2br\source\repos\AstraWeave-AI-Native-Gaming-Engine\astraweave-nav\src\lib.rs
FN:133,_RNCNvCsee0SyyZ6UIo_14astraweave_nav11closest_tri0B3_
FN:31,_RNCNvMCsee0SyyZ6UIo_14astraweave_navNtB4_7NavMesh4bake0B4_
FNDA:0,_RNCNvCsee0SyyZ6UIo_14astraweave_nav11closest_tri0B3_
FNDA:0,_RNCNvMCsee0SyyZ6UIo_14astraweave_navNtB4_7NavMesh4bake0B4_
FNF:2
FNH:0
DA:31,0
DA:32,0
DA:35,0
DA:36,0
DA:37,0
DA:41,0
DA:42,0
DA:44,0
DA:45,0
DA:47,0
DA:51,0
DA:53,0
DA:54,0
DA:55,0
DA:56,0
DA:57,0
DA:58,0
DA:59,0
DA:60,0
DA:61,0
DA:62,0
DA:63,0
DA:64,0
DA:133,0
DA:134,0
DA:135,0
DA:136,0
DA:137,0
BRF:0
BRH:0
LF:28
LH:0
end_of_record
SF:C:\Users\pv2br\source\repos\AstraWeave-AI-Native-Gaming-Engine\astraweave-render\src\animation.rs
FN:470,_RNvNtNtCs5u7LM5pVa0o_17astraweave_render9animation5testss_19test_find_keyframes
FN:421,_RNvNtNtCs5u7LM5pVa0o_17astraweave_render9animation5testss_22test_transform_default
FN:576,_RNvNtNtCs5u7LM5pVa0o_17astraweave_render9animation5testss_23test_cpu_skinning_blend
FN:429,_RNvNtNtCs5u7LM5pVa0o_17astraweave_render9animation5testss_24test_transform_to_matrix
FN:593,_RNvNtNtCs5u7LM5pVa0o_17astraweave_render9animation5testss_27test_joint_palette_creation
FN:517,_RNvNtNtCs5u7LM5pVa0o_17astraweave_render9animation5testss_29test_joint_matrices_hierarchy
FN:558,_RNvNtNtCs5u7LM5pVa0o_17astraweave_render9animation5testss_30test_cpu_skinning_single_joint
FN:493,_RNvNtNtCs5u7LM5pVa0o_17astraweave_render9animation5testss_32test_joint_matrices_single_joint
FN:440,_RNvNtNtCs5u7LM5pVa0o_17astraweave_render9animation5testss_35test_animation_state_update_looping
FN:455,_RNvNtNtCs5u7LM5pVa0o_17astraweave_render9animation5testss_36test_animation_state_update_clamping
FN:167,_RNvMs0_NtCs5u7LM5pVa0o_17astraweave_render9animationNtB5_13AnimationClip14find_keyframes
FN:99,_RNvMs0_NtCs5u7LM5pVa0o_17astraweave_render9animationNtB5_13AnimationClip6sample
FN:248,_RNvMs2_NtCs5u7LM5pVa0o_17astraweave_render9animationNtB5_14AnimationState4play
FN:256,_RNvMs2_NtCs5u7LM5pVa0o_17astraweave_render9animationNtB5_14AnimationState4stop
FN:252,_RNvMs2_NtCs5u7LM5pVa0o_17astraweave_render9animationNtB5_14AnimationState5pause
FN:224,_RNvMs2_NtCs5u7LM5pVa0o_17astraweave_render9animationNtB5_14AnimationState6update
FN:261,_RNvMs2_NtCs5u7LM5pVa0o_17astraweave_render9animationNtB5_14AnimationState7restart
FN:359,_RNvMs5_NtCs5u7LM5pVa0o_17astraweave_render9animationNtB5_12JointPalette13from_matrices
FN:47,_RNvMs_NtCs5u7LM5pVa0o_17astraweave_render9animationNtB4_9Transform4lerp
FN:42,_RNvMs_NtCs5u7LM5pVa0o_17astraweave_render9animationNtB4_9Transform9to_matrix
FN:376,_RNvNtCs5u7LM5pVa0o_17astraweave_render9animation15skin_vertex_cpu
FN:272,_RNvNtCs5u7LM5pVa0o_17astraweave_render9animation22compute_joint_matrices
FN:276,_RNvNvNtCs5u7LM5pVa0o_17astraweave_render9animation22compute_joint_matrices17compute_recursive
FN:32,_RNvXNtCs5u7LM5pVa0o_17astraweave_render9animationNtB2_9TransformNtNtCsixiwFwjEgS7_4core7default7Default7default
FN:211,_RNvXs1_NtCs5u7LM5pVa0o_17astraweave_render9animationNtB5_14AnimationStateNtNtCsixiwFwjEgS7_4core7default7Default7default
FN:327,_RNvXs3_NtCs5u7LM5pVa0o_17astraweave_render9animationNtB5_14JointMatrixGPUINtNtCsixiwFwjEgS7_4core7convert4FromNtNtNtNtCsk2xTTmxX1Jo_4glam3f324sse24mat44Mat4E4from
FN:347,_RNvXs4_NtCs5u7LM5pVa0o_17astraweave_render9animationNtB5_12JointPaletteNtNtCsixiwFwjEgS7_4core7default7Default7default
FNDA:1,_RNvNtNtCs5u7LM5pVa0o_17astraweave_render9animation5testss_19test_find_keyframes
FNDA:1,_RNvNtNtCs5u7LM5pVa0o_17astraweave_render9animation5testss_22test_transform_default
FNDA:1,_RNvNtNtCs5u7LM5pVa0o_17astraweave_render9animation5testss_23test_cpu_skinning_blend
FNDA:1,_RNvNtNtCs5u7LM5pVa0o_17astraweave_render9animation5testss_24test_transform_to_matrix
FNDA:1,_RNvNtNtCs5u7LM5pVa0o_17astraweave_render9animation5testss_27test_joint_palette_creation
FNDA:1,_RNvNtNtCs5u7LM5pVa0o_17astraweave_render9animation5testss_29test_joint_matrices_hierarchy
FNDA:1,_RNvNtNtCs5u7LM5pVa0o_17astraweave_render9animation5testss_30test_cpu_skinning_single_joint
FNDA:1,_RNvNtNtCs5u7LM5pVa0o_17astraweave_render9animation5testss_32test_joint_matrices_single_joint
FNDA:1,_RNvNtNtCs5u7LM5pVa0o_17astraweave_render9animation5testss_35test_animation_state_update_looping
FNDA:1,_RNvNtNtCs5u7LM5pVa0o_17astraweave_render9animation5testss_36test_animation_state_update_clamping
FNDA:6,_RNvMs0_NtCs5u7LM5pVa0o_17astraweave_render9animationNtB5_13AnimationClip14find_keyframes
FNDA:5,_RNvMs0_NtCs5u7LM5pVa0o_17astraweave_render9animationNtB5_13AnimationClip6sample
FNDA:1,_RNvMs2_NtCs5u7LM5pVa0o_17astraweave_render9animationNtB5_14AnimationState4play
FNDA:1,_RNvMs2_NtCs5u7LM5pVa0o_17astraweave_render9animationNtB5_14AnimationState4stop
FNDA:1,_RNvMs2_NtCs5u7LM5pVa0o_17astraweave_render9animationNtB5_14AnimationState5pause
FNDA:6,_RNvMs2_NtCs5u7LM5pVa0o_17astraweave_render9animationNtB5_14AnimationState6update
FNDA:1,_RNvMs2_NtCs5u7LM5pVa0o_17astraweave_render9animationNtB5_14AnimationState7restart
FNDA:3,_RNvMs5_NtCs5u7LM5pVa0o_17astraweave_render9animationNtB5_12JointPalette13from_matrices
FNDA:3,_RNvMs_NtCs5u7LM5pVa0o_17astraweave_render9animationNtB4_9Transform4lerp
FNDA:12,_RNvMs_NtCs5u7LM5pVa0o_17astraweave_render9animationNtB4_9Transform9to_matrix
FNDA:6,_RNvNtCs5u7LM5pVa0o_17astraweave_render9animation15skin_vertex_cpu
FNDA:5,_RNvNtCs5u7LM5pVa0o_17astraweave_render9animation22compute_joint_matrices
FNDA:9,_RNvNvNtCs5u7LM5pVa0o_17astraweave_render9animation22compute_joint_matrices17compute_recursive
FNDA:24,_RNvXNtCs5u7LM5pVa0o_17astraweave_render9animationNtB2_9TransformNtNtCsixiwFwjEgS7_4core7default7Default7default
FNDA:8,_RNvXs1_NtCs5u7LM5pVa0o_17astraweave_render9animationNtB5_14AnimationStateNtNtCsixiwFwjEgS7_4core7default7Default7default
FNDA:259,_RNvXs3_NtCs5u7LM5pVa0o_17astraweave_render9animationNtB5_14JointMatrixGPUINtNtCsixiwFwjEgS7_4core7convert4FromNtNtNtNtCsk2xTTmxX1Jo_4glam3f324sse24mat44Mat4E4from
FNDA:4,_RNvXs4_NtCs5u7LM5pVa0o_17astraweave_render9animationNtB5_12JointPaletteNtNtCsixiwFwjEgS7_4core7default7Default7default
FNF:27
FNH:27
DA:32,24
DA:33,24
DA:34,24
DA:35,24
DA:36,24
DA:37,24
DA:38,24
DA:42,12
DA:43,12
DA:44,12
DA:47,3
DA:48,3
DA:49,3
DA:50,3
DA:51,3
DA:52,3
DA:53,3
DA:99,5
DA:100,5
DA:103,10
DA:104,5
DA:105,5
DA:108,9
DA:109,4
DA:110,4
DA:111,1
DA:112,3
DA:115,3
DA:118,3
DA:119,1
DA:120,1
DA:121,1
DA:122,1
DA:123,1
DA:124,0
DA:125,0
DA:127,1
DA:128,1
DA:129,1
DA:130,1
DA:132,1
DA:133,1
DA:134,1
DA:135,1
DA:136,0
DA:137,1
DA:138,0
DA:140,1
DA:141,1
DA:142,1
DA:143,1
DA:145,1
DA:146,1
DA:147,1
DA:148,1
DA:149,0
DA:150,1
DA:151,0
DA:153,1
DA:154,1
DA:155,1
DA:156,1
DA:160,3
DA:163,5
DA:164,5
DA:167,6
DA:168,6
DA:169,0
DA:170,6
DA:172,6
DA:173,1
DA:174,5
DA:177,5
DA:178,5
DA:179,1
DA:180,1
DA:181,4
DA:182,0
DA:185,5
DA:186,5
DA:187,4
DA:188,4
DA:189,1
DA:192,0
DA:193,6
DA:211,8
DA:212,8
DA:213,8
DA:214,8
DA:215,8
DA:216,8
DA:217,8
DA:218,8
DA:219,8
DA:224,6
DA:225,6
DA:226,1
DA:227,5
DA:229,5
DA:231,5
DA:233,4
DA:234,2
DA:235,2
DA:236,4
DA:237,1
DA:238,3
DA:241,1
DA:242,1
DA:243,1
DA:244,1
DA:246,6
DA:248,1
DA:249,1
DA:250,1
DA:252,1
DA:253,1
DA:254,1
DA:256,1
DA:257,1
DA:258,1
DA:259,1
DA:261,1
DA:262,1
DA:263,1
DA:264,1
DA:272,5
DA:273,5
DA:276,9
DA:277,9
DA:278,9
DA:279,9
DA:280,9
DA:281,9
DA:282,9
DA:283,9
DA:284,9
DA:285,9
DA:288,19
DA:289,19
DA:290,3
DA:291,16
DA:293,9
DA:296,11
DA:297,6
DA:298,6
DA:299,6
DA:300,6
DA:301,6
DA:302,6
DA:303,6
DA:304,6
DA:307,5
DA:308,9
DA:309,9
DA:310,9
DA:312,5
DA:313,5
DA:327,259
DA:328,259
DA:329,259
DA:330,259
DA:331,259
DA:347,4
DA:348,4
DA:349,4
DA:350,4
DA:351,4
DA:352,4
DA:353,4
DA:354,4
DA:355,4
DA:359,3
DA:360,3
DA:361,3
DA:363,258
DA:364,258
DA:365,258
DA:367,3
DA:368,3
DA:376,6
DA:377,6
DA:378,6
DA:379,6
DA:380,6
DA:381,6
DA:382,6
DA:383,6
DA:384,6
DA:386,30
DA:387,24
DA:388,24
DA:389,17
DA:390,7
DA:392,7
DA:393,7
DA:394,1
DA:395,6
DA:397,6
DA:398,6
DA:401,6
DA:402,6
DA:403,6
DA:404,6
DA:406,6
DA:409,6
DA:410,6
DA:421,1
DA:422,1
DA:423,1
DA:424,1
DA:425,1
DA:426,1
DA:429,1
DA:430,1
DA:431,1
DA:432,1
DA:433,1
DA:434,1
DA:435,1
DA:436,1
DA:437,1
DA:440,1
DA:441,1
DA:442,1
DA:443,1
DA:444,1
DA:445,1
DA:446,1
DA:447,1
DA:449,1
DA:450,1
DA:451,1
DA:452,1
DA:455,1
DA:456,1
DA:457,1
DA:458,1
DA:459,1
DA:460,1
DA:461,1
DA:462,1
DA:464,1
DA:465,1
DA:466,1
DA:467,1
DA:470,1
DA:471,1
DA:474,1
DA:475,1
DA:476,1
DA:477,1
DA:480,1
DA:481,1
DA:482,1
DA:483,1
DA:486,1
DA:487,1
DA:488,1
DA:489,1
DA:490,1
DA:493,1
DA:494,1
DA:495,1
DA:496,1
DA:497,1
DA:498,1
DA:499,1
DA:500,1
DA:501,1
DA:502,1
DA:504,1
DA:505,1
DA:506,1
DA:507,1
DA:509,1
DA:510,1
DA:513,1
DA:514,1
DA:517,1
DA:518,1
DA:519,1
DA:520,1
DA:521,1
DA:522,1
DA:523,1
DA:524,1
DA:525,1
DA:526,1
DA:527,1
DA:528,1
DA:529,1
DA:530,1
DA:531,1
DA:532,1
DA:533,1
DA:534,1
DA:536,1
DA:537,1
DA:538,1
DA:539,1
DA:540,1
DA:541,1
DA:542,1
DA:543,1
DA:544,1
DA:547,1
DA:548,1
DA:551,1
DA:554,1
DA:555,1
DA:558,1
DA:559,1
DA:560,1
DA:561,1
DA:562,1
DA:565,1
DA:566,1
DA:568,1
DA:569,1
DA:571,1
DA:572,1
DA:573,1
DA:576,1
DA:577,1
DA:578,1
DA:579,1
DA:580,1
DA:582,1
DA:583,1
DA:584,1
DA:586,1
DA:589,1
DA:590,1
DA:593,1
DA:594,1
DA:595,1
DA:596,1
DA:599,1
DA:600,1
DA:601,1
DA:602,1
DA:603,1
DA:605,1
BRF:0
BRH:0
LF:343
LH:334
end_of_record
SF:C:\Users\pv2br\source\repos\AstraWeave-AI-Native-Gaming-Engine\astraweave-render\src\animation_extra_tests.rs
FN:602,_RNvNtNtCs5u7LM5pVa0o_17astraweave_render21animation_extra_tests21animation_extra_testss_23test_joint_palette_size
FN:33,_RNvNtNtCs5u7LM5pVa0o_17astraweave_render21animation_extra_tests21animation_extra_testss_23test_transform_lerp_one
FN:14,_RNvNtNtCs5u7LM5pVa0o_17astraweave_render21animation_extra_tests21animation_extra_testss_24test_transform_lerp_zero
FN:596,_RNvNtNtCs5u7LM5pVa0o_17astraweave_render21animation_extra_tests21animation_extra_testss_26test_joint_matrix_gpu_size
FN:554,_RNvNtNtCs5u7LM5pVa0o_17astraweave_render21animation_extra_tests21animation_extra_testss_26test_joint_palette_default
FN:191,_RNvNtNtCs5u7LM5pVa0o_17astraweave_render21animation_extra_tests21animation_extra_testss_28test_animation_state_restart
FN:55,_RNvNtNtCs5u7LM5pVa0o_17astraweave_render21animation_extra_tests21animation_extra_testss_28test_transform_lerp_midpoint
FN:480,_RNvNtNtCs5u7LM5pVa0o_17astraweave_render21animation_extra_tests21animation_extra_testss_30test_cpu_skinning_zero_weights
FN:514,_RNvNtNtCs5u7LM5pVa0o_17astraweave_render21animation_extra_tests21animation_extra_testss_33test_cpu_skinning_partial_weights
FN:332,_RNvNtNtCs5u7LM5pVa0o_17astraweave_render21animation_extra_tests21animation_extra_testss_35test_animation_sample_scale_channel
FN:91,_RNvNtNtCs5u7LM5pVa0o_17astraweave_render21animation_extra_tests21animation_extra_testss_35test_transform_to_matrix_with_scale
FN:210,_RNvNtNtCs5u7LM5pVa0o_17astraweave_render21animation_extra_tests21animation_extra_testss_36test_animation_sample_empty_channels
FN:173,_RNvNtNtCs5u7LM5pVa0o_17astraweave_render21animation_extra_tests21animation_extra_testss_36test_animation_state_play_pause_stop
FN:583,_RNvNtNtCs5u7LM5pVa0o_17astraweave_render21animation_extra_tests21animation_extra_testss_36test_joint_palette_matrix_conversion
FN:497,_RNvNtNtCs5u7LM5pVa0o_17astraweave_render21animation_extra_tests21animation_extra_testss_37test_cpu_skinning_invalid_joint_index
FN:298,_RNvNtNtCs5u7LM5pVa0o_17astraweave_render21animation_extra_tests21animation_extra_testss_38test_animation_sample_rotation_channel
FN:157,_RNvNtNtCs5u7LM5pVa0o_17astraweave_render21animation_extra_tests21animation_extra_testss_38test_animation_state_update_speed_zero
FN:562,_RNvNtNtCs5u7LM5pVa0o_17astraweave_render21animation_extra_tests21animation_extra_testss_38test_joint_palette_from_matrices_empty
FN:73,_RNvNtNtCs5u7LM5pVa0o_17astraweave_render21animation_extra_tests21animation_extra_testss_38test_transform_to_matrix_with_rotation
FN:110,_RNvNtNtCs5u7LM5pVa0o_17astraweave_render21animation_extra_tests21animation_extra_testss_39test_animation_state_update_not_playing
FN:531,_RNvNtNtCs5u7LM5pVa0o_17astraweave_render21animation_extra_tests21animation_extra_testss_39test_cpu_skinning_normal_transformation
FN:267,_RNvNtNtCs5u7LM5pVa0o_17astraweave_render21animation_extra_tests21animation_extra_testss_40test_animation_sample_step_interpolation
FN:237,_RNvNtNtCs5u7LM5pVa0o_17astraweave_render21animation_extra_tests21animation_extra_testss_41test_animation_sample_invalid_joint_index
FN:142,_RNvNtNtCs5u7LM5pVa0o_17astraweave_render21animation_extra_tests21animation_extra_testss_42test_animation_state_update_multiple_wraps
FN:403,_RNvNtNtCs5u7LM5pVa0o_17astraweave_render21animation_extra_tests21animation_extra_testss_42test_compute_joint_matrices_deep_hierarchy
FN:365,_RNvNtNtCs5u7LM5pVa0o_17astraweave_render21animation_extra_tests21animation_extra_testss_42test_compute_joint_matrices_multiple_roots
FN:452,_RNvNtNtCs5u7LM5pVa0o_17astraweave_render21animation_extra_tests21animation_extra_testss_45test_compute_joint_matrices_with_inverse_bind
FN:570,_RNvNtNtCs5u7LM5pVa0o_17astraweave_render21animation_extra_tests21animation_extra_testss_45test_joint_palette_from_matrices_max_overflow
FN:126,_RNvNtNtCs5u7LM5pVa0o_17astraweave_render21animation_extra_tests21animation_extra_testss_49test_animation_state_update_negative_time_looping
FN:573,_RNCNvNtNtCs5u7LM5pVa0o_17astraweave_render21animation_extra_tests21animation_extra_testss_45test_joint_palette_from_matrices_max_overflow0B7_
FNDA:1,_RNvNtNtCs5u7LM5pVa0o_17astraweave_render21animation_extra_tests21animation_extra_testss_23test_joint_palette_size
FNDA:1,_RNvNtNtCs5u7LM5pVa0o_17astraweave_render21animation_extra_tests21animation_extra_testss_23test_transform_lerp_one
FNDA:1,_RNvNtNtCs5u7LM5pVa0o_17astraweave_render21animation_extra_tests21animation_extra_testss_24test_transform_lerp_zero
FNDA:1,_RNvNtNtCs5u7LM5pVa0o_17astraweave_render21animation_extra_tests21animation_extra_testss_26test_joint_matrix_gpu_size
FNDA:1,_RNvNtNtCs5u7LM5pVa0o_17astraweave_render21animation_extra_tests21animation_extra_testss_26test_joint_palette_default
FNDA:1,_RNvNtNtCs5u7LM5pVa0o_17astraweave_render21animation_extra_tests21animation_extra_testss_28test_animation_state_restart
FNDA:1,_RNvNtNtCs5u7LM5pVa0o_17astraweave_render21animation_extra_tests21animation_extra_testss_28test_transform_lerp_midpoint
FNDA:1,_RNvNtNtCs5u7LM5pVa0o_17astraweave_render21animation_extra_tests21animation_extra_testss_30test_cpu_skinning_zero_weights
FNDA:1,_RNvNtNtCs5u7LM5pVa0o_17astraweave_render21animation_extra_tests21animation_extra_testss_33test_cpu_skinning_partial_weights
FNDA:1,_RNvNtNtCs5u7LM5pVa0o_17astraweave_render21animation_extra_tests21animation_extra_testss_35test_animation_sample_scale_channel
FNDA:1,_RNvNtNtCs5u7LM5pVa0o_17astraweave_render21animation_extra_tests21animation_extra_testss_35test_transform_to_matrix_with_scale
FNDA:1,_RNvNtNtCs5u7LM5pVa0o_17astraweave_render21animation_extra_tests21animation_extra_testss_36test_animation_sample_empty_channels
FNDA:1,_RNvNtNtCs5u7LM5pVa0o_17astraweave_render21animation_extra_tests21animation_extra_testss_36test_animation_state_play_pause_stop
FNDA:1,_RNvNtNtCs5u7LM5pVa0o_17astraweave_render21animation_extra_tests21animation_extra_testss_36test_joint_palette_matrix_conversion
FNDA:1,_RNvNtNtCs5u7LM5pVa0o_17astraweave_render21animation_extra_tests21animation_extra_testss_37test_cpu_skinning_invalid_joint_index
FNDA:1,_RNvNtNtCs5u7LM5pVa0o_17astraweave_render21animation_extra_tests21animation_extra_testss_38test_animation_sample_rotation_channel
FNDA:1,_RNvNtNtCs5u7LM5pVa0o_17astraweave_render21animation_extra_tests21animation_extra_testss_38test_animation_state_update_speed_zero
FNDA:1,_RNvNtNtCs5u7LM5pVa0o_17astraweave_render21animation_extra_tests21animation_extra_testss_38test_joint_palette_from_matrices_empty
FNDA:1,_RNvNtNtCs5u7LM5pVa0o_17astraweave_render21animation_extra_tests21animation_extra_testss_38test_transform_to_matrix_with_rotation
FNDA:1,_RNvNtNtCs5u7LM5pVa0o_17astraweave_render21animation_extra_tests21animation_extra_testss_39test_animation_state_update_not_playing
FNDA:1,_RNvNtNtCs5u7LM5pVa0o_17astraweave_render21animation_extra_tests21animation_extra_testss_39test_cpu_skinning_normal_transformation
FNDA:1,_RNvNtNtCs5u7LM5pVa0o_17astraweave_render21animation_extra_tests21animation_extra_testss_40test_animation_sample_step_interpolation
FNDA:1,_RNvNtNtCs5u7LM5pVa0o_17astraweave_render21animation_extra_tests21animation_extra_testss_41test_animation_sample_invalid_joint_index
FNDA:1,_RNvNtNtCs5u7LM5pVa0o_17astraweave_render21animation_extra_tests21animation_extra_testss_42test_animation_state_update_multiple_wraps
FNDA:1,_RNvNtNtCs5u7LM5pVa0o_17astraweave_render21animation_extra_tests21animation_extra_testss_42test_compute_joint_matrices_deep_hierarchy
FNDA:1,_RNvNtNtCs5u7LM5pVa0o_17astraweave_render21animation_extra_tests21animation_extra_testss_42test_compute_joint_matrices_multiple_roots
FNDA:1,_RNvNtNtCs5u7LM5pVa0o_17astraweave_render21animation_extra_tests21animation_extra_testss_45test_compute_joint_matrices_with_inverse_bind
FNDA:1,_RNvNtNtCs5u7LM5pVa0o_17astraweave_render21animation_extra_tests21animation_extra_testss_45test_joint_palette_from_matrices_max_overflow
FNDA:1,_RNvNtNtCs5u7LM5pVa0o_17astraweave_render21animation_extra_tests21animation_extra_testss_49test_animation_state_update_negative_time_looping
FNDA:300,_RNCNvNtNtCs5u7LM5pVa0o_17astraweave_render21animation_extra_tests21animation_extra_testss_45test_joint_palette_from_matrices_max_overflow0B7_
FNF:30
FNH:30
DA:14,1
DA:15,1
DA:16,1
DA:17,1
DA:18,1
DA:19,1
DA:20,1
DA:21,1
DA:22,1
DA:23,1
DA:24,1
DA:26,1
DA:27,1
DA:28,1
DA:29,1
DA:30,1
DA:33,1
DA:34,1
DA:35,1
DA:36,1
DA:37,1
DA:38,1
DA:39,1
DA:40,1
DA:41,1
DA:42,1
DA:43,1
DA:45,1
DA:46,1
DA:47,1
DA:50,1
DA:51,1
DA:52,1
DA:55,1
DA:56,1
DA:57,1
DA:58,1
DA:59,1
DA:60,1
DA:61,1
DA:62,1
DA:63,1
DA:64,1
DA:65,1
DA:67,1
DA:68,1
DA:69,1
DA:70,1
DA:73,1
DA:74,1
DA:75,1
DA:76,1
DA:77,1
DA:78,1
DA:79,1
DA:81,1
DA:84,1
DA:85,1
DA:86,1
DA:87,1
DA:88,1
DA:91,1
DA:92,1
DA:93,1
DA:94,1
DA:95,1
DA:96,1
DA:98,1
DA:99,1
DA:100,1
DA:102,1
DA:103,1
DA:110,1
DA:111,1
DA:112,1
DA:113,1
DA:114,1
DA:115,1
DA:116,1
DA:117,1
DA:119,1
DA:122,1
DA:123,1
DA:126,1
DA:127,1
DA:128,1
DA:129,1
DA:130,1
DA:131,1
DA:132,1
DA:133,1
DA:135,1
DA:138,1
DA:139,1
DA:142,1
DA:143,1
DA:144,1
DA:145,1
DA:146,1
DA:147,1
DA:148,1
DA:149,1
DA:151,1
DA:153,1
DA:154,1
DA:157,1
DA:158,1
DA:159,1
DA:160,1
DA:161,1
DA:162,1
DA:163,1
DA:164,1
DA:166,1
DA:169,1
DA:170,1
DA:173,1
DA:174,1
DA:176,1
DA:178,1
DA:179,1
DA:181,1
DA:182,1
DA:184,1
DA:185,1
DA:186,1
DA:187,1
DA:188,1
DA:191,1
DA:192,1
DA:193,1
DA:194,1
DA:195,1
DA:196,1
DA:198,1
DA:200,1
DA:201,1
DA:202,1
DA:210,1
DA:211,1
DA:212,1
DA:213,1
DA:214,1
DA:215,1
DA:216,1
DA:217,1
DA:218,1
DA:219,1
DA:221,1
DA:222,1
DA:223,1
DA:224,1
DA:225,1
DA:227,1
DA:230,1
DA:231,1
DA:232,1
DA:233,1
DA:234,1
DA:237,1
DA:238,1
DA:239,1
DA:240,1
DA:241,1
DA:242,1
DA:243,1
DA:244,1
DA:245,1
DA:246,1
DA:248,1
DA:249,1
DA:250,1
DA:251,1
DA:252,1
DA:253,1
DA:254,1
DA:255,1
DA:256,1
DA:257,1
DA:259,1
DA:262,1
DA:263,1
DA:264,1
DA:267,1
DA:268,1
DA:269,1
DA:270,1
DA:271,1
DA:272,1
DA:273,1
DA:274,1
DA:275,1
DA:276,1
DA:278,1
DA:279,1
DA:280,1
DA:281,1
DA:282,1
DA:283,1
DA:284,1
DA:285,1
DA:286,1
DA:287,1
DA:288,1
DA:289,1
DA:290,1
DA:293,1
DA:294,1
DA:295,1
DA:298,1
DA:299,1
DA:300,1
DA:301,1
DA:302,1
DA:303,1
DA:304,1
DA:305,1
DA:306,1
DA:307,1
DA:309,1
DA:310,1
DA:312,1
DA:313,1
DA:314,1
DA:315,1
DA:316,1
DA:317,1
DA:318,1
DA:319,1
DA:320,1
DA:321,1
DA:323,1
DA:327,1
DA:328,1
DA:329,1
DA:332,1
DA:333,1
DA:334,1
DA:335,1
DA:336,1
DA:337,1
DA:338,1
DA:339,1
DA:340,1
DA:341,1
DA:343,1
DA:344,1
DA:345,1
DA:346,1
DA:347,1
DA:348,1
DA:349,1
DA:350,1
DA:351,1
DA:352,1
DA:354,1
DA:357,1
DA:358,1
DA:365,1
DA:366,1
DA:367,1
DA:368,1
DA:369,1
DA:370,1
DA:371,1
DA:372,1
DA:373,1
DA:374,1
DA:375,1
DA:376,1
DA:377,1
DA:378,1
DA:379,1
DA:380,1
DA:381,1
DA:382,1
DA:384,1
DA:385,1
DA:386,1
DA:387,1
DA:388,1
DA:389,1
DA:390,1
DA:391,1
DA:392,1
DA:395,1
DA:397,1
DA:398,1
DA:399,1
DA:400,1
DA:403,1
DA:404,1
DA:405,1
DA:406,1
DA:407,1
DA:408,1
DA:409,1
DA:410,1
DA:411,1
DA:412,1
DA:413,1
DA:414,1
DA:415,1
DA:416,1
DA:417,1
DA:418,1
DA:419,1
DA:420,1
DA:421,1
DA:422,1
DA:423,1
DA:424,1
DA:425,1
DA:426,1
DA:428,1
DA:429,1
DA:430,1
DA:431,1
DA:432,1
DA:433,1
DA:434,1
DA:435,1
DA:436,1
DA:437,1
DA:438,1
DA:439,1
DA:440,1
DA:443,1
DA:446,1
DA:447,1
DA:448,1
DA:449,1
DA:452,1
DA:453,1
DA:454,1
DA:455,1
DA:456,1
DA:457,1
DA:458,1
DA:459,1
DA:460,1
DA:461,1
DA:463,1
DA:464,1
DA:465,1
DA:466,1
DA:468,1
DA:472,1
DA:473,1
DA:480,1
DA:481,1
DA:482,1
DA:483,1
DA:484,1
DA:486,1
DA:488,1
DA:489,1
DA:492,1
DA:493,1
DA:494,1
DA:497,1
DA:498,1
DA:499,1
DA:500,1
DA:501,1
DA:503,1
DA:505,1
DA:506,1
DA:509,1
DA:510,1
DA:511,1
DA:514,1
DA:515,1
DA:516,1
DA:517,1
DA:518,1
DA:520,1
DA:521,1
DA:522,1
DA:524,1
DA:527,1
DA:528,1
DA:531,1
DA:532,1
DA:533,1
DA:534,1
DA:535,1
DA:538,1
DA:539,1
DA:540,1
DA:542,1
DA:545,1
DA:546,1
DA:547,1
DA:554,1
DA:555,1
DA:557,1
DA:558,1
DA:559,1
DA:562,1
DA:563,1
DA:564,1
DA:566,1
DA:567,1
DA:570,1
DA:572,1
DA:573,300
DA:574,1
DA:576,1
DA:579,1
DA:580,1
DA:583,1
DA:584,1
DA:585,1
DA:587,1
DA:590,1
DA:591,1
DA:592,1
DA:593,1
DA:596,1
DA:598,1
DA:599,1
DA:602,1
DA:604,1
DA:605,1
BRF:0
BRH:0
LF:426
LH:426
end_of_record
SF:C:\Users\pv2br\source\repos\AstraWeave-AI-Native-Gaming-Engine\astraweave-render\src\camera.rs
FN:367,_RNvNtNtCs5u7LM5pVa0o_17astraweave_render6camera5testss_23test_camera_mode_toggle
FN:393,_RNvNtNtCs5u7LM5pVa0o_17astraweave_render6camera5testss_24test_orbit_mode_behavior
FN:421,_RNvNtNtCs5u7LM5pVa0o_17astraweave_render6camera5testss_27test_mouse_delta_processing
FN:343,_RNvNtNtCs5u7LM5pVa0o_17astraweave_render6camera5testss_30test_camera_zoom_functionality
FN:289,_RNvNtNtCs5u7LM5pVa0o_17astraweave_render6camera5testss_31test_camera_basic_functionality
FN:314,_RNvNtNtCs5u7LM5pVa0o_17astraweave_render6camera5testss_31test_camera_controller_movement
FN:179,_RNvMs_NtCs5u7LM5pVa0o_17astraweave_render6cameraNtB4_16CameraController11begin_frame
FN:104,_RNvMs_NtCs5u7LM5pVa0o_17astraweave_render6cameraNtB4_16CameraController11is_dragging
FN:213,_RNvMs_NtCs5u7LM5pVa0o_17astraweave_render6cameraNtB4_16CameraController16set_orbit_target
FN:139,_RNvMs_NtCs5u7LM5pVa0o_17astraweave_render6cameraNtB4_16CameraController18process_mouse_move
FN:19,_RNvMNtCs5u7LM5pVa0o_17astraweave_render6cameraNtB2_6Camera11proj_matrix
FN:14,_RNvMNtCs5u7LM5pVa0o_17astraweave_render6cameraNtB2_6Camera11view_matrix
FN:23,_RNvMNtCs5u7LM5pVa0o_17astraweave_render6cameraNtB2_6Camera2vp
FN:27,_RNvMNtCs5u7LM5pVa0o_17astraweave_render6cameraNtB2_6Camera3dir
FN:198,_RNvMs_NtCs5u7LM5pVa0o_17astraweave_render6cameraNtB4_16CameraController11toggle_mode
FN:225,_RNvMs_NtCs5u7LM5pVa0o_17astraweave_render6cameraNtB4_16CameraController13update_camera
FN:183,_RNvMs_NtCs5u7LM5pVa0o_17astraweave_render6cameraNtB4_16CameraController14process_scroll
FN:108,_RNvMs_NtCs5u7LM5pVa0o_17astraweave_render6cameraNtB4_16CameraController16process_keyboard
FN:160,_RNvMs_NtCs5u7LM5pVa0o_17astraweave_render6cameraNtB4_16CameraController19process_mouse_delta
FN:130,_RNvMs_NtCs5u7LM5pVa0o_17astraweave_render6cameraNtB4_16CameraController20process_mouse_button
FN:220,_RNvMs_NtCs5u7LM5pVa0o_17astraweave_render6cameraNtB4_16CameraController21update_orbit_position
FN:74,_RNvMs_NtCs5u7LM5pVa0o_17astraweave_render6cameraNtB4_16CameraController3new
FNDA:1,_RNvNtNtCs5u7LM5pVa0o_17astraweave_render6camera5testss_23test_camera_mode_toggle
FNDA:1,_RNvNtNtCs5u7LM5pVa0o_17astraweave_render6camera5testss_24test_orbit_mode_behavior
FNDA:1,_RNvNtNtCs5u7LM5pVa0o_17astraweave_render6camera5testss_27test_mouse_delta_processing
FNDA:1,_RNvNtNtCs5u7LM5pVa0o_17astraweave_render6camera5testss_30test_camera_zoom_functionality
FNDA:1,_RNvNtNtCs5u7LM5pVa0o_17astraweave_render6camera5testss_31test_camera_basic_functionality
FNDA:1,_RNvNtNtCs5u7LM5pVa0o_17astraweave_render6camera5testss_31test_camera_controller_movement
FNDA:0,_RNvMs_NtCs5u7LM5pVa0o_17astraweave_render6cameraNtB4_16CameraController11begin_frame
FNDA:0,_RNvMs_NtCs5u7LM5pVa0o_17astraweave_render6cameraNtB4_16CameraController11is_dragging
FNDA:0,_RNvMs_NtCs5u7LM5pVa0o_17astraweave_render6cameraNtB4_16CameraController16set_orbit_target
FNDA:0,_RNvMs_NtCs5u7LM5pVa0o_17astraweave_render6cameraNtB4_16CameraController18process_mouse_move
FNDA:3,_RNvMNtCs5u7LM5pVa0o_17astraweave_render6cameraNtB2_6Camera11proj_matrix
FNDA:3,_RNvMNtCs5u7LM5pVa0o_17astraweave_render6cameraNtB2_6Camera11view_matrix
FNDA:2,_RNvMNtCs5u7LM5pVa0o_17astraweave_render6cameraNtB2_6Camera2vp
FNDA:15,_RNvMNtCs5u7LM5pVa0o_17astraweave_render6cameraNtB2_6Camera3dir
FNDA:4,_RNvMs_NtCs5u7LM5pVa0o_17astraweave_render6cameraNtB4_16CameraController11toggle_mode
FNDA:5,_RNvMs_NtCs5u7LM5pVa0o_17astraweave_render6cameraNtB4_16CameraController13update_camera
FNDA:3,_RNvMs_NtCs5u7LM5pVa0o_17astraweave_render6cameraNtB4_16CameraController14process_scroll
FNDA:4,_RNvMs_NtCs5u7LM5pVa0o_17astraweave_render6cameraNtB4_16CameraController16process_keyboard
FNDA:3,_RNvMs_NtCs5u7LM5pVa0o_17astraweave_render6cameraNtB4_16CameraController19process_mouse_delta
FNDA:1,_RNvMs_NtCs5u7LM5pVa0o_17astraweave_render6cameraNtB4_16CameraController20process_mouse_button
FNDA:3,_RNvMs_NtCs5u7LM5pVa0o_17astraweave_render6cameraNtB4_16CameraController21update_orbit_position
FNDA:5,_RNvMs_NtCs5u7LM5pVa0o_17astraweave_render6cameraNtB4_16CameraController3new
FNF:22
FNH:18
DA:14,3
DA:15,3
DA:16,3
DA:17,3
DA:19,3
DA:20,3
DA:21,3
DA:23,2
DA:24,2
DA:25,2
DA:27,15
DA:28,15
DA:29,15
DA:30,15
DA:31,15
DA:32,15
DA:33,15
DA:74,5
DA:75,5
DA:76,5
DA:77,5
DA:78,5
DA:79,5
DA:80,5
DA:81,5
DA:82,5
DA:83,5
DA:84,5
DA:85,5
DA:86,5
DA:87,5
DA:88,5
DA:89,5
DA:90,5
DA:91,5
DA:92,5
DA:93,5
DA:94,5
DA:95,5
DA:96,5
DA:97,5
DA:98,5
DA:99,5
DA:100,5
DA:101,5
DA:104,0
DA:105,0
DA:106,0
DA:108,4
DA:109,4
DA:110,4
DA:111,4
DA:112,0
DA:113,0
DA:114,0
DA:116,0
DA:118,0
DA:120,0
DA:121,0
DA:122,0
DA:123,0
DA:124,0
DA:125,0
DA:126,0
DA:128,4
DA:130,1
DA:131,1
DA:132,1
DA:133,1
DA:134,0
DA:135,1
DA:136,0
DA:137,1
DA:139,0
DA:140,0
DA:142,0
DA:143,0
DA:144,0
DA:145,0
DA:146,0
DA:148,0
DA:149,0
DA:150,0
DA:151,0
DA:152,0
DA:153,0
DA:154,0
DA:155,0
DA:156,0
DA:157,0
DA:158,0
DA:160,3
DA:161,3
DA:163,2
DA:164,0
DA:165,2
DA:166,2
DA:167,2
DA:168,0
DA:169,0
DA:170,0
DA:171,2
DA:172,2
DA:173,2
DA:174,2
DA:175,1
DA:176,3
DA:179,0
DA:180,0
DA:181,0
DA:183,3
DA:184,3
DA:185,2
DA:186,2
DA:187,2
DA:188,2
DA:189,2
DA:190,1
DA:191,1
DA:192,1
DA:193,1
DA:194,1
DA:196,3
DA:198,4
DA:199,4
DA:200,3
DA:201,3
DA:202,3
DA:203,3
DA:204,3
DA:205,3
DA:206,1
DA:207,1
DA:208,1
DA:209,1
DA:211,4
DA:213,0
DA:214,0
DA:215,0
DA:216,0
DA:217,0
DA:218,0
DA:220,3
DA:221,3
DA:222,3
DA:223,3
DA:225,5
DA:227,5
DA:228,3
DA:229,3
DA:230,3
DA:231,3
DA:234,5
DA:235,5
DA:236,5
DA:239,5
DA:240,5
DA:241,0
DA:242,5
DA:243,5
DA:244,0
DA:245,5
DA:247,5
DA:249,3
DA:250,3
DA:251,3
DA:253,3
DA:254,3
DA:255,3
DA:256,3
DA:257,3
DA:258,1
DA:259,2
DA:263,2
DA:264,2
DA:265,2
DA:266,2
DA:268,2
DA:269,2
DA:270,2
DA:271,2
DA:273,2
DA:274,1
DA:275,1
DA:278,2
DA:281,5
DA:289,1
DA:290,1
DA:291,1
DA:292,1
DA:293,1
DA:294,1
DA:295,1
DA:296,1
DA:297,1
DA:298,1
DA:301,1
DA:302,1
DA:305,1
DA:306,1
DA:309,1
DA:310,1
DA:311,1
DA:314,1
DA:315,1
DA:316,1
DA:317,1
DA:318,1
DA:319,1
DA:320,1
DA:321,1
DA:322,1
DA:323,1
DA:324,1
DA:327,1
DA:328,1
DA:330,1
DA:331,1
DA:334,1
DA:335,1
DA:336,1
DA:339,1
DA:340,1
DA:343,1
DA:344,1
DA:345,1
DA:346,1
DA:347,1
DA:348,1
DA:349,1
DA:350,1
DA:351,1
DA:352,1
DA:353,1
DA:355,1
DA:358,1
DA:359,1
DA:362,1
DA:363,1
DA:364,1
DA:367,1
DA:368,1
DA:369,1
DA:370,1
DA:371,1
DA:372,1
DA:373,1
DA:374,1
DA:375,1
DA:376,1
DA:377,1
DA:380,1
DA:383,1
DA:384,1
DA:385,1
DA:388,1
DA:389,1
DA:390,1
DA:393,1
DA:394,1
DA:395,1
DA:396,1
DA:397,1
DA:398,1
DA:399,1
DA:400,1
DA:401,1
DA:402,1
DA:403,1
DA:406,1
DA:409,1
DA:410,1
DA:411,1
DA:414,1
DA:415,1
DA:416,1
DA:417,1
DA:418,1
DA:421,1
DA:422,1
DA:423,1
DA:424,1
DA:425,1
DA:426,1
DA:427,1
DA:428,1
DA:429,1
DA:430,1
DA:431,1
DA:434,1
DA:435,1
DA:436,1
DA:438,1
DA:439,1
DA:440,1
DA:443,1
DA:446,1
DA:447,1
DA:448,1
DA:450,1
DA:452,1
DA:454,1
DA:457,1
DA:458,1
DA:459,1
DA:461,1
DA:463,1
DA:464,1
BRF:0
BRH:0
LF:308
LH:258
end_of_record
SF:C:\Users\pv2br\source\repos\AstraWeave-AI-Native-Gaming-Engine\astraweave-render\src\clustered.rs
FN:23,_RNvNtCs5u7LM5pVa0o_17astraweave_render9clustered13cluster_index
FN:34,_RNvNtCs5u7LM5pVa0o_17astraweave_render9clustered14bin_lights_cpu
FN:19,_RNvNtCs5u7LM5pVa0o_17astraweave_render9clustered9clamp_u32
FN:250,_RNCNvNtNtCs5u7LM5pVa0o_17astraweave_render9clustered5testss_38cpu_binning_produces_consistent_counts0B7_
FN:224,_RNCNvNtNtCs5u7LM5pVa0o_17astraweave_render9clustered5testss_16parse_cluster_cs0B7_
FN:288,_RNCNvNtNtCs5u7LM5pVa0o_17astraweave_render9clustered5testss_25cpu_binning_indices_valid0B7_
FN:221,_RNvNtNtCs5u7LM5pVa0o_17astraweave_render9clustered5testss_16parse_cluster_cs
FN:267,_RNvNtNtCs5u7LM5pVa0o_17astraweave_render9clustered5testss_25cpu_binning_indices_valid
FN:228,_RNvNtNtCs5u7LM5pVa0o_17astraweave_render9clustered5testss_38cpu_binning_produces_consistent_counts
FNDA:758,_RNvNtCs5u7LM5pVa0o_17astraweave_render9clustered13cluster_index
FNDA:2,_RNvNtCs5u7LM5pVa0o_17astraweave_render9clustered14bin_lights_cpu
FNDA:528,_RNvNtCs5u7LM5pVa0o_17astraweave_render9clustered9clamp_u32
FNDA:256,_RNCNvNtNtCs5u7LM5pVa0o_17astraweave_render9clustered5testss_38cpu_binning_produces_consistent_counts0B7_
FNDA:1,_RNCNvNtNtCs5u7LM5pVa0o_17astraweave_render9clustered5testss_16parse_cluster_cs0B7_
FNDA:64,_RNCNvNtNtCs5u7LM5pVa0o_17astraweave_render9clustered5testss_25cpu_binning_indices_valid0B7_
FNDA:1,_RNvNtNtCs5u7LM5pVa0o_17astraweave_render9clustered5testss_16parse_cluster_cs
FNDA:1,_RNvNtNtCs5u7LM5pVa0o_17astraweave_render9clustered5testss_25cpu_binning_indices_valid
FNDA:1,_RNvNtNtCs5u7LM5pVa0o_17astraweave_render9clustered5testss_38cpu_binning_produces_consistent_counts
FNF:9
FNH:9
DA:19,528
DA:20,528
DA:21,528
DA:23,758
DA:24,758
DA:25,758
DA:34,2
DA:35,2
DA:36,2
DA:37,2
DA:38,2
DA:39,2
DA:40,2
DA:41,2
DA:42,2
DA:43,2
DA:44,2
DA:45,2
DA:46,2
DA:47,2
DA:49,2
DA:50,2
DA:53,66
DA:54,66
DA:55,66
DA:56,0
DA:57,66
DA:59,66
DA:60,66
DA:62,66
DA:63,66
DA:65,66
DA:66,66
DA:67,66
DA:68,66
DA:69,66
DA:70,66
DA:71,66
DA:72,66
DA:73,66
DA:74,66
DA:76,66
DA:77,66
DA:78,66
DA:79,0
DA:80,66
DA:81,66
DA:82,66
DA:83,66
DA:84,66
DA:85,66
DA:86,66
DA:87,82
DA:88,135
DA:89,251
DA:90,251
DA:91,251
DA:92,251
DA:98,2
DA:99,320
DA:100,320
DA:101,320
DA:104,2
DA:105,2
DA:106,2
DA:107,66
DA:108,66
DA:109,66
DA:110,0
DA:111,66
DA:112,66
DA:113,66
DA:114,66
DA:115,66
DA:116,66
DA:117,66
DA:118,66
DA:119,66
DA:120,66
DA:121,66
DA:122,66
DA:123,66
DA:124,66
DA:125,66
DA:126,66
DA:127,66
DA:128,66
DA:129,0
DA:130,66
DA:131,66
DA:132,66
DA:133,66
DA:134,66
DA:135,66
DA:136,66
DA:137,82
DA:138,135
DA:139,251
DA:140,251
DA:141,251
DA:142,251
DA:143,251
DA:144,251
DA:149,2
DA:150,2
DA:221,1
DA:222,1
DA:223,1
DA:224,1
DA:225,1
DA:228,1
DA:229,1
DA:230,1
DA:231,1
DA:232,1
DA:233,1
DA:234,1
DA:235,1
DA:236,65
DA:237,64
DA:238,64
DA:239,64
DA:240,64
DA:241,64
DA:242,64
DA:243,64
DA:244,64
DA:245,64
DA:246,1
DA:248,1
DA:249,1
DA:250,256
DA:251,1
DA:254,1
DA:255,8
DA:256,32
DA:257,256
DA:258,256
DA:259,256
DA:260,256
DA:263,1
DA:264,1
DA:267,1
DA:268,1
DA:269,1
DA:270,1
DA:271,1
DA:272,1
DA:273,1
DA:274,1
DA:275,1
DA:276,1
DA:277,1
DA:279,1
DA:280,1
DA:281,1
DA:282,1
DA:283,1
DA:284,1
DA:285,1
DA:286,1
DA:288,64
DA:289,1
DA:291,11
DA:292,10
DA:295,64
DA:296,64
DA:298,1
BRF:0
BRH:0
LF:171
LH:167
end_of_record
SF:C:\Users\pv2br\source\repos\AstraWeave-AI-Native-Gaming-Engine\astraweave-render\src\clustered_forward.rs
FN:449,_RNvNtNtCs5u7LM5pVa0o_17astraweave_render17clustered_forward5testss_23test_gpu_light_creation
FN:441,_RNvNtNtCs5u7LM5pVa0o_17astraweave_render17clustered_forward5testss_27test_cluster_config_default
FN:48,_RNvMs_NtCs5u7LM5pVa0o_17astraweave_render17clustered_forwardNtB4_8GpuLight3new
FN:25,_RNvXNtCs5u7LM5pVa0o_17astraweave_render17clustered_forwardNtB2_13ClusterConfigNtNtCsixiwFwjEgS7_4core7default7Default7default
FN:329,_RNvMs0_NtCs5u7LM5pVa0o_17astraweave_render17clustered_forwardNtB5_24ClusteredForwardRenderer10bind_group
FN:339,_RNvMs0_NtCs5u7LM5pVa0o_17astraweave_render17clustered_forwardNtB5_24ClusteredForwardRenderer11light_count
FN:288,_RNvMs0_NtCs5u7LM5pVa0o_17astraweave_render17clustered_forwardNtB5_24ClusteredForwardRenderer13cluster_index
FN:207,_RNvMs0_NtCs5u7LM5pVa0o_17astraweave_render17clustered_forwardNtB5_24ClusteredForwardRenderer13update_lights
FN:212,_RNvMs0_NtCs5u7LM5pVa0o_17astraweave_render17clustered_forwardNtB5_24ClusteredForwardRenderer14build_clusters
FN:324,_RNvMs0_NtCs5u7LM5pVa0o_17astraweave_render17clustered_forwardNtB5_24ClusteredForwardRenderer17bind_group_layout
FN:293,_RNvMs0_NtCs5u7LM5pVa0o_17astraweave_render17clustered_forwardNtB5_24ClusteredForwardRenderer24light_intersects_cluster
FN:97,_RNvMs0_NtCs5u7LM5pVa0o_17astraweave_render17clustered_forwardNtB5_24ClusteredForwardRenderer3new
FN:334,_RNvMs0_NtCs5u7LM5pVa0o_17astraweave_render17clustered_forwardNtB5_24ClusteredForwardRenderer6config
FNDA:1,_RNvNtNtCs5u7LM5pVa0o_17astraweave_render17clustered_forward5testss_23test_gpu_light_creation
FNDA:1,_RNvNtNtCs5u7LM5pVa0o_17astraweave_render17clustered_forward5testss_27test_cluster_config_default
FNDA:3,_RNvMs_NtCs5u7LM5pVa0o_17astraweave_render17clustered_forwardNtB4_8GpuLight3new
FNDA:2,_RNvXNtCs5u7LM5pVa0o_17astraweave_render17clustered_forwardNtB2_13ClusterConfigNtNtCsixiwFwjEgS7_4core7default7Default7default
FNDA:0,_RNvMs0_NtCs5u7LM5pVa0o_17astraweave_render17clustered_forwardNtB5_24ClusteredForwardRenderer10bind_group
FNDA:0,_RNvMs0_NtCs5u7LM5pVa0o_17astraweave_render17clustered_forwardNtB5_24ClusteredForwardRenderer11light_count
FNDA:0,_RNvMs0_NtCs5u7LM5pVa0o_17astraweave_render17clustered_forwardNtB5_24ClusteredForwardRenderer13cluster_index
FNDA:0,_RNvMs0_NtCs5u7LM5pVa0o_17astraweave_render17clustered_forwardNtB5_24ClusteredForwardRenderer13update_lights
FNDA:0,_RNvMs0_NtCs5u7LM5pVa0o_17astraweave_render17clustered_forwardNtB5_24ClusteredForwardRenderer14build_clusters
FNDA:0,_RNvMs0_NtCs5u7LM5pVa0o_17astraweave_render17clustered_forwardNtB5_24ClusteredForwardRenderer17bind_group_layout
FNDA:0,_RNvMs0_NtCs5u7LM5pVa0o_17astraweave_render17clustered_forwardNtB5_24ClusteredForwardRenderer24light_intersects_cluster
FNDA:0,_RNvMs0_NtCs5u7LM5pVa0o_17astraweave_render17clustered_forwardNtB5_24ClusteredForwardRenderer3new
FNDA:0,_RNvMs0_NtCs5u7LM5pVa0o_17astraweave_render17clustered_forwardNtB5_24ClusteredForwardRenderer6config
FNF:13
FNH:4
DA:25,2
DA:26,2
DA:27,2
DA:28,2
DA:29,2
DA:30,2
DA:31,2
DA:32,2
DA:33,2
DA:48,3
DA:49,3
DA:50,3
DA:51,3
DA:52,3
DA:53,3
DA:97,0
DA:98,0
DA:99,0
DA:100,0
DA:103,0
DA:104,0
DA:105,0
DA:106,0
DA:107,0
DA:108,0
DA:110,0
DA:111,0
DA:112,0
DA:113,0
DA:114,0
DA:115,0
DA:117,0
DA:118,0
DA:119,0
DA:120,0
DA:121,0
DA:122,0
DA:125,0
DA:126,0
DA:127,0
DA:128,0
DA:129,0
DA:130,0
DA:131,0
DA:132,0
DA:133,0
DA:134,0
DA:135,0
DA:136,0
DA:137,0
DA:138,0
DA:139,0
DA:140,0
DA:141,0
DA:142,0
DA:143,0
DA:144,0
DA:145,0
DA:146,0
DA:147,0
DA:148,0
DA:149,0
DA:150,0
DA:151,0
DA:152,0
DA:153,0
DA:154,0
DA:155,0
DA:156,0
DA:157,0
DA:158,0
DA:159,0
DA:160,0
DA:163,0
DA:164,0
DA:165,0
DA:166,0
DA:167,0
DA:168,0
DA:169,0
DA:170,0
DA:171,0
DA:172,0
DA:173,0
DA:174,0
DA:175,0
DA:176,0
DA:177,0
DA:178,0
DA:179,0
DA:180,0
DA:182,0
DA:183,0
DA:184,0
DA:185,0
DA:186,0
DA:187,0
DA:188,0
DA:189,0
DA:190,0
DA:191,0
DA:192,0
DA:193,0
DA:194,0
DA:195,0
DA:196,0
DA:197,0
DA:198,0
DA:199,0
DA:200,0
DA:201,0
DA:202,0
DA:203,0
DA:204,0
DA:207,0
DA:208,0
DA:209,0
DA:212,0
DA:213,0
DA:214,0
DA:215,0
DA:216,0
DA:217,0
DA:218,0
DA:220,0
DA:222,0
DA:223,0
DA:224,0
DA:227,0
DA:228,0
DA:229,0
DA:230,0
DA:233,0
DA:234,0
DA:235,0
DA:236,0
DA:239,0
DA:240,0
DA:241,0
DA:242,0
DA:243,0
DA:245,0
DA:246,0
DA:247,0
DA:248,0
DA:251,0
DA:252,0
DA:253,0
DA:254,0
DA:255,0
DA:257,0
DA:258,0
DA:259,0
DA:260,0
DA:261,0
DA:262,0
DA:263,0
DA:270,0
DA:271,0
DA:272,0
DA:273,0
DA:274,0
DA:276,0
DA:278,0
DA:279,0
DA:280,0
DA:281,0
DA:282,0
DA:283,0
DA:284,0
DA:285,0
DA:288,0
DA:289,0
DA:290,0
DA:293,0
DA:294,0
DA:295,0
DA:296,0
DA:297,0
DA:298,0
DA:300,0
DA:301,0
DA:302,0
DA:303,0
DA:304,0
DA:307,0
DA:308,0
DA:309,0
DA:310,0
DA:311,0
DA:312,0
DA:313,0
DA:314,0
DA:315,0
DA:316,0
DA:319,0
DA:320,0
DA:321,0
DA:324,0
DA:325,0
DA:326,0
DA:329,0
DA:330,0
DA:331,0
DA:334,0
DA:335,0
DA:336,0
DA:339,0
DA:340,0
DA:341,0
DA:441,1
DA:442,1
DA:443,1
DA:444,1
DA:445,1
DA:446,1
DA:449,1
DA:450,1
DA:451,1
DA:453,1
DA:457,1
DA:458,1
DA:459,1
DA:460,1
BRF:0
BRH:0
LF:224
LH:29
end_of_record
SF:C:\Users\pv2br\source\repos\AstraWeave-AI-Native-Gaming-Engine\astraweave-render\src\culling.rs
FN:236,_RNCNvNtCs5u7LM5pVa0o_17astraweave_render7culling16cpu_frustum_cull0B5_
FN:36,_RNvMNtCs5u7LM5pVa0o_17astraweave_render7cullingNtB2_12InstanceAABB14from_transform
FN:26,_RNvMNtCs5u7LM5pVa0o_17astraweave_render7cullingNtB2_12InstanceAABB3new
FN:95,_RNvMs_NtCs5u7LM5pVa0o_17astraweave_render7cullingNtB4_13FrustumPlanes14from_view_proj
FN:111,_RNvMs_NtCs5u7LM5pVa0o_17astraweave_render7cullingNtB4_13FrustumPlanes15normalize_plane
FN:127,_RNvMs_NtCs5u7LM5pVa0o_17astraweave_render7cullingNtB4_13FrustumPlanes9test_aabb
FN:233,_RNvNtCs5u7LM5pVa0o_17astraweave_render7culling16cpu_frustum_cull
FN:263,_RINvNtCs5u7LM5pVa0o_17astraweave_render7culling23batch_visible_instancesppEB4_
FN:277,_RNCINvNtCs5u7LM5pVa0o_17astraweave_render7culling23batch_visible_instancesppE0B6_
FN:250,_RNCNvNtCs5u7LM5pVa0o_17astraweave_render7culling27build_indirect_commands_cpu0B5_
FN:161,_RNvMs0_NtCs5u7LM5pVa0o_17astraweave_render7cullingNtB5_19DrawIndirectCommand3new
FN:195,_RNvMs2_NtCs5u7LM5pVa0o_17astraweave_render7cullingNtB5_7BatchId3new
FN:222,_RNvMs3_NtCs5u7LM5pVa0o_17astraweave_render7cullingNtB5_9DrawBatch12add_instance
FN:226,_RNvMs3_NtCs5u7LM5pVa0o_17astraweave_render7cullingNtB5_9DrawBatch14instance_count
FN:213,_RNvMs3_NtCs5u7LM5pVa0o_17astraweave_render7cullingNtB5_9DrawBatch3new
FN:462,_RNvMs4_NtCs5u7LM5pVa0o_17astraweave_render7cullingNtB5_15CullingPipeline17bind_group_layout
[...]
DA:260,0
DA:261,0
DA:262,0
DA:264,0
DA:265,0
DA:266,0
DA:268,0
DA:269,0
DA:270,0
DA:271,0
DA:272,0
DA:273,0
DA:277,0
DA:278,0
DA:280,0
DA:284,0
DA:285,0
DA:287,0
DA:290,0
DA:291,0
DA:292,0
DA:293,0
DA:294,0
DA:295,0
DA:296,0
DA:297,0
DA:300,0
DA:301,0
DA:302,0
DA:303,0
DA:304,0
DA:305,0
DA:306,0
DA:307,0
DA:308,0
DA:309,0
DA:312,0
DA:313,0
DA:314,0
DA:317,0
DA:318,0
DA:320,0
DA:321,0
DA:322,0
DA:323,0
DA:324,0
DA:325,0
DA:326,0
DA:329,0
DA:330,0
DA:344,0
DA:345,0
DA:346,0
DA:347,0
DA:348,0
DA:349,0
DA:350,0
DA:351,0
DA:354,0
DA:355,0
DA:356,0
DA:359,0
DA:360,0
DA:361,0
BRF:0
BRH:0
LF:221
LH:0
end_of_record
SF:C:\Users\pv2br\source\repos\AstraWeave-AI-Native-Gaming-Engine\astraweave-terrain\src\streaming_diagnostics.rs
FN:308,_RNCNvMs0_NtCsjCPvc56uTHK_18astraweave_terrain21streaming_diagnosticsNtB7_20StreamingDiagnostics15generate_report0B9_
FN:318,_RNCNvMs0_NtCsjCPvc56uTHK_18astraweave_terrain21streaming_diagnosticsNtB7_20StreamingDiagnostics15generate_reports0_0B9_
FN:313,_RNCNvMs0_NtCsjCPvc56uTHK_18astraweave_terrain21streaming_diagnosticsNtB7_20StreamingDiagnostics15generate_reports_0B9_
FNDA:0,_RNCNvMs0_NtCsjCPvc56uTHK_18astraweave_terrain21streaming_diagnosticsNtB7_20StreamingDiagnostics15generate_report0B9_
FNDA:0,_RNCNvMs0_NtCsjCPvc56uTHK_18astraweave_terrain21streaming_diagnosticsNtB7_20StreamingDiagnostics15generate_reports0_0B9_
FNDA:0,_RNCNvMs0_NtCsjCPvc56uTHK_18astraweave_terrain21streaming_diagnosticsNtB7_20StreamingDiagnostics15generate_reports_0B9_
FNF:3
FNH:0
DA:308,0
DA:313,0
DA:318,0
BRF:0
BRH:0
LF:3
LH:0
end_of_record
SF:C:\Users\pv2br\source\repos\AstraWeave-AI-Native-Gaming-Engine\astraweave-terrain\src\structures.rs
FN:328,_RNCNvMs1_NtCsjCPvc56uTHK_18astraweave_terrain10structuresNtB7_18StructureGenerator19generate_structures0B9_
FN:340,_RNCNvMs1_NtCsjCPvc56uTHK_18astraweave_terrain10structuresNtB7_18StructureGenerator19generate_structuress_0B9_
FN:194,_RNvMNtCsjCPvc56uTHK_18astraweave_terrain10structuresNtB2_13StructureType11min_spacing
FN:122,_RNvMNtCsjCPvc56uTHK_18astraweave_terrain10structuresNtB2_13StructureType12typical_size
FN:170,_RNvMNtCsjCPvc56uTHK_18astraweave_terrain10structuresNtB2_13StructureType18can_place_on_slope
FN:148,_RNvMNtCsjCPvc56uTHK_18astraweave_terrain10structuresNtB2_13StructureType6rarity
FN:54,_RNvMNtCsjCPvc56uTHK_18astraweave_terrain10structuresNtB2_13StructureType9for_biome
FN:291,_RNvMs0_NtCsjCPvc56uTHK_18astraweave_terrain10structuresNtB5_15StructureResult11total_count
FN:282,_RNvMs0_NtCsjCPvc56uTHK_18astraweave_terrain10structuresNtB5_15StructureResult13add_structure
FN:277,_RNvMs0_NtCsjCPvc56uTHK_18astraweave_terrain10structuresNtB5_15StructureResult3new
FN:509,_RNvMs1_NtCsjCPvc56uTHK_18astraweave_terrain10structuresNtB5_18StructureGenerator13check_spacing
FN:539,_RNvMs1_NtCsjCPvc56uTHK_18astraweave_terrain10structuresNtB5_18StructureGenerator14get_model_path
FN:311,_RNvMs1_NtCsjCPvc56uTHK_18astraweave_terrain10structuresNtB5_18StructureGenerator19generate_structures
FN:573,_RNvMs1_NtCsjCPvc56uTHK_18astraweave_terrain10structuresNtB5_18StructureGenerator19get_texture_variant
FN:371,_RNvMs1_NtCsjCPvc56uTHK_18astraweave_terrain10structuresNtB5_18StructureGenerator19try_place_structure
FN:461,_RNvMs1_NtCsjCPvc56uTHK_18astraweave_terrain10structuresNtB5_18StructureGenerator20is_suitable_location
FN:440,_RNvMs1_NtCsjCPvc56uTHK_18astraweave_terrain10structuresNtB5_18StructureGenerator21choose_structure_type
FN:305,_RNvMs1_NtCsjCPvc56uTHK_18astraweave_terrain10structuresNtB5_18StructureGenerator3new
FN:237,_RNvXs_NtCsjCPvc56uTHK_18astraweave_terrain10structuresNtB4_15StructureConfigNtNtCsixiwFwjEgS7_4core7default7Default7default
FN:446,_RNCNvMs1_NtCsjCPvc56uTHK_18astraweave_terrain10structuresNtB7_18StructureGenerator21choose_structure_type0B9_
FNDA:0,_RNCNvMs1_NtCsjCPvc56uTHK_18astraweave_terrain10structuresNtB7_18StructureGenerator19generate_structures0B9_
FNDA:0,_RNCNvMs1_NtCsjCPvc56uTHK_18astraweave_terrain10structuresNtB7_18StructureGenerator19generate_structuress_0B9_
FNDA:0,_RNvMNtCsjCPvc56uTHK_18astraweave_terrain10structuresNtB2_13StructureType11min_spacing
FNDA:0,_RNvMNtCsjCPvc56uTHK_18astraweave_terrain10structuresNtB2_13StructureType12typical_size
FNDA:0,_RNvMNtCsjCPvc56uTHK_18astraweave_terrain10structuresNtB2_13StructureType18can_place_on_slope
FNDA:0,_RNvMNtCsjCPvc56uTHK_18astraweave_terrain10structuresNtB2_13StructureType6rarity
FNDA:0,_RNvMNtCsjCPvc56uTHK_18astraweave_terrain10structuresNtB2_13StructureType9for_biome
FNDA:0,_RNvMs0_NtCsjCPvc56uTHK_18astraweave_terrain10structuresNtB5_15StructureResult11total_count
FNDA:0,_RNvMs0_NtCsjCPvc56uTHK_18astraweave_terrain10structuresNtB5_15StructureResult13add_structure
FNDA:0,_RNvMs0_NtCsjCPvc56uTHK_18astraweave_terrain10structuresNtB5_15StructureResult3new
FNDA:0,_RNvMs1_NtCsjCPvc56uTHK_18astraweave_terrain10structuresNtB5_18StructureGenerator13check_spacing
FNDA:0,_RNvMs1_NtCsjCPvc56uTHK_18astraweave_terrain10structuresNtB5_18StructureGenerator14get_model_path
FNDA:0,_RNvMs1_NtCsjCPvc56uTHK_18astraweave_terrain10structuresNtB5_18StructureGenerator19generate_structures
FNDA:0,_RNvMs1_NtCsjCPvc56uTHK_18astraweave_terrain10structuresNtB5_18StructureGenerator19get_texture_variant
FNDA:0,_RNvMs1_NtCsjCPvc56uTHK_18astraweave_terrain10structuresNtB5_18StructureGenerator19try_place_structure
FNDA:0,_RNvMs1_NtCsjCPvc56uTHK_18astraweave_terrain10structuresNtB5_18StructureGenerator20is_suitable_location
FNDA:0,_RNvMs1_NtCsjCPvc56uTHK_18astraweave_terrain10structuresNtB5_18StructureGenerator21choose_structure_type
FNDA:4,_RNvMs1_NtCsjCPvc56uTHK_18astraweave_terrain10structuresNtB5_18StructureGenerator3new
FNDA:4,_RNvXs_NtCsjCPvc56uTHK_18astraweave_terrain10structuresNtB4_15StructureConfigNtNtCsixiwFwjEgS7_4core7default7Default7default
FNDA:0,_RNCNvMs1_NtCsjCPvc56uTHK_18astraweave_terrain10structuresNtB7_18StructureGenerator21choose_structure_type0B9_
FNF:20
FNH:2
DA:54,0
DA:57,0
DA:58,0
DA:59,0
DA:60,0
DA:61,0
DA:62,0
DA:63,0
DA:64,0
DA:65,0
DA:66,0
DA:67,0
DA:68,0
DA:69,0
DA:71,0
DA:72,0
DA:73,0
DA:74,0
DA:75,0
DA:76,0
DA:77,0
DA:78,0
DA:79,0
DA:80,0
DA:81,0
DA:83,0
DA:84,0
DA:85,0
DA:86,0
DA:87,0
DA:88,0
DA:89,0
DA:90,0
DA:91,0
DA:93,0
DA:94,0
DA:95,0
DA:96,0
DA:97,0
DA:98,0
DA:99,0
DA:100,0
DA:101,0
DA:102,0
DA:104,0
DA:105,0
DA:106,0
DA:107,0
DA:108,0
DA:109,0
DA:110,0
DA:111,0
DA:113,0
DA:114,0
DA:115,0
DA:116,0
DA:119,0
DA:122,0
DA:125,0
DA:126,0
DA:127,0
DA:128,0
DA:129,0
DA:130,0
DA:131,0
DA:132,0
DA:133,0
DA:134,0
DA:135,0
DA:136,0
DA:137,0
DA:138,0
DA:139,0
DA:140,0
DA:141,0
DA:142,0
DA:143,0
DA:145,0
DA:148,0
DA:151,0
DA:153,0
DA:156,0
DA:159,0
DA:162,0
DA:165,0
DA:167,0
DA:170,0
DA:173,0
DA:175,0
DA:178,0
DA:181,0
DA:184,0
DA:187,0
DA:190,0
DA:191,0
DA:194,0
DA:197,0
DA:199,0
DA:202,0
DA:205,0
DA:208,0
DA:211,0
DA:214,0
DA:216,0
DA:237,4
DA:238,4
DA:239,4
DA:240,4
DA:241,4
DA:242,4
DA:243,4
DA:244,4
DA:245,4
DA:246,4
DA:277,0
DA:278,0
DA:279,0
DA:282,0
DA:283,0
DA:284,0
DA:285,0
DA:286,0
DA:287,0
DA:288,0
DA:291,0
DA:292,0
DA:293,0
DA:305,4
DA:306,4
DA:307,4
DA:308,4
DA:311,0
DA:312,0
DA:313,0
DA:314,0
DA:315,0
DA:316,0
DA:317,0
DA:319,0
DA:320,0
DA:321,0
DA:324,0
DA:327,0
DA:328,0
DA:329,0
DA:330,0
DA:336,0
DA:337,0
DA:339,0
DA:340,0
DA:341,0
DA:342,0
DA:348,0
DA:349,0
DA:351,0
DA:352,0
DA:353,0
DA:356,0
DA:357,0
DA:359,0
DA:360,0
DA:361,0
DA:362,0
DA:363,0
DA:364,0
DA:367,0
DA:368,0
DA:371,0
DA:372,0
DA:373,0
DA:374,0
DA:375,0
DA:376,0
DA:377,0
DA:380,0
DA:382,0
DA:385,0
DA:386,0
DA:387,0
DA:388,0
DA:389,0
DA:390,0
DA:393,0
DA:394,0
DA:395,0
DA:398,0
DA:399,0
DA:401,0
DA:402,0
DA:404,0
DA:405,0
DA:407,0
DA:408,0
DA:411,0
DA:412,0
DA:413,0
DA:416,0
DA:417,0
DA:418,0
DA:421,0
DA:422,0
DA:423,0
DA:424,0
DA:426,0
DA:427,0
DA:428,0
DA:429,0
DA:430,0
DA:431,0
DA:432,0
DA:433,0
DA:436,0
DA:437,0
DA:440,0
DA:441,0
DA:442,0
DA:443,0
DA:446,0
DA:447,0
DA:449,0
DA:450,0
DA:451,0
DA:452,0
DA:453,0
DA:457,0
DA:458,0
DA:461,0
DA:462,0
DA:463,0
DA:464,0
DA:465,0
DA:466,0
DA:467,0
DA:468,0
DA:469,0
DA:472,0
DA:473,0
DA:475,0
DA:476,0
DA:477,0
DA:478,0
DA:479,0
DA:480,0
DA:481,0
DA:482,0
DA:483,0
DA:484,0
DA:485,0
DA:486,0
DA:489,0
DA:490,0
DA:491,0
DA:492,0
DA:493,0
DA:494,0
DA:497,0
DA:498,0
DA:499,0
DA:502,0
DA:505,0
DA:506,0
DA:509,0
DA:510,0
DA:511,0
DA:512,0
DA:513,0
DA:514,0
DA:515,0
DA:517,0
DA:518,0
DA:521,0
DA:522,0
DA:523,0
DA:526,0
DA:527,0
DA:528,0
DA:530,0
DA:531,0
DA:532,0
DA:535,0
DA:536,0
DA:539,0
DA:542,0
DA:543,0
DA:544,0
DA:545,0
DA:546,0
DA:547,0
DA:548,0
DA:549,0
DA:550,0
DA:551,0
DA:552,0
DA:553,0
DA:554,0
DA:555,0
DA:556,0
DA:557,0
DA:558,0
DA:559,0
DA:560,0
DA:561,0
DA:562,0
DA:563,0
DA:564,0
DA:565,0
DA:566,0
DA:569,0
DA:570,0
DA:573,0
DA:577,0
DA:578,0
DA:579,0
DA:580,0
DA:581,0
DA:582,0
DA:583,0
DA:586,0
DA:587,0
DA:589,0
DA:590,0
DA:592,0
BRF:0
BRH:0
LF:325
LH:14
end_of_record
SF:C:\Users\pv2br\source\repos\AstraWeave-AI-Native-Gaming-Engine\astraweave-terrain\src\voxel_data.rs
FN:379,_RNCNvMs3_NtCsjCPvc56uTHK_18astraweave_terrain10voxel_dataNtB7_9VoxelGrid12remove_chunk0B9_
FN:374,_RNCNvMs3_NtCsjCPvc56uTHK_18astraweave_terrain10voxel_dataNtB7_9VoxelGrid16mark_chunk_clean0B9_
FN:390,_RNCNvMs3_NtCsjCPvc56uTHK_18astraweave_terrain10voxel_dataNtB7_9VoxelGrid12memory_usage0B9_
FN:150,_RNCNvMs1_NtCsjCPvc56uTHK_18astraweave_terrain10voxel_dataNtB7_10OctreeNode9get_voxel0B9_
FN:230,_RNCNvMs2_NtCsjCPvc56uTHK_18astraweave_terrain10voxel_dataNtB7_10VoxelChunk9get_voxel0B9_
FN:342,_RNCNvMs3_NtCsjCPvc56uTHK_18astraweave_terrain10voxel_dataNtB7_9VoxelGrid19get_or_create_chunk0B9_
FN:361,_RNCNvMs3_NtCsjCPvc56uTHK_18astraweave_terrain10voxel_dataNtB7_9VoxelGrid9get_voxel0B9_
FN:51,_RNvMNtCsjCPvc56uTHK_18astraweave_terrain10voxel_dataNtB2_10ChunkCoord12to_world_pos
FN:42,_RNvMNtCsjCPvc56uTHK_18astraweave_terrain10voxel_dataNtB2_10ChunkCoord14from_world_pos
FN:37,_RNvMNtCsjCPvc56uTHK_18astraweave_terrain10voxel_dataNtB2_10ChunkCoord3new
FN:60,_RNvMNtCsjCPvc56uTHK_18astraweave_terrain10voxel_dataNtB2_10ChunkCoord9neighbors
FN:92,_RNvMs0_NtCsjCPvc56uTHK_18astraweave_terrain10voxel_dataNtB5_5Voxel3new
FN:102,_RNvMs0_NtCsjCPvc56uTHK_18astraweave_terrain10voxel_dataNtB5_5Voxel8is_empty
FN:97,_RNvMs0_NtCsjCPvc56uTHK_18astraweave_terrain10voxel_dataNtB5_5Voxel8is_solid
FN:128,_RNvMs1_NtCsjCPvc56uTHK_18astraweave_terrain10voxel_dataNtB5_10OctreeNode11child_index
FN:118,_RNvMs1_NtCsjCPvc56uTHK_18astraweave_terrain10voxel_dataNtB5_10OctreeNode4leaf
FN:123,_RNvMs1_NtCsjCPvc56uTHK_18astraweave_terrain10voxel_dataNtB5_10OctreeNode8internal
FN:137,_RNvMs1_NtCsjCPvc56uTHK_18astraweave_terrain10voxel_dataNtB5_10OctreeNode9get_voxel
FN:156,_RNvMs1_NtCsjCPvc56uTHK_18astraweave_terrain10voxel_dataNtB5_10OctreeNode9set_voxel
FN:219,_RNvMs2_NtCsjCPvc56uTHK_18astraweave_terrain10voxel_dataNtB5_10VoxelChunk10mark_clean
FN:288,_RNvMs2_NtCsjCPvc56uTHK_18astraweave_terrain10voxel_dataNtB5_10VoxelChunk12memory_usage
FN:272,_RNvMs2_NtCsjCPvc56uTHK_18astraweave_terrain10voxel_dataNtB5_10VoxelChunk14world_to_local
FN:260,_RNvMs2_NtCsjCPvc56uTHK_18astraweave_terrain10voxel_dataNtB5_10VoxelChunk15get_voxel_world
FN:266,_RNvMs2_NtCsjCPvc56uTHK_18astraweave_terrain10voxel_dataNtB5_10VoxelChunk15set_voxel_world
FN:293,_RNvMs2_NtCsjCPvc56uTHK_18astraweave_terrain10voxel_dataNtB5_10VoxelChunk18estimate_tree_size
FN:250,_RNvMs2_NtCsjCPvc56uTHK_18astraweave_terrain10voxel_dataNtB5_10VoxelChunk18is_valid_local_pos
FN:200,_RNvMs2_NtCsjCPvc56uTHK_18astraweave_terrain10voxel_dataNtB5_10VoxelChunk3new
FN:209,_RNvMs2_NtCsjCPvc56uTHK_18astraweave_terrain10voxel_dataNtB5_10VoxelChunk5coord
FN:214,_RNvMs2_NtCsjCPvc56uTHK_18astraweave_terrain10voxel_dataNtB5_10VoxelChunk8is_dirty
FN:283,_RNvMs2_NtCsjCPvc56uTHK_18astraweave_terrain10voxel_dataNtB5_10VoxelChunk8is_empty
FN:224,_RNvMs2_NtCsjCPvc56uTHK_18astraweave_terrain10voxel_dataNtB5_10VoxelChunk9get_voxel
FN:234,_RNvMs2_NtCsjCPvc56uTHK_18astraweave_terrain10voxel_dataNtB5_10VoxelChunk9set_voxel
FN:384,_RNvMs3_NtCsjCPvc56uTHK_18astraweave_terrain10voxel_dataNtB5_9VoxelGrid11chunk_count
FN:400,_RNvMs3_NtCsjCPvc56uTHK_18astraweave_terrain10voxel_dataNtB5_9VoxelGrid12chunk_coords
FN:365,_RNvMs3_NtCsjCPvc56uTHK_18astraweave_terrain10voxel_dataNtB5_9VoxelGrid12dirty_chunks
FN:389,_RNvMs3_NtCsjCPvc56uTHK_18astraweave_terrain10voxel_dataNtB5_9VoxelGrid12memory_usage
FN:378,_RNvMs3_NtCsjCPvc56uTHK_18astraweave_terrain10voxel_dataNtB5_9VoxelGrid12remove_chunk
FN:334,_RNvMs3_NtCsjCPvc56uTHK_18astraweave_terrain10voxel_dataNtB5_9VoxelGrid13get_chunk_mut
FN:370,_RNvMs3_NtCsjCPvc56uTHK_18astraweave_terrain10voxel_dataNtB5_9VoxelGrid16mark_chunk_clean
FN:339,_RNvMs3_NtCsjCPvc56uTHK_18astraweave_terrain10voxel_dataNtB5_9VoxelGrid19get_or_create_chunk
FN:321,_RNvMs3_NtCsjCPvc56uTHK_18astraweave_terrain10voxel_dataNtB5_9VoxelGrid3new
FN:394,_RNvMs3_NtCsjCPvc56uTHK_18astraweave_terrain10voxel_dataNtB5_9VoxelGrid5clear
FN:329,_RNvMs3_NtCsjCPvc56uTHK_18astraweave_terrain10voxel_dataNtB5_9VoxelGrid9get_chunk
FN:357,_RNvMs3_NtCsjCPvc56uTHK_18astraweave_terrain10voxel_dataNtB5_9VoxelGrid9get_voxel
FN:346,_RNvMs3_NtCsjCPvc56uTHK_18astraweave_terrain10voxel_dataNtB5_9VoxelGrid9set_voxel
FN:294,_RNvNvMs2_NtCsjCPvc56uTHK_18astraweave_terrain10voxel_dataNtB7_10VoxelChunk18estimate_tree_size9node_size
FN:406,_RNvXs4_NtCsjCPvc56uTHK_18astraweave_terrain10voxel_dataNtB5_9VoxelGridNtNtCsixiwFwjEgS7_4core7default7Default7default
FN:82,_RNvXs_NtCsjCPvc56uTHK_18astraweave_terrain10voxel_dataNtB4_5VoxelNtNtCsixiwFwjEgS7_4core7default7Default7default
FNDA:0,_RNCNvMs3_NtCsjCPvc56uTHK_18astraweave_terrain10voxel_dataNtB7_9VoxelGrid12remove_chunk0B9_
FNDA:0,_RNCNvMs3_NtCsjCPvc56uTHK_18astraweave_terrain10voxel_dataNtB7_9VoxelGrid16mark_chunk_clean0B9_
FNDA:0,_RNCNvMs3_NtCsjCPvc56uTHK_18astraweave_terrain10voxel_dataNtB7_9VoxelGrid12memory_usage0B9_
FNDA:0,_RNCNvMs1_NtCsjCPvc56uTHK_18astraweave_terrain10voxel_dataNtB7_10OctreeNode9get_voxel0B9_
FNDA:0,_RNCNvMs2_NtCsjCPvc56uTHK_18astraweave_terrain10voxel_dataNtB7_10VoxelChunk9get_voxel0B9_
FNDA:0,_RNCNvMs3_NtCsjCPvc56uTHK_18astraweave_terrain10voxel_dataNtB7_9VoxelGrid19get_or_create_chunk0B9_
FNDA:0,_RNCNvMs3_NtCsjCPvc56uTHK_18astraweave_terrain10voxel_dataNtB7_9VoxelGrid9get_voxel0B9_
FNDA:0,_RNvMNtCsjCPvc56uTHK_18astraweave_terrain10voxel_dataNtB2_10ChunkCoord12to_world_pos
FNDA:0,_RNvMNtCsjCPvc56uTHK_18astraweave_terrain10voxel_dataNtB2_10ChunkCoord14from_world_pos
FNDA:0,_RNvMNtCsjCPvc56uTHK_18astraweave_terrain10voxel_dataNtB2_10ChunkCoord3new
FNDA:0,_RNvMNtCsjCPvc56uTHK_18astraweave_terrain10voxel_dataNtB2_10ChunkCoord9neighbors
FNDA:0,_RNvMs0_NtCsjCPvc56uTHK_18astraweave_terrain10voxel_dataNtB5_5Voxel3new
FNDA:0,_RNvMs0_NtCsjCPvc56uTHK_18astraweave_terrain10voxel_dataNtB5_5Voxel8is_empty
FNDA:0,_RNvMs0_NtCsjCPvc56uTHK_18astraweave_terrain10voxel_dataNtB5_5Voxel8is_solid
FNDA:0,_RNvMs1_NtCsjCPvc56uTHK_18astraweave_terrain10voxel_dataNtB5_10OctreeNode11child_index
FNDA:0,_RNvMs1_NtCsjCPvc56uTHK_18astraweave_terrain10voxel_dataNtB5_10OctreeNode4leaf
FNDA:0,_RNvMs1_NtCsjCPvc56uTHK_18astraweave_terrain10voxel_dataNtB5_10OctreeNode8internal
FNDA:0,_RNvMs1_NtCsjCPvc56uTHK_18astraweave_terrain10voxel_dataNtB5_10OctreeNode9get_voxel
FNDA:0,_RNvMs1_NtCsjCPvc56uTHK_18astraweave_terrain10voxel_dataNtB5_10OctreeNode9set_voxel
FNDA:0,_RNvMs2_NtCsjCPvc56uTHK_18astraweave_terrain10voxel_dataNtB5_10VoxelChunk10mark_clean
FNDA:0,_RNvMs2_NtCsjCPvc56uTHK_18astraweave_terrain10voxel_dataNtB5_10VoxelChunk12memory_usage
FNDA:0,_RNvMs2_NtCsjCPvc56uTHK_18astraweave_terrain10voxel_dataNtB5_10VoxelChunk14world_to_local
FNDA:0,_RNvMs2_NtCsjCPvc56uTHK_18astraweave_terrain10voxel_dataNtB5_10VoxelChunk15get_voxel_world
FNDA:0,_RNvMs2_NtCsjCPvc56uTHK_18astraweave_terrain10voxel_dataNtB5_10VoxelChunk15set_voxel_world
FNDA:0,_RNvMs2_NtCsjCPvc56uTHK_18astraweave_terrain10voxel_dataNtB5_10VoxelChunk18estimate_tree_size
FNDA:0,_RNvMs2_NtCsjCPvc56uTHK_18astraweave_terrain10voxel_dataNtB5_10VoxelChunk18is_valid_local_pos
FNDA:0,_RNvMs2_NtCsjCPvc56uTHK_18astraweave_terrain10voxel_dataNtB5_10VoxelChunk3new
FNDA:0,_RNvMs2_NtCsjCPvc56uTHK_18astraweave_terrain10voxel_dataNtB5_10VoxelChunk5coord
FNDA:0,_RNvMs2_NtCsjCPvc56uTHK_18astraweave_terrain10voxel_dataNtB5_10VoxelChunk8is_dirty
FNDA:0,_RNvMs2_NtCsjCPvc56uTHK_18astraweave_terrain10voxel_dataNtB5_10VoxelChunk8is_empty
FNDA:0,_RNvMs2_NtCsjCPvc56uTHK_18astraweave_terrain10voxel_dataNtB5_10VoxelChunk9get_voxel
FNDA:0,_RNvMs2_NtCsjCPvc56uTHK_18astraweave_terrain10voxel_dataNtB5_10VoxelChunk9set_voxel
FNDA:0,_RNvMs3_NtCsjCPvc56uTHK_18astraweave_terrain10voxel_dataNtB5_9VoxelGrid11chunk_count
FNDA:0,_RNvMs3_NtCsjCPvc56uTHK_18astraweave_terrain10voxel_dataNtB5_9VoxelGrid12chunk_coords
FNDA:0,_RNvMs3_NtCsjCPvc56uTHK_18astraweave_terrain10voxel_dataNtB5_9VoxelGrid12dirty_chunks
FNDA:0,_RNvMs3_NtCsjCPvc56uTHK_18astraweave_terrain10voxel_dataNtB5_9VoxelGrid12memory_usage
FNDA:0,_RNvMs3_NtCsjCPvc56uTHK_18astraweave_terrain10voxel_dataNtB5_9VoxelGrid12remove_chunk
FNDA:0,_RNvMs3_NtCsjCPvc56uTHK_18astraweave_terrain10voxel_dataNtB5_9VoxelGrid13get_chunk_mut
FNDA:0,_RNvMs3_NtCsjCPvc56uTHK_18astraweave_terrain10voxel_dataNtB5_9VoxelGrid16mark_chunk_clean
FNDA:0,_RNvMs3_NtCsjCPvc56uTHK_18astraweave_terrain10voxel_dataNtB5_9VoxelGrid19get_or_create_chunk
FNDA:0,_RNvMs3_NtCsjCPvc56uTHK_18astraweave_terrain10voxel_dataNtB5_9VoxelGrid3new
FNDA:0,_RNvMs3_NtCsjCPvc56uTHK_18astraweave_terrain10voxel_dataNtB5_9VoxelGrid5clear
FNDA:0,_RNvMs3_NtCsjCPvc56uTHK_18astraweave_terrain10voxel_dataNtB5_9VoxelGrid9get_chunk
FNDA:0,_RNvMs3_NtCsjCPvc56uTHK_18astraweave_terrain10voxel_dataNtB5_9VoxelGrid9get_voxel
FNDA:0,_RNvMs3_NtCsjCPvc56uTHK_18astraweave_terrain10voxel_dataNtB5_9VoxelGrid9set_voxel
FNDA:0,_RNvNvMs2_NtCsjCPvc56uTHK_18astraweave_terrain10voxel_dataNtB7_10VoxelChunk18estimate_tree_size9node_size
FNDA:0,_RNvXs4_NtCsjCPvc56uTHK_18astraweave_terrain10voxel_dataNtB5_9VoxelGridNtNtCsixiwFwjEgS7_4core7default7Default7default
FNDA:0,_RNvXs_NtCsjCPvc56uTHK_18astraweave_terrain10voxel_dataNtB4_5VoxelNtNtCsixiwFwjEgS7_4core7default7Default7default
FNF:48
FNH:0
DA:37,0
DA:38,0
DA:39,0
DA:42,0
DA:43,0
DA:44,0
DA:45,0
DA:46,0
DA:47,0
DA:48,0
DA:51,0
DA:52,0
DA:53,0
DA:54,0
DA:55,0
DA:57,0
DA:60,0
DA:61,0
DA:62,0
DA:63,0
DA:64,0
DA:65,0
DA:66,0
DA:67,0
DA:68,0
DA:69,0
DA:82,0
DA:83,0
DA:84,0
DA:85,0
DA:86,0
DA:87,0
DA:92,0
DA:93,0
DA:94,0
DA:97,0
DA:98,0
DA:99,0
DA:102,0
DA:103,0
DA:104,0
DA:118,0
DA:119,0
DA:120,0
DA:123,0
DA:124,0
DA:125,0
DA:128,0
DA:129,0
DA:130,0
DA:131,0
DA:132,0
DA:133,0
DA:134,0
DA:137,0
DA:138,0
DA:139,0
DA:140,0
DA:141,0
DA:142,0
DA:143,0
DA:144,0
DA:145,0
DA:146,0
DA:147,0
DA:148,0
DA:149,0
DA:150,0
DA:153,0
DA:156,0
DA:157,0
DA:159,0
DA:160,0
DA:161,0
DA:163,0
DA:164,0
DA:165,0
DA:166,0
DA:167,0
DA:168,0
DA:169,0
DA:170,0
DA:171,0
DA:172,0
DA:173,0
DA:175,0
DA:176,0
DA:177,0
DA:179,0
DA:180,0
DA:181,0
DA:184,0
DA:200,0
DA:201,0
DA:202,0
DA:203,0
DA:204,0
DA:205,0
DA:206,0
DA:209,0
DA:210,0
DA:211,0
DA:214,0
DA:215,0
DA:216,0
DA:219,0
DA:220,0
DA:221,0
DA:224,0
DA:225,0
DA:226,0
DA:227,0
DA:228,0
DA:229,0
DA:230,0
DA:231,0
DA:234,0
DA:235,0
DA:236,0
DA:237,0
DA:239,0
DA:240,0
DA:241,0
DA:243,0
DA:244,0
DA:245,0
DA:246,0
DA:247,0
DA:250,0
DA:251,0
DA:252,0
DA:253,0
DA:254,0
DA:255,0
DA:256,0
DA:257,0
DA:260,0
DA:261,0
DA:262,0
DA:263,0
DA:266,0
DA:267,0
DA:268,0
DA:269,0
DA:272,0
DA:273,0
DA:274,0
DA:275,0
DA:276,0
DA:277,0
DA:278,0
DA:280,0
DA:283,0
DA:284,0
DA:285,0
DA:288,0
DA:289,0
DA:290,0
DA:293,0
DA:294,0
DA:295,0
DA:296,0
DA:297,0
DA:298,0
DA:299,0
DA:300,0
DA:301,0
DA:302,0
DA:305,0
DA:306,0
DA:307,0
DA:321,0
DA:322,0
DA:323,0
DA:324,0
DA:325,0
DA:326,0
DA:329,0
DA:330,0
DA:331,0
DA:334,0
DA:335,0
DA:336,0
DA:339,0
DA:340,0
DA:341,0
DA:342,0
DA:343,0
DA:346,0
DA:347,0
DA:348,0
DA:349,0
DA:351,0
DA:352,0
DA:353,0
DA:354,0
DA:357,0
DA:358,0
DA:359,0
DA:360,0
DA:361,0
DA:362,0
DA:365,0
DA:366,0
DA:367,0
DA:370,0
DA:371,0
DA:372,0
DA:373,0
DA:374,0
DA:375,0
DA:378,0
DA:379,0
DA:380,0
DA:381,0
DA:384,0
DA:385,0
DA:386,0
DA:389,0
DA:390,0
DA:391,0
DA:394,0
DA:395,0
DA:396,0
DA:397,0
DA:400,0
DA:401,0
DA:402,0
DA:406,0
DA:407,0
DA:408,0
BRF:0
BRH:0
LF:238
LH:0
end_of_record