=== AstraWeave Performance Benchmarks ===
Date: 2025-09-09 19:50:40 UTC
Commit: 7c8a2d3d0a379f7b16928545de00bbbc0440eb45
Runner: Linux X64

[INFO] Starting benchmark execution...
[INFO] Running benchmarks for astraweave-core...
[SUCCESS] Benchmark execution completed for astraweave-core
  entity_spawning                22.92 µs
  world_creation                 56.54 ns
  world_tick                     49.44 ns
--- astraweave-core stdout ---

running 0 tests

test result: ok. 0 passed; 0 failed; 0 ignored; 0 measured; 0 filtered out; finished in 0.00s

world_creation          time:   [56.530 ns 56.538 ns 56.546 ns]
Found 6 outliers among 100 measurements (6.00%)
  2 (2.00%) high mild
  4 (4.00%) high severe

entity_spawning         time:   [22.904 µs 22.920 µs 22.943 µs]
Found 9 outliers among 100 measurements (9.00%)
  4 (4.00%) high mild
  5 (5.00%) high severe

world_tick              time:   [49.385 ns 49.422 ns 49.466 ns]
Found 3 outliers among 100 measurements (3.00%)
  1 (1.00%) high mild
  2 (2.00%) high severe

--- end stdout ---

[INFO] Running benchmarks for astraweave-input...
[SUCCESS] Benchmark execution completed for astraweave-input
  binding_creation               2.65 ns
  binding_deserialization        289.24 ns
  binding_serialization          366.39 ns
  binding_set_creation           654.68 ns
--- astraweave-input stdout ---

Criterion.rs ERROR: error: Failed to access file "/home/runner/work/AstraWeave-AI-Native-Gaming-Engine/AstraWeave-AI-Native-Gaming-Engine/target/criterion/binding_serialization/base/sample.json": No such file or directory (os error 2)
binding_serialization   time:   [363.71 ns 365.50 ns 366.91 ns]
Found 15 outliers among 100 measurements (15.00%)
  10 (10.00%) low severe
  3 (3.00%) low mild
  1 (1.00%) high mild
  1 (1.00%) high severe

Criterion.rs ERROR: error: Failed to access file "/home/runner/work/AstraWeave-AI-Native-Gaming-Engine/AstraWeave-AI-Native-Gaming-Engine/target/criterion/binding_deserialization/base/sample.json": No such file or directory (os error 2)
binding_deserialization time:   [288.92 ns 289.20 ns 289.47 ns]
Found 6 outliers among 100 measurements (6.00%)
  1 (1.00%) low severe
  5 (5.00%) low mild

Criterion.rs ERROR: error: Failed to access file "/home/runner/work/AstraWeave-AI-Native-Gaming-Engine/AstraWeave-AI-Native-Gaming-Engine/target/criterion/binding_set_creation/base/sample.json": No such file or directory (os error 2)
binding_set_creation    time:   [654.57 ns 654.76 ns 654.96 ns]
Found 7 outliers among 100 measurements (7.00%)
  7 (7.00%) high mild

--- end stdout ---

=== Execution Summary ===
Total packages processed: 2
Packages with successful benchmarks: 2
Total benchmarks collected: 7

Results saved to:
  - Summary: test_results/summary.txt
  - JSON data: test_results/benchmarks.json
[SUCCESS] Generated valid JSON benchmark data
